[ 2016-11-25T16:39:48+08:00 ] ::1 /index.php/Admin/Login/login
ERR: 无法加载控制器:Login

[ 2016-11-25T16:40:53+08:00 ] ::1 /index.php/Admin/Index/login
ERR: 无法加载控制器:Index

[ 2016-11-25T16:40:58+08:00 ] ::1 /index.php/Admin/Index
ERR: 无法加载控制器:Index

[ 2016-11-25T16:41:05+08:00 ] ::1 /index.php/Admin
ERR: 无法加载控制器:Index

[ 2016-11-25T16:42:01+08:00 ] ::1 /index.php/Admin/Login/login
ERR: Syntax Error in template "E:/xampp/htdocs/Admin/View\Login\login.html"  on line 14 ".STYLE3 {color: #528311; font-size: 12px; }"  - Unexpected ": ", expected one of: "}" , " "

[ 2016-11-25T16:43:49+08:00 ] ::1 /index.php/Admin/Login/login
ERR: Syntax Error in template "E:/xampp/htdocs/Admin/View\Login\login.html"  on line 14 ".STYLE3 {color: #528311; font-size: 12px; }"  - Unexpected ": ", expected one of: "}" , " "

[ 2016-11-25T16:44:06+08:00 ] ::1 /index.php/Admin/Login/login
ERR: Syntax Error in template "E:/xampp/htdocs/Admin/View\Login\login.html"  on line 14 ".STYLE3 {color: #528311; font-size: 12px; }"  - Unexpected ": ", expected one of: "}" , " "

[ 2016-11-25T16:44:07+08:00 ] ::1 /index.php/Admin/Login/login
ERR: Syntax Error in template "E:/xampp/htdocs/Admin/View\Login\login.html"  on line 14 ".STYLE3 {color: #528311; font-size: 12px; }"  - Unexpected ": ", expected one of: "}" , " "

[ 2016-11-25T17:03:50+08:00 ] ::1 /index.php/Admin/Login/login
ERR: 1054:Unknown column 'admin' in 'where clause'
 [ SQL语句 ] : SELECT * FROM `admin` WHERE ( ad_name=admin and ad_password=md5(admin) ) LIMIT 1  

[ 2016-11-25T17:04:39+08:00 ] ::1 /index.php/Admin/Login/login
ERR: 1054:Unknown column 'admin' in 'where clause'
 [ SQL语句 ] : SELECT * FROM `admin` WHERE ( ad_name=admin and ad_password='md5(admin)' ) LIMIT 1  

[ 2016-11-25T17:19:48+08:00 ] ::1 /index.php/Admin/Goods/goods
ERR: 无法加载控制器:Goods

[ 2016-11-25T17:21:42+08:00 ] ::1 /index.php/Admin/Goods/goods
ERR: 无法加载控制器:Goods

[ 2016-11-25T17:21:42+08:00 ] ::1 /index.php/Admin/Goods/goods
ERR: 无法加载控制器:Goods

[ 2016-11-25T17:21:43+08:00 ] ::1 /index.php/Admin/Goods/goods
ERR: 无法加载控制器:Goods

[ 2016-11-25T17:21:43+08:00 ] ::1 /index.php/Admin/Goods/goods
ERR: 无法加载控制器:Goods

[ 2016-11-25T17:21:43+08:00 ] ::1 /index.php/Admin/Goods/goods
ERR: 无法加载控制器:Goods

[ 2016-11-25T17:21:43+08:00 ] ::1 /index.php/Admin/Goods/goods
ERR: 无法加载控制器:Goods

[ 2016-11-25T17:21:43+08:00 ] ::1 /index.php/Admin/Goods/goods
ERR: 无法加载控制器:Goods

[ 2016-11-25T17:21:45+08:00 ] ::1 /index.php/Admin/Goods/goods
ERR: 无法加载控制器:Goods

