[ 2017-12-28T00:00:24+08:00 ] 127.0.0.1 /index.php/Admin/Goods/operate/act/delete/gd_id/33
INFO: [ app_init ] --START--
INFO: Run Behavior\BuildLiteBehavior [ RunTime:0.000009s ]
INFO: [ app_init ] --END-- [ RunTime:0.000298s ]
INFO: [ app_begin ] --START--
INFO: Run Behavior\ReadHtmlCacheBehavior [ RunTime:0.000625s ]
INFO: [ app_begin ] --END-- [ RunTime:0.000663s ]
SQL: SHOW COLUMNS FROM `goods` [ RunTime:0.0328s ]
SQL: DELETE FROM `goods` WHERE ( gd_id=33 ) [ RunTime:0.0020s ]
INFO: [ app_end ] --START--
INFO: Run Behavior\ShowPageTraceBehavior [ RunTime:0.002509s ]
INFO: [ app_end ] --END-- [ RunTime:0.002629s ]

[ 2017-12-28T00:00:27+08:00 ] 127.0.0.1 /index.php/Admin/Goods/goodList
INFO: [ app_init ] --START--
INFO: Run Behavior\BuildLiteBehavior [ RunTime:0.000013s ]
INFO: [ app_init ] --END-- [ RunTime:0.000402s ]
INFO: [ app_begin ] --START--
INFO: Run Behavior\ReadHtmlCacheBehavior [ RunTime:0.000630s ]
INFO: [ app_begin ] --END-- [ RunTime:0.000670s ]
SQL: SHOW COLUMNS FROM `goods` [ RunTime:0.0195s ]
SQL: SELECT COUNT(*) AS tp_count FROM `goods` WHERE ( gd_id>0 ) LIMIT 1   [ RunTime:0.0012s ]
SQL: SELECT * FROM `goods` ORDER BY gd_id LIMIT 0,9   [ RunTime:0.0016s ]
INFO: [ view_parse ] --START--
INFO: [ template_filter ] --START--
INFO: Run Behavior\ContentReplaceBehavior [ RunTime:0.000054s ]
INFO: [ template_filter ] --END-- [ RunTime:0.000111s ]
NOTIC: [8] Undefined variable: smarty D:\techan\shop_demo\Runtime\Cache\Admin\91fcf7e99d02b93d1bc6d7f1c7de83ca.php 第 21 行.
INFO: Run Behavior\ParseTemplateBehavior [ RunTime:0.010328s ]
INFO: [ view_parse ] --END-- [ RunTime:0.010387s ]
INFO: [ view_filter ] --START--
INFO: Run Behavior\WriteHtmlCacheBehavior [ RunTime:0.000766s ]
INFO: [ view_filter ] --END-- [ RunTime:0.000813s ]
INFO: [ app_end ] --START--
INFO: Run Behavior\ShowPageTraceBehavior [ RunTime:0.001018s ]
INFO: [ app_end ] --END-- [ RunTime:0.001065s ]

[ 2017-12-28T00:00:27+08:00 ] 127.0.0.1 /index.php/Admin/Goods/css/font-awesome.min.css
INFO: [ app_init ] --START--
INFO: Run Behavior\BuildLiteBehavior [ RunTime:0.000011s ]
INFO: [ app_init ] --END-- [ RunTime:0.000333s ]
INFO: [ app_begin ] --START--
INFO: Run Behavior\ReadHtmlCacheBehavior [ RunTime:0.000632s ]
INFO: [ app_begin ] --END-- [ RunTime:0.000671s ]
ERR: 非法操作:css

[ 2017-12-28T00:00:30+08:00 ] 127.0.0.1 /index.php/Admin/Goods/goodList/p/2.du
INFO: [ app_init ] --START--
INFO: Run Behavior\BuildLiteBehavior [ RunTime:0.000010s ]
INFO: [ app_init ] --END-- [ RunTime:0.000305s ]
INFO: [ app_begin ] --START--
INFO: Run Behavior\ReadHtmlCacheBehavior [ RunTime:0.000717s ]
INFO: [ app_begin ] --END-- [ RunTime:0.000758s ]
SQL: SHOW COLUMNS FROM `goods` [ RunTime:0.0378s ]
SQL: SELECT COUNT(*) AS tp_count FROM `goods` WHERE ( gd_id>0 ) LIMIT 1   [ RunTime:0.0023s ]
SQL: SELECT * FROM `goods` ORDER BY gd_id LIMIT 9,9   [ RunTime:0.0023s ]
INFO: [ view_parse ] --START--
INFO: [ template_filter ] --START--
INFO: Run Behavior\ContentReplaceBehavior [ RunTime:0.000083s ]
INFO: [ template_filter ] --END-- [ RunTime:0.000170s ]
NOTIC: [8] Undefined variable: smarty D:\techan\shop_demo\Runtime\Cache\Admin\91fcf7e99d02b93d1bc6d7f1c7de83ca.php 第 21 行.
INFO: Run Behavior\ParseTemplateBehavior [ RunTime:0.017926s ]
INFO: [ view_parse ] --END-- [ RunTime:0.018042s ]
INFO: [ view_filter ] --START--
INFO: Run Behavior\WriteHtmlCacheBehavior [ RunTime:0.001870s ]
INFO: [ view_filter ] --END-- [ RunTime:0.001974s ]
INFO: [ app_end ] --START--
INFO: Run Behavior\ShowPageTraceBehavior [ RunTime:0.001605s ]
INFO: [ app_end ] --END-- [ RunTime:0.001690s ]

[ 2017-12-28T00:00:31+08:00 ] 127.0.0.1 /index.php/Admin/Goods/goodList/p/css/font-awesome.min.css
INFO: [ app_init ] --START--
INFO: Run Behavior\BuildLiteBehavior [ RunTime:0.000010s ]
INFO: [ app_init ] --END-- [ RunTime:0.000334s ]
INFO: [ app_begin ] --START--
INFO: Run Behavior\ReadHtmlCacheBehavior [ RunTime:0.002513s ]
INFO: [ app_begin ] --END-- [ RunTime:0.002705s ]
SQL: SHOW COLUMNS FROM `goods` [ RunTime:0.0340s ]
SQL: SELECT COUNT(*) AS tp_count FROM `goods` WHERE ( gd_id>0 ) LIMIT 1   [ RunTime:0.0023s ]
SQL: SELECT * FROM `goods` ORDER BY gd_id LIMIT 0,9   [ RunTime:0.0027s ]
INFO: [ view_parse ] --START--
INFO: [ template_filter ] --START--
INFO: Run Behavior\ContentReplaceBehavior [ RunTime:0.000076s ]
INFO: [ template_filter ] --END-- [ RunTime:0.000153s ]
NOTIC: [8] Undefined variable: smarty D:\techan\shop_demo\Runtime\Cache\Admin\91fcf7e99d02b93d1bc6d7f1c7de83ca.php 第 21 行.
INFO: Run Behavior\ParseTemplateBehavior [ RunTime:0.014770s ]
INFO: [ view_parse ] --END-- [ RunTime:0.014853s ]
INFO: [ view_filter ] --START--
INFO: Run Behavior\WriteHtmlCacheBehavior [ RunTime:0.001103s ]
INFO: [ view_filter ] --END-- [ RunTime:0.001169s ]
INFO: [ app_end ] --START--
INFO: Run Behavior\ShowPageTraceBehavior [ RunTime:0.001416s ]
INFO: [ app_end ] --END-- [ RunTime:0.001485s ]

[ 2017-12-28T00:00:34+08:00 ] 127.0.0.1 /index.php/Admin/Goods/addGood
INFO: [ app_init ] --START--
INFO: Run Behavior\BuildLiteBehavior [ RunTime:0.000010s ]
INFO: [ app_init ] --END-- [ RunTime:0.000321s ]
INFO: [ app_begin ] --START--
INFO: Run Behavior\ReadHtmlCacheBehavior [ RunTime:0.000665s ]
INFO: [ app_begin ] --END-- [ RunTime:0.000705s ]
INFO: [ view_parse ] --START--
INFO: [ template_filter ] --START--
INFO: Run Behavior\ContentReplaceBehavior [ RunTime:0.000037s ]
INFO: [ template_filter ] --END-- [ RunTime:0.000074s ]
NOTIC: [8] Undefined variable: smarty D:\techan\shop_demo\Runtime\Cache\Admin\dc9dd8c76823a2ef0e216bd0cecad718.php 第 19 行.
INFO: Run Behavior\ParseTemplateBehavior [ RunTime:0.006646s ]
INFO: [ view_parse ] --END-- [ RunTime:0.006687s ]
INFO: [ view_filter ] --START--
INFO: Run Behavior\WriteHtmlCacheBehavior [ RunTime:0.000560s ]
INFO: [ view_filter ] --END-- [ RunTime:0.000592s ]
INFO: [ app_end ] --START--
INFO: Run Behavior\ShowPageTraceBehavior [ RunTime:0.000638s ]
INFO: [ app_end ] --END-- [ RunTime:0.000670s ]

[ 2017-12-28T00:00:34+08:00 ] 127.0.0.1 /index.php/Admin/Goods/css/font-awesome.min.css
INFO: [ app_init ] --START--
INFO: Run Behavior\BuildLiteBehavior [ RunTime:0.000080s ]
INFO: [ app_init ] --END-- [ RunTime:0.001196s ]
INFO: [ app_begin ] --START--
INFO: Run Behavior\ReadHtmlCacheBehavior [ RunTime:0.000750s ]
INFO: [ app_begin ] --END-- [ RunTime:0.000794s ]
ERR: 非法操作:css

[ 2017-12-28T00:01:10+08:00 ] 127.0.0.1 /index.php/Admin/Index/add
INFO: [ app_init ] --START--
INFO: Run Behavior\BuildLiteBehavior [ RunTime:0.000010s ]
INFO: [ app_init ] --END-- [ RunTime:0.000299s ]
INFO: [ app_begin ] --START--
INFO: Run Behavior\ReadHtmlCacheBehavior [ RunTime:0.000938s ]
INFO: [ app_begin ] --END-- [ RunTime:0.001009s ]
ERR: 非法操作:add

[ 2017-12-28T00:01:12+08:00 ] 127.0.0.1 /index.php/Admin/Goods/css/font-awesome.min.css
INFO: [ app_init ] --START--
INFO: Run Behavior\BuildLiteBehavior [ RunTime:0.000012s ]
INFO: [ app_init ] --END-- [ RunTime:0.000440s ]
INFO: [ app_begin ] --START--
INFO: Run Behavior\ReadHtmlCacheBehavior [ RunTime:0.000660s ]
INFO: [ app_begin ] --END-- [ RunTime:0.000703s ]
ERR: 非法操作:css

[ 2017-12-28T00:02:01+08:00 ] 127.0.0.1 /index.php/Admin/Index/add
INFO: [ app_init ] --START--
INFO: Run Behavior\BuildLiteBehavior [ RunTime:0.000009s ]
INFO: [ app_init ] --END-- [ RunTime:0.000304s ]
INFO: [ app_begin ] --START--
INFO: Run Behavior\ReadHtmlCacheBehavior [ RunTime:0.000635s ]
INFO: [ app_begin ] --END-- [ RunTime:0.000675s ]
ERR: 非法操作:add

[ 2017-12-28T00:02:07+08:00 ] 127.0.0.1 /index.php/Admin/Goods/css/font-awesome.min.css
INFO: [ app_init ] --START--
INFO: Run Behavior\BuildLiteBehavior [ RunTime:0.000009s ]
INFO: [ app_init ] --END-- [ RunTime:0.000301s ]
INFO: [ app_begin ] --START--
INFO: Run Behavior\ReadHtmlCacheBehavior [ RunTime:0.000642s ]
INFO: [ app_begin ] --END-- [ RunTime:0.000683s ]
ERR: 非法操作:css

[ 2017-12-28T00:02:09+08:00 ] 127.0.0.1 /index.php/Admin/Goods/addGood
INFO: [ app_init ] --START--
INFO: Run Behavior\BuildLiteBehavior [ RunTime:0.000010s ]
INFO: [ app_init ] --END-- [ RunTime:0.000295s ]
INFO: [ app_begin ] --START--
INFO: Run Behavior\ReadHtmlCacheBehavior [ RunTime:0.000619s ]
INFO: [ app_begin ] --END-- [ RunTime:0.000657s ]
INFO: [ view_parse ] --START--
INFO: [ template_filter ] --START--
INFO: Run Behavior\ContentReplaceBehavior [ RunTime:0.000037s ]
INFO: [ template_filter ] --END-- [ RunTime:0.000074s ]
NOTIC: [8] Undefined variable: smarty D:\techan\shop_demo\Runtime\Cache\Admin\dc9dd8c76823a2ef0e216bd0cecad718.php 第 19 行.
INFO: Run Behavior\ParseTemplateBehavior [ RunTime:0.006228s ]
INFO: [ view_parse ] --END-- [ RunTime:0.006265s ]
INFO: [ view_filter ] --START--
INFO: Run Behavior\WriteHtmlCacheBehavior [ RunTime:0.000544s ]
INFO: [ view_filter ] --END-- [ RunTime:0.000574s ]
INFO: [ app_end ] --START--
INFO: Run Behavior\ShowPageTraceBehavior [ RunTime:0.000649s ]
INFO: [ app_end ] --END-- [ RunTime:0.000681s ]

[ 2017-12-28T00:02:09+08:00 ] 127.0.0.1 /index.php/Admin/Goods/css/font-awesome.min.css
INFO: [ app_init ] --START--
INFO: Run Behavior\BuildLiteBehavior [ RunTime:0.000012s ]
INFO: [ app_init ] --END-- [ RunTime:0.000371s ]
INFO: [ app_begin ] --START--
INFO: Run Behavior\ReadHtmlCacheBehavior [ RunTime:0.000671s ]
INFO: [ app_begin ] --END-- [ RunTime:0.000717s ]
ERR: 非法操作:css

[ 2017-12-28T00:02:37+08:00 ] 127.0.0.1 /index.php/Admin/Goods/add
INFO: [ app_init ] --START--
INFO: Run Behavior\BuildLiteBehavior [ RunTime:0.000009s ]
INFO: [ app_init ] --END-- [ RunTime:0.000298s ]
INFO: [ app_begin ] --START--
INFO: Run Behavior\ReadHtmlCacheBehavior [ RunTime:0.000624s ]
INFO: [ app_begin ] --END-- [ RunTime:0.000662s ]
SQL: SHOW COLUMNS FROM `goods` [ RunTime:0.0323s ]
SQL: insert into goods values(null,'牛肉','肉类精选','12','15','11','1',now(),'100','云南','/Public/images/good_img/奶酪酥.jpg') [ RunTime:0.0049s ]
NOTIC: [2] call_user_func() expects parameter 1 to be a valid callback, no array or string given D:\techan\ThinkPHP\Library\Think\Upload.class.php 第 170 行.
NOTIC: [2] move_uploaded_file(./Public/images/good_img/奶酪酥.jpg): failed to open stream: Invalid argument D:\techan\ThinkPHP\Library\Think\Upload\Driver\Local.class.php 第 83 行.
NOTIC: [2] move_uploaded_file(): Unable to move 'C:\Users\Admin\AppData\Local\Temp\php7F9B.tmp' to './Public/images/good_img/奶酪酥.jpg' D:\techan\ThinkPHP\Library\Think\Upload\Driver\Local.class.php 第 83 行.
INFO: [ app_end ] --START--
INFO: Run Behavior\ShowPageTraceBehavior [ RunTime:0.001572s ]
INFO: [ app_end ] --END-- [ RunTime:0.001656s ]

[ 2017-12-28T00:02:44+08:00 ] 127.0.0.1 /index.php/Admin/Goods/goodList
INFO: [ app_init ] --START--
INFO: Run Behavior\BuildLiteBehavior [ RunTime:0.000011s ]
INFO: [ app_init ] --END-- [ RunTime:0.000358s ]
INFO: [ app_begin ] --START--
INFO: Run Behavior\ReadHtmlCacheBehavior [ RunTime:0.000648s ]
INFO: [ app_begin ] --END-- [ RunTime:0.000686s ]
SQL: SHOW COLUMNS FROM `goods` [ RunTime:0.0136s ]
SQL: SELECT COUNT(*) AS tp_count FROM `goods` WHERE ( gd_id>0 ) LIMIT 1   [ RunTime:0.0013s ]
SQL: SELECT * FROM `goods` ORDER BY gd_id LIMIT 0,9   [ RunTime:0.0022s ]
INFO: [ view_parse ] --START--
INFO: [ template_filter ] --START--
INFO: Run Behavior\ContentReplaceBehavior [ RunTime:0.000043s ]
INFO: [ template_filter ] --END-- [ RunTime:0.000135s ]
NOTIC: [8] Undefined variable: smarty D:\techan\shop_demo\Runtime\Cache\Admin\91fcf7e99d02b93d1bc6d7f1c7de83ca.php 第 21 行.
INFO: Run Behavior\ParseTemplateBehavior [ RunTime:0.009961s ]
INFO: [ view_parse ] --END-- [ RunTime:0.010019s ]
INFO: [ view_filter ] --START--
INFO: Run Behavior\WriteHtmlCacheBehavior [ RunTime:0.000862s ]
INFO: [ view_filter ] --END-- [ RunTime:0.000916s ]
INFO: [ app_end ] --START--
INFO: Run Behavior\ShowPageTraceBehavior [ RunTime:0.000774s ]
INFO: [ app_end ] --END-- [ RunTime:0.000813s ]

[ 2017-12-28T00:02:44+08:00 ] 127.0.0.1 /index.php/Admin/Goods/css/font-awesome.min.css
INFO: [ app_init ] --START--
INFO: Run Behavior\BuildLiteBehavior [ RunTime:0.000018s ]
INFO: [ app_init ] --END-- [ RunTime:0.000582s ]
INFO: [ app_begin ] --START--
INFO: Run Behavior\ReadHtmlCacheBehavior [ RunTime:0.000710s ]
INFO: [ app_begin ] --END-- [ RunTime:0.000761s ]
ERR: 非法操作:css

[ 2017-12-28T00:02:47+08:00 ] 127.0.0.1 /index.php/Admin/Goods/goodList/p/2.du
INFO: [ app_init ] --START--
INFO: Run Behavior\BuildLiteBehavior [ RunTime:0.000010s ]
INFO: [ app_init ] --END-- [ RunTime:0.000328s ]
INFO: [ app_begin ] --START--
INFO: Run Behavior\ReadHtmlCacheBehavior [ RunTime:0.000697s ]
INFO: [ app_begin ] --END-- [ RunTime:0.000740s ]
SQL: SHOW COLUMNS FROM `goods` [ RunTime:0.0389s ]
SQL: SELECT COUNT(*) AS tp_count FROM `goods` WHERE ( gd_id>0 ) LIMIT 1   [ RunTime:0.0026s ]
SQL: SELECT * FROM `goods` ORDER BY gd_id LIMIT 9,9   [ RunTime:0.0028s ]
INFO: [ view_parse ] --START--
INFO: [ template_filter ] --START--
INFO: Run Behavior\ContentReplaceBehavior [ RunTime:0.000081s ]
INFO: [ template_filter ] --END-- [ RunTime:0.000163s ]
NOTIC: [8] Undefined variable: smarty D:\techan\shop_demo\Runtime\Cache\Admin\91fcf7e99d02b93d1bc6d7f1c7de83ca.php 第 21 行.
INFO: Run Behavior\ParseTemplateBehavior [ RunTime:0.015345s ]
INFO: [ view_parse ] --END-- [ RunTime:0.015429s ]
INFO: [ view_filter ] --START--
INFO: Run Behavior\WriteHtmlCacheBehavior [ RunTime:0.001170s ]
INFO: [ view_filter ] --END-- [ RunTime:0.001242s ]
INFO: [ app_end ] --START--
INFO: Run Behavior\ShowPageTraceBehavior [ RunTime:0.001510s ]
INFO: [ app_end ] --END-- [ RunTime:0.001583s ]

[ 2017-12-28T00:02:48+08:00 ] 127.0.0.1 /index.php/Admin/Goods/goodList/p/css/font-awesome.min.css
INFO: [ app_init ] --START--
INFO: Run Behavior\BuildLiteBehavior [ RunTime:0.000014s ]
INFO: [ app_init ] --END-- [ RunTime:0.000473s ]
INFO: [ app_begin ] --START--
INFO: Run Behavior\ReadHtmlCacheBehavior [ RunTime:0.000998s ]
INFO: [ app_begin ] --END-- [ RunTime:0.001071s ]
SQL: SHOW COLUMNS FROM `goods` [ RunTime:0.0278s ]
SQL: SELECT COUNT(*) AS tp_count FROM `goods` WHERE ( gd_id>0 ) LIMIT 1   [ RunTime:0.0009s ]
SQL: SELECT * FROM `goods` ORDER BY gd_id LIMIT 0,9   [ RunTime:0.0009s ]
INFO: [ view_parse ] --START--
INFO: [ template_filter ] --START--
INFO: Run Behavior\ContentReplaceBehavior [ RunTime:0.000056s ]
INFO: [ template_filter ] --END-- [ RunTime:0.000131s ]
NOTIC: [8] Undefined variable: smarty D:\techan\shop_demo\Runtime\Cache\Admin\91fcf7e99d02b93d1bc6d7f1c7de83ca.php 第 21 行.
INFO: Run Behavior\ParseTemplateBehavior [ RunTime:0.011197s ]
INFO: [ view_parse ] --END-- [ RunTime:0.011239s ]
INFO: [ view_filter ] --START--
INFO: Run Behavior\WriteHtmlCacheBehavior [ RunTime:0.000506s ]
INFO: [ view_filter ] --END-- [ RunTime:0.000537s ]
INFO: [ app_end ] --START--
INFO: Run Behavior\ShowPageTraceBehavior [ RunTime:0.000654s ]
INFO: [ app_end ] --END-- [ RunTime:0.000687s ]

[ 2017-12-28T00:04:11+08:00 ] 127.0.0.1 /index.php/Admin/Goods/add
INFO: [ app_init ] --START--
INFO: Run Behavior\BuildLiteBehavior [ RunTime:0.000008s ]
INFO: [ app_init ] --END-- [ RunTime:0.000296s ]
INFO: [ app_begin ] --START--
INFO: Run Behavior\ReadHtmlCacheBehavior [ RunTime:0.000626s ]
INFO: [ app_begin ] --END-- [ RunTime:0.000665s ]
SQL: SHOW COLUMNS FROM `goods` [ RunTime:0.0326s ]
SQL: insert into goods values(null,'牛肉','肉类精选','12','15','11','1',now(),'100','云南','/Public/images/good_img/奶酪酥.jpg') [ RunTime:0.0053s ]
NOTIC: [2] call_user_func() expects parameter 1 to be a valid callback, no array or string given D:\techan\ThinkPHP\Library\Think\Upload.class.php 第 170 行.
NOTIC: [2] move_uploaded_file(./Public/images/good_img/奶酪酥.jpg): failed to open stream: Invalid argument D:\techan\ThinkPHP\Library\Think\Upload\Driver\Local.class.php 第 83 行.
NOTIC: [2] move_uploaded_file(): Unable to move 'C:\Users\Admin\AppData\Local\Temp\phpED64.tmp' to './Public/images/good_img/奶酪酥.jpg' D:\techan\ThinkPHP\Library\Think\Upload\Driver\Local.class.php 第 83 行.
INFO: [ app_end ] --START--
INFO: Run Behavior\ShowPageTraceBehavior [ RunTime:0.001284s ]
INFO: [ app_end ] --END-- [ RunTime:0.001354s ]

[ 2017-12-28T00:04:45+08:00 ] 127.0.0.1 /index.php/Admin/Goods/addGood
INFO: [ app_init ] --START--
INFO: Run Behavior\BuildLiteBehavior [ RunTime:0.000012s ]
INFO: [ app_init ] --END-- [ RunTime:0.000373s ]
INFO: [ app_begin ] --START--
INFO: Run Behavior\ReadHtmlCacheBehavior [ RunTime:0.000782s ]
INFO: [ app_begin ] --END-- [ RunTime:0.000829s ]
INFO: [ view_parse ] --START--
INFO: [ template_filter ] --START--
INFO: Run Behavior\ContentReplaceBehavior [ RunTime:0.000037s ]
INFO: [ template_filter ] --END-- [ RunTime:0.000075s ]
NOTIC: [8] Undefined variable: smarty D:\techan\shop_demo\Runtime\Cache\Admin\dc9dd8c76823a2ef0e216bd0cecad718.php 第 19 行.
INFO: Run Behavior\ParseTemplateBehavior [ RunTime:0.006303s ]
INFO: [ view_parse ] --END-- [ RunTime:0.006344s ]
INFO: [ view_filter ] --START--
INFO: Run Behavior\WriteHtmlCacheBehavior [ RunTime:0.000487s ]
INFO: [ view_filter ] --END-- [ RunTime:0.000517s ]
INFO: [ app_end ] --START--
INFO: Run Behavior\ShowPageTraceBehavior [ RunTime:0.000627s ]
INFO: [ app_end ] --END-- [ RunTime:0.000659s ]

[ 2017-12-28T00:04:45+08:00 ] 127.0.0.1 /index.php/Admin/Goods/css/font-awesome.min.css
INFO: [ app_init ] --START--
INFO: Run Behavior\BuildLiteBehavior [ RunTime:0.000010s ]
INFO: [ app_init ] --END-- [ RunTime:0.000301s ]
INFO: [ app_begin ] --START--
INFO: Run Behavior\ReadHtmlCacheBehavior [ RunTime:0.000785s ]
INFO: [ app_begin ] --END-- [ RunTime:0.000892s ]
ERR: 非法操作:css

[ 2017-12-28T00:05:02+08:00 ] 127.0.0.1 /index.php/Admin/Goods/add
INFO: [ app_init ] --START--
INFO: Run Behavior\BuildLiteBehavior [ RunTime:0.000010s ]
INFO: [ app_init ] --END-- [ RunTime:0.000309s ]
INFO: [ app_begin ] --START--
INFO: Run Behavior\ReadHtmlCacheBehavior [ RunTime:0.000629s ]
INFO: [ app_begin ] --END-- [ RunTime:0.000667s ]
SQL: SHOW COLUMNS FROM `goods` [ RunTime:0.0313s ]
SQL: insert into goods values(null,'123','水产极品','12','11','11','12',now(),'100','云南','/Public/images/good_img/beauties.jpg') [ RunTime:0.0038s ]
NOTIC: [2] call_user_func() expects parameter 1 to be a valid callback, no array or string given D:\techan\ThinkPHP\Library\Think\Upload.class.php 第 170 行.
INFO: [ app_end ] --START--
INFO: Run Behavior\ShowPageTraceBehavior [ RunTime:0.002498s ]
INFO: [ app_end ] --END-- [ RunTime:0.002666s ]

[ 2017-12-28T00:05:08+08:00 ] 127.0.0.1 /index.php/Admin/Goods/goodList
INFO: [ app_init ] --START--
INFO: Run Behavior\BuildLiteBehavior [ RunTime:0.000010s ]
INFO: [ app_init ] --END-- [ RunTime:0.000314s ]
INFO: [ app_begin ] --START--
INFO: Run Behavior\ReadHtmlCacheBehavior [ RunTime:0.000625s ]
INFO: [ app_begin ] --END-- [ RunTime:0.000662s ]
SQL: SHOW COLUMNS FROM `goods` [ RunTime:0.0286s ]
SQL: SELECT COUNT(*) AS tp_count FROM `goods` WHERE ( gd_id>0 ) LIMIT 1   [ RunTime:0.0020s ]
SQL: SELECT * FROM `goods` ORDER BY gd_id LIMIT 0,9   [ RunTime:0.0016s ]
INFO: [ view_parse ] --START--
INFO: [ template_filter ] --START--
INFO: Run Behavior\ContentReplaceBehavior [ RunTime:0.000057s ]
INFO: [ template_filter ] --END-- [ RunTime:0.000163s ]
NOTIC: [8] Undefined variable: smarty D:\techan\shop_demo\Runtime\Cache\Admin\91fcf7e99d02b93d1bc6d7f1c7de83ca.php 第 21 行.
INFO: Run Behavior\ParseTemplateBehavior [ RunTime:0.013690s ]
INFO: [ view_parse ] --END-- [ RunTime:0.013778s ]
INFO: [ view_filter ] --START--
INFO: Run Behavior\WriteHtmlCacheBehavior [ RunTime:0.000700s ]
INFO: [ view_filter ] --END-- [ RunTime:0.000742s ]
INFO: [ app_end ] --START--
INFO: Run Behavior\ShowPageTraceBehavior [ RunTime:0.000897s ]
INFO: [ app_end ] --END-- [ RunTime:0.000935s ]

[ 2017-12-28T00:05:09+08:00 ] 127.0.0.1 /index.php/Admin/Goods/css/font-awesome.min.css
INFO: [ app_init ] --START--
INFO: Run Behavior\BuildLiteBehavior [ RunTime:0.000017s ]
INFO: [ app_init ] --END-- [ RunTime:0.000471s ]
INFO: [ app_begin ] --START--
INFO: Run Behavior\ReadHtmlCacheBehavior [ RunTime:0.000661s ]
INFO: [ app_begin ] --END-- [ RunTime:0.000705s ]
ERR: 非法操作:css

[ 2017-12-28T00:05:12+08:00 ] 127.0.0.1 /index.php/Admin/Goods/goodList/p/2.du
INFO: [ app_init ] --START--
INFO: Run Behavior\BuildLiteBehavior [ RunTime:0.000009s ]
INFO: [ app_init ] --END-- [ RunTime:0.000296s ]
INFO: [ app_begin ] --START--
INFO: Run Behavior\ReadHtmlCacheBehavior [ RunTime:0.000624s ]
INFO: [ app_begin ] --END-- [ RunTime:0.000661s ]
SQL: SHOW COLUMNS FROM `goods` [ RunTime:0.0345s ]
SQL: SELECT COUNT(*) AS tp_count FROM `goods` WHERE ( gd_id>0 ) LIMIT 1   [ RunTime:0.0021s ]
SQL: SELECT * FROM `goods` ORDER BY gd_id LIMIT 9,9   [ RunTime:0.0024s ]
INFO: [ view_parse ] --START--
INFO: [ template_filter ] --START--
INFO: Run Behavior\ContentReplaceBehavior [ RunTime:0.000121s ]
INFO: [ template_filter ] --END-- [ RunTime:0.000258s ]
NOTIC: [8] Undefined variable: smarty D:\techan\shop_demo\Runtime\Cache\Admin\91fcf7e99d02b93d1bc6d7f1c7de83ca.php 第 21 行.
INFO: Run Behavior\ParseTemplateBehavior [ RunTime:0.022976s ]
INFO: [ view_parse ] --END-- [ RunTime:0.023107s ]
INFO: [ view_filter ] --START--
INFO: Run Behavior\WriteHtmlCacheBehavior [ RunTime:0.002039s ]
INFO: [ view_filter ] --END-- [ RunTime:0.002147s ]
INFO: [ app_end ] --START--
INFO: Run Behavior\ShowPageTraceBehavior [ RunTime:0.002904s ]
INFO: [ app_end ] --END-- [ RunTime:0.003017s ]

[ 2017-12-28T00:05:13+08:00 ] 127.0.0.1 /index.php/Admin/Goods/goodList/p/css/font-awesome.min.css
INFO: [ app_init ] --START--
INFO: Run Behavior\BuildLiteBehavior [ RunTime:0.000012s ]
INFO: [ app_init ] --END-- [ RunTime:0.000340s ]
INFO: [ app_begin ] --START--
INFO: Run Behavior\ReadHtmlCacheBehavior [ RunTime:0.000978s ]
INFO: [ app_begin ] --END-- [ RunTime:0.001057s ]
SQL: SHOW COLUMNS FROM `goods` [ RunTime:0.0387s ]
SQL: SELECT COUNT(*) AS tp_count FROM `goods` WHERE ( gd_id>0 ) LIMIT 1   [ RunTime:0.0011s ]
SQL: SELECT * FROM `goods` ORDER BY gd_id LIMIT 0,9   [ RunTime:0.0017s ]
INFO: [ view_parse ] --START--
INFO: [ template_filter ] --START--
INFO: Run Behavior\ContentReplaceBehavior [ RunTime:0.000064s ]
INFO: [ template_filter ] --END-- [ RunTime:0.000132s ]
NOTIC: [8] Undefined variable: smarty D:\techan\shop_demo\Runtime\Cache\Admin\91fcf7e99d02b93d1bc6d7f1c7de83ca.php 第 21 行.
INFO: Run Behavior\ParseTemplateBehavior [ RunTime:0.013297s ]
INFO: [ view_parse ] --END-- [ RunTime:0.013365s ]
INFO: [ view_filter ] --START--
INFO: Run Behavior\WriteHtmlCacheBehavior [ RunTime:0.000899s ]
INFO: [ view_filter ] --END-- [ RunTime:0.000957s ]
INFO: [ app_end ] --START--
INFO: Run Behavior\ShowPageTraceBehavior [ RunTime:0.001150s ]
INFO: [ app_end ] --END-- [ RunTime:0.001208s ]

[ 2017-12-28T00:05:16+08:00 ] 127.0.0.1 /index.php/Admin/Goods/operate/act/delete/gd_id/35
INFO: [ app_init ] --START--
INFO: Run Behavior\BuildLiteBehavior [ RunTime:0.000010s ]
INFO: [ app_init ] --END-- [ RunTime:0.000308s ]
INFO: [ app_begin ] --START--
INFO: Run Behavior\ReadHtmlCacheBehavior [ RunTime:0.000663s ]
INFO: [ app_begin ] --END-- [ RunTime:0.000708s ]
SQL: SHOW COLUMNS FROM `goods` [ RunTime:0.0278s ]
SQL: DELETE FROM `goods` WHERE ( gd_id=35 ) [ RunTime:0.0056s ]
INFO: [ app_end ] --START--
INFO: Run Behavior\ShowPageTraceBehavior [ RunTime:0.001826s ]
INFO: [ app_end ] --END-- [ RunTime:0.001912s ]

[ 2017-12-28T00:05:21+08:00 ] 127.0.0.1 /index.php/Admin/Goods/goodList/p/3.du
INFO: [ app_init ] --START--
INFO: Run Behavior\BuildLiteBehavior [ RunTime:0.000010s ]
INFO: [ app_init ] --END-- [ RunTime:0.000302s ]
INFO: [ app_begin ] --START--
INFO: Run Behavior\ReadHtmlCacheBehavior [ RunTime:0.000625s ]
INFO: [ app_begin ] --END-- [ RunTime:0.000663s ]
SQL: SHOW COLUMNS FROM `goods` [ RunTime:0.0345s ]
SQL: SELECT COUNT(*) AS tp_count FROM `goods` WHERE ( gd_id>0 ) LIMIT 1   [ RunTime:0.0019s ]
SQL: SELECT * FROM `goods` ORDER BY gd_id LIMIT 18,9   [ RunTime:0.0021s ]
INFO: [ view_parse ] --START--
INFO: [ template_filter ] --START--
INFO: Run Behavior\ContentReplaceBehavior [ RunTime:0.000076s ]
INFO: [ template_filter ] --END-- [ RunTime:0.000154s ]
NOTIC: [8] Undefined variable: smarty D:\techan\shop_demo\Runtime\Cache\Admin\91fcf7e99d02b93d1bc6d7f1c7de83ca.php 第 21 行.
INFO: Run Behavior\ParseTemplateBehavior [ RunTime:0.019497s ]
INFO: [ view_parse ] --END-- [ RunTime:0.019599s ]
INFO: [ view_filter ] --START--
INFO: Run Behavior\WriteHtmlCacheBehavior [ RunTime:0.001102s ]
INFO: [ view_filter ] --END-- [ RunTime:0.001167s ]
INFO: [ app_end ] --START--
INFO: Run Behavior\ShowPageTraceBehavior [ RunTime:0.001485s ]
INFO: [ app_end ] --END-- [ RunTime:0.001556s ]

[ 2017-12-28T00:05:22+08:00 ] 127.0.0.1 /index.php/Admin/Goods/goodList/p/css/font-awesome.min.css
INFO: [ app_init ] --START--
INFO: Run Behavior\BuildLiteBehavior [ RunTime:0.000011s ]
INFO: [ app_init ] --END-- [ RunTime:0.000419s ]
INFO: [ app_begin ] --START--
INFO: Run Behavior\ReadHtmlCacheBehavior [ RunTime:0.000664s ]
INFO: [ app_begin ] --END-- [ RunTime:0.000704s ]
SQL: SHOW COLUMNS FROM `goods` [ RunTime:0.0353s ]
SQL: SELECT COUNT(*) AS tp_count FROM `goods` WHERE ( gd_id>0 ) LIMIT 1   [ RunTime:0.0013s ]
SQL: SELECT * FROM `goods` ORDER BY gd_id LIMIT 0,9   [ RunTime:0.0018s ]
INFO: [ view_parse ] --START--
INFO: [ template_filter ] --START--
INFO: Run Behavior\ContentReplaceBehavior [ RunTime:0.000074s ]
INFO: [ template_filter ] --END-- [ RunTime:0.000151s ]
NOTIC: [8] Undefined variable: smarty D:\techan\shop_demo\Runtime\Cache\Admin\91fcf7e99d02b93d1bc6d7f1c7de83ca.php 第 21 行.
INFO: Run Behavior\ParseTemplateBehavior [ RunTime:0.015888s ]
INFO: [ view_parse ] --END-- [ RunTime:0.015983s ]
INFO: [ view_filter ] --START--
INFO: Run Behavior\WriteHtmlCacheBehavior [ RunTime:0.001031s ]
INFO: [ view_filter ] --END-- [ RunTime:0.001093s ]
INFO: [ app_end ] --START--
INFO: Run Behavior\ShowPageTraceBehavior [ RunTime:0.001385s ]
INFO: [ app_end ] --END-- [ RunTime:0.001442s ]

[ 2017-12-28T00:05:27+08:00 ] 127.0.0.1 /index.php/Admin/Goods/goodList/p/1.du
INFO: [ app_init ] --START--
INFO: Run Behavior\BuildLiteBehavior [ RunTime:0.000010s ]
INFO: [ app_init ] --END-- [ RunTime:0.000298s ]
INFO: [ app_begin ] --START--
INFO: Run Behavior\ReadHtmlCacheBehavior [ RunTime:0.000626s ]
INFO: [ app_begin ] --END-- [ RunTime:0.000663s ]
SQL: SHOW COLUMNS FROM `goods` [ RunTime:0.0335s ]
SQL: SELECT COUNT(*) AS tp_count FROM `goods` WHERE ( gd_id>0 ) LIMIT 1   [ RunTime:0.0014s ]
SQL: SELECT * FROM `goods` ORDER BY gd_id LIMIT 0,9   [ RunTime:0.0016s ]
INFO: [ view_parse ] --START--
INFO: [ template_filter ] --START--
INFO: Run Behavior\ContentReplaceBehavior [ RunTime:0.000061s ]
INFO: [ template_filter ] --END-- [ RunTime:0.000120s ]
NOTIC: [8] Undefined variable: smarty D:\techan\shop_demo\Runtime\Cache\Admin\91fcf7e99d02b93d1bc6d7f1c7de83ca.php 第 21 行.
INFO: Run Behavior\ParseTemplateBehavior [ RunTime:0.011226s ]
INFO: [ view_parse ] --END-- [ RunTime:0.011293s ]
INFO: [ view_filter ] --START--
INFO: Run Behavior\WriteHtmlCacheBehavior [ RunTime:0.000907s ]
INFO: [ view_filter ] --END-- [ RunTime:0.000961s ]
INFO: [ app_end ] --START--
INFO: Run Behavior\ShowPageTraceBehavior [ RunTime:0.001090s ]
INFO: [ app_end ] --END-- [ RunTime:0.001142s ]

[ 2017-12-28T00:05:28+08:00 ] 127.0.0.1 /index.php/Admin/Goods/goodList/p/css/font-awesome.min.css
INFO: [ app_init ] --START--
INFO: Run Behavior\BuildLiteBehavior [ RunTime:0.000010s ]
INFO: [ app_init ] --END-- [ RunTime:0.000328s ]
INFO: [ app_begin ] --START--
INFO: Run Behavior\ReadHtmlCacheBehavior [ RunTime:0.000652s ]
INFO: [ app_begin ] --END-- [ RunTime:0.000693s ]
SQL: SHOW COLUMNS FROM `goods` [ RunTime:0.0313s ]
SQL: SELECT COUNT(*) AS tp_count FROM `goods` WHERE ( gd_id>0 ) LIMIT 1   [ RunTime:0.0013s ]
SQL: SELECT * FROM `goods` ORDER BY gd_id LIMIT 0,9   [ RunTime:0.0015s ]
INFO: [ view_parse ] --START--
INFO: [ template_filter ] --START--
INFO: Run Behavior\ContentReplaceBehavior [ RunTime:0.000061s ]
INFO: [ template_filter ] --END-- [ RunTime:0.000120s ]
NOTIC: [8] Undefined variable: smarty D:\techan\shop_demo\Runtime\Cache\Admin\91fcf7e99d02b93d1bc6d7f1c7de83ca.php 第 21 行.
INFO: Run Behavior\ParseTemplateBehavior [ RunTime:0.015815s ]
INFO: [ view_parse ] --END-- [ RunTime:0.015901s ]
INFO: [ view_filter ] --START--
INFO: Run Behavior\WriteHtmlCacheBehavior [ RunTime:0.000805s ]
INFO: [ view_filter ] --END-- [ RunTime:0.000854s ]
INFO: [ app_end ] --START--
INFO: Run Behavior\ShowPageTraceBehavior [ RunTime:0.001022s ]
INFO: [ app_end ] --END-- [ RunTime:0.001072s ]

[ 2017-12-28T00:05:32+08:00 ] 127.0.0.1 /index.php/Admin/Goods/goodList
INFO: [ app_init ] --START--
INFO: Run Behavior\BuildLiteBehavior [ RunTime:0.000012s ]
INFO: [ app_init ] --END-- [ RunTime:0.000350s ]
INFO: [ app_begin ] --START--
INFO: Run Behavior\ReadHtmlCacheBehavior [ RunTime:0.000641s ]
INFO: [ app_begin ] --END-- [ RunTime:0.000680s ]
SQL: SHOW COLUMNS FROM `goods` [ RunTime:0.0329s ]
SQL: SELECT COUNT(*) AS tp_count FROM `goods` WHERE ( gd_id>0 ) LIMIT 1   [ RunTime:0.0016s ]
SQL: SELECT * FROM `goods` ORDER BY gd_id LIMIT 0,9   [ RunTime:0.0022s ]
INFO: [ view_parse ] --START--
INFO: [ template_filter ] --START--
INFO: Run Behavior\ContentReplaceBehavior [ RunTime:0.000084s ]
INFO: [ template_filter ] --END-- [ RunTime:0.000168s ]
NOTIC: [8] Undefined variable: smarty D:\techan\shop_demo\Runtime\Cache\Admin\91fcf7e99d02b93d1bc6d7f1c7de83ca.php 第 21 行.
INFO: Run Behavior\ParseTemplateBehavior [ RunTime:0.019336s ]
INFO: [ view_parse ] --END-- [ RunTime:0.019437s ]
INFO: [ view_filter ] --START--
INFO: Run Behavior\WriteHtmlCacheBehavior [ RunTime:0.001103s ]
INFO: [ view_filter ] --END-- [ RunTime:0.001171s ]
INFO: [ app_end ] --START--
INFO: Run Behavior\ShowPageTraceBehavior [ RunTime:0.001455s ]
INFO: [ app_end ] --END-- [ RunTime:0.001523s ]

[ 2017-12-28T00:05:32+08:00 ] 127.0.0.1 /index.php/Admin/Goods/css/font-awesome.min.css
INFO: [ app_init ] --START--
INFO: Run Behavior\BuildLiteBehavior [ RunTime:0.000018s ]
INFO: [ app_init ] --END-- [ RunTime:0.000567s ]
INFO: [ app_begin ] --START--
INFO: Run Behavior\ReadHtmlCacheBehavior [ RunTime:0.002964s ]
INFO: [ app_begin ] --END-- [ RunTime:0.003063s ]
ERR: 非法操作:css

[ 2017-12-28T00:05:35+08:00 ] 127.0.0.1 /index.php/Admin/Goods/goodList/p/2.du
INFO: [ app_init ] --START--
INFO: Run Behavior\BuildLiteBehavior [ RunTime:0.000010s ]
INFO: [ app_init ] --END-- [ RunTime:0.000302s ]
INFO: [ app_begin ] --START--
INFO: Run Behavior\ReadHtmlCacheBehavior [ RunTime:0.000622s ]
INFO: [ app_begin ] --END-- [ RunTime:0.000659s ]
SQL: SHOW COLUMNS FROM `goods` [ RunTime:0.0320s ]
SQL: SELECT COUNT(*) AS tp_count FROM `goods` WHERE ( gd_id>0 ) LIMIT 1   [ RunTime:0.0010s ]
SQL: SELECT * FROM `goods` ORDER BY gd_id LIMIT 9,9   [ RunTime:0.0014s ]
INFO: [ view_parse ] --START--
INFO: [ template_filter ] --START--
INFO: Run Behavior\ContentReplaceBehavior [ RunTime:0.000116s ]
INFO: [ template_filter ] --END-- [ RunTime:0.000237s ]
NOTIC: [8] Undefined variable: smarty D:\techan\shop_demo\Runtime\Cache\Admin\91fcf7e99d02b93d1bc6d7f1c7de83ca.php 第 21 行.
INFO: Run Behavior\ParseTemplateBehavior [ RunTime:0.022332s ]
INFO: [ view_parse ] --END-- [ RunTime:0.022459s ]
INFO: [ view_filter ] --START--
INFO: Run Behavior\WriteHtmlCacheBehavior [ RunTime:0.001952s ]
INFO: [ view_filter ] --END-- [ RunTime:0.002061s ]
INFO: [ app_end ] --START--
INFO: Run Behavior\ShowPageTraceBehavior [ RunTime:0.002618s ]
INFO: [ app_end ] --END-- [ RunTime:0.002728s ]

[ 2017-12-28T00:05:37+08:00 ] 127.0.0.1 /index.php/Admin/Goods/goodList/p/css/font-awesome.min.css
INFO: [ app_init ] --START--
INFO: Run Behavior\BuildLiteBehavior [ RunTime:0.000018s ]
INFO: [ app_init ] --END-- [ RunTime:0.000568s ]
INFO: [ app_begin ] --START--
INFO: Run Behavior\ReadHtmlCacheBehavior [ RunTime:0.000999s ]
INFO: [ app_begin ] --END-- [ RunTime:0.001065s ]
SQL: SHOW COLUMNS FROM `goods` [ RunTime:0.0306s ]
SQL: SELECT COUNT(*) AS tp_count FROM `goods` WHERE ( gd_id>0 ) LIMIT 1   [ RunTime:0.0018s ]
SQL: SELECT * FROM `goods` ORDER BY gd_id LIMIT 0,9   [ RunTime:0.0029s ]
INFO: [ view_parse ] --START--
INFO: [ template_filter ] --START--
INFO: Run Behavior\ContentReplaceBehavior [ RunTime:0.000066s ]
INFO: [ template_filter ] --END-- [ RunTime:0.000136s ]
NOTIC: [8] Undefined variable: smarty D:\techan\shop_demo\Runtime\Cache\Admin\91fcf7e99d02b93d1bc6d7f1c7de83ca.php 第 21 行.
INFO: Run Behavior\ParseTemplateBehavior [ RunTime:0.013521s ]
INFO: [ view_parse ] --END-- [ RunTime:0.013588s ]
INFO: [ view_filter ] --START--
INFO: Run Behavior\WriteHtmlCacheBehavior [ RunTime:0.000922s ]
INFO: [ view_filter ] --END-- [ RunTime:0.000978s ]
INFO: [ app_end ] --START--
INFO: Run Behavior\ShowPageTraceBehavior [ RunTime:0.001177s ]
INFO: [ app_end ] --END-- [ RunTime:0.001234s ]

[ 2017-12-28T00:05:40+08:00 ] 127.0.0.1 /index.php/Admin/Goods/operate/act/delete/gd_id/36
INFO: [ app_init ] --START--
INFO: Run Behavior\BuildLiteBehavior [ RunTime:0.000010s ]
INFO: [ app_init ] --END-- [ RunTime:0.000339s ]
INFO: [ app_begin ] --START--
INFO: Run Behavior\ReadHtmlCacheBehavior [ RunTime:0.000681s ]
INFO: [ app_begin ] --END-- [ RunTime:0.000721s ]
SQL: SHOW COLUMNS FROM `goods` [ RunTime:0.0333s ]
SQL: DELETE FROM `goods` WHERE ( gd_id=36 ) [ RunTime:0.0052s ]
INFO: [ app_end ] --START--
INFO: Run Behavior\ShowPageTraceBehavior [ RunTime:0.002585s ]
INFO: [ app_end ] --END-- [ RunTime:0.002702s ]

[ 2017-12-28T00:05:43+08:00 ] 127.0.0.1 /index.php/Admin/Goods/goodList
INFO: [ app_init ] --START--
INFO: Run Behavior\BuildLiteBehavior [ RunTime:0.000010s ]
INFO: [ app_init ] --END-- [ RunTime:0.000301s ]
INFO: [ app_begin ] --START--
INFO: Run Behavior\ReadHtmlCacheBehavior [ RunTime:0.000634s ]
INFO: [ app_begin ] --END-- [ RunTime:0.000680s ]
SQL: SHOW COLUMNS FROM `goods` [ RunTime:0.0294s ]
SQL: SELECT COUNT(*) AS tp_count FROM `goods` WHERE ( gd_id>0 ) LIMIT 1   [ RunTime:0.0012s ]
SQL: SELECT * FROM `goods` ORDER BY gd_id LIMIT 0,9   [ RunTime:0.0016s ]
INFO: [ view_parse ] --START--
INFO: [ template_filter ] --START--
INFO: Run Behavior\ContentReplaceBehavior [ RunTime:0.000068s ]
INFO: [ template_filter ] --END-- [ RunTime:0.000138s ]
NOTIC: [8] Undefined variable: smarty D:\techan\shop_demo\Runtime\Cache\Admin\91fcf7e99d02b93d1bc6d7f1c7de83ca.php 第 21 行.
INFO: Run Behavior\ParseTemplateBehavior [ RunTime:0.013259s ]
INFO: [ view_parse ] --END-- [ RunTime:0.013345s ]
INFO: [ view_filter ] --START--
INFO: Run Behavior\WriteHtmlCacheBehavior [ RunTime:0.000982s ]
INFO: [ view_filter ] --END-- [ RunTime:0.001044s ]
INFO: [ app_end ] --START--
INFO: Run Behavior\ShowPageTraceBehavior [ RunTime:0.001317s ]
INFO: [ app_end ] --END-- [ RunTime:0.001406s ]

[ 2017-12-28T00:05:43+08:00 ] 127.0.0.1 /index.php/Admin/Goods/css/font-awesome.min.css
INFO: [ app_init ] --START--
INFO: Run Behavior\BuildLiteBehavior [ RunTime:0.000014s ]
INFO: [ app_init ] --END-- [ RunTime:0.000451s ]
INFO: [ app_begin ] --START--
INFO: Run Behavior\ReadHtmlCacheBehavior [ RunTime:0.000935s ]
INFO: [ app_begin ] --END-- [ RunTime:0.000997s ]
ERR: 非法操作:css

[ 2017-12-28T00:05:46+08:00 ] 127.0.0.1 /index.php/Admin/Goods/goodList/p/2.du
INFO: [ app_init ] --START--
INFO: Run Behavior\BuildLiteBehavior [ RunTime:0.000010s ]
INFO: [ app_init ] --END-- [ RunTime:0.000301s ]
INFO: [ app_begin ] --START--
INFO: Run Behavior\ReadHtmlCacheBehavior [ RunTime:0.000629s ]
INFO: [ app_begin ] --END-- [ RunTime:0.000667s ]
SQL: SHOW COLUMNS FROM `goods` [ RunTime:0.0371s ]
SQL: SELECT COUNT(*) AS tp_count FROM `goods` WHERE ( gd_id>0 ) LIMIT 1   [ RunTime:0.0023s ]
SQL: SELECT * FROM `goods` ORDER BY gd_id LIMIT 9,9   [ RunTime:0.0032s ]
INFO: [ view_parse ] --START--
INFO: [ template_filter ] --START--
INFO: Run Behavior\ContentReplaceBehavior [ RunTime:0.000116s ]
INFO: [ template_filter ] --END-- [ RunTime:0.000234s ]
NOTIC: [8] Undefined variable: smarty D:\techan\shop_demo\Runtime\Cache\Admin\91fcf7e99d02b93d1bc6d7f1c7de83ca.php 第 21 行.
INFO: Run Behavior\ParseTemplateBehavior [ RunTime:0.023304s ]
INFO: [ view_parse ] --END-- [ RunTime:0.023439s ]
INFO: [ view_filter ] --START--
INFO: Run Behavior\WriteHtmlCacheBehavior [ RunTime:0.001743s ]
INFO: [ view_filter ] --END-- [ RunTime:0.001851s ]
INFO: [ app_end ] --START--
INFO: Run Behavior\ShowPageTraceBehavior [ RunTime:0.002207s ]
INFO: [ app_end ] --END-- [ RunTime:0.002313s ]

[ 2017-12-28T00:05:47+08:00 ] 127.0.0.1 /index.php/Admin/Goods/goodList/p/css/font-awesome.min.css
INFO: [ app_init ] --START--
INFO: Run Behavior\BuildLiteBehavior [ RunTime:0.000016s ]
INFO: [ app_init ] --END-- [ RunTime:0.001738s ]
INFO: [ app_begin ] --START--
INFO: Run Behavior\ReadHtmlCacheBehavior [ RunTime:0.000967s ]
INFO: [ app_begin ] --END-- [ RunTime:0.001023s ]
SQL: SHOW COLUMNS FROM `goods` [ RunTime:0.0240s ]
SQL: SELECT COUNT(*) AS tp_count FROM `goods` WHERE ( gd_id>0 ) LIMIT 1   [ RunTime:0.0015s ]
SQL: SELECT * FROM `goods` ORDER BY gd_id LIMIT 0,9   [ RunTime:0.0019s ]
INFO: [ view_parse ] --START--
INFO: [ template_filter ] --START--
INFO: Run Behavior\ContentReplaceBehavior [ RunTime:0.000109s ]
INFO: [ template_filter ] --END-- [ RunTime:0.000207s ]
NOTIC: [8] Undefined variable: smarty D:\techan\shop_demo\Runtime\Cache\Admin\91fcf7e99d02b93d1bc6d7f1c7de83ca.php 第 21 行.
INFO: Run Behavior\ParseTemplateBehavior [ RunTime:0.013765s ]
INFO: [ view_parse ] --END-- [ RunTime:0.013831s ]
INFO: [ view_filter ] --START--
INFO: Run Behavior\WriteHtmlCacheBehavior [ RunTime:0.000675s ]
INFO: [ view_filter ] --END-- [ RunTime:0.000716s ]
INFO: [ app_end ] --START--
INFO: Run Behavior\ShowPageTraceBehavior [ RunTime:0.000976s ]
INFO: [ app_end ] --END-- [ RunTime:0.001031s ]

[ 2017-12-28T00:05:54+08:00 ] 127.0.0.1 /index.php/Admin/Goods/selectAllOrder
INFO: [ app_init ] --START--
INFO: Run Behavior\BuildLiteBehavior [ RunTime:0.000018s ]
INFO: [ app_init ] --END-- [ RunTime:0.000550s ]
INFO: [ app_begin ] --START--
INFO: Run Behavior\ReadHtmlCacheBehavior [ RunTime:0.001049s ]
INFO: [ app_begin ] --END-- [ RunTime:0.001209s ]
SQL: SHOW COLUMNS FROM `orders` [ RunTime:0.0345s ]
SQL: SELECT COUNT(*) AS tp_count FROM `orders` WHERE ( od_id>0 ) LIMIT 1   [ RunTime:0.0020s ]
SQL: SELECT * FROM `orders` ORDER BY od_id LIMIT 0,5   [ RunTime:0.0023s ]
INFO: [ view_parse ] --START--
INFO: [ template_filter ] --START--
INFO: Run Behavior\ContentReplaceBehavior [ RunTime:0.000098s ]
INFO: [ template_filter ] --END-- [ RunTime:0.000221s ]
NOTIC: [8] Undefined variable: smarty D:\techan\shop_demo\Runtime\Cache\Admin\f8c77abd92f5bc1261ecfb761e707ce1.php 第 20 行.
NOTIC: [8] Undefined variable: v D:\techan\shop_demo\Runtime\Cache\Admin\f8c77abd92f5bc1261ecfb761e707ce1.php 第 52 行.
NOTIC: [8] Undefined variable: v D:\techan\shop_demo\Runtime\Cache\Admin\f8c77abd92f5bc1261ecfb761e707ce1.php 第 53 行.
NOTIC: [8] Undefined variable: v D:\techan\shop_demo\Runtime\Cache\Admin\f8c77abd92f5bc1261ecfb761e707ce1.php 第 54 行.
NOTIC: [8] Undefined variable: v D:\techan\shop_demo\Runtime\Cache\Admin\f8c77abd92f5bc1261ecfb761e707ce1.php 第 56 行.
NOTIC: [8] Undefined variable: v D:\techan\shop_demo\Runtime\Cache\Admin\f8c77abd92f5bc1261ecfb761e707ce1.php 第 57 行.
INFO: Run Behavior\ParseTemplateBehavior [ RunTime:0.021467s ]
INFO: [ view_parse ] --END-- [ RunTime:0.021589s ]
INFO: [ view_filter ] --START--
INFO: Run Behavior\WriteHtmlCacheBehavior [ RunTime:0.001842s ]
INFO: [ view_filter ] --END-- [ RunTime:0.001941s ]
INFO: [ app_end ] --START--
INFO: Run Behavior\ShowPageTraceBehavior [ RunTime:0.002267s ]
INFO: [ app_end ] --END-- [ RunTime:0.002371s ]

[ 2017-12-28T00:05:54+08:00 ] 127.0.0.1 /index.php/Admin/Goods/css/font-awesome.min.css
INFO: [ app_init ] --START--
INFO: Run Behavior\BuildLiteBehavior [ RunTime:0.000011s ]
INFO: [ app_init ] --END-- [ RunTime:0.000334s ]
INFO: [ app_begin ] --START--
INFO: Run Behavior\ReadHtmlCacheBehavior [ RunTime:0.000630s ]
INFO: [ app_begin ] --END-- [ RunTime:0.000671s ]
ERR: 非法操作:css

[ 2017-12-28T00:10:27+08:00 ] 127.0.0.1 /index.php/Admin/Goods/selectAllOrder
INFO: [ app_init ] --START--
INFO: Run Behavior\BuildLiteBehavior [ RunTime:0.000009s ]
INFO: [ app_init ] --END-- [ RunTime:0.000304s ]
INFO: [ app_begin ] --START--
INFO: Run Behavior\ReadHtmlCacheBehavior [ RunTime:0.000629s ]
INFO: [ app_begin ] --END-- [ RunTime:0.000668s ]
SQL: SHOW COLUMNS FROM `orders` [ RunTime:0.0351s ]
SQL: SELECT COUNT(*) AS tp_count FROM `orders` WHERE ( od_id>0 ) LIMIT 1   [ RunTime:0.0014s ]
SQL: SELECT * FROM `orders` ORDER BY od_id LIMIT 0,5   [ RunTime:0.0017s ]
INFO: [ view_parse ] --START--
INFO: [ template_filter ] --START--
INFO: Run Behavior\ContentReplaceBehavior [ RunTime:0.000065s ]
INFO: [ template_filter ] --END-- [ RunTime:0.000134s ]
NOTIC: [8] Undefined variable: smarty D:\techan\shop_demo\Runtime\Cache\Admin\f8c77abd92f5bc1261ecfb761e707ce1.php 第 20 行.
INFO: Run Behavior\ParseTemplateBehavior [ RunTime:0.012791s ]
INFO: [ view_parse ] --END-- [ RunTime:0.012867s ]
INFO: [ view_filter ] --START--
INFO: Run Behavior\WriteHtmlCacheBehavior [ RunTime:0.000971s ]
INFO: [ view_filter ] --END-- [ RunTime:0.001029s ]
INFO: [ app_end ] --START--
INFO: Run Behavior\ShowPageTraceBehavior [ RunTime:0.001235s ]
INFO: [ app_end ] --END-- [ RunTime:0.001295s ]

[ 2017-12-28T00:10:27+08:00 ] 127.0.0.1 /index.php/Admin/Goods/css/font-awesome.min.css
INFO: [ app_init ] --START--
INFO: Run Behavior\BuildLiteBehavior [ RunTime:0.000019s ]
INFO: [ app_init ] --END-- [ RunTime:0.000673s ]
INFO: [ app_begin ] --START--
INFO: Run Behavior\ReadHtmlCacheBehavior [ RunTime:0.001233s ]
INFO: [ app_begin ] --END-- [ RunTime:0.001313s ]
ERR: 非法操作:css

[ 2017-12-28T00:10:31+08:00 ] 127.0.0.1 /index.php/Admin/Goods/orderInfo/act/delete/id/1
INFO: [ app_init ] --START--
INFO: Run Behavior\BuildLiteBehavior [ RunTime:0.000010s ]
INFO: [ app_init ] --END-- [ RunTime:0.000297s ]
INFO: [ app_begin ] --START--
INFO: Run Behavior\ReadHtmlCacheBehavior [ RunTime:0.000627s ]
INFO: [ app_begin ] --END-- [ RunTime:0.000663s ]
SQL: SHOW COLUMNS FROM `orders` [ RunTime:0.0314s ]
ERR: 1054:Unknown column '$od_id' in 'where clause'
 [ SQL语句 ] : DELETE FROM `orders` WHERE ( od_id = $od_id )
ERR: 1054:Unknown column '$od_id' in 'where clause'
 [ SQL语句 ] : DELETE FROM `orders` WHERE ( od_id = $od_id )

[ 2017-12-28T00:10:37+08:00 ] 127.0.0.1 /index.php/Admin/Goods/css/font-awesome.min.css
INFO: [ app_init ] --START--
INFO: Run Behavior\BuildLiteBehavior [ RunTime:0.000017s ]
INFO: [ app_init ] --END-- [ RunTime:0.000572s ]
INFO: [ app_begin ] --START--
INFO: Run Behavior\ReadHtmlCacheBehavior [ RunTime:0.001049s ]
INFO: [ app_begin ] --END-- [ RunTime:0.001130s ]
ERR: 非法操作:css

[ 2017-12-28T00:10:40+08:00 ] 127.0.0.1 /index.php/Admin/Goods/selectAllOrder/p/2.du
INFO: [ app_init ] --START--
INFO: Run Behavior\BuildLiteBehavior [ RunTime:0.000010s ]
INFO: [ app_init ] --END-- [ RunTime:0.000301s ]
INFO: [ app_begin ] --START--
INFO: Run Behavior\ReadHtmlCacheBehavior [ RunTime:0.000622s ]
INFO: [ app_begin ] --END-- [ RunTime:0.000659s ]
SQL: SHOW COLUMNS FROM `orders` [ RunTime:0.0277s ]
SQL: SELECT COUNT(*) AS tp_count FROM `orders` WHERE ( od_id>0 ) LIMIT 1   [ RunTime:0.0017s ]
SQL: SELECT * FROM `orders` ORDER BY od_id LIMIT 5,5   [ RunTime:0.0023s ]
INFO: [ view_parse ] --START--
INFO: [ template_filter ] --START--
INFO: Run Behavior\ContentReplaceBehavior [ RunTime:0.000045s ]
INFO: [ template_filter ] --END-- [ RunTime:0.000092s ]
NOTIC: [8] Undefined variable: smarty D:\techan\shop_demo\Runtime\Cache\Admin\f8c77abd92f5bc1261ecfb761e707ce1.php 第 20 行.
INFO: Run Behavior\ParseTemplateBehavior [ RunTime:0.009183s ]
INFO: [ view_parse ] --END-- [ RunTime:0.009245s ]
INFO: [ view_filter ] --START--
INFO: Run Behavior\WriteHtmlCacheBehavior [ RunTime:0.001024s ]
INFO: [ view_filter ] --END-- [ RunTime:0.001095s ]
INFO: [ app_end ] --START--
INFO: Run Behavior\ShowPageTraceBehavior [ RunTime:0.001576s ]
INFO: [ app_end ] --END-- [ RunTime:0.001639s ]

[ 2017-12-28T00:10:41+08:00 ] 127.0.0.1 /index.php/Admin/Goods/selectAllOrder/p/css/font-awesome.min.css
INFO: [ app_init ] --START--
INFO: Run Behavior\BuildLiteBehavior [ RunTime:0.000010s ]
INFO: [ app_init ] --END-- [ RunTime:0.000311s ]
INFO: [ app_begin ] --START--
INFO: Run Behavior\ReadHtmlCacheBehavior [ RunTime:0.000660s ]
INFO: [ app_begin ] --END-- [ RunTime:0.000700s ]
SQL: SHOW COLUMNS FROM `orders` [ RunTime:0.0221s ]
SQL: SELECT COUNT(*) AS tp_count FROM `orders` WHERE ( od_id>0 ) LIMIT 1   [ RunTime:0.0012s ]
SQL: SELECT * FROM `orders` ORDER BY od_id LIMIT 0,5   [ RunTime:0.0015s ]
INFO: [ view_parse ] --START--
INFO: [ template_filter ] --START--
INFO: Run Behavior\ContentReplaceBehavior [ RunTime:0.000035s ]
INFO: [ template_filter ] --END-- [ RunTime:0.000075s ]
NOTIC: [8] Undefined variable: smarty D:\techan\shop_demo\Runtime\Cache\Admin\f8c77abd92f5bc1261ecfb761e707ce1.php 第 20 行.
INFO: Run Behavior\ParseTemplateBehavior [ RunTime:0.009470s ]
INFO: [ view_parse ] --END-- [ RunTime:0.009578s ]
INFO: [ view_filter ] --START--
INFO: Run Behavior\WriteHtmlCacheBehavior [ RunTime:0.000901s ]
INFO: [ view_filter ] --END-- [ RunTime:0.000948s ]
INFO: [ app_end ] --START--
INFO: Run Behavior\ShowPageTraceBehavior [ RunTime:0.000907s ]
INFO: [ app_end ] --END-- [ RunTime:0.000958s ]

[ 2017-12-28T00:10:43+08:00 ] 127.0.0.1 /index.php/Admin/Goods/orderInfo/act/select/id/6
INFO: [ app_init ] --START--
INFO: Run Behavior\BuildLiteBehavior [ RunTime:0.000017s ]
INFO: [ app_init ] --END-- [ RunTime:0.000321s ]
INFO: [ app_begin ] --START--
INFO: Run Behavior\ReadHtmlCacheBehavior [ RunTime:0.000969s ]
INFO: [ app_begin ] --END-- [ RunTime:0.001021s ]
SQL: SHOW COLUMNS FROM `orders` [ RunTime:0.0379s ]
SQL: SHOW COLUMNS FROM `address` [ RunTime:0.0209s ]
SQL: SHOW COLUMNS FROM `goods` [ RunTime:0.0148s ]
SQL: SELECT * FROM `orders` WHERE ( od_id = 6 ) LIMIT 1   [ RunTime:0.0013s ]
SQL: SELECT * FROM `address` WHERE ( ar_id = 12 ) LIMIT 1   [ RunTime:0.0012s ]
SQL: SELECT `gd_name` FROM `goods` WHERE ( gd_id = 9 ) LIMIT 1   [ RunTime:0.0011s ]
SQL: SELECT `gd_name` FROM `goods` WHERE ( gd_id = 2 ) LIMIT 1   [ RunTime:0.0011s ]
INFO: [ view_parse ] --START--
INFO: [ template_filter ] --START--
INFO: Run Behavior\ContentReplaceBehavior [ RunTime:0.000040s ]
INFO: [ template_filter ] --END-- [ RunTime:0.000075s ]
NOTIC: [8] Undefined variable: smarty D:\techan\shop_demo\Runtime\Cache\Admin\6b8556ec8c044bdad5a1e286af3f358c.php 第 22 行.
NOTIC: [8] Undefined variable: value D:\techan\shop_demo\Runtime\Cache\Admin\6b8556ec8c044bdad5a1e286af3f358c.php 第 56 行.
NOTIC: [8] Undefined variable: value D:\techan\shop_demo\Runtime\Cache\Admin\6b8556ec8c044bdad5a1e286af3f358c.php 第 62 行.
INFO: Run Behavior\ParseTemplateBehavior [ RunTime:0.007631s ]
INFO: [ view_parse ] --END-- [ RunTime:0.007674s ]
INFO: [ view_filter ] --START--
INFO: Run Behavior\WriteHtmlCacheBehavior [ RunTime:0.000540s ]
INFO: [ view_filter ] --END-- [ RunTime:0.000570s ]
INFO: [ app_end ] --START--
INFO: Run Behavior\ShowPageTraceBehavior [ RunTime:0.000672s ]
INFO: [ app_end ] --END-- [ RunTime:0.000702s ]

[ 2017-12-28T00:10:44+08:00 ] 127.0.0.1 /index.php/Admin/Goods/orderInfo/act/select/id/css/font-awesome.min.css
INFO: [ app_init ] --START--
INFO: Run Behavior\BuildLiteBehavior [ RunTime:0.000103s ]
INFO: [ app_init ] --END-- [ RunTime:0.001282s ]
INFO: [ app_begin ] --START--
INFO: Run Behavior\ReadHtmlCacheBehavior [ RunTime:0.001493s ]
INFO: [ app_begin ] --END-- [ RunTime:0.001647s ]
SQL: SHOW COLUMNS FROM `orders` [ RunTime:0.0275s ]
SQL: SHOW COLUMNS FROM `address` [ RunTime:0.0125s ]
SQL: SHOW COLUMNS FROM `goods` [ RunTime:0.0106s ]
ERR: 1054:Unknown column 'css' in 'where clause'
 [ SQL语句 ] : SELECT * FROM `orders` WHERE ( od_id = css ) LIMIT 1  
ERR: 1054:Unknown column 'css' in 'where clause'
 [ SQL语句 ] : SELECT * FROM `orders` WHERE ( od_id = css ) LIMIT 1  

[ 2017-12-28T00:10:54+08:00 ] 127.0.0.1 /index.php/Admin/Goods/orderInfo/act/delete/id/6
INFO: [ app_init ] --START--
INFO: Run Behavior\BuildLiteBehavior [ RunTime:0.000016s ]
INFO: [ app_init ] --END-- [ RunTime:0.000530s ]
INFO: [ app_begin ] --START--
INFO: Run Behavior\ReadHtmlCacheBehavior [ RunTime:0.001014s ]
INFO: [ app_begin ] --END-- [ RunTime:0.001083s ]
SQL: SHOW COLUMNS FROM `orders` [ RunTime:0.0269s ]
ERR: 1054:Unknown column '$od_id' in 'where clause'
 [ SQL语句 ] : DELETE FROM `orders` WHERE ( od_id = $od_id )
ERR: 1054:Unknown column '$od_id' in 'where clause'
 [ SQL语句 ] : DELETE FROM `orders` WHERE ( od_id = $od_id )

[ 2017-12-28T00:12:11+08:00 ] 127.0.0.1 /index.php/Admin/Goods/selectAllOrder
INFO: [ app_init ] --START--
INFO: Run Behavior\BuildLiteBehavior [ RunTime:0.000010s ]
INFO: [ app_init ] --END-- [ RunTime:0.000299s ]
INFO: [ app_begin ] --START--
INFO: Run Behavior\ReadHtmlCacheBehavior [ RunTime:0.000626s ]
INFO: [ app_begin ] --END-- [ RunTime:0.000664s ]
SQL: SHOW COLUMNS FROM `orders` [ RunTime:0.0286s ]
SQL: SELECT COUNT(*) AS tp_count FROM `orders` WHERE ( od_id>0 ) LIMIT 1   [ RunTime:0.0015s ]
SQL: SELECT * FROM `orders` ORDER BY od_id LIMIT 0,5   [ RunTime:0.0011s ]
INFO: [ view_parse ] --START--
INFO: [ template_filter ] --START--
INFO: Run Behavior\ContentReplaceBehavior [ RunTime:0.000034s ]
INFO: [ template_filter ] --END-- [ RunTime:0.000071s ]
NOTIC: [8] Undefined variable: smarty D:\techan\shop_demo\Runtime\Cache\Admin\f8c77abd92f5bc1261ecfb761e707ce1.php 第 20 行.
INFO: Run Behavior\ParseTemplateBehavior [ RunTime:0.006942s ]
INFO: [ view_parse ] --END-- [ RunTime:0.006987s ]
INFO: [ view_filter ] --START--
INFO: Run Behavior\WriteHtmlCacheBehavior [ RunTime:0.000498s ]
INFO: [ view_filter ] --END-- [ RunTime:0.000530s ]
INFO: [ app_end ] --START--
INFO: Run Behavior\ShowPageTraceBehavior [ RunTime:0.000636s ]
INFO: [ app_end ] --END-- [ RunTime:0.000665s ]

[ 2017-12-28T00:12:12+08:00 ] 127.0.0.1 /index.php/Admin/Goods/css/font-awesome.min.css
INFO: [ app_init ] --START--
INFO: Run Behavior\BuildLiteBehavior [ RunTime:0.000014s ]
INFO: [ app_init ] --END-- [ RunTime:0.000502s ]
INFO: [ app_begin ] --START--
INFO: Run Behavior\ReadHtmlCacheBehavior [ RunTime:0.003036s ]
INFO: [ app_begin ] --END-- [ RunTime:0.003116s ]
ERR: 非法操作:css

[ 2017-12-28T00:12:17+08:00 ] 127.0.0.1 /index.php/Admin/Goods/orderInfo/act/delete/id/1
INFO: [ app_init ] --START--
INFO: Run Behavior\BuildLiteBehavior [ RunTime:0.000015s ]
INFO: [ app_init ] --END-- [ RunTime:0.000312s ]
INFO: [ app_begin ] --START--
INFO: Run Behavior\ReadHtmlCacheBehavior [ RunTime:0.000644s ]
INFO: [ app_begin ] --END-- [ RunTime:0.000682s ]
SQL: SHOW COLUMNS FROM `orders` [ RunTime:0.0349s ]
SQL: DELETE FROM `orders` WHERE `od_id` = 1 [ RunTime:0.0048s ]

[ 2017-12-28T00:12:21+08:00 ] 127.0.0.1 /index.php/Admin/Goods/selectAllOrder
INFO: [ app_init ] --START--
INFO: Run Behavior\BuildLiteBehavior [ RunTime:0.000009s ]
INFO: [ app_init ] --END-- [ RunTime:0.000315s ]
INFO: [ app_begin ] --START--
INFO: Run Behavior\ReadHtmlCacheBehavior [ RunTime:0.000672s ]
INFO: [ app_begin ] --END-- [ RunTime:0.000712s ]
SQL: SHOW COLUMNS FROM `orders` [ RunTime:0.0339s ]
SQL: SELECT COUNT(*) AS tp_count FROM `orders` WHERE ( od_id>0 ) LIMIT 1   [ RunTime:0.0016s ]
SQL: SELECT * FROM `orders` ORDER BY od_id LIMIT 0,5   [ RunTime:0.0020s ]
INFO: [ view_parse ] --START--
INFO: [ template_filter ] --START--
INFO: Run Behavior\ContentReplaceBehavior [ RunTime:0.000103s ]
INFO: [ template_filter ] --END-- [ RunTime:0.000217s ]
NOTIC: [8] Undefined variable: smarty D:\techan\shop_demo\Runtime\Cache\Admin\f8c77abd92f5bc1261ecfb761e707ce1.php 第 20 行.
INFO: Run Behavior\ParseTemplateBehavior [ RunTime:0.020332s ]
INFO: [ view_parse ] --END-- [ RunTime:0.020460s ]
INFO: [ view_filter ] --START--
INFO: Run Behavior\WriteHtmlCacheBehavior [ RunTime:0.001716s ]
INFO: [ view_filter ] --END-- [ RunTime:0.001820s ]
INFO: [ app_end ] --START--
INFO: Run Behavior\ShowPageTraceBehavior [ RunTime:0.002199s ]
INFO: [ app_end ] --END-- [ RunTime:0.002301s ]

[ 2017-12-28T00:12:21+08:00 ] 127.0.0.1 /index.php/Admin/Goods/css/font-awesome.min.css
INFO: [ app_init ] --START--
INFO: Run Behavior\BuildLiteBehavior [ RunTime:0.000017s ]
INFO: [ app_init ] --END-- [ RunTime:0.000564s ]
INFO: [ app_begin ] --START--
INFO: Run Behavior\ReadHtmlCacheBehavior [ RunTime:0.001015s ]
INFO: [ app_begin ] --END-- [ RunTime:0.001087s ]
ERR: 非法操作:css

[ 2017-12-28T00:12:38+08:00 ] 127.0.0.1 /index.php/Admin/Goods/selectAllOrder
INFO: [ app_init ] --START--
INFO: Run Behavior\BuildLiteBehavior [ RunTime:0.000027s ]
INFO: [ app_init ] --END-- [ RunTime:0.000525s ]
INFO: [ app_begin ] --START--
INFO: Run Behavior\ReadHtmlCacheBehavior [ RunTime:0.000665s ]
INFO: [ app_begin ] --END-- [ RunTime:0.000710s ]
SQL: SHOW COLUMNS FROM `orders` [ RunTime:0.0248s ]
SQL: SELECT COUNT(*) AS tp_count FROM `orders` WHERE ( od_id>0 ) LIMIT 1   [ RunTime:0.0008s ]
SQL: SELECT * FROM `orders` ORDER BY od_id LIMIT 0,5   [ RunTime:0.0009s ]
INFO: [ view_parse ] --START--
INFO: [ template_filter ] --START--
INFO: Run Behavior\ContentReplaceBehavior [ RunTime:0.000078s ]
INFO: [ template_filter ] --END-- [ RunTime:0.000170s ]
NOTIC: [8] Undefined variable: smarty D:\techan\shop_demo\Runtime\Cache\Admin\f8c77abd92f5bc1261ecfb761e707ce1.php 第 20 行.
INFO: Run Behavior\ParseTemplateBehavior [ RunTime:0.015782s ]
INFO: [ view_parse ] --END-- [ RunTime:0.015874s ]
INFO: [ view_filter ] --START--
INFO: Run Behavior\WriteHtmlCacheBehavior [ RunTime:0.001206s ]
INFO: [ view_filter ] --END-- [ RunTime:0.001276s ]
INFO: [ app_end ] --START--
INFO: Run Behavior\ShowPageTraceBehavior [ RunTime:0.001442s ]
INFO: [ app_end ] --END-- [ RunTime:0.001491s ]

[ 2017-12-28T00:12:38+08:00 ] 127.0.0.1 /index.php/Admin/Goods/css/font-awesome.min.css
INFO: [ app_init ] --START--
INFO: Run Behavior\BuildLiteBehavior [ RunTime:0.000010s ]
INFO: [ app_init ] --END-- [ RunTime:0.000305s ]
INFO: [ app_begin ] --START--
INFO: Run Behavior\ReadHtmlCacheBehavior [ RunTime:0.000637s ]
INFO: [ app_begin ] --END-- [ RunTime:0.000676s ]
ERR: 非法操作:css

[ 2017-12-28T00:12:41+08:00 ] 127.0.0.1 /index.php/Admin/Goods/selectAllOrder/p/2.du
INFO: [ app_init ] --START--
INFO: Run Behavior\BuildLiteBehavior [ RunTime:0.000021s ]
INFO: [ app_init ] --END-- [ RunTime:0.000332s ]
INFO: [ app_begin ] --START--
INFO: Run Behavior\ReadHtmlCacheBehavior [ RunTime:0.000644s ]
INFO: [ app_begin ] --END-- [ RunTime:0.000684s ]
SQL: SHOW COLUMNS FROM `orders` [ RunTime:0.0263s ]
SQL: SELECT COUNT(*) AS tp_count FROM `orders` WHERE ( od_id>0 ) LIMIT 1   [ RunTime:0.0010s ]
SQL: SELECT * FROM `orders` ORDER BY od_id LIMIT 5,5   [ RunTime:0.0013s ]
INFO: [ view_parse ] --START--
INFO: [ template_filter ] --START--
INFO: Run Behavior\ContentReplaceBehavior [ RunTime:0.000066s ]
INFO: [ template_filter ] --END-- [ RunTime:0.000144s ]
NOTIC: [8] Undefined variable: smarty D:\techan\shop_demo\Runtime\Cache\Admin\f8c77abd92f5bc1261ecfb761e707ce1.php 第 20 行.
INFO: Run Behavior\ParseTemplateBehavior [ RunTime:0.013271s ]
INFO: [ view_parse ] --END-- [ RunTime:0.013353s ]
INFO: [ view_filter ] --START--
INFO: Run Behavior\WriteHtmlCacheBehavior [ RunTime:0.001092s ]
INFO: [ view_filter ] --END-- [ RunTime:0.001158s ]
INFO: [ app_end ] --START--
INFO: Run Behavior\ShowPageTraceBehavior [ RunTime:0.001397s ]
INFO: [ app_end ] --END-- [ RunTime:0.001465s ]

[ 2017-12-28T00:12:42+08:00 ] 127.0.0.1 /index.php/Admin/Goods/selectAllOrder/p/css/font-awesome.min.css
INFO: [ app_init ] --START--
INFO: Run Behavior\BuildLiteBehavior [ RunTime:0.000016s ]
INFO: [ app_init ] --END-- [ RunTime:0.000599s ]
INFO: [ app_begin ] --START--
INFO: Run Behavior\ReadHtmlCacheBehavior [ RunTime:0.001076s ]
INFO: [ app_begin ] --END-- [ RunTime:0.001159s ]
SQL: SHOW COLUMNS FROM `orders` [ RunTime:0.0256s ]
SQL: SELECT COUNT(*) AS tp_count FROM `orders` WHERE ( od_id>0 ) LIMIT 1   [ RunTime:0.0012s ]
SQL: SELECT * FROM `orders` ORDER BY od_id LIMIT 0,5   [ RunTime:0.0015s ]
INFO: [ view_parse ] --START--
INFO: [ template_filter ] --START--
INFO: Run Behavior\ContentReplaceBehavior [ RunTime:0.000037s ]
INFO: [ template_filter ] --END-- [ RunTime:0.000080s ]
NOTIC: [8] Undefined variable: smarty D:\techan\shop_demo\Runtime\Cache\Admin\f8c77abd92f5bc1261ecfb761e707ce1.php 第 20 行.
INFO: Run Behavior\ParseTemplateBehavior [ RunTime:0.008807s ]
INFO: [ view_parse ] --END-- [ RunTime:0.008851s ]
INFO: [ view_filter ] --START--
INFO: Run Behavior\WriteHtmlCacheBehavior [ RunTime:0.000511s ]
INFO: [ view_filter ] --END-- [ RunTime:0.000549s ]
INFO: [ app_end ] --START--
INFO: Run Behavior\ShowPageTraceBehavior [ RunTime:0.000649s ]
INFO: [ app_end ] --END-- [ RunTime:0.000679s ]

[ 2017-12-28T00:12:45+08:00 ] 127.0.0.1 /index.php/Admin/Goods/orderInfo/act/select/id/7
INFO: [ app_init ] --START--
INFO: Run Behavior\BuildLiteBehavior [ RunTime:0.000010s ]
INFO: [ app_init ] --END-- [ RunTime:0.000300s ]
INFO: [ app_begin ] --START--
INFO: Run Behavior\ReadHtmlCacheBehavior [ RunTime:0.000690s ]
INFO: [ app_begin ] --END-- [ RunTime:0.000729s ]
SQL: SHOW COLUMNS FROM `orders` [ RunTime:0.0324s ]
SQL: SHOW COLUMNS FROM `address` [ RunTime:0.0253s ]
SQL: SHOW COLUMNS FROM `goods` [ RunTime:0.0161s ]
SQL: SELECT * FROM `orders` WHERE ( od_id = 7 ) LIMIT 1   [ RunTime:0.0007s ]
SQL: SELECT * FROM `address` WHERE ( ar_id = 13 ) LIMIT 1   [ RunTime:0.0005s ]
SQL: SELECT `gd_name` FROM `goods` WHERE ( gd_id = 2 ) LIMIT 1   [ RunTime:0.0005s ]
INFO: [ view_parse ] --START--
INFO: [ template_filter ] --START--
INFO: Run Behavior\ContentReplaceBehavior [ RunTime:0.000065s ]
INFO: [ template_filter ] --END-- [ RunTime:0.000129s ]
NOTIC: [8] Undefined variable: smarty D:\techan\shop_demo\Runtime\Cache\Admin\6b8556ec8c044bdad5a1e286af3f358c.php 第 22 行.
NOTIC: [8] Undefined variable: value D:\techan\shop_demo\Runtime\Cache\Admin\6b8556ec8c044bdad5a1e286af3f358c.php 第 56 行.
NOTIC: [8] Undefined variable: value D:\techan\shop_demo\Runtime\Cache\Admin\6b8556ec8c044bdad5a1e286af3f358c.php 第 62 行.
INFO: Run Behavior\ParseTemplateBehavior [ RunTime:0.010116s ]
INFO: [ view_parse ] --END-- [ RunTime:0.010182s ]
INFO: [ view_filter ] --START--
INFO: Run Behavior\WriteHtmlCacheBehavior [ RunTime:0.000912s ]
INFO: [ view_filter ] --END-- [ RunTime:0.000966s ]
INFO: [ app_end ] --START--
INFO: Run Behavior\ShowPageTraceBehavior [ RunTime:0.001236s ]
INFO: [ app_end ] --END-- [ RunTime:0.001305s ]

[ 2017-12-28T00:12:46+08:00 ] 127.0.0.1 /index.php/Admin/Goods/orderInfo/act/select/id/css/font-awesome.min.css
INFO: [ app_init ] --START--
INFO: Run Behavior\BuildLiteBehavior [ RunTime:0.000010s ]
INFO: [ app_init ] --END-- [ RunTime:0.000395s ]
INFO: [ app_begin ] --START--
INFO: Run Behavior\ReadHtmlCacheBehavior [ RunTime:0.000639s ]
INFO: [ app_begin ] --END-- [ RunTime:0.000685s ]
SQL: SHOW COLUMNS FROM `orders` [ RunTime:0.0251s ]
SQL: SHOW COLUMNS FROM `address` [ RunTime:0.0137s ]
SQL: SHOW COLUMNS FROM `goods` [ RunTime:0.0130s ]
ERR: 1054:Unknown column 'css' in 'where clause'
 [ SQL语句 ] : SELECT * FROM `orders` WHERE ( od_id = css ) LIMIT 1  
ERR: 1054:Unknown column 'css' in 'where clause'
 [ SQL语句 ] : SELECT * FROM `orders` WHERE ( od_id = css ) LIMIT 1  

[ 2017-12-28T00:13:59+08:00 ] 127.0.0.1 /index.php/Admin/Goods/orderInfo/act/select/id/7
INFO: [ app_init ] --START--
INFO: Run Behavior\BuildLiteBehavior [ RunTime:0.000010s ]
INFO: [ app_init ] --END-- [ RunTime:0.000389s ]
INFO: [ app_begin ] --START--
INFO: Run Behavior\ReadHtmlCacheBehavior [ RunTime:0.000641s ]
INFO: [ app_begin ] --END-- [ RunTime:0.000680s ]
SQL: SHOW COLUMNS FROM `orders` [ RunTime:0.0370s ]
SQL: SHOW COLUMNS FROM `address` [ RunTime:0.0139s ]
SQL: SHOW COLUMNS FROM `goods` [ RunTime:0.0135s ]
SQL: SELECT * FROM `orders` WHERE ( od_id = 7 ) LIMIT 1   [ RunTime:0.0006s ]
SQL: SELECT * FROM `address` WHERE ( ar_id = 13 ) LIMIT 1   [ RunTime:0.0004s ]
SQL: SELECT `gd_name` FROM `goods` WHERE ( gd_id = 2 ) LIMIT 1   [ RunTime:0.0004s ]
INFO: [ view_parse ] --START--
INFO: [ template_filter ] --START--
INFO: Run Behavior\ContentReplaceBehavior [ RunTime:0.000043s ]
INFO: [ template_filter ] --END-- [ RunTime:0.000080s ]
NOTIC: [8] Undefined variable: smarty D:\techan\shop_demo\Runtime\Cache\Admin\6b8556ec8c044bdad5a1e286af3f358c.php 第 22 行.
INFO: Run Behavior\ParseTemplateBehavior [ RunTime:0.007113s ]
INFO: [ view_parse ] --END-- [ RunTime:0.007158s ]
INFO: [ view_filter ] --START--
INFO: Run Behavior\WriteHtmlCacheBehavior [ RunTime:0.000492s ]
INFO: [ view_filter ] --END-- [ RunTime:0.000521s ]
INFO: [ app_end ] --START--
INFO: Run Behavior\ShowPageTraceBehavior [ RunTime:0.000632s ]
INFO: [ app_end ] --END-- [ RunTime:0.000662s ]

[ 2017-12-28T00:14:00+08:00 ] 127.0.0.1 /index.php/Admin/Goods/orderInfo/act/select/id/css/font-awesome.min.css
INFO: [ app_init ] --START--
INFO: Run Behavior\BuildLiteBehavior [ RunTime:0.000018s ]
INFO: [ app_init ] --END-- [ RunTime:0.000630s ]
INFO: [ app_begin ] --START--
INFO: Run Behavior\ReadHtmlCacheBehavior [ RunTime:0.000663s ]
INFO: [ app_begin ] --END-- [ RunTime:0.000707s ]
SQL: SHOW COLUMNS FROM `orders` [ RunTime:0.0217s ]
SQL: SHOW COLUMNS FROM `address` [ RunTime:0.0121s ]
SQL: SHOW COLUMNS FROM `goods` [ RunTime:0.0104s ]
ERR: 1054:Unknown column 'css' in 'where clause'
 [ SQL语句 ] : SELECT * FROM `orders` WHERE ( od_id = css ) LIMIT 1  
ERR: 1054:Unknown column 'css' in 'where clause'
 [ SQL语句 ] : SELECT * FROM `orders` WHERE ( od_id = css ) LIMIT 1  

[ 2017-12-28T00:14:07+08:00 ] 127.0.0.1 /index.php/Admin/Goods/selectAllNotice
INFO: [ app_init ] --START--
INFO: Run Behavior\BuildLiteBehavior [ RunTime:0.000010s ]
INFO: [ app_init ] --END-- [ RunTime:0.000303s ]
INFO: [ app_begin ] --START--
INFO: Run Behavior\ReadHtmlCacheBehavior [ RunTime:0.000822s ]
INFO: [ app_begin ] --END-- [ RunTime:0.000869s ]
SQL: SHOW COLUMNS FROM `notice` [ RunTime:0.0240s ]
SQL: SELECT COUNT(*) AS tp_count FROM `notice` WHERE ( nc_id>0 ) LIMIT 1   [ RunTime:0.0019s ]
SQL: SELECT * FROM `notice` ORDER BY nc_id LIMIT 0,5   [ RunTime:0.0017s ]
INFO: [ view_parse ] --START--
INFO: [ template_filter ] --START--
INFO: Run Behavior\ContentReplaceBehavior [ RunTime:0.000035s ]
INFO: [ template_filter ] --END-- [ RunTime:0.000075s ]
NOTIC: [8] Undefined variable: smarty D:\techan\shop_demo\Runtime\Cache\Admin\31d10f650f13482d93bbe3065a1cb32b.php 第 21 行.
NOTIC: [8] Undefined variable: v D:\techan\shop_demo\Runtime\Cache\Admin\31d10f650f13482d93bbe3065a1cb32b.php 第 56 行.
NOTIC: [8] Undefined variable: v D:\techan\shop_demo\Runtime\Cache\Admin\31d10f650f13482d93bbe3065a1cb32b.php 第 57 行.
NOTIC: [8] Undefined variable: v D:\techan\shop_demo\Runtime\Cache\Admin\31d10f650f13482d93bbe3065a1cb32b.php 第 58 行.
NOTIC: [8] Undefined variable: v D:\techan\shop_demo\Runtime\Cache\Admin\31d10f650f13482d93bbe3065a1cb32b.php 第 59 行.
NOTIC: [8] Undefined variable: v D:\techan\shop_demo\Runtime\Cache\Admin\31d10f650f13482d93bbe3065a1cb32b.php 第 61 行.
NOTIC: [8] Undefined variable: v D:\techan\shop_demo\Runtime\Cache\Admin\31d10f650f13482d93bbe3065a1cb32b.php 第 62 行.
INFO: Run Behavior\ParseTemplateBehavior [ RunTime:0.007908s ]
INFO: [ view_parse ] --END-- [ RunTime:0.007966s ]
INFO: [ view_filter ] --START--
INFO: Run Behavior\WriteHtmlCacheBehavior [ RunTime:0.000549s ]
INFO: [ view_filter ] --END-- [ RunTime:0.000580s ]
INFO: [ app_end ] --START--
INFO: Run Behavior\ShowPageTraceBehavior [ RunTime:0.000688s ]
INFO: [ app_end ] --END-- [ RunTime:0.000719s ]

[ 2017-12-28T00:14:07+08:00 ] 127.0.0.1 /index.php/Admin/Goods/css/font-awesome.min.css
INFO: [ app_init ] --START--
INFO: Run Behavior\BuildLiteBehavior [ RunTime:0.000011s ]
INFO: [ app_init ] --END-- [ RunTime:0.000357s ]
INFO: [ app_begin ] --START--
INFO: Run Behavior\ReadHtmlCacheBehavior [ RunTime:0.000694s ]
INFO: [ app_begin ] --END-- [ RunTime:0.000743s ]
ERR: 非法操作:css

[ 2017-12-28T00:14:11+08:00 ] 127.0.0.1 /index.php/Admin/Goods/goodList
INFO: [ app_init ] --START--
INFO: Run Behavior\BuildLiteBehavior [ RunTime:0.000010s ]
INFO: [ app_init ] --END-- [ RunTime:0.000308s ]
INFO: [ app_begin ] --START--
INFO: Run Behavior\ReadHtmlCacheBehavior [ RunTime:0.000625s ]
INFO: [ app_begin ] --END-- [ RunTime:0.000664s ]
SQL: SHOW COLUMNS FROM `goods` [ RunTime:0.0247s ]
SQL: SELECT COUNT(*) AS tp_count FROM `goods` WHERE ( gd_id>0 ) LIMIT 1   [ RunTime:0.0008s ]
SQL: SELECT * FROM `goods` ORDER BY gd_id LIMIT 0,9   [ RunTime:0.0010s ]
INFO: [ view_parse ] --START--
INFO: [ template_filter ] --START--
INFO: Run Behavior\ContentReplaceBehavior [ RunTime:0.000038s ]
INFO: [ template_filter ] --END-- [ RunTime:0.000077s ]
NOTIC: [8] Undefined variable: smarty D:\techan\shop_demo\Runtime\Cache\Admin\91fcf7e99d02b93d1bc6d7f1c7de83ca.php 第 21 行.
INFO: Run Behavior\ParseTemplateBehavior [ RunTime:0.007733s ]
INFO: [ view_parse ] --END-- [ RunTime:0.007800s ]
INFO: [ view_filter ] --START--
INFO: Run Behavior\WriteHtmlCacheBehavior [ RunTime:0.000936s ]
INFO: [ view_filter ] --END-- [ RunTime:0.000976s ]
INFO: [ app_end ] --START--
INFO: Run Behavior\ShowPageTraceBehavior [ RunTime:0.000648s ]
INFO: [ app_end ] --END-- [ RunTime:0.000681s ]

[ 2017-12-28T00:14:11+08:00 ] 127.0.0.1 /index.php/Admin/Goods/css/font-awesome.min.css
INFO: [ app_init ] --START--
INFO: Run Behavior\BuildLiteBehavior [ RunTime:0.000015s ]
INFO: [ app_init ] --END-- [ RunTime:0.000507s ]
INFO: [ app_begin ] --START--
INFO: Run Behavior\ReadHtmlCacheBehavior [ RunTime:0.001026s ]
INFO: [ app_begin ] --END-- [ RunTime:0.001094s ]
ERR: 非法操作:css

[ 2017-12-28T00:14:13+08:00 ] 127.0.0.1 /index.php/Admin/Goods/operate/act/update/gd_id/1
INFO: [ app_init ] --START--
INFO: Run Behavior\BuildLiteBehavior [ RunTime:0.000009s ]
INFO: [ app_init ] --END-- [ RunTime:0.000296s ]
INFO: [ app_begin ] --START--
INFO: Run Behavior\ReadHtmlCacheBehavior [ RunTime:0.000631s ]
INFO: [ app_begin ] --END-- [ RunTime:0.000667s ]
INFO: [ app_end ] --START--
INFO: Run Behavior\ShowPageTraceBehavior [ RunTime:0.000717s ]
INFO: [ app_end ] --END-- [ RunTime:0.000767s ]

[ 2017-12-28T00:14:14+08:00 ] 127.0.0.1 /index.php/Admin/Goods/updateInfo/id/1
INFO: [ app_init ] --START--
INFO: Run Behavior\BuildLiteBehavior [ RunTime:0.000016s ]
INFO: [ app_init ] --END-- [ RunTime:0.000583s ]
INFO: [ app_begin ] --START--
INFO: Run Behavior\ReadHtmlCacheBehavior [ RunTime:0.001052s ]
INFO: [ app_begin ] --END-- [ RunTime:0.001125s ]
SQL: SHOW COLUMNS FROM `goods` [ RunTime:0.0318s ]
SQL: SELECT * FROM `goods` WHERE ( gd_id = 1 ) LIMIT 1   [ RunTime:0.0012s ]
INFO: [ view_parse ] --START--
INFO: [ template_filter ] --START--
INFO: Run Behavior\ContentReplaceBehavior [ RunTime:0.000070s ]
INFO: [ template_filter ] --END-- [ RunTime:0.000127s ]
NOTIC: [8] Undefined variable: smarty D:\techan\shop_demo\Runtime\Cache\Admin\a071c08bf0c064ea7afb5fc8d45ad22c.php 第 19 行.
INFO: Run Behavior\ParseTemplateBehavior [ RunTime:0.010045s ]
INFO: [ view_parse ] --END-- [ RunTime:0.010120s ]
INFO: [ view_filter ] --START--
INFO: Run Behavior\WriteHtmlCacheBehavior [ RunTime:0.000834s ]
INFO: [ view_filter ] --END-- [ RunTime:0.000880s ]
INFO: [ app_end ] --START--
INFO: Run Behavior\ShowPageTraceBehavior [ RunTime:0.001048s ]
INFO: [ app_end ] --END-- [ RunTime:0.001098s ]

[ 2017-12-28T00:14:15+08:00 ] 127.0.0.1 /index.php/Admin/Goods/updateInfo/id/css/font-awesome.min.css
INFO: [ app_init ] --START--
INFO: Run Behavior\BuildLiteBehavior [ RunTime:0.000010s ]
INFO: [ app_init ] --END-- [ RunTime:0.000298s ]
INFO: [ app_begin ] --START--
INFO: Run Behavior\ReadHtmlCacheBehavior [ RunTime:0.000652s ]
INFO: [ app_begin ] --END-- [ RunTime:0.000695s ]
SQL: SHOW COLUMNS FROM `goods` [ RunTime:0.0343s ]
ERR: 1054:Unknown column 'css' in 'where clause'
 [ SQL语句 ] : SELECT * FROM `goods` WHERE ( gd_id = css ) LIMIT 1  
ERR: 1054:Unknown column 'css' in 'where clause'
 [ SQL语句 ] : SELECT * FROM `goods` WHERE ( gd_id = css ) LIMIT 1  

[ 2017-12-28T00:14:23+08:00 ] 127.0.0.1 /index.php/Admin/Goods/selectAllNotice
INFO: [ app_init ] --START--
INFO: Run Behavior\BuildLiteBehavior [ RunTime:0.000011s ]
INFO: [ app_init ] --END-- [ RunTime:0.000314s ]
INFO: [ app_begin ] --START--
INFO: Run Behavior\ReadHtmlCacheBehavior [ RunTime:0.000637s ]
INFO: [ app_begin ] --END-- [ RunTime:0.000674s ]
SQL: SHOW COLUMNS FROM `notice` [ RunTime:0.0246s ]
SQL: SELECT COUNT(*) AS tp_count FROM `notice` WHERE ( nc_id>0 ) LIMIT 1   [ RunTime:0.0008s ]
SQL: SELECT * FROM `notice` ORDER BY nc_id LIMIT 0,5   [ RunTime:0.0011s ]
INFO: [ view_parse ] --START--
INFO: [ template_filter ] --START--
INFO: Run Behavior\ContentReplaceBehavior [ RunTime:0.000060s ]
INFO: [ template_filter ] --END-- [ RunTime:0.000135s ]
NOTIC: [8] Undefined variable: smarty D:\techan\shop_demo\Runtime\Cache\Admin\31d10f650f13482d93bbe3065a1cb32b.php 第 21 行.
NOTIC: [8] Undefined variable: v D:\techan\shop_demo\Runtime\Cache\Admin\31d10f650f13482d93bbe3065a1cb32b.php 第 56 行.
NOTIC: [8] Undefined variable: v D:\techan\shop_demo\Runtime\Cache\Admin\31d10f650f13482d93bbe3065a1cb32b.php 第 57 行.
NOTIC: [8] Undefined variable: v D:\techan\shop_demo\Runtime\Cache\Admin\31d10f650f13482d93bbe3065a1cb32b.php 第 58 行.
NOTIC: [8] Undefined variable: v D:\techan\shop_demo\Runtime\Cache\Admin\31d10f650f13482d93bbe3065a1cb32b.php 第 59 行.
NOTIC: [8] Undefined variable: v D:\techan\shop_demo\Runtime\Cache\Admin\31d10f650f13482d93bbe3065a1cb32b.php 第 61 行.
NOTIC: [8] Undefined variable: v D:\techan\shop_demo\Runtime\Cache\Admin\31d10f650f13482d93bbe3065a1cb32b.php 第 62 行.
INFO: Run Behavior\ParseTemplateBehavior [ RunTime:0.012881s ]
INFO: [ view_parse ] --END-- [ RunTime:0.012952s ]
INFO: [ view_filter ] --START--
INFO: Run Behavior\WriteHtmlCacheBehavior [ RunTime:0.000963s ]
INFO: [ view_filter ] --END-- [ RunTime:0.001018s ]
INFO: [ app_end ] --START--
INFO: Run Behavior\ShowPageTraceBehavior [ RunTime:0.001213s ]
INFO: [ app_end ] --END-- [ RunTime:0.001271s ]

[ 2017-12-28T00:14:23+08:00 ] 127.0.0.1 /index.php/Admin/Goods/css/font-awesome.min.css
INFO: [ app_init ] --START--
INFO: Run Behavior\BuildLiteBehavior [ RunTime:0.000012s ]
INFO: [ app_init ] --END-- [ RunTime:0.000425s ]
INFO: [ app_begin ] --START--
INFO: Run Behavior\ReadHtmlCacheBehavior [ RunTime:0.000688s ]
INFO: [ app_begin ] --END-- [ RunTime:0.000734s ]
ERR: 非法操作:css

[ 2017-12-28T00:15:13+08:00 ] 127.0.0.1 /index.php/Admin/Goods/selectAllNotice
INFO: [ app_init ] --START--
INFO: Run Behavior\BuildLiteBehavior [ RunTime:0.000010s ]
INFO: [ app_init ] --END-- [ RunTime:0.000308s ]
INFO: [ app_begin ] --START--
INFO: Run Behavior\ReadHtmlCacheBehavior [ RunTime:0.000815s ]
INFO: [ app_begin ] --END-- [ RunTime:0.000864s ]
SQL: SHOW COLUMNS FROM `notice` [ RunTime:0.0332s ]
SQL: SELECT COUNT(*) AS tp_count FROM `notice` WHERE ( nc_id>0 ) LIMIT 1   [ RunTime:0.0017s ]
SQL: SELECT * FROM `notice` ORDER BY nc_id LIMIT 0,5   [ RunTime:0.0018s ]
INFO: [ view_parse ] --START--
INFO: [ template_filter ] --START--
INFO: Run Behavior\ContentReplaceBehavior [ RunTime:0.000082s ]
INFO: [ template_filter ] --END-- [ RunTime:0.000159s ]
NOTIC: [8] Undefined variable: smarty D:\techan\shop_demo\Runtime\Cache\Admin\31d10f650f13482d93bbe3065a1cb32b.php 第 21 行.
INFO: Run Behavior\ParseTemplateBehavior [ RunTime:0.016990s ]
INFO: [ view_parse ] --END-- [ RunTime:0.017091s ]
INFO: [ view_filter ] --START--
INFO: Run Behavior\WriteHtmlCacheBehavior [ RunTime:0.001242s ]
INFO: [ view_filter ] --END-- [ RunTime:0.001313s ]
INFO: [ app_end ] --START--
INFO: Run Behavior\ShowPageTraceBehavior [ RunTime:0.001468s ]
INFO: [ app_end ] --END-- [ RunTime:0.001536s ]

[ 2017-12-28T00:15:13+08:00 ] 127.0.0.1 /index.php/Admin/Goods/css/font-awesome.min.css
INFO: [ app_init ] --START--
INFO: Run Behavior\BuildLiteBehavior [ RunTime:0.000015s ]
INFO: [ app_init ] --END-- [ RunTime:0.000507s ]
INFO: [ app_begin ] --START--
INFO: Run Behavior\ReadHtmlCacheBehavior [ RunTime:0.001030s ]
INFO: [ app_begin ] --END-- [ RunTime:0.001100s ]
ERR: 非法操作:css

[ 2017-12-28T00:15:17+08:00 ] 127.0.0.1 /index.php/Admin/Index/noticeInfo/act/select/nc_id/1
INFO: [ app_init ] --START--
INFO: Run Behavior\BuildLiteBehavior [ RunTime:0.000011s ]
INFO: [ app_init ] --END-- [ RunTime:0.000383s ]
INFO: [ app_begin ] --START--
INFO: Run Behavior\ReadHtmlCacheBehavior [ RunTime:0.001002s ]
INFO: [ app_begin ] --END-- [ RunTime:0.001064s ]
ERR: 非法操作:noticeInfo

[ 2017-12-28T00:15:19+08:00 ] 127.0.0.1 /index.php/Admin/Goods/css/font-awesome.min.css
INFO: [ app_init ] --START--
INFO: Run Behavior\BuildLiteBehavior [ RunTime:0.000016s ]
INFO: [ app_init ] --END-- [ RunTime:0.000589s ]
INFO: [ app_begin ] --START--
INFO: Run Behavior\ReadHtmlCacheBehavior [ RunTime:0.001129s ]
INFO: [ app_begin ] --END-- [ RunTime:0.001201s ]
ERR: 非法操作:css

[ 2017-12-28T00:16:06+08:00 ] 127.0.0.1 /index.php/Admin/Goods/selectAllNotice
INFO: [ app_init ] --START--
INFO: Run Behavior\BuildLiteBehavior [ RunTime:0.000009s ]
INFO: [ app_init ] --END-- [ RunTime:0.000299s ]
INFO: [ app_begin ] --START--
INFO: Run Behavior\ReadHtmlCacheBehavior [ RunTime:0.000630s ]
INFO: [ app_begin ] --END-- [ RunTime:0.000668s ]
SQL: SHOW COLUMNS FROM `notice` [ RunTime:0.0345s ]
SQL: SELECT COUNT(*) AS tp_count FROM `notice` WHERE ( nc_id>0 ) LIMIT 1   [ RunTime:0.0013s ]
SQL: SELECT * FROM `notice` ORDER BY nc_id LIMIT 0,5   [ RunTime:0.0016s ]
INFO: [ view_parse ] --START--
INFO: [ template_filter ] --START--
INFO: Run Behavior\ContentReplaceBehavior [ RunTime:0.000067s ]
INFO: [ template_filter ] --END-- [ RunTime:0.000133s ]
NOTIC: [8] Undefined variable: smarty D:\techan\shop_demo\Runtime\Cache\Admin\31d10f650f13482d93bbe3065a1cb32b.php 第 21 行.
INFO: Run Behavior\ParseTemplateBehavior [ RunTime:0.012076s ]
INFO: [ view_parse ] --END-- [ RunTime:0.012152s ]
INFO: [ view_filter ] --START--
INFO: Run Behavior\WriteHtmlCacheBehavior [ RunTime:0.001135s ]
INFO: [ view_filter ] --END-- [ RunTime:0.001198s ]
INFO: [ app_end ] --START--
INFO: Run Behavior\ShowPageTraceBehavior [ RunTime:0.001240s ]
INFO: [ app_end ] --END-- [ RunTime:0.001300s ]

[ 2017-12-28T00:16:06+08:00 ] 127.0.0.1 /index.php/Admin/Goods/css/font-awesome.min.css
INFO: [ app_init ] --START--
INFO: Run Behavior\BuildLiteBehavior [ RunTime:0.000017s ]
INFO: [ app_init ] --END-- [ RunTime:0.000479s ]
INFO: [ app_begin ] --START--
INFO: Run Behavior\ReadHtmlCacheBehavior [ RunTime:0.001108s ]
INFO: [ app_begin ] --END-- [ RunTime:0.001181s ]
ERR: 非法操作:css

[ 2017-12-28T00:16:09+08:00 ] 127.0.0.1 /index.php/Admin/Goods/noticeInfo/act/select/nc_id/1
INFO: [ app_init ] --START--
INFO: Run Behavior\BuildLiteBehavior [ RunTime:0.000010s ]
INFO: [ app_init ] --END-- [ RunTime:0.000316s ]
INFO: [ app_begin ] --START--
INFO: Run Behavior\ReadHtmlCacheBehavior [ RunTime:0.000961s ]
INFO: [ app_begin ] --END-- [ RunTime:0.001017s ]
SQL: SHOW COLUMNS FROM `notice` [ RunTime:0.0294s ]
SQL: SELECT * FROM `notice` WHERE ( nc_id = 1 ) LIMIT 1   [ RunTime:0.0012s ]
INFO: [ view_parse ] --START--
INFO: [ template_filter ] --START--
INFO: Run Behavior\ContentReplaceBehavior [ RunTime:0.000072s ]
INFO: [ template_filter ] --END-- [ RunTime:0.000153s ]
NOTIC: [8] Undefined variable: smarty D:\techan\shop_demo\Runtime\Cache\Admin\644361ff199224184eacb67cb8d1073d.php 第 22 行.
INFO: Run Behavior\ParseTemplateBehavior [ RunTime:0.013396s ]
INFO: [ view_parse ] --END-- [ RunTime:0.013499s ]
INFO: [ view_filter ] --START--
INFO: Run Behavior\WriteHtmlCacheBehavior [ RunTime:0.001177s ]
INFO: [ view_filter ] --END-- [ RunTime:0.001246s ]
INFO: [ app_end ] --START--
INFO: Run Behavior\ShowPageTraceBehavior [ RunTime:0.001535s ]
INFO: [ app_end ] --END-- [ RunTime:0.001608s ]

[ 2017-12-28T00:16:10+08:00 ] 127.0.0.1 /index.php/Admin/Goods/noticeInfo/act/select/nc_id/css/font-awesome.min.css
INFO: [ app_init ] --START--
INFO: Run Behavior\BuildLiteBehavior [ RunTime:0.000010s ]
INFO: [ app_init ] --END-- [ RunTime:0.000321s ]
INFO: [ app_begin ] --START--
INFO: Run Behavior\ReadHtmlCacheBehavior [ RunTime:0.000697s ]
INFO: [ app_begin ] --END-- [ RunTime:0.000750s ]
SQL: SHOW COLUMNS FROM `notice` [ RunTime:0.0350s ]
ERR: 1054:Unknown column 'css' in 'where clause'
 [ SQL语句 ] : SELECT * FROM `notice` WHERE ( nc_id = css ) LIMIT 1  
ERR: 1054:Unknown column 'css' in 'where clause'
 [ SQL语句 ] : SELECT * FROM `notice` WHERE ( nc_id = css ) LIMIT 1  

[ 2017-12-28T00:16:16+08:00 ] 127.0.0.1 /index.php/Admin/Goods/addNotice
INFO: [ app_init ] --START--
INFO: Run Behavior\BuildLiteBehavior [ RunTime:0.000010s ]
INFO: [ app_init ] --END-- [ RunTime:0.000313s ]
INFO: [ app_begin ] --START--
INFO: Run Behavior\ReadHtmlCacheBehavior [ RunTime:0.000705s ]
INFO: [ app_begin ] --END-- [ RunTime:0.000749s ]
INFO: [ view_parse ] --START--
INFO: [ template_filter ] --START--
INFO: Run Behavior\ContentReplaceBehavior [ RunTime:0.000030s ]
INFO: [ template_filter ] --END-- [ RunTime:0.000068s ]
NOTIC: [8] Undefined variable: smarty D:\techan\shop_demo\Runtime\Cache\Admin\067ae45f13fdedfe9f87e2e398c196e5.php 第 19 行.
INFO: Run Behavior\ParseTemplateBehavior [ RunTime:0.014041s ]
INFO: [ view_parse ] --END-- [ RunTime:0.014083s ]
INFO: [ view_filter ] --START--
INFO: Run Behavior\WriteHtmlCacheBehavior [ RunTime:0.000535s ]
INFO: [ view_filter ] --END-- [ RunTime:0.000566s ]
INFO: [ app_end ] --START--
INFO: Run Behavior\ShowPageTraceBehavior [ RunTime:0.000601s ]
INFO: [ app_end ] --END-- [ RunTime:0.000632s ]

[ 2017-12-28T00:16:16+08:00 ] 127.0.0.1 /index.php/Admin/Goods/css/font-awesome.min.css
INFO: [ app_init ] --START--
INFO: Run Behavior\BuildLiteBehavior [ RunTime:0.000010s ]
INFO: [ app_init ] --END-- [ RunTime:0.000319s ]
INFO: [ app_begin ] --START--
INFO: Run Behavior\ReadHtmlCacheBehavior [ RunTime:0.000631s ]
INFO: [ app_begin ] --END-- [ RunTime:0.000673s ]
ERR: 非法操作:css

[ 2017-12-28T00:16:35+08:00 ] 127.0.0.1 /index.php/Admin/Index/addNotice
INFO: [ app_init ] --START--
INFO: Run Behavior\BuildLiteBehavior [ RunTime:0.000010s ]
INFO: [ app_init ] --END-- [ RunTime:0.000318s ]
INFO: [ app_begin ] --START--
INFO: Run Behavior\ReadHtmlCacheBehavior [ RunTime:0.000592s ]
INFO: [ app_begin ] --END-- [ RunTime:0.000630s ]
ERR: 非法操作:addNotice

[ 2017-12-28T00:16:37+08:00 ] 127.0.0.1 /index.php/Admin/Goods/css/font-awesome.min.css
INFO: [ app_init ] --START--
INFO: Run Behavior\BuildLiteBehavior [ RunTime:0.000016s ]
INFO: [ app_init ] --END-- [ RunTime:0.000486s ]
INFO: [ app_begin ] --START--
INFO: Run Behavior\ReadHtmlCacheBehavior [ RunTime:0.001470s ]
INFO: [ app_begin ] --END-- [ RunTime:0.001559s ]
ERR: 非法操作:css

[ 2017-12-28T00:17:49+08:00 ] 127.0.0.1 /index.php/Admin/Index/addNotice
INFO: [ app_init ] --START--
INFO: Run Behavior\BuildLiteBehavior [ RunTime:0.000010s ]
INFO: [ app_init ] --END-- [ RunTime:0.000302s ]
INFO: [ app_begin ] --START--
INFO: Run Behavior\ReadHtmlCacheBehavior [ RunTime:0.001061s ]
INFO: [ app_begin ] --END-- [ RunTime:0.001160s ]
ERR: 非法操作:addNotice

[ 2017-12-28T00:17:52+08:00 ] 127.0.0.1 /index.php/Admin/Goods/css/font-awesome.min.css
INFO: [ app_init ] --START--
INFO: Run Behavior\BuildLiteBehavior [ RunTime:0.000012s ]
INFO: [ app_init ] --END-- [ RunTime:0.000503s ]
INFO: [ app_begin ] --START--
INFO: Run Behavior\ReadHtmlCacheBehavior [ RunTime:0.001639s ]
INFO: [ app_begin ] --END-- [ RunTime:0.001893s ]
ERR: 非法操作:css

[ 2017-12-28T00:17:53+08:00 ] 127.0.0.1 /index.php/Admin/Goods/addNotice
INFO: [ app_init ] --START--
INFO: Run Behavior\BuildLiteBehavior [ RunTime:0.000010s ]
INFO: [ app_init ] --END-- [ RunTime:0.000333s ]
INFO: [ app_begin ] --START--
INFO: Run Behavior\ReadHtmlCacheBehavior [ RunTime:0.000596s ]
INFO: [ app_begin ] --END-- [ RunTime:0.000634s ]
INFO: [ view_parse ] --START--
INFO: [ template_filter ] --START--
INFO: Run Behavior\ContentReplaceBehavior [ RunTime:0.000031s ]
INFO: [ template_filter ] --END-- [ RunTime:0.000073s ]
NOTIC: [8] Undefined variable: smarty D:\techan\shop_demo\Runtime\Cache\Admin\067ae45f13fdedfe9f87e2e398c196e5.php 第 19 行.
INFO: Run Behavior\ParseTemplateBehavior [ RunTime:0.005845s ]
INFO: [ view_parse ] --END-- [ RunTime:0.005882s ]
INFO: [ view_filter ] --START--
INFO: Run Behavior\WriteHtmlCacheBehavior [ RunTime:0.000486s ]
INFO: [ view_filter ] --END-- [ RunTime:0.000515s ]
INFO: [ app_end ] --START--
INFO: Run Behavior\ShowPageTraceBehavior [ RunTime:0.000609s ]
INFO: [ app_end ] --END-- [ RunTime:0.000641s ]

[ 2017-12-28T00:17:53+08:00 ] 127.0.0.1 /index.php/Admin/Goods/css/font-awesome.min.css
INFO: [ app_init ] --START--
INFO: Run Behavior\BuildLiteBehavior [ RunTime:0.000015s ]
INFO: [ app_init ] --END-- [ RunTime:0.000442s ]
INFO: [ app_begin ] --START--
INFO: Run Behavior\ReadHtmlCacheBehavior [ RunTime:0.000652s ]
INFO: [ app_begin ] --END-- [ RunTime:0.000698s ]
ERR: 非法操作:css

[ 2017-12-28T00:17:57+08:00 ] 127.0.0.1 /index.php/Admin/Goods/addNotice
INFO: [ app_init ] --START--
INFO: Run Behavior\BuildLiteBehavior [ RunTime:0.000009s ]
INFO: [ app_init ] --END-- [ RunTime:0.000320s ]
INFO: [ app_begin ] --START--
INFO: Run Behavior\ReadHtmlCacheBehavior [ RunTime:0.000597s ]
INFO: [ app_begin ] --END-- [ RunTime:0.000637s ]
SQL: SHOW COLUMNS FROM `notice` [ RunTime:0.0326s ]
SQL: insert into notice values(null,1,'123','131',now()); [ RunTime:0.0056s ]
INFO: [ view_parse ] --START--
INFO: [ template_filter ] --START--
INFO: Run Behavior\ContentReplaceBehavior [ RunTime:0.000064s ]
INFO: [ template_filter ] --END-- [ RunTime:0.000135s ]
NOTIC: [8] Undefined variable: smarty D:\techan\shop_demo\Runtime\Cache\Admin\067ae45f13fdedfe9f87e2e398c196e5.php 第 19 行.
INFO: Run Behavior\ParseTemplateBehavior [ RunTime:0.012563s ]
INFO: [ view_parse ] --END-- [ RunTime:0.012653s ]
INFO: [ view_filter ] --START--
INFO: Run Behavior\WriteHtmlCacheBehavior [ RunTime:0.000942s ]
INFO: [ view_filter ] --END-- [ RunTime:0.001003s ]
INFO: [ app_end ] --START--
INFO: Run Behavior\ShowPageTraceBehavior [ RunTime:0.001227s ]
INFO: [ app_end ] --END-- [ RunTime:0.001290s ]

[ 2017-12-28T00:17:58+08:00 ] 127.0.0.1 /index.php/Admin/Goods/css/font-awesome.min.css
INFO: [ app_init ] --START--
INFO: Run Behavior\BuildLiteBehavior [ RunTime:0.000011s ]
INFO: [ app_init ] --END-- [ RunTime:0.000423s ]
INFO: [ app_begin ] --START--
INFO: Run Behavior\ReadHtmlCacheBehavior [ RunTime:0.000668s ]
INFO: [ app_begin ] --END-- [ RunTime:0.000714s ]
ERR: 非法操作:css

[ 2017-12-28T00:17:59+08:00 ] 127.0.0.1 /index.php/Admin/Goods/css/font-awesome.min.css
INFO: [ app_init ] --START--
INFO: Run Behavior\BuildLiteBehavior [ RunTime:0.000018s ]
INFO: [ app_init ] --END-- [ RunTime:0.000600s ]
INFO: [ app_begin ] --START--
INFO: Run Behavior\ReadHtmlCacheBehavior [ RunTime:0.000938s ]
INFO: [ app_begin ] --END-- [ RunTime:0.001029s ]
ERR: 非法操作:css

[ 2017-12-28T00:17:59+08:00 ] 127.0.0.1 /index.php/Admin/Goods/css/font-awesome.min.css
INFO: [ app_init ] --START--
INFO: Run Behavior\BuildLiteBehavior [ RunTime:0.000015s ]
INFO: [ app_init ] --END-- [ RunTime:0.000454s ]
INFO: [ app_begin ] --START--
INFO: Run Behavior\ReadHtmlCacheBehavior [ RunTime:0.001099s ]
INFO: [ app_begin ] --END-- [ RunTime:0.001176s ]
ERR: 非法操作:css

[ 2017-12-28T00:18:02+08:00 ] 127.0.0.1 /index.php/Admin/Goods/selectAllNotice
INFO: [ app_init ] --START--
INFO: Run Behavior\BuildLiteBehavior [ RunTime:0.000011s ]
INFO: [ app_init ] --END-- [ RunTime:0.000329s ]
INFO: [ app_begin ] --START--
INFO: Run Behavior\ReadHtmlCacheBehavior [ RunTime:0.000639s ]
INFO: [ app_begin ] --END-- [ RunTime:0.000686s ]
SQL: SHOW COLUMNS FROM `notice` [ RunTime:0.0158s ]
SQL: SELECT COUNT(*) AS tp_count FROM `notice` WHERE ( nc_id>0 ) LIMIT 1   [ RunTime:0.0007s ]
SQL: SELECT * FROM `notice` ORDER BY nc_id LIMIT 0,5   [ RunTime:0.0010s ]
INFO: [ view_parse ] --START--
INFO: [ template_filter ] --START--
INFO: Run Behavior\ContentReplaceBehavior [ RunTime:0.000040s ]
INFO: [ template_filter ] --END-- [ RunTime:0.000085s ]
NOTIC: [8] Undefined variable: smarty D:\techan\shop_demo\Runtime\Cache\Admin\31d10f650f13482d93bbe3065a1cb32b.php 第 21 行.
INFO: Run Behavior\ParseTemplateBehavior [ RunTime:0.006451s ]
INFO: [ view_parse ] --END-- [ RunTime:0.006491s ]
INFO: [ view_filter ] --START--
INFO: Run Behavior\WriteHtmlCacheBehavior [ RunTime:0.000469s ]
INFO: [ view_filter ] --END-- [ RunTime:0.000500s ]
INFO: [ app_end ] --START--
INFO: Run Behavior\ShowPageTraceBehavior [ RunTime:0.000682s ]
INFO: [ app_end ] --END-- [ RunTime:0.000717s ]

[ 2017-12-28T00:18:02+08:00 ] 127.0.0.1 /index.php/Admin/Goods/css/font-awesome.min.css
INFO: [ app_init ] --START--
INFO: Run Behavior\BuildLiteBehavior [ RunTime:0.000016s ]
INFO: [ app_init ] --END-- [ RunTime:0.000415s ]
INFO: [ app_begin ] --START--
INFO: Run Behavior\ReadHtmlCacheBehavior [ RunTime:0.000949s ]
INFO: [ app_begin ] --END-- [ RunTime:0.001023s ]
ERR: 非法操作:css

[ 2017-12-28T00:18:05+08:00 ] 127.0.0.1 /index.php/Admin/Goods/noticeInfo/act/select/nc_id/1
INFO: [ app_init ] --START--
INFO: Run Behavior\BuildLiteBehavior [ RunTime:0.000009s ]
INFO: [ app_init ] --END-- [ RunTime:0.000297s ]
INFO: [ app_begin ] --START--
INFO: Run Behavior\ReadHtmlCacheBehavior [ RunTime:0.000612s ]
INFO: [ app_begin ] --END-- [ RunTime:0.000649s ]
SQL: SHOW COLUMNS FROM `notice` [ RunTime:0.0339s ]
SQL: SELECT * FROM `notice` WHERE ( nc_id = 1 ) LIMIT 1   [ RunTime:0.0021s ]
INFO: [ view_parse ] --START--
INFO: [ template_filter ] --START--
INFO: Run Behavior\ContentReplaceBehavior [ RunTime:0.000039s ]
INFO: [ template_filter ] --END-- [ RunTime:0.000087s ]
NOTIC: [8] Undefined variable: smarty D:\techan\shop_demo\Runtime\Cache\Admin\644361ff199224184eacb67cb8d1073d.php 第 22 行.
INFO: Run Behavior\ParseTemplateBehavior [ RunTime:0.014872s ]
INFO: [ view_parse ] --END-- [ RunTime:0.014962s ]
INFO: [ view_filter ] --START--
INFO: Run Behavior\WriteHtmlCacheBehavior [ RunTime:0.000556s ]
INFO: [ view_filter ] --END-- [ RunTime:0.000596s ]
INFO: [ app_end ] --START--
INFO: Run Behavior\ShowPageTraceBehavior [ RunTime:0.000704s ]
INFO: [ app_end ] --END-- [ RunTime:0.000744s ]

[ 2017-12-28T00:18:06+08:00 ] 127.0.0.1 /index.php/Admin/Goods/noticeInfo/act/select/nc_id/css/font-awesome.min.css
INFO: [ app_init ] --START--
INFO: Run Behavior\BuildLiteBehavior [ RunTime:0.000018s ]
INFO: [ app_init ] --END-- [ RunTime:0.000607s ]
INFO: [ app_begin ] --START--
INFO: Run Behavior\ReadHtmlCacheBehavior [ RunTime:0.000948s ]
INFO: [ app_begin ] --END-- [ RunTime:0.001019s ]
SQL: SHOW COLUMNS FROM `notice` [ RunTime:0.0329s ]
ERR: 1054:Unknown column 'css' in 'where clause'
 [ SQL语句 ] : SELECT * FROM `notice` WHERE ( nc_id = css ) LIMIT 1  
ERR: 1054:Unknown column 'css' in 'where clause'
 [ SQL语句 ] : SELECT * FROM `notice` WHERE ( nc_id = css ) LIMIT 1  

[ 2017-12-28T00:18:07+08:00 ] 127.0.0.1 /index.php/Admin/Goods/css/font-awesome.min.css
INFO: [ app_init ] --START--
INFO: Run Behavior\BuildLiteBehavior [ RunTime:0.000015s ]
INFO: [ app_init ] --END-- [ RunTime:0.000469s ]
INFO: [ app_begin ] --START--
INFO: Run Behavior\ReadHtmlCacheBehavior [ RunTime:0.001149s ]
INFO: [ app_begin ] --END-- [ RunTime:0.001446s ]
ERR: 非法操作:css

[ 2017-12-28T00:18:09+08:00 ] 127.0.0.1 /index.php/Admin/Goods/noticeInfo/act/delete/nc_id/1
INFO: [ app_init ] --START--
INFO: Run Behavior\BuildLiteBehavior [ RunTime:0.000010s ]
INFO: [ app_init ] --END-- [ RunTime:0.000327s ]
INFO: [ app_begin ] --START--
INFO: Run Behavior\ReadHtmlCacheBehavior [ RunTime:0.000643s ]
INFO: [ app_begin ] --END-- [ RunTime:0.000687s ]
SQL: SHOW COLUMNS FROM `notice` [ RunTime:0.0348s ]
SQL: DELETE FROM `notice` WHERE ( nc_id = 1 ) [ RunTime:0.0051s ]

[ 2017-12-28T00:18:12+08:00 ] 127.0.0.1 /index.php/Admin/Goods/selectAllNotice
INFO: [ app_init ] --START--
INFO: Run Behavior\BuildLiteBehavior [ RunTime:0.000011s ]
INFO: [ app_init ] --END-- [ RunTime:0.000320s ]
INFO: [ app_begin ] --START--
INFO: Run Behavior\ReadHtmlCacheBehavior [ RunTime:0.000661s ]
INFO: [ app_begin ] --END-- [ RunTime:0.000701s ]
SQL: SHOW COLUMNS FROM `notice` [ RunTime:0.0348s ]
SQL: SELECT COUNT(*) AS tp_count FROM `notice` WHERE ( nc_id>0 ) LIMIT 1   [ RunTime:0.0017s ]
SQL: SELECT * FROM `notice` ORDER BY nc_id LIMIT 0,5   [ RunTime:0.0021s ]
INFO: [ view_parse ] --START--
INFO: [ template_filter ] --START--
INFO: Run Behavior\ContentReplaceBehavior [ RunTime:0.000067s ]
INFO: [ template_filter ] --END-- [ RunTime:0.000138s ]
NOTIC: [8] Undefined variable: smarty D:\techan\shop_demo\Runtime\Cache\Admin\31d10f650f13482d93bbe3065a1cb32b.php 第 21 行.
INFO: Run Behavior\ParseTemplateBehavior [ RunTime:0.012562s ]
INFO: [ view_parse ] --END-- [ RunTime:0.012638s ]
INFO: [ view_filter ] --START--
INFO: Run Behavior\WriteHtmlCacheBehavior [ RunTime:0.000954s ]
INFO: [ view_filter ] --END-- [ RunTime:0.001017s ]
INFO: [ app_end ] --START--
INFO: Run Behavior\ShowPageTraceBehavior [ RunTime:0.001247s ]
INFO: [ app_end ] --END-- [ RunTime:0.001311s ]

[ 2017-12-28T00:18:12+08:00 ] 127.0.0.1 /index.php/Admin/Goods/css/font-awesome.min.css
INFO: [ app_init ] --START--
INFO: Run Behavior\BuildLiteBehavior [ RunTime:0.000011s ]
INFO: [ app_init ] --END-- [ RunTime:0.000412s ]
INFO: [ app_begin ] --START--
INFO: Run Behavior\ReadHtmlCacheBehavior [ RunTime:0.000601s ]
INFO: [ app_begin ] --END-- [ RunTime:0.000638s ]
ERR: 非法操作:css

[ 2017-12-28T00:19:56+08:00 ] 127.0.0.1 /index.php/Admin/Index/index
INFO: [ app_init ] --START--
INFO: Run Behavior\BuildLiteBehavior [ RunTime:0.000019s ]
INFO: [ app_init ] --END-- [ RunTime:0.000584s ]
INFO: [ app_begin ] --START--
INFO: Run Behavior\ReadHtmlCacheBehavior [ RunTime:0.001240s ]
INFO: [ app_begin ] --END-- [ RunTime:0.001314s ]
INFO: [ view_parse ] --START--
INFO: [ template_filter ] --START--
INFO: Run Behavior\ContentReplaceBehavior [ RunTime:0.000065s ]
INFO: [ template_filter ] --END-- [ RunTime:0.000110s ]
INFO: Run Behavior\ParseTemplateBehavior [ RunTime:0.008259s ]
INFO: [ view_parse ] --END-- [ RunTime:0.008305s ]
INFO: [ view_filter ] --START--
INFO: Run Behavior\WriteHtmlCacheBehavior [ RunTime:0.000491s ]
INFO: [ view_filter ] --END-- [ RunTime:0.000532s ]
INFO: [ app_end ] --START--
INFO: Run Behavior\ShowPageTraceBehavior [ RunTime:0.001166s ]
INFO: [ app_end ] --END-- [ RunTime:0.001224s ]

[ 2017-12-28T00:19:57+08:00 ] 127.0.0.1 /index.php/Admin/Index/right
INFO: [ app_init ] --START--
INFO: Run Behavior\BuildLiteBehavior [ RunTime:0.000016s ]
INFO: [ app_init ] --END-- [ RunTime:0.000470s ]
INFO: [ app_begin ] --START--
INFO: Run Behavior\ReadHtmlCacheBehavior [ RunTime:0.002310s ]
INFO: [ app_begin ] --END-- [ RunTime:0.002532s ]
INFO: [ view_parse ] --START--
INFO: [ template_filter ] --START--
INFO: Run Behavior\ContentReplaceBehavior [ RunTime:0.000042s ]
INFO: [ template_filter ] --END-- [ RunTime:0.000128s ]
INFO: Run Behavior\ParseTemplateBehavior [ RunTime:0.013475s ]
INFO: [ view_parse ] --END-- [ RunTime:0.013589s ]
INFO: [ view_filter ] --START--
INFO: Run Behavior\WriteHtmlCacheBehavior [ RunTime:0.000890s ]
INFO: [ view_filter ] --END-- [ RunTime:0.000956s ]
INFO: [ app_end ] --START--
INFO: Run Behavior\ShowPageTraceBehavior [ RunTime:0.001103s ]
INFO: [ app_end ] --END-- [ RunTime:0.001153s ]

[ 2017-12-28T00:20:29+08:00 ] 127.0.0.1 /index.php/Admin/Index/index
INFO: [ app_init ] --START--
INFO: Run Behavior\BuildLiteBehavior [ RunTime:0.000023s ]
INFO: [ app_init ] --END-- [ RunTime:0.000679s ]
INFO: [ app_begin ] --START--
INFO: Run Behavior\ReadHtmlCacheBehavior [ RunTime:0.001358s ]
INFO: [ app_begin ] --END-- [ RunTime:0.001578s ]
INFO: [ view_parse ] --START--
INFO: [ template_filter ] --START--
INFO: Run Behavior\ContentReplaceBehavior [ RunTime:0.000068s ]
INFO: [ template_filter ] --END-- [ RunTime:0.000135s ]
INFO: Run Behavior\ParseTemplateBehavior [ RunTime:0.010284s ]
INFO: [ view_parse ] --END-- [ RunTime:0.010352s ]
INFO: [ view_filter ] --START--
INFO: Run Behavior\WriteHtmlCacheBehavior [ RunTime:0.000319s ]
INFO: [ view_filter ] --END-- [ RunTime:0.000352s ]
INFO: [ app_end ] --START--
INFO: Run Behavior\ShowPageTraceBehavior [ RunTime:0.000460s ]
INFO: [ app_end ] --END-- [ RunTime:0.000497s ]

[ 2017-12-28T00:20:30+08:00 ] 127.0.0.1 /index.php/Admin/Index/right
INFO: [ app_init ] --START--
INFO: Run Behavior\BuildLiteBehavior [ RunTime:0.000064s ]
INFO: [ app_init ] --END-- [ RunTime:0.002392s ]
INFO: [ app_begin ] --START--
INFO: Run Behavior\ReadHtmlCacheBehavior [ RunTime:0.000542s ]
INFO: [ app_begin ] --END-- [ RunTime:0.000615s ]
INFO: [ view_parse ] --START--
INFO: [ template_filter ] --START--
INFO: Run Behavior\ContentReplaceBehavior [ RunTime:0.000040s ]
INFO: [ template_filter ] --END-- [ RunTime:0.000101s ]
INFO: Run Behavior\ParseTemplateBehavior [ RunTime:0.011693s ]
INFO: [ view_parse ] --END-- [ RunTime:0.011987s ]
INFO: [ view_filter ] --START--
INFO: Run Behavior\WriteHtmlCacheBehavior [ RunTime:0.000392s ]
INFO: [ view_filter ] --END-- [ RunTime:0.000459s ]
INFO: [ app_end ] --START--
INFO: Run Behavior\ShowPageTraceBehavior [ RunTime:0.000359s ]
INFO: [ app_end ] --END-- [ RunTime:0.000393s ]

[ 2017-12-28T00:20:44+08:00 ] 127.0.0.1 /index.php/Admin/Index/index
INFO: [ app_init ] --START--
INFO: Run Behavior\BuildLiteBehavior [ RunTime:0.000016s ]
INFO: [ app_init ] --END-- [ RunTime:0.000515s ]
INFO: [ app_begin ] --START--
INFO: Run Behavior\ReadHtmlCacheBehavior [ RunTime:0.000761s ]
INFO: [ app_begin ] --END-- [ RunTime:0.000826s ]
INFO: [ view_parse ] --START--
INFO: [ template_filter ] --START--
INFO: Run Behavior\ContentReplaceBehavior [ RunTime:0.000207s ]
INFO: [ template_filter ] --END-- [ RunTime:0.000390s ]
INFO: Run Behavior\ParseTemplateBehavior [ RunTime:0.011318s ]
INFO: [ view_parse ] --END-- [ RunTime:0.011378s ]
INFO: [ view_filter ] --START--
INFO: Run Behavior\WriteHtmlCacheBehavior [ RunTime:0.000344s ]
INFO: [ view_filter ] --END-- [ RunTime:0.000379s ]
INFO: [ app_end ] --START--
INFO: Run Behavior\ShowPageTraceBehavior [ RunTime:0.000503s ]
INFO: [ app_end ] --END-- [ RunTime:0.000540s ]

[ 2017-12-28T00:20:44+08:00 ] 127.0.0.1 /index.php/Admin/Index/right
INFO: [ app_init ] --START--
INFO: Run Behavior\BuildLiteBehavior [ RunTime:0.000010s ]
INFO: [ app_init ] --END-- [ RunTime:0.000282s ]
INFO: [ app_begin ] --START--
INFO: Run Behavior\ReadHtmlCacheBehavior [ RunTime:0.000411s ]
INFO: [ app_begin ] --END-- [ RunTime:0.000458s ]
INFO: [ view_parse ] --START--
INFO: [ template_filter ] --START--
INFO: Run Behavior\ContentReplaceBehavior [ RunTime:0.000037s ]
INFO: [ template_filter ] --END-- [ RunTime:0.000110s ]
INFO: Run Behavior\ParseTemplateBehavior [ RunTime:0.009275s ]
INFO: [ view_parse ] --END-- [ RunTime:0.009379s ]
INFO: [ view_filter ] --START--
INFO: Run Behavior\WriteHtmlCacheBehavior [ RunTime:0.000265s ]
INFO: [ view_filter ] --END-- [ RunTime:0.000390s ]
INFO: [ app_end ] --START--
INFO: Run Behavior\ShowPageTraceBehavior [ RunTime:0.000640s ]
INFO: [ app_end ] --END-- [ RunTime:0.000706s ]

