[ 2016-11-23T09:58:58+08:00 ] ::1 /index.php/Home/Goods/contact.php
ERR: 非法操作:contact.php

[ 2016-11-23T09:59:51+08:00 ] ::1 /index.php/Home/Goods/contact.php
ERR: 非法操作:contact.php

[ 2016-11-23T10:24:47+08:00 ] ::1 /index.php/Home/Index/index
ERR: 1054:Unknown column 'ls' in 'where clause'
 [ SQL语句 ] : SELECT * FROM `user` WHERE ( user_name='ls' and user_password=md5(ls) ) LIMIT 1  

[ 2016-11-23T10:24:53+08:00 ] ::1 /index.php/Home/Index/index
ERR: 1054:Unknown column 'admin' in 'where clause'
 [ SQL语句 ] : SELECT * FROM `user` WHERE ( user_name='ls' and user_password=md5(admin) ) LIMIT 1  

[ 2016-11-23T10:28:07+08:00 ] ::1 /index.php/Home/Index/index
ERR: 1054:Unknown column 'zt' in 'where clause'
 [ SQL语句 ] : SELECT * FROM `user` WHERE ( user_name='zt' and user_password=md5(zt) ) LIMIT 1  

[ 2016-11-23T10:28:08+08:00 ] ::1 /index.php/Home/Index/index
ERR: 1054:Unknown column 'zt' in 'where clause'
 [ SQL语句 ] : SELECT * FROM `user` WHERE ( user_name='zt' and user_password=md5(zt) ) LIMIT 1  

[ 2016-11-23T10:28:09+08:00 ] ::1 /index.php/Home/Index/index
ERR: 1054:Unknown column 'zt' in 'where clause'
 [ SQL语句 ] : SELECT * FROM `user` WHERE ( user_name='zt' and user_password=md5(zt) ) LIMIT 1  

[ 2016-11-23T10:28:10+08:00 ] ::1 /index.php/Home/Index/index
ERR: 1054:Unknown column 'zt' in 'where clause'
 [ SQL语句 ] : SELECT * FROM `user` WHERE ( user_name='zt' and user_password=md5(zt) ) LIMIT 1  

[ 2016-11-23T10:28:10+08:00 ] ::1 /index.php/Home/Index/index
ERR: 1054:Unknown column 'zt' in 'where clause'
 [ SQL语句 ] : SELECT * FROM `user` WHERE ( user_name='zt' and user_password=md5(zt) ) LIMIT 1  

[ 2016-11-23T10:28:10+08:00 ] ::1 /index.php/Home/Index/index
ERR: 1054:Unknown column 'zt' in 'where clause'
 [ SQL语句 ] : SELECT * FROM `user` WHERE ( user_name='zt' and user_password=md5(zt) ) LIMIT 1  

[ 2016-11-23T10:28:10+08:00 ] ::1 /index.php/Home/Index/index
ERR: 1054:Unknown column 'zt' in 'where clause'
 [ SQL语句 ] : SELECT * FROM `user` WHERE ( user_name='zt' and user_password=md5(zt) ) LIMIT 1  

[ 2016-11-23T10:28:11+08:00 ] ::1 /index.php/Home/Index/index
ERR: 1054:Unknown column 'zt' in 'where clause'
 [ SQL语句 ] : SELECT * FROM `user` WHERE ( user_name='zt' and user_password=md5(zt) ) LIMIT 1  

[ 2016-11-23T10:28:11+08:00 ] ::1 /index.php/Home/Index/index
ERR: 1054:Unknown column 'zt' in 'where clause'
 [ SQL语句 ] : SELECT * FROM `user` WHERE ( user_name='zt' and user_password=md5(zt) ) LIMIT 1  

[ 2016-11-23T10:28:11+08:00 ] ::1 /index.php/Home/Index/index
ERR: 1054:Unknown column 'zt' in 'where clause'
 [ SQL语句 ] : SELECT * FROM `user` WHERE ( user_name='zt' and user_password=md5(zt) ) LIMIT 1  

[ 2016-11-23T10:28:11+08:00 ] ::1 /index.php/Home/Index/index
ERR: 1054:Unknown column 'zt' in 'where clause'
 [ SQL语句 ] : SELECT * FROM `user` WHERE ( user_name='zt' and user_password=md5(zt) ) LIMIT 1  

[ 2016-11-23T10:28:11+08:00 ] ::1 /index.php/Home/Index/index
ERR: 1054:Unknown column 'zt' in 'where clause'
 [ SQL语句 ] : SELECT * FROM `user` WHERE ( user_name='zt' and user_password=md5(zt) ) LIMIT 1  

[ 2016-11-23T10:28:11+08:00 ] ::1 /index.php/Home/Index/index
ERR: 1054:Unknown column 'zt' in 'where clause'
 [ SQL语句 ] : SELECT * FROM `user` WHERE ( user_name='zt' and user_password=md5(zt) ) LIMIT 1  

[ 2016-11-23T10:28:11+08:00 ] ::1 /index.php/Home/Index/index
ERR: 1054:Unknown column 'zt' in 'where clause'
 [ SQL语句 ] : SELECT * FROM `user` WHERE ( user_name='zt' and user_password=md5(zt) ) LIMIT 1  

[ 2016-11-23T10:30:33+08:00 ] ::1 /index.php/Home/Index/index
ERR: 1054:Unknown column 'zt' in 'where clause'
 [ SQL语句 ] : SELECT * FROM `user` WHERE ( user_name='zt' and user_password=md5(zt) ) LIMIT 1  

[ 2016-11-23T10:30:34+08:00 ] ::1 /index.php/Home/Index/index
ERR: 1054:Unknown column 'zt' in 'where clause'
 [ SQL语句 ] : SELECT * FROM `user` WHERE ( user_name='zt' and user_password=md5(zt) ) LIMIT 1  

[ 2016-11-23T10:30:35+08:00 ] ::1 /index.php/Home/Index/index
ERR: 1054:Unknown column 'zt' in 'where clause'
 [ SQL语句 ] : SELECT * FROM `user` WHERE ( user_name='zt' and user_password=md5(zt) ) LIMIT 1  

[ 2016-11-23T10:30:35+08:00 ] ::1 /index.php/Home/Index/index
ERR: 1054:Unknown column 'zt' in 'where clause'
 [ SQL语句 ] : SELECT * FROM `user` WHERE ( user_name='zt' and user_password=md5(zt) ) LIMIT 1  

[ 2016-11-23T10:30:35+08:00 ] ::1 /index.php/Home/Index/index
ERR: 1054:Unknown column 'zt' in 'where clause'
 [ SQL语句 ] : SELECT * FROM `user` WHERE ( user_name='zt' and user_password=md5(zt) ) LIMIT 1  

[ 2016-11-23T10:30:35+08:00 ] ::1 /index.php/Home/Index/index
ERR: 1054:Unknown column 'zt' in 'where clause'
 [ SQL语句 ] : SELECT * FROM `user` WHERE ( user_name='zt' and user_password=md5(zt) ) LIMIT 1  

[ 2016-11-23T10:30:35+08:00 ] ::1 /index.php/Home/Index/index
ERR: 1054:Unknown column 'zt' in 'where clause'
 [ SQL语句 ] : SELECT * FROM `user` WHERE ( user_name='zt' and user_password=md5(zt) ) LIMIT 1  

[ 2016-11-23T10:30:36+08:00 ] ::1 /index.php/Home/Index/index
ERR: 1054:Unknown column 'zt' in 'where clause'
 [ SQL语句 ] : SELECT * FROM `user` WHERE ( user_name='zt' and user_password=md5(zt) ) LIMIT 1  

[ 2016-11-23T10:30:36+08:00 ] ::1 /index.php/Home/Index/index
ERR: 1054:Unknown column 'zt' in 'where clause'
 [ SQL语句 ] : SELECT * FROM `user` WHERE ( user_name='zt' and user_password=md5(zt) ) LIMIT 1  

[ 2016-11-23T10:30:36+08:00 ] ::1 /index.php/Home/Index/index
ERR: 1054:Unknown column 'zt' in 'where clause'
 [ SQL语句 ] : SELECT * FROM `user` WHERE ( user_name='zt' and user_password=md5(zt) ) LIMIT 1  

[ 2016-11-23T10:30:36+08:00 ] ::1 /index.php/Home/Index/index
ERR: 1054:Unknown column 'zt' in 'where clause'
 [ SQL语句 ] : SELECT * FROM `user` WHERE ( user_name='zt' and user_password=md5(zt) ) LIMIT 1  

[ 2016-11-23T10:30:36+08:00 ] ::1 /index.php/Home/Index/index
ERR: 1054:Unknown column 'zt' in 'where clause'
 [ SQL语句 ] : SELECT * FROM `user` WHERE ( user_name='zt' and user_password=md5(zt) ) LIMIT 1  

[ 2016-11-23T10:30:54+08:00 ] ::1 /index.php/Home/Index/index
ERR: 1054:Unknown column 'zt' in 'where clause'
 [ SQL语句 ] : SELECT * FROM `user` WHERE ( user_name='zt' and user_password=md5(zt) ) LIMIT 1  

[ 2016-11-23T10:30:55+08:00 ] ::1 /index.php/Home/Index/index
ERR: 1054:Unknown column 'zt' in 'where clause'
 [ SQL语句 ] : SELECT * FROM `user` WHERE ( user_name='zt' and user_password=md5(zt) ) LIMIT 1  

[ 2016-11-23T10:30:55+08:00 ] ::1 /index.php/Home/Index/index
ERR: 1054:Unknown column 'zt' in 'where clause'
 [ SQL语句 ] : SELECT * FROM `user` WHERE ( user_name='zt' and user_password=md5(zt) ) LIMIT 1  

[ 2016-11-23T10:30:55+08:00 ] ::1 /index.php/Home/Index/index
ERR: 1054:Unknown column 'zt' in 'where clause'
 [ SQL语句 ] : SELECT * FROM `user` WHERE ( user_name='zt' and user_password=md5(zt) ) LIMIT 1  

[ 2016-11-23T10:31:01+08:00 ] ::1 /index.php/Home/Index/index
ERR: 1054:Unknown column 'dxy' in 'where clause'
 [ SQL语句 ] : SELECT * FROM `user` WHERE ( user_name='dxy' and user_password=md5(dxy) ) LIMIT 1  

[ 2016-11-23T10:32:57+08:00 ] ::1 /index.php/Home/Index/index
ERR: 1054:Unknown column 'sds' in 'where clause'
 [ SQL语句 ] : SELECT * FROM `user` WHERE ( user_name='sda' and user_password=md5(sds) ) LIMIT 1  

[ 2016-11-23T10:32:58+08:00 ] ::1 /index.php/Home/Index/index
ERR: 1054:Unknown column 'sds' in 'where clause'
 [ SQL语句 ] : SELECT * FROM `user` WHERE ( user_name='sda' and user_password=md5(sds) ) LIMIT 1  

[ 2016-11-23T10:32:58+08:00 ] ::1 /index.php/Home/Index/index
ERR: 1054:Unknown column 'sds' in 'where clause'
 [ SQL语句 ] : SELECT * FROM `user` WHERE ( user_name='sda' and user_password=md5(sds) ) LIMIT 1  

[ 2016-11-23T10:32:59+08:00 ] ::1 /index.php/Home/Index/index
ERR: 1054:Unknown column 'sds' in 'where clause'
 [ SQL语句 ] : SELECT * FROM `user` WHERE ( user_name='sda' and user_password=md5(sds) ) LIMIT 1  

[ 2016-11-23T10:32:59+08:00 ] ::1 /index.php/Home/Index/index
ERR: 1054:Unknown column 'sds' in 'where clause'
 [ SQL语句 ] : SELECT * FROM `user` WHERE ( user_name='sda' and user_password=md5(sds) ) LIMIT 1  

[ 2016-11-23T10:34:13+08:00 ] ::1 /index.php/Home/Index/index
ERR: 1054:Unknown column 'klkl' in 'where clause'
 [ SQL语句 ] : SELECT * FROM `user` WHERE ( user_name='klk' and user_password=md5(klkl) ) LIMIT 1  

[ 2016-11-23T10:37:56+08:00 ] ::1 /index.php/Home/Index/index
ERR: 1054:Unknown column '123s' in 'where clause'
 [ SQL语句 ] : SELECT * FROM `user` WHERE ( user_name='dxy' and user_password=md5(123s) ) LIMIT 1  

[ 2016-11-23T10:37:57+08:00 ] ::1 /index.php/Home/Index/index
ERR: 1054:Unknown column '123s' in 'where clause'
 [ SQL语句 ] : SELECT * FROM `user` WHERE ( user_name='dxy' and user_password=md5(123s) ) LIMIT 1  

[ 2016-11-23T10:37:58+08:00 ] ::1 /index.php/Home/Index/index
ERR: 1054:Unknown column '123s' in 'where clause'
 [ SQL语句 ] : SELECT * FROM `user` WHERE ( user_name='dxy' and user_password=md5(123s) ) LIMIT 1  

[ 2016-11-23T10:38:55+08:00 ] ::1 /index.php/Home/Index/index
ERR: 1054:Unknown column 'zt' in 'where clause'
 [ SQL语句 ] : SELECT * FROM `user` WHERE ( user_name='zt' and user_password=md5(zt) ) LIMIT 1  

[ 2016-11-23T10:38:56+08:00 ] ::1 /index.php/Home/Index/index
ERR: 1054:Unknown column 'zt' in 'where clause'
 [ SQL语句 ] : SELECT * FROM `user` WHERE ( user_name='zt' and user_password=md5(zt) ) LIMIT 1  

[ 2016-11-23T10:38:56+08:00 ] ::1 /index.php/Home/Index/index
ERR: 1054:Unknown column 'zt' in 'where clause'
 [ SQL语句 ] : SELECT * FROM `user` WHERE ( user_name='zt' and user_password=md5(zt) ) LIMIT 1  

[ 2016-11-23T10:38:56+08:00 ] ::1 /index.php/Home/Index/index
ERR: 1054:Unknown column 'zt' in 'where clause'
 [ SQL语句 ] : SELECT * FROM `user` WHERE ( user_name='zt' and user_password=md5(zt) ) LIMIT 1  

[ 2016-11-23T10:38:57+08:00 ] ::1 /index.php/Home/Index/index
ERR: 1054:Unknown column 'zt' in 'where clause'
 [ SQL语句 ] : SELECT * FROM `user` WHERE ( user_name='zt' and user_password=md5(zt) ) LIMIT 1  

[ 2016-11-23T10:38:57+08:00 ] ::1 /index.php/Home/Index/index
ERR: 1054:Unknown column 'zt' in 'where clause'
 [ SQL语句 ] : SELECT * FROM `user` WHERE ( user_name='zt' and user_password=md5(zt) ) LIMIT 1  

[ 2016-11-23T10:38:57+08:00 ] ::1 /index.php/Home/Index/index
ERR: 1054:Unknown column 'zt' in 'where clause'
 [ SQL语句 ] : SELECT * FROM `user` WHERE ( user_name='zt' and user_password=md5(zt) ) LIMIT 1  

[ 2016-11-23T10:38:57+08:00 ] ::1 /index.php/Home/Index/index
ERR: 1054:Unknown column 'zt' in 'where clause'
 [ SQL语句 ] : SELECT * FROM `user` WHERE ( user_name='zt' and user_password=md5(zt) ) LIMIT 1  

[ 2016-11-23T10:38:57+08:00 ] ::1 /index.php/Home/Index/index
ERR: 1054:Unknown column 'zt' in 'where clause'
 [ SQL语句 ] : SELECT * FROM `user` WHERE ( user_name='zt' and user_password=md5(zt) ) LIMIT 1  

[ 2016-11-23T10:38:57+08:00 ] ::1 /index.php/Home/Index/index
ERR: 1054:Unknown column 'zt' in 'where clause'
 [ SQL语句 ] : SELECT * FROM `user` WHERE ( user_name='zt' and user_password=md5(zt) ) LIMIT 1  

[ 2016-11-23T10:38:57+08:00 ] ::1 /index.php/Home/Index/index
ERR: 1054:Unknown column 'zt' in 'where clause'
 [ SQL语句 ] : SELECT * FROM `user` WHERE ( user_name='zt' and user_password=md5(zt) ) LIMIT 1  

[ 2016-11-23T10:38:57+08:00 ] ::1 /index.php/Home/Index/index
ERR: 1054:Unknown column 'zt' in 'where clause'
 [ SQL语句 ] : SELECT * FROM `user` WHERE ( user_name='zt' and user_password=md5(zt) ) LIMIT 1  

[ 2016-11-23T10:38:58+08:00 ] ::1 /index.php/Home/Index/index
ERR: 1054:Unknown column 'zt' in 'where clause'
 [ SQL语句 ] : SELECT * FROM `user` WHERE ( user_name='zt' and user_password=md5(zt) ) LIMIT 1  

[ 2016-11-23T10:38:58+08:00 ] ::1 /index.php/Home/Index/index
ERR: 1054:Unknown column 'zt' in 'where clause'
 [ SQL语句 ] : SELECT * FROM `user` WHERE ( user_name='zt' and user_password=md5(zt) ) LIMIT 1  

[ 2016-11-23T10:40:32+08:00 ] ::1 /index.php/Home/Index/index
ERR: 1054:Unknown column 'zt' in 'where clause'
 [ SQL语句 ] : SELECT * FROM `user` WHERE ( user_name='zt' and user_password=md5(zt) ) LIMIT 1  

[ 2016-11-23T10:40:35+08:00 ] ::1 /index.php/Home/Index/index
ERR: 1054:Unknown column 'zt' in 'where clause'
 [ SQL语句 ] : SELECT * FROM `user` WHERE ( user_name='zt' and user_password=md5(zt) ) LIMIT 1  

[ 2016-11-23T10:40:54+08:00 ] ::1 /index.php/Home/Index/index
ERR: 1054:Unknown column 'zt' in 'where clause'
 [ SQL语句 ] : SELECT * FROM `user` WHERE ( user_name='zt' and user_password=md5(zt) ) LIMIT 1  

[ 2016-11-23T15:57:43+08:00 ] ::1 /index.php/Home/Goods/cart.php
ERR: 非法操作:cart.php

[ 2016-11-23T15:58:02+08:00 ] ::1 /index.php/Home/Goods/cart.php
ERR: 非法操作:cart.php

[ 2016-11-23T15:58:29+08:00 ] ::1 /index.php/Home/Goods/cart/good_id/cart.php
ERR: 1054:Unknown column 'cart.php' in 'where clause'
 [ SQL语句 ] : SELECT * FROM `cart` WHERE ( ct_good_id=cart.php ) LIMIT 1  

[ 2016-11-23T15:59:38+08:00 ] ::1 /index.php/Home/Goods/cart/good_id/cart.php
ERR: 1054:Unknown column 'cart.php' in 'where clause'
 [ SQL语句 ] : SELECT * FROM `cart` WHERE ( ct_good_id=cart.php ) LIMIT 1  

[ 2016-11-23T16:10:00+08:00 ] ::1 /index.php/Home/Goods/cart/act/add
ERR: Think\Model:quert方法不存在！

[ 2016-11-23T16:10:08+08:00 ] ::1 /index.php/Home/Goods/cart/act/add
ERR: :
 [ SQL语句 ] : update cart set ct_buy_count=5 where ct_good_id=9

[ 2016-11-23T16:10:34+08:00 ] ::1 /index.php/Home/Goods/cart/act/add
ERR: :
 [ SQL语句 ] : update cart set ct_buy_count=5 where ct_good_id=9

[ 2016-11-23T16:13:26+08:00 ] ::1 /index.php/Home/Goods/cart/act/add
ERR: :
 [ SQL语句 ] : update cart set ct_buy_count=3 where ct_good_id=9

[ 2016-11-23T16:32:27+08:00 ] ::1 /index.php/Home/Goods/cart/good_id/2
ERR: 1064:You have an error in your SQL syntax; check the manual that corresponds to your MySQL server version for the right syntax to use near '' at line 1
 [ SQL语句 ] : delete from cart where ct_good_id=

[ 2016-11-23T16:32:54+08:00 ] ::1 /index.php/Home/Goods/cart/act
ERR: 1064:You have an error in your SQL syntax; check the manual that corresponds to your MySQL server version for the right syntax to use near '' at line 1
 [ SQL语句 ] : delete from cart where ct_good_id=

[ 2016-11-23T16:34:02+08:00 ] ::1 /index.php/Home/Goods/cart/act
ERR: 1064:You have an error in your SQL syntax; check the manual that corresponds to your MySQL server version for the right syntax to use near '' at line 1
 [ SQL语句 ] : delete from cart where ct_good_id=

[ 2016-11-23T16:34:03+08:00 ] ::1 /index.php/Home/Goods/cart/act
ERR: 1064:You have an error in your SQL syntax; check the manual that corresponds to your MySQL server version for the right syntax to use near '' at line 1
 [ SQL语句 ] : delete from cart where ct_good_id=

[ 2016-11-23T16:34:04+08:00 ] ::1 /index.php/Home/Goods/cart/act
ERR: 1064:You have an error in your SQL syntax; check the manual that corresponds to your MySQL server version for the right syntax to use near '' at line 1
 [ SQL语句 ] : delete from cart where ct_good_id=

[ 2016-11-23T16:36:59+08:00 ] ::1 /index.php/Home/Goods/cart/good_id/1
ERR: 1064:You have an error in your SQL syntax; check the manual that corresponds to your MySQL server version for the right syntax to use near '' at line 1
 [ SQL语句 ] : delete from cart where ct_good_id=

