[ 2016-11-15T08:33:05+08:00 ] ::1 /index.php/Home/Index/register.html?PHPSESSID=7fnp06n3edbea9bufeclr884b0
ERR: 非法操作:register.html

[ 2016-11-15T08:33:15+08:00 ] ::1 /index.php/Home/Index/register.html
ERR: 非法操作:register.html

[ 2016-11-15T08:33:24+08:00 ] ::1 /index.php/Home/User/register.html
ERR: 非法操作:register.html

[ 2016-11-15T10:04:09+08:00 ] ::1 /index.php/Goods/index.html
ERR: 非法操作:index.html

[ 2016-11-15T10:32:40+08:00 ] ::1 /index.php/
ERR: Think\Model:catch方法不存在！

[ 2016-11-15T16:09:27+08:00 ] ::1 /index.php/Home/Goods/goodsinfo.du/good_id/1
ERR: 非法操作:goodsinfo.du

[ 2016-11-15T16:19:10+08:00 ] ::1 /index.php/Home/Goods/goodsinfo/good_id/goodslist.html
ERR: 1054:Unknown column 'goodslist.html' in 'where clause'
 [ SQL语句 ] : SELECT * FROM `goods` WHERE ( gd_id=goodslist.html ) LIMIT 1  

[ 2016-11-15T16:26:38+08:00 ] ::1 /index.php/Home/Goods/goodsinfo/good_id/cart.html
ERR: 1054:Unknown column 'cart.html' in 'where clause'
 [ SQL语句 ] : SELECT * FROM `goods` WHERE ( gd_id=cart.html ) LIMIT 1  

[ 2016-11-15T17:28:01+08:00 ] ::1 /index.php/Home/Goods/cart/act/add
ERR: 参数错误或者未定义:add

