[ 2016-12-08T14:02:03+08:00 ] ::1 /index.php
INFO: [ app_init ] --START--
INFO: Run Behavior\BuildLiteBehavior [ RunTime:0.000021s ]
INFO: [ app_init ] --END-- [ RunTime:0.023456s ]

[ 2016-12-08T14:02:15+08:00 ] ::1 /index.php/Home/User/userInfo?PHPSESSID=2n25tcs1emfl1ocfgk82h66bu0
INFO: [ app_init ] --START--
INFO: Run Behavior\BuildLiteBehavior [ RunTime:0.000011s ]
INFO: [ app_init ] --END-- [ RunTime:0.000304s ]

[ 2016-12-08T14:02:28+08:00 ] ::1 /index.php/Home/Index/index
INFO: [ app_init ] --START--
INFO: Run Behavior\BuildLiteBehavior [ RunTime:0.000012s ]
INFO: [ app_init ] --END-- [ RunTime:0.000312s ]

[ 2016-12-08T14:02:30+08:00 ] ::1 /index.php/Home/User/userInfo?PHPSESSID=2n25tcs1emfl1ocfgk82h66bu0
INFO: [ app_init ] --START--
INFO: Run Behavior\BuildLiteBehavior [ RunTime:0.000013s ]
INFO: [ app_init ] --END-- [ RunTime:0.000311s ]

[ 2016-12-08T14:02:54+08:00 ] ::1 /index.php/Home/Index/logout.du
INFO: [ app_init ] --START--
INFO: Run Behavior\BuildLiteBehavior [ RunTime:0.000013s ]
INFO: [ app_init ] --END-- [ RunTime:0.000402s ]

[ 2016-12-08T14:02:55+08:00 ] ::1 /index.php/Home/Index/index
INFO: [ app_init ] --START--
INFO: Run Behavior\BuildLiteBehavior [ RunTime:0.000012s ]
INFO: [ app_init ] --END-- [ RunTime:0.000369s ]

[ 2016-12-08T14:02:55+08:00 ] ::1 /index.php/Home/Index/image/foot.gif
INFO: [ app_init ] --START--
INFO: Run Behavior\BuildLiteBehavior [ RunTime:0.000014s ]
INFO: [ app_init ] --END-- [ RunTime:0.000372s ]

[ 2016-12-08T14:49:15+08:00 ] ::1 /index.php/
INFO: [ app_init ] --START--
INFO: Run Behavior\BuildLiteBehavior [ RunTime:0.000021s ]
INFO: [ app_init ] --END-- [ RunTime:0.000488s ]

[ 2016-12-08T14:49:15+08:00 ] ::1 /index.php/image/foot.gif
INFO: [ app_init ] --START--
INFO: Run Behavior\BuildLiteBehavior [ RunTime:0.000017s ]
INFO: [ app_init ] --END-- [ RunTime:0.000425s ]

[ 2016-12-08T14:49:15+08:00 ] ::1 /index.php/image/foot.gif
INFO: [ app_init ] --START--
INFO: Run Behavior\BuildLiteBehavior [ RunTime:0.000017s ]
INFO: [ app_init ] --END-- [ RunTime:0.000389s ]

[ 2016-12-08T14:49:20+08:00 ] ::1 /index.php/Home/Index/index
INFO: [ app_init ] --START--
INFO: Run Behavior\BuildLiteBehavior [ RunTime:0.000016s ]
INFO: [ app_init ] --END-- [ RunTime:0.000414s ]

[ 2016-12-08T14:49:21+08:00 ] ::1 /index.php/Home/User/userInfo
INFO: [ app_init ] --START--
INFO: Run Behavior\BuildLiteBehavior [ RunTime:0.000011s ]
INFO: [ app_init ] --END-- [ RunTime:0.000294s ]

[ 2016-12-08T14:49:55+08:00 ] ::1 /index.php/Home/User/userInfo
INFO: [ app_init ] --START--
INFO: Run Behavior\BuildLiteBehavior [ RunTime:0.000011s ]
INFO: [ app_init ] --END-- [ RunTime:0.000282s ]

[ 2016-12-08T14:50:06+08:00 ] ::1 /index.php/Home/User/userInfo
INFO: [ app_init ] --START--
INFO: Run Behavior\BuildLiteBehavior [ RunTime:0.000012s ]
INFO: [ app_init ] --END-- [ RunTime:0.000285s ]

[ 2016-12-08T14:50:50+08:00 ] ::1 /index.php
INFO: [ app_init ] --START--
INFO: Run Behavior\BuildLiteBehavior [ RunTime:0.000023s ]
INFO: [ app_init ] --END-- [ RunTime:0.000502s ]

[ 2016-12-08T14:50:51+08:00 ] ::1 /index.php/Home/User/userInfo?PHPSESSID=57t1dla74eheceq895vk8or9r7
INFO: [ app_init ] --START--
INFO: Run Behavior\BuildLiteBehavior [ RunTime:0.000017s ]
INFO: [ app_init ] --END-- [ RunTime:0.000347s ]

[ 2016-12-08T14:50:59+08:00 ] ::1 /index.php/Home/Index/index
INFO: [ app_init ] --START--
INFO: Run Behavior\BuildLiteBehavior [ RunTime:0.000014s ]
INFO: [ app_init ] --END-- [ RunTime:0.000542s ]

[ 2016-12-08T14:51:00+08:00 ] ::1 /index.php/Home/Goods/favorite?PHPSESSID=57t1dla74eheceq895vk8or9r7
INFO: [ app_init ] --START--
INFO: Run Behavior\BuildLiteBehavior [ RunTime:0.000013s ]
INFO: [ app_init ] --END-- [ RunTime:0.000350s ]

[ 2016-12-08T14:51:01+08:00 ] ::1 /index.php/Home/User/userInfo
INFO: [ app_init ] --START--
INFO: Run Behavior\BuildLiteBehavior [ RunTime:0.000015s ]
INFO: [ app_init ] --END-- [ RunTime:0.000507s ]

[ 2016-12-08T14:58:22+08:00 ] ::1 /index.php/Home/User/userInfo
INFO: [ app_init ] --START--
INFO: Run Behavior\BuildLiteBehavior [ RunTime:0.000019s ]
INFO: [ app_init ] --END-- [ RunTime:0.000488s ]

[ 2016-12-08T14:58:28+08:00 ] ::1 /index.php/Home/User/userInfo
INFO: [ app_init ] --START--
INFO: Run Behavior\BuildLiteBehavior [ RunTime:0.000019s ]
INFO: [ app_init ] --END-- [ RunTime:0.000486s ]

[ 2016-12-08T14:58:42+08:00 ] ::1 /index.php/Home/User/userInfo
INFO: [ app_init ] --START--
INFO: Run Behavior\BuildLiteBehavior [ RunTime:0.000016s ]
INFO: [ app_init ] --END-- [ RunTime:0.000609s ]

[ 2016-12-08T14:58:51+08:00 ] ::1 /index.php/Home/User/userInfo
INFO: [ app_init ] --START--
INFO: Run Behavior\BuildLiteBehavior [ RunTime:0.000020s ]
INFO: [ app_init ] --END-- [ RunTime:0.000605s ]

[ 2016-12-08T15:11:00+08:00 ] ::1 /index.php
INFO: [ app_init ] --START--
INFO: Run Behavior\BuildLiteBehavior [ RunTime:0.000021s ]
INFO: [ app_init ] --END-- [ RunTime:0.000482s ]

[ 2016-12-08T15:35:08+08:00 ] ::1 /index.php/Home/User/userInfo
INFO: [ app_init ] --START--
INFO: Run Behavior\BuildLiteBehavior [ RunTime:0.000025s ]
INFO: [ app_init ] --END-- [ RunTime:0.000701s ]
ERR: Syntax Error in template "E:/xampp/htdocs/Home/View\User\userInfo.html"  on line 144 "&lt;li&gt;&lt;a href=&quot;{$smarty.const__ACTION__}&quot; target=&quot;a&quot;&gt;a&lt;/a&gt;&lt;/li&gt;" $smarty.const__ACTION__ is invalid

[ 2016-12-08T15:35:40+08:00 ] ::1 /index.php/Home/User/userInfo
INFO: [ app_init ] --START--
INFO: Run Behavior\BuildLiteBehavior [ RunTime:0.000011s ]
INFO: [ app_init ] --END-- [ RunTime:0.000329s ]
ERR: Syntax Error in template "E:/xampp/htdocs/Home/View\User\userInfo.html"  on line 144 "&lt;li&gt;&lt;a href=&quot;{$smarty.const__ACTION__}&quot; target=&quot;a&quot;&gt;a&lt;/a&gt;&lt;/li&gt;" $smarty.const__ACTION__ is invalid

[ 2016-12-08T15:36:12+08:00 ] ::1 /index.php/Home/User/userInfo
INFO: [ app_init ] --START--
INFO: Run Behavior\BuildLiteBehavior [ RunTime:0.000017s ]
INFO: [ app_init ] --END-- [ RunTime:0.000502s ]
ERR: Syntax Error in template "E:/xampp/htdocs/Home/View\User\userInfo.html"  on line 144 "&lt;li&gt;&lt;a href=&quot;{$smarty.const__CTROLLER__}/register&quot; target=&quot;a&quot;&gt;a&lt;/a&gt;&lt;/li&gt;" $smarty.const__CTROLLER__ is invalid

[ 2016-12-08T15:36:13+08:00 ] ::1 /index.php/Home/User/userInfo
INFO: [ app_init ] --START--
INFO: Run Behavior\BuildLiteBehavior [ RunTime:0.000022s ]
INFO: [ app_init ] --END-- [ RunTime:0.000673s ]
ERR: Syntax Error in template "E:/xampp/htdocs/Home/View\User\userInfo.html"  on line 144 "&lt;li&gt;&lt;a href=&quot;{$smarty.const__CTROLLER__}/register&quot; target=&quot;a&quot;&gt;a&lt;/a&gt;&lt;/li&gt;" $smarty.const__CTROLLER__ is invalid

[ 2016-12-08T15:36:25+08:00 ] ::1 /index.php/Home/User/userInfo
INFO: [ app_init ] --START--
INFO: Run Behavior\BuildLiteBehavior [ RunTime:0.000013s ]
INFO: [ app_init ] --END-- [ RunTime:0.000363s ]

[ 2016-12-08T15:36:28+08:00 ] ::1 /index.php/Home/User/__CTROLLER__/register
INFO: [ app_init ] --START--
INFO: Run Behavior\BuildLiteBehavior [ RunTime:0.000014s ]
INFO: [ app_init ] --END-- [ RunTime:0.000350s ]
ERR: 非法操作:__CTROLLER__

[ 2016-12-08T15:36:44+08:00 ] ::1 /index.php/Home/User/userInfo
INFO: [ app_init ] --START--
INFO: Run Behavior\BuildLiteBehavior [ RunTime:0.000011s ]
INFO: [ app_init ] --END-- [ RunTime:0.000259s ]

[ 2016-12-08T15:36:44+08:00 ] ::1 /index.php/Home/User/__CTROLLER__/register
INFO: [ app_init ] --START--
INFO: Run Behavior\BuildLiteBehavior [ RunTime:0.000016s ]
INFO: [ app_init ] --END-- [ RunTime:0.000608s ]
ERR: 非法操作:__CTROLLER__

[ 2016-12-08T15:36:47+08:00 ] ::1 /index.php/Home/User/register
INFO: [ app_init ] --START--
INFO: Run Behavior\BuildLiteBehavior [ RunTime:0.000017s ]
INFO: [ app_init ] --END-- [ RunTime:0.000468s ]

[ 2016-12-08T15:37:18+08:00 ] ::1 /index.php/Home/User/userInfo
INFO: [ app_init ] --START--
INFO: Run Behavior\BuildLiteBehavior [ RunTime:0.000011s ]
INFO: [ app_init ] --END-- [ RunTime:0.000289s ]

[ 2016-12-08T15:37:19+08:00 ] ::1 /index.php/Home/User/register
INFO: [ app_init ] --START--
INFO: Run Behavior\BuildLiteBehavior [ RunTime:0.000017s ]
INFO: [ app_init ] --END-- [ RunTime:0.000427s ]

[ 2016-12-08T15:37:37+08:00 ] ::1 /index.php/Home/User/userInfo
INFO: [ app_init ] --START--
INFO: Run Behavior\BuildLiteBehavior [ RunTime:0.000023s ]
INFO: [ app_init ] --END-- [ RunTime:0.000479s ]

[ 2016-12-08T15:37:37+08:00 ] ::1 /index.php/Home/User/register
INFO: [ app_init ] --START--
INFO: Run Behavior\BuildLiteBehavior [ RunTime:0.000013s ]
INFO: [ app_init ] --END-- [ RunTime:0.000337s ]

[ 2016-12-08T15:37:47+08:00 ] ::1 /index.php/Home/User/userInfo
INFO: [ app_init ] --START--
INFO: Run Behavior\BuildLiteBehavior [ RunTime:0.000015s ]
INFO: [ app_init ] --END-- [ RunTime:0.000488s ]

[ 2016-12-08T15:37:48+08:00 ] ::1 /index.php/Home/User/register
INFO: [ app_init ] --START--
INFO: Run Behavior\BuildLiteBehavior [ RunTime:0.000041s ]
INFO: [ app_init ] --END-- [ RunTime:0.000862s ]

[ 2016-12-08T15:38:41+08:00 ] ::1 /index.php/Home/User/userInfo
INFO: [ app_init ] --START--
INFO: Run Behavior\BuildLiteBehavior [ RunTime:0.000020s ]
INFO: [ app_init ] --END-- [ RunTime:0.000551s ]

[ 2016-12-08T15:38:43+08:00 ] ::1 /index.php/Home/User/userInfo
INFO: [ app_init ] --START--
INFO: Run Behavior\BuildLiteBehavior [ RunTime:0.000012s ]
INFO: [ app_init ] --END-- [ RunTime:0.000308s ]

[ 2016-12-08T15:38:44+08:00 ] ::1 /index.php/Home/User/register
INFO: [ app_init ] --START--
INFO: Run Behavior\BuildLiteBehavior [ RunTime:0.000014s ]
INFO: [ app_init ] --END-- [ RunTime:0.000445s ]

[ 2016-12-08T15:38:45+08:00 ] ::1 /index.php/Home/User/userInfo
INFO: [ app_init ] --START--
INFO: Run Behavior\BuildLiteBehavior [ RunTime:0.000016s ]
INFO: [ app_init ] --END-- [ RunTime:0.000397s ]

[ 2016-12-08T15:38:47+08:00 ] ::1 /index.php/Home/User/register
INFO: [ app_init ] --START--
INFO: Run Behavior\BuildLiteBehavior [ RunTime:0.000019s ]
INFO: [ app_init ] --END-- [ RunTime:0.000462s ]

[ 2016-12-08T15:38:50+08:00 ] ::1 /index.php/Home/User/userInfo
INFO: [ app_init ] --START--
INFO: Run Behavior\BuildLiteBehavior [ RunTime:0.000028s ]
INFO: [ app_init ] --END-- [ RunTime:0.000600s ]

[ 2016-12-08T15:38:54+08:00 ] ::1 /index.php/Home/User/userInfo
INFO: [ app_init ] --START--
INFO: Run Behavior\BuildLiteBehavior [ RunTime:0.000022s ]
INFO: [ app_init ] --END-- [ RunTime:0.000509s ]

[ 2016-12-08T15:38:59+08:00 ] ::1 /index.php/Home/User/register
INFO: [ app_init ] --START--
INFO: Run Behavior\BuildLiteBehavior [ RunTime:0.000013s ]
INFO: [ app_init ] --END-- [ RunTime:0.000342s ]

[ 2016-12-08T15:47:45+08:00 ] ::1 /index.php/Home/User/userInfo
INFO: [ app_init ] --START--
INFO: Run Behavior\BuildLiteBehavior [ RunTime:0.000018s ]
INFO: [ app_init ] --END-- [ RunTime:0.000356s ]

[ 2016-12-08T15:48:02+08:00 ] ::1 /index.php/Home/User/userInfo
INFO: [ app_init ] --START--
INFO: Run Behavior\BuildLiteBehavior [ RunTime:0.000014s ]
INFO: [ app_init ] --END-- [ RunTime:0.000350s ]

[ 2016-12-08T15:48:13+08:00 ] ::1 /index.php/Home/User/register
INFO: [ app_init ] --START--
INFO: Run Behavior\BuildLiteBehavior [ RunTime:0.000016s ]
INFO: [ app_init ] --END-- [ RunTime:0.000449s ]

[ 2016-12-08T15:48:44+08:00 ] ::1 /index.php/Home/User/userInfo
INFO: [ app_init ] --START--
INFO: Run Behavior\BuildLiteBehavior [ RunTime:0.000011s ]
INFO: [ app_init ] --END-- [ RunTime:0.000250s ]

[ 2016-12-08T15:48:51+08:00 ] ::1 /index.php/Home/User/userInfo
INFO: [ app_init ] --START--
INFO: Run Behavior\BuildLiteBehavior [ RunTime:0.000018s ]
INFO: [ app_init ] --END-- [ RunTime:0.000543s ]

[ 2016-12-08T15:50:26+08:00 ] ::1 /index.php/Home/User/userInfo
INFO: [ app_init ] --START--
INFO: Run Behavior\BuildLiteBehavior [ RunTime:0.000015s ]
INFO: [ app_init ] --END-- [ RunTime:0.000444s ]

[ 2016-12-08T15:50:44+08:00 ] ::1 /index.php/Home/User/userInfo
INFO: [ app_init ] --START--
INFO: Run Behavior\BuildLiteBehavior [ RunTime:0.000015s ]
INFO: [ app_init ] --END-- [ RunTime:0.000439s ]

[ 2016-12-08T15:51:13+08:00 ] ::1 /index.php/Home/User/userInfo
INFO: [ app_init ] --START--
INFO: Run Behavior\BuildLiteBehavior [ RunTime:0.000012s ]
INFO: [ app_init ] --END-- [ RunTime:0.000299s ]

[ 2016-12-08T15:52:24+08:00 ] ::1 /index.php/Home/User/userInfo
INFO: [ app_init ] --START--
INFO: Run Behavior\BuildLiteBehavior [ RunTime:0.000015s ]
INFO: [ app_init ] --END-- [ RunTime:0.000385s ]

[ 2016-12-08T15:53:03+08:00 ] ::1 /index.php/Home/User/userInfo
INFO: [ app_init ] --START--
INFO: Run Behavior\BuildLiteBehavior [ RunTime:0.000012s ]
INFO: [ app_init ] --END-- [ RunTime:0.000326s ]

[ 2016-12-08T15:53:23+08:00 ] ::1 /index.php/Home/User/userInfo
INFO: [ app_init ] --START--
INFO: Run Behavior\BuildLiteBehavior [ RunTime:0.000019s ]
INFO: [ app_init ] --END-- [ RunTime:0.000650s ]

[ 2016-12-08T15:53:41+08:00 ] ::1 /index.php/Home/User/userInfo
INFO: [ app_init ] --START--
INFO: Run Behavior\BuildLiteBehavior [ RunTime:0.000016s ]
INFO: [ app_init ] --END-- [ RunTime:0.000492s ]

[ 2016-12-08T15:53:53+08:00 ] ::1 /index.php/Home/User/userInfo
INFO: [ app_init ] --START--
INFO: Run Behavior\BuildLiteBehavior [ RunTime:0.000011s ]
INFO: [ app_init ] --END-- [ RunTime:0.000296s ]

[ 2016-12-08T15:54:16+08:00 ] ::1 /index.php/Home/User/userInfo
INFO: [ app_init ] --START--
INFO: Run Behavior\BuildLiteBehavior [ RunTime:0.000055s ]
INFO: [ app_init ] --END-- [ RunTime:0.001821s ]

[ 2016-12-08T15:54:19+08:00 ] ::1 /index.php/Home/User/userInfo
INFO: [ app_init ] --START--
INFO: Run Behavior\BuildLiteBehavior [ RunTime:0.000011s ]
INFO: [ app_init ] --END-- [ RunTime:0.000407s ]

[ 2016-12-08T15:54:19+08:00 ] ::1 /index.php/Home/User/userInfo
INFO: [ app_init ] --START--
INFO: Run Behavior\BuildLiteBehavior [ RunTime:0.000014s ]
INFO: [ app_init ] --END-- [ RunTime:0.000335s ]

[ 2016-12-08T15:54:21+08:00 ] ::1 /index.php/Home/User/register
INFO: [ app_init ] --START--
INFO: Run Behavior\BuildLiteBehavior [ RunTime:0.000012s ]
INFO: [ app_init ] --END-- [ RunTime:0.000315s ]

[ 2016-12-08T15:54:59+08:00 ] ::1 /index.php/Home/User/userInfo
INFO: [ app_init ] --START--
INFO: Run Behavior\BuildLiteBehavior [ RunTime:0.000014s ]
INFO: [ app_init ] --END-- [ RunTime:0.000329s ]

[ 2016-12-08T15:55:56+08:00 ] ::1 /index.php/Home/User/userInfo
INFO: [ app_init ] --START--
INFO: Run Behavior\BuildLiteBehavior [ RunTime:0.000012s ]
INFO: [ app_init ] --END-- [ RunTime:0.000276s ]

[ 2016-12-08T15:58:47+08:00 ] ::1 /index.php/Home/User/userInfo
INFO: [ app_init ] --START--
INFO: Run Behavior\BuildLiteBehavior [ RunTime:0.000012s ]
INFO: [ app_init ] --END-- [ RunTime:0.000325s ]

[ 2016-12-08T15:58:49+08:00 ] ::1 /index.php/Home/User/userInfo
INFO: [ app_init ] --START--
INFO: Run Behavior\BuildLiteBehavior [ RunTime:0.000014s ]
INFO: [ app_init ] --END-- [ RunTime:0.000393s ]

[ 2016-12-08T15:59:26+08:00 ] ::1 /index.php/Home/User/userInfo
INFO: [ app_init ] --START--
INFO: Run Behavior\BuildLiteBehavior [ RunTime:0.000015s ]
INFO: [ app_init ] --END-- [ RunTime:0.000362s ]

[ 2016-12-08T16:00:14+08:00 ] ::1 /index.php/Home/User/userInfo
INFO: [ app_init ] --START--
INFO: Run Behavior\BuildLiteBehavior [ RunTime:0.000013s ]
INFO: [ app_init ] --END-- [ RunTime:0.000315s ]

[ 2016-12-08T16:00:27+08:00 ] ::1 /index.php/Home/User/userInfo
INFO: [ app_init ] --START--
INFO: Run Behavior\BuildLiteBehavior [ RunTime:0.000016s ]
INFO: [ app_init ] --END-- [ RunTime:0.000376s ]

[ 2016-12-08T16:01:37+08:00 ] ::1 /index.php/Home/User/userInfo
INFO: [ app_init ] --START--
INFO: Run Behavior\BuildLiteBehavior [ RunTime:0.000011s ]
INFO: [ app_init ] --END-- [ RunTime:0.000395s ]

[ 2016-12-08T16:02:22+08:00 ] ::1 /index.php/Home/User/userInfo
INFO: [ app_init ] --START--
INFO: Run Behavior\BuildLiteBehavior [ RunTime:0.000018s ]
INFO: [ app_init ] --END-- [ RunTime:0.000466s ]

[ 2016-12-08T16:02:22+08:00 ] ::1 /index.php/Home/User/userInfo
INFO: [ app_init ] --START--
INFO: Run Behavior\BuildLiteBehavior [ RunTime:0.000020s ]
INFO: [ app_init ] --END-- [ RunTime:0.000618s ]

[ 2016-12-08T16:02:48+08:00 ] ::1 /index.php/Home/User/userInfo
INFO: [ app_init ] --START--
INFO: Run Behavior\BuildLiteBehavior [ RunTime:0.000013s ]
INFO: [ app_init ] --END-- [ RunTime:0.000323s ]

[ 2016-12-08T16:02:58+08:00 ] ::1 /index.php/Home/User/userInfo
INFO: [ app_init ] --START--
INFO: Run Behavior\BuildLiteBehavior [ RunTime:0.000012s ]
INFO: [ app_init ] --END-- [ RunTime:0.000268s ]

[ 2016-12-08T16:03:13+08:00 ] ::1 /index.php/Home/User/userInfo
INFO: [ app_init ] --START--
INFO: Run Behavior\BuildLiteBehavior [ RunTime:0.000014s ]
INFO: [ app_init ] --END-- [ RunTime:0.000354s ]

[ 2016-12-08T16:03:28+08:00 ] ::1 /index.php/Home/User/userInfo
INFO: [ app_init ] --START--
INFO: Run Behavior\BuildLiteBehavior [ RunTime:0.000018s ]
INFO: [ app_init ] --END-- [ RunTime:0.000442s ]

[ 2016-12-08T16:12:52+08:00 ] ::1 /index.php/Home/User/userInfo
INFO: [ app_init ] --START--
INFO: Run Behavior\BuildLiteBehavior [ RunTime:0.000012s ]
INFO: [ app_init ] --END-- [ RunTime:0.000312s ]

[ 2016-12-08T16:13:01+08:00 ] ::1 /index.php/Home/User/userInfo
INFO: [ app_init ] --START--
INFO: Run Behavior\BuildLiteBehavior [ RunTime:0.000013s ]
INFO: [ app_init ] --END-- [ RunTime:0.000335s ]

[ 2016-12-08T16:14:11+08:00 ] ::1 /index.php/Home/User/userInfo
INFO: [ app_init ] --START--
INFO: Run Behavior\BuildLiteBehavior [ RunTime:0.000017s ]
INFO: [ app_init ] --END-- [ RunTime:0.000533s ]

[ 2016-12-08T16:14:48+08:00 ] ::1 /index.php/Home/User/userInfo
INFO: [ app_init ] --START--
INFO: Run Behavior\BuildLiteBehavior [ RunTime:0.000014s ]
INFO: [ app_init ] --END-- [ RunTime:0.000381s ]

[ 2016-12-08T16:14:54+08:00 ] ::1 /index.php/Home/User/userInfo
INFO: [ app_init ] --START--
INFO: Run Behavior\BuildLiteBehavior [ RunTime:0.000014s ]
INFO: [ app_init ] --END-- [ RunTime:0.000350s ]

[ 2016-12-08T16:16:21+08:00 ] ::1 /index.php/Home/User/userInfo
INFO: [ app_init ] --START--
INFO: Run Behavior\BuildLiteBehavior [ RunTime:0.000014s ]
INFO: [ app_init ] --END-- [ RunTime:0.000425s ]

[ 2016-12-08T16:17:06+08:00 ] ::1 /index.php/Home/User/userInfo
INFO: [ app_init ] --START--
INFO: Run Behavior\BuildLiteBehavior [ RunTime:0.000013s ]
INFO: [ app_init ] --END-- [ RunTime:0.000398s ]

[ 2016-12-08T16:17:19+08:00 ] ::1 /index.php/Home/User/userInfo
INFO: [ app_init ] --START--
INFO: Run Behavior\BuildLiteBehavior [ RunTime:0.000010s ]
INFO: [ app_init ] --END-- [ RunTime:0.000286s ]

[ 2016-12-08T16:18:21+08:00 ] ::1 /index.php/Home/User/userInfo
INFO: [ app_init ] --START--
INFO: Run Behavior\BuildLiteBehavior [ RunTime:0.000018s ]
INFO: [ app_init ] --END-- [ RunTime:0.000452s ]

[ 2016-12-08T16:18:29+08:00 ] ::1 /index.php/Home/User/userInfo
INFO: [ app_init ] --START--
INFO: Run Behavior\BuildLiteBehavior [ RunTime:0.000018s ]
INFO: [ app_init ] --END-- [ RunTime:0.000446s ]

[ 2016-12-08T16:18:42+08:00 ] ::1 /index.php/Home/User/userInfo
INFO: [ app_init ] --START--
INFO: Run Behavior\BuildLiteBehavior [ RunTime:0.000022s ]
INFO: [ app_init ] --END-- [ RunTime:0.000621s ]

[ 2016-12-08T16:19:01+08:00 ] ::1 /index.php/Home/User/userInfo
INFO: [ app_init ] --START--
INFO: Run Behavior\BuildLiteBehavior [ RunTime:0.000012s ]
INFO: [ app_init ] --END-- [ RunTime:0.000303s ]

[ 2016-12-08T16:22:45+08:00 ] ::1 /index.php/Home/User/userInfo
INFO: [ app_init ] --START--
INFO: Run Behavior\BuildLiteBehavior [ RunTime:0.000014s ]
INFO: [ app_init ] --END-- [ RunTime:0.000502s ]

[ 2016-12-08T16:23:05+08:00 ] ::1 /index.php/Home/User/userInfo
INFO: [ app_init ] --START--
INFO: Run Behavior\BuildLiteBehavior [ RunTime:0.000019s ]
INFO: [ app_init ] --END-- [ RunTime:0.000465s ]

[ 2016-12-08T16:23:14+08:00 ] ::1 /index.php/Home/User/userInfo
INFO: [ app_init ] --START--
INFO: Run Behavior\BuildLiteBehavior [ RunTime:0.000020s ]
INFO: [ app_init ] --END-- [ RunTime:0.000551s ]

[ 2016-12-08T16:23:35+08:00 ] ::1 /index.php/Home/User/userInfo
INFO: [ app_init ] --START--
INFO: Run Behavior\BuildLiteBehavior [ RunTime:0.000011s ]
INFO: [ app_init ] --END-- [ RunTime:0.000280s ]

[ 2016-12-08T16:23:40+08:00 ] ::1 /index.php/Home/User/userInfo
INFO: [ app_init ] --START--
INFO: Run Behavior\BuildLiteBehavior [ RunTime:0.000011s ]
INFO: [ app_init ] --END-- [ RunTime:0.000282s ]

[ 2016-12-08T16:23:59+08:00 ] ::1 /index.php/Home/User/userInfo
INFO: [ app_init ] --START--
INFO: Run Behavior\BuildLiteBehavior [ RunTime:0.000023s ]
INFO: [ app_init ] --END-- [ RunTime:0.000770s ]

[ 2016-12-08T16:24:10+08:00 ] ::1 /index.php/Home/User/userInfo
INFO: [ app_init ] --START--
INFO: Run Behavior\BuildLiteBehavior [ RunTime:0.000018s ]
INFO: [ app_init ] --END-- [ RunTime:0.000426s ]

[ 2016-12-08T16:25:27+08:00 ] ::1 /index.php/Home/User/userInfo
INFO: [ app_init ] --START--
INFO: Run Behavior\BuildLiteBehavior [ RunTime:0.000021s ]
INFO: [ app_init ] --END-- [ RunTime:0.000557s ]

[ 2016-12-08T16:25:57+08:00 ] ::1 /index.php/Home/User/userInfo
INFO: [ app_init ] --START--
INFO: Run Behavior\BuildLiteBehavior [ RunTime:0.000012s ]
INFO: [ app_init ] --END-- [ RunTime:0.000366s ]

[ 2016-12-08T16:26:10+08:00 ] ::1 /index.php/Home/User/userInfo
INFO: [ app_init ] --START--
INFO: Run Behavior\BuildLiteBehavior [ RunTime:0.000016s ]
INFO: [ app_init ] --END-- [ RunTime:0.000479s ]

[ 2016-12-08T16:26:15+08:00 ] ::1 /index.php/Home/User/userInfo
INFO: [ app_init ] --START--
INFO: Run Behavior\BuildLiteBehavior [ RunTime:0.000011s ]
INFO: [ app_init ] --END-- [ RunTime:0.000273s ]

[ 2016-12-08T16:26:22+08:00 ] ::1 /index.php/Home/User/userInfo
INFO: [ app_init ] --START--
INFO: Run Behavior\BuildLiteBehavior [ RunTime:0.000011s ]
INFO: [ app_init ] --END-- [ RunTime:0.000305s ]

[ 2016-12-08T16:26:26+08:00 ] ::1 /index.php/Home/User/userInfo
INFO: [ app_init ] --START--
INFO: Run Behavior\BuildLiteBehavior [ RunTime:0.000019s ]
INFO: [ app_init ] --END-- [ RunTime:0.000544s ]

[ 2016-12-08T16:26:31+08:00 ] ::1 /index.php/Home/User/userInfo
INFO: [ app_init ] --START--
INFO: Run Behavior\BuildLiteBehavior [ RunTime:0.000010s ]
INFO: [ app_init ] --END-- [ RunTime:0.000243s ]

[ 2016-12-08T16:26:37+08:00 ] ::1 /index.php/Home/User/userInfo
INFO: [ app_init ] --START--
INFO: Run Behavior\BuildLiteBehavior [ RunTime:0.000016s ]
INFO: [ app_init ] --END-- [ RunTime:0.000389s ]

[ 2016-12-08T16:26:52+08:00 ] ::1 /index.php/Home/User/userInfo
INFO: [ app_init ] --START--
INFO: Run Behavior\BuildLiteBehavior [ RunTime:0.000017s ]
INFO: [ app_init ] --END-- [ RunTime:0.000489s ]

[ 2016-12-08T16:27:00+08:00 ] ::1 /index.php/Home/User/userInfo
INFO: [ app_init ] --START--
INFO: Run Behavior\BuildLiteBehavior [ RunTime:0.000012s ]
INFO: [ app_init ] --END-- [ RunTime:0.000369s ]

[ 2016-12-08T16:27:20+08:00 ] ::1 /index.php/Home/User/userInfo
INFO: [ app_init ] --START--
INFO: Run Behavior\BuildLiteBehavior [ RunTime:0.000012s ]
INFO: [ app_init ] --END-- [ RunTime:0.000392s ]

[ 2016-12-08T16:27:30+08:00 ] ::1 /index.php/Home/User/userInfo
INFO: [ app_init ] --START--
INFO: Run Behavior\BuildLiteBehavior [ RunTime:0.000013s ]
INFO: [ app_init ] --END-- [ RunTime:0.000395s ]

[ 2016-12-08T16:27:56+08:00 ] ::1 /index.php/Home/User/userInfo
INFO: [ app_init ] --START--
INFO: Run Behavior\BuildLiteBehavior [ RunTime:0.000016s ]
INFO: [ app_init ] --END-- [ RunTime:0.000460s ]

[ 2016-12-08T16:27:58+08:00 ] ::1 /index.php/Home/User/register
INFO: [ app_init ] --START--
INFO: Run Behavior\BuildLiteBehavior [ RunTime:0.000010s ]
INFO: [ app_init ] --END-- [ RunTime:0.000265s ]

[ 2016-12-08T16:28:25+08:00 ] ::1 /index.php/Home/User/userInfo
INFO: [ app_init ] --START--
INFO: Run Behavior\BuildLiteBehavior [ RunTime:0.000010s ]
INFO: [ app_init ] --END-- [ RunTime:0.000278s ]

[ 2016-12-08T16:28:27+08:00 ] ::1 /index.php/Home/User/register
INFO: [ app_init ] --START--
INFO: Run Behavior\BuildLiteBehavior [ RunTime:0.000012s ]
INFO: [ app_init ] --END-- [ RunTime:0.000297s ]

[ 2016-12-08T16:28:34+08:00 ] ::1 /index.php/Home/User/userInfo
INFO: [ app_init ] --START--
INFO: Run Behavior\BuildLiteBehavior [ RunTime:0.000023s ]
INFO: [ app_init ] --END-- [ RunTime:0.000640s ]

[ 2016-12-08T16:28:36+08:00 ] ::1 /index.php/Home/User/register
INFO: [ app_init ] --START--
INFO: Run Behavior\BuildLiteBehavior [ RunTime:0.000010s ]
INFO: [ app_init ] --END-- [ RunTime:0.000264s ]

[ 2016-12-08T16:28:43+08:00 ] ::1 /index.php/Home/User/userInfo
INFO: [ app_init ] --START--
INFO: Run Behavior\BuildLiteBehavior [ RunTime:0.000011s ]
INFO: [ app_init ] --END-- [ RunTime:0.000256s ]

[ 2016-12-08T16:28:44+08:00 ] ::1 /index.php/Home/User/register
INFO: [ app_init ] --START--
INFO: Run Behavior\BuildLiteBehavior [ RunTime:0.000012s ]
INFO: [ app_init ] --END-- [ RunTime:0.000275s ]

