[ 2016-11-16T14:48:35+08:00 ] ::1 /index.php/Home/Index/logout.du
ERR: Think\Controller:_session方法不存在！

[ 2016-11-16T14:49:26+08:00 ] ::1 /index.php/Home/Index/logout.du
ERR: Think\Controller:_session方法不存在！

[ 2016-11-16T14:49:50+08:00 ] ::1 /index.php/Home/Index/logout.du
ERR: Think\Controller:_get方法不存在！

[ 2016-11-16T14:56:25+08:00 ] ::1 /index.php/Home/Index/logout.du
ERR: Think\Controller:session方法不存在！

[ 2016-11-16T14:57:25+08:00 ] ::1 /index.php/Home/Index/logout.du
ERR: Think\Controller:session方法不存在！

[ 2016-11-16T14:57:35+08:00 ] ::1 /index.php/Home/Index/logout.du
ERR: Think\Controller:_session方法不存在！

[ 2016-11-16T14:57:41+08:00 ] ::1 /index.php/Home/Index/logout.du
ERR: Think\Controller:_post方法不存在！

[ 2016-11-16T14:57:44+08:00 ] ::1 /index.php/Home/Index/logout.du
ERR: Think\Controller:_post方法不存在！

[ 2016-11-16T14:57:51+08:00 ] ::1 /index.php/Home/Index/logout.du
ERR: Think\Controller:post方法不存在！

[ 2016-11-16T15:33:38+08:00 ] ::1 /index.php/Home/User/index.html
ERR: 非法操作:index.html

[ 2016-11-16T15:36:14+08:00 ] ::1 /index.php/Home/Goods/cart
ERR: 参数错误或者未定义:act

[ 2016-11-16T15:36:25+08:00 ] ::1 /index.php/Home/Goods/cart
ERR: 参数错误或者未定义:act

[ 2016-11-16T15:36:45+08:00 ] ::1 /index.php/Home/Goods/cart
ERR: 参数错误或者未定义:act

[ 2016-11-16T16:00:56+08:00 ] ::1 /index.php/Home/Goods/cart/act/add
ERR: 1048:Column 'ct_good_id' cannot be null
 [ SQL语句 ] : INSERT INTO `cart` (`ct_id`,`ct_user_id`,`ct_good_id`,`ct_buy_count`) VALUES (NULL,'1',NULL,'1')

[ 2016-11-16T16:01:40+08:00 ] ::1 /index.php/Home/Goods/cart/act/add
ERR: 1048:Column 'ct_good_id' cannot be null
 [ SQL语句 ] : INSERT INTO `cart` (`ct_id`,`ct_user_id`,`ct_good_id`,`ct_buy_count`) VALUES (NULL,'1',NULL,'2')

[ 2016-11-16T17:30:10+08:00 ] ::1 /index.php/Home/Goods/cart/act/show
ERR: Syntax Error in template "E:/xampp/htdocs/Home/View\Goods\cart.html"  on line 207 "&lt;td scope=&quot;col&quot;&gt;{$v['gd_num]'}&lt;/td&gt;"  - Unexpected "}"

