[ 2016-11-08T10:55:49+08:00 ] ::1 /index.php/Home/Index/index.php
ERR: 非法操作:index.php

[ 2016-11-08T11:02:41+08:00 ] ::1 /index.php/Home/Index/css/bootstrap.min.css
ERR: 非法操作:css

[ 2016-11-08T11:02:41+08:00 ] ::1 /index.php/Home/Index/css/style.css
ERR: 非法操作:css

[ 2016-11-08T11:02:41+08:00 ] ::1 /index.php/Home/Index/css/my.css
ERR: 非法操作:css

[ 2016-11-08T11:02:41+08:00 ] ::1 /index.php/Home/Index/font-awesome/css/font-awesome.min.css
ERR: 非法操作:font-awesome

[ 2016-11-08T11:02:41+08:00 ] ::1 /index.php/Home/Index/js/jquery-2.1.1.js
ERR: 非法操作:js

[ 2016-11-08T11:02:41+08:00 ] ::1 /index.php/Home/Index/js/bootstrap.min.js
ERR: 非法操作:js

[ 2016-11-08T11:02:41+08:00 ] ::1 /index.php/Home/Index/fonts/font-slider.css
ERR: 非法操作:fonts

[ 2016-11-08T11:02:41+08:00 ] ::1 /index.php/Home/Index/js/index.js
ERR: 非法操作:js

[ 2016-11-08T11:02:41+08:00 ] ::1 /index.php/Home/Index/js/bootstrap.min.js
ERR: 非法操作:js

[ 2016-11-08T11:02:41+08:00 ] ::1 /index.php/Home/Index/js/index.js
ERR: 非法操作:js

[ 2016-11-08T11:03:24+08:00 ] ::1 /index.php/Home/Index/css/style.css
ERR: 非法操作:css

[ 2016-11-08T11:03:24+08:00 ] ::1 /index.php/Home/Index/css/my.css
ERR: 非法操作:css

[ 2016-11-08T11:03:24+08:00 ] ::1 /index.php/Home/Index/fonts/font-slider.css
ERR: 非法操作:fonts

[ 2016-11-08T11:03:24+08:00 ] ::1 /index.php/Home/Index/js/jquery-2.1.1.js
ERR: 非法操作:js

[ 2016-11-08T11:03:24+08:00 ] ::1 /index.php/Home/Index/font-awesome/css/font-awesome.min.css
ERR: 非法操作:font-awesome

[ 2016-11-08T11:03:24+08:00 ] ::1 /index.php/Home/Index/js/index.js
ERR: 非法操作:js

[ 2016-11-08T11:03:24+08:00 ] ::1 /index.php/Home/Index/js/bootstrap.min.js
ERR: 非法操作:js

[ 2016-11-08T11:03:24+08:00 ] ::1 /index.php/Home/Index/js/bootstrap.min.js
ERR: 非法操作:js

[ 2016-11-08T11:03:24+08:00 ] ::1 /index.php/Home/Index/js/index.js
ERR: 非法操作:js

[ 2016-11-08T11:03:56+08:00 ] ::1 /index.php/Home/Index/font-awesome/css/font-awesome.min.css
ERR: 非法操作:font-awesome

[ 2016-11-08T11:03:56+08:00 ] ::1 /index.php/Home/Index/fonts/font-slider.css
ERR: 非法操作:fonts

[ 2016-11-08T11:03:56+08:00 ] ::1 /index.php/Home/Index/js/jquery-2.1.1.js
ERR: 非法操作:js

[ 2016-11-08T11:03:56+08:00 ] ::1 /index.php/Home/Index/js/bootstrap.min.js
ERR: 非法操作:js

[ 2016-11-08T11:03:56+08:00 ] ::1 /index.php/Home/Index/js/index.js
ERR: 非法操作:js

[ 2016-11-08T11:03:56+08:00 ] ::1 /index.php/Home/Index/js/bootstrap.min.js
ERR: 非法操作:js

[ 2016-11-08T11:03:56+08:00 ] ::1 /index.php/Home/Index/js/index.js
ERR: 非法操作:js

[ 2016-11-08T11:04:18+08:00 ] ::1 /index.php/Home/Index/font-awesome/css/font-awesome.min.css
ERR: 非法操作:font-awesome

[ 2016-11-08T11:04:18+08:00 ] ::1 /index.php/Home/Index/fonts/font-slider.css
ERR: 非法操作:fonts

[ 2016-11-08T11:33:16+08:00 ] ::1 /index.php/Home/User/css/style.css
ERR: 非法操作:css

[ 2016-11-08T11:33:16+08:00 ] ::1 /index.php/Home/User/css/bootstrap.min.css
ERR: 非法操作:css

[ 2016-11-08T11:33:16+08:00 ] ::1 /index.php/Home/User/css/my.css
ERR: 非法操作:css

[ 2016-11-08T11:33:16+08:00 ] ::1 /index.php/Home/User/font-awesome/css/font-awesome.min.css
ERR: 非法操作:font-awesome

[ 2016-11-08T11:33:16+08:00 ] ::1 /index.php/Home/User/js/bootstrap.min.js
ERR: 非法操作:js

[ 2016-11-08T11:33:16+08:00 ] ::1 /index.php/Home/User/js/jquery-2.1.1.js
ERR: 非法操作:js

[ 2016-11-08T11:33:16+08:00 ] ::1 /index.php/Home/User/fonts/font-slider.css
ERR: 非法操作:fonts

[ 2016-11-08T11:33:16+08:00 ] ::1 /index.php/Home/User/js/register.js
ERR: 非法操作:js

[ 2016-11-08T11:33:16+08:00 ] ::1 /index.php/Home/User/js/bootstrap.min.js
ERR: 非法操作:js

[ 2016-11-08T11:33:16+08:00 ] ::1 /index.php/Home/User/js/index.js
ERR: 非法操作:js

[ 2016-11-08T11:33:16+08:00 ] ::1 /index.php/Home/User/js/register.js
ERR: 非法操作:js

[ 2016-11-08T11:34:32+08:00 ] ::1 /index.php/Home/User/fonts/font-slider.css
ERR: 非法操作:fonts

[ 2016-11-08T11:34:32+08:00 ] ::1 /index.php/Home/User/js/register.js
ERR: 非法操作:js

[ 2016-11-08T11:34:32+08:00 ] ::1 /index.php/Home/User/js/index.js
ERR: 非法操作:js

[ 2016-11-08T11:34:32+08:00 ] ::1 /index.php/Home/User/js/bootstrap.min.js
ERR: 非法操作:js

[ 2016-11-08T11:34:32+08:00 ] ::1 /index.php/Home/User/font-awesome/css/font-awesome.min.css
ERR: 非法操作:font-awesome

[ 2016-11-08T11:34:32+08:00 ] ::1 /index.php/Home/User/js/jquery-2.1.1.js
ERR: 非法操作:js

[ 2016-11-08T11:34:33+08:00 ] ::1 /index.php/Home/User/js/bootstrap.min.js
ERR: 非法操作:js

[ 2016-11-08T11:34:33+08:00 ] ::1 /index.php/Home/User/js/index.js
ERR: 非法操作:js

[ 2016-11-08T11:34:33+08:00 ] ::1 /index.php/Home/User/js/register.js
ERR: 非法操作:js

[ 2016-11-08T11:35:52+08:00 ] ::1 /index.php/Home/User/index.html
ERR: 非法操作:index.html

[ 2016-11-08T14:32:27+08:00 ] ::1 /index.php/Home/Goods/css/bootstrap.min.css
ERR: 非法操作:css

[ 2016-11-08T14:32:27+08:00 ] ::1 /index.php/Home/Goods/css/my.css
ERR: 非法操作:css

[ 2016-11-08T14:32:27+08:00 ] ::1 /index.php/Home/Goods/css/style.css
ERR: 非法操作:css

[ 2016-11-08T14:32:27+08:00 ] ::1 /index.php/Home/Goods/fonts/font-slider.css
ERR: 非法操作:fonts

[ 2016-11-08T14:32:27+08:00 ] ::1 /index.php/Home/Goods/font-awesome/css/font-awesome.min.css
ERR: 非法操作:font-awesome

[ 2016-11-08T14:32:27+08:00 ] ::1 /index.php/Home/Goods/js/jquery-2.1.1.js
ERR: 非法操作:js

[ 2016-11-08T14:32:27+08:00 ] ::1 /index.php/Home/Goods/js/bootstrap.min.js
ERR: 非法操作:js

[ 2016-11-08T14:32:27+08:00 ] ::1 /index.php/Home/Goods/js/index.js
ERR: 非法操作:js

[ 2016-11-08T14:33:09+08:00 ] ::1 /index.php/Home/Goods/js/bootstrap.min.js
ERR: 非法操作:js

[ 2016-11-08T14:33:09+08:00 ] ::1 /index.php/Home/Goods/js/jquery-2.1.1.js
ERR: 非法操作:js

[ 2016-11-08T14:33:09+08:00 ] ::1 /index.php/Home/Goods/js/index.js
ERR: 非法操作:js

[ 2016-11-08T14:33:09+08:00 ] ::1 /index.php/Home/Goods/fonts/font-slider.css
ERR: 非法操作:fonts

[ 2016-11-08T14:33:09+08:00 ] ::1 /index.php/Home/Goods/font-awesome/css/font-awesome.min.css
ERR: 非法操作:font-awesome

[ 2016-11-08T14:33:09+08:00 ] ::1 /index.php/Home/Goods/js/bootstrap.min.js
ERR: 非法操作:js

[ 2016-11-08T14:33:09+08:00 ] ::1 /index.php/Home/Goods/js/index.js
ERR: 非法操作:js

[ 2016-11-08T14:35:13+08:00 ] ::1 /index.php/Home/Goods/css/bootstrap.min.css
ERR: 非法操作:css

[ 2016-11-08T14:35:14+08:00 ] ::1 /index.php/Home/Goods/css/style.css
ERR: 非法操作:css

[ 2016-11-08T14:35:14+08:00 ] ::1 /index.php/Home/Goods/js/jquery-2.1.1.js
ERR: 非法操作:js

[ 2016-11-08T14:35:14+08:00 ] ::1 /index.php/Home/Goods/css/my.css
ERR: 非法操作:css

[ 2016-11-08T14:35:14+08:00 ] ::1 /index.php/Home/Goods/js/bootstrap.min.js
ERR: 非法操作:js

[ 2016-11-08T14:35:14+08:00 ] ::1 /index.php/Home/Goods/js/index.js
ERR: 非法操作:js

[ 2016-11-08T14:35:14+08:00 ] ::1 /index.php/Home/Goods/fonts/font-slider.css
ERR: 非法操作:fonts

[ 2016-11-08T14:35:14+08:00 ] ::1 /index.php/Home/Goods/font-awesome/css/font-awesome.min.css
ERR: 非法操作:font-awesome

[ 2016-11-08T14:41:17+08:00 ] ::1 /index.php/Home/Goods/conract
ERR: 非法操作:conract

[ 2016-11-08T14:41:27+08:00 ] ::1 /index.php/Home/Goods/map.html
ERR: 非法操作:map.html

[ 2016-11-08T14:43:06+08:00 ] ::1 /index.php/Home/Goods/map.html
ERR: 非法操作:map.html

[ 2016-11-08T14:43:08+08:00 ] ::1 /index.php/Home/Goods/map.html
ERR: 非法操作:map.html

[ 2016-11-08T14:44:58+08:00 ] ::1 /index.php/Home/Goods/map.html
ERR: 非法操作:map.html

[ 2016-11-08T14:45:06+08:00 ] ::1 /index.php/Home/Goods/map.html
ERR: 非法操作:map.html

[ 2016-11-08T14:51:43+08:00 ] ::1 /index.php/Home/User/address
ERR: 非法操作:address

[ 2016-11-08T14:52:00+08:00 ] ::1 /index.php/Home/Goods/map.html
ERR: 非法操作:map.html

[ 2016-11-08T14:53:43+08:00 ] ::1 /index.php/Home/Goods/favoite
ERR: 非法操作:favoite

[ 2016-11-08T14:53:49+08:00 ] ::1 /index.php/Home/Goods/css/bootstrap.min.css
ERR: 非法操作:css

[ 2016-11-08T14:53:49+08:00 ] ::1 /index.php/Home/Goods/font-awesome/css/font-awesome.min.css
ERR: 非法操作:font-awesome

[ 2016-11-08T14:53:49+08:00 ] ::1 /index.php/Home/Goods/css/my.css
ERR: 非法操作:css

[ 2016-11-08T14:53:49+08:00 ] ::1 /index.php/Home/Goods/js/bootstrap.min.js
ERR: 非法操作:js

[ 2016-11-08T14:53:49+08:00 ] ::1 /index.php/Home/Goods/js/index.js
ERR: 非法操作:js

[ 2016-11-08T14:53:49+08:00 ] ::1 /index.php/Home/Goods/js/jquery-2.1.1.js
ERR: 非法操作:js

[ 2016-11-08T14:53:49+08:00 ] ::1 /index.php/Home/Goods/css/style.css
ERR: 非法操作:css

[ 2016-11-08T14:53:49+08:00 ] ::1 /index.php/Home/Goods/fonts/font-slider.css
ERR: 非法操作:fonts

[ 2016-11-08T14:53:49+08:00 ] ::1 /index.php/Home/Goods/js/bootstrap.min.js
ERR: 非法操作:js

[ 2016-11-08T14:53:49+08:00 ] ::1 /index.php/Home/Goods/js/index.js
ERR: 非法操作:js

[ 2016-11-08T16:02:59+08:00 ] ::1 /index.php/Home/Goods/index.html
ERR: 非法操作:index.html

[ 2016-11-08T16:08:15+08:00 ] ::1 /index.php/Home/Index/register.html
ERR: 非法操作:register.html

[ 2016-11-08T17:49:50+08:00 ] ::1 /index.php/Home/Index/index
ERR: 1054:Unknown column 'dxy' in 'where clause'
 [ SQL语句 ] : SELECT * FROM `user` WHERE ( user_name=dxy ) 

[ 2016-11-08T18:05:56+08:00 ] ::1 /index.php/Home/Index/index
ERR: Unable to load template file 'tdocs\ThinkPHP/Tpl/dispatch_jump.tpl'

[ 2016-11-08T18:06:49+08:00 ] ::1 /index.php/Home/Index/index
ERR: Unable to load template file 'tdocs\ThinkPHP/Tpl/dispatch_jump.tpl'

[ 2016-11-08T18:08:43+08:00 ] ::1 /index.php/Home/Index/index
ERR: Unable to load template file 'tdocs\ThinkPHP/Tpl/dispatch_jump.tpl'

[ 2016-11-08T18:10:10+08:00 ] ::1 /index.php/Home/Index/index
ERR: Unable to load template file 'tdocs\ThinkPHP/Tpl/dispatch_jump.tpl'

[ 2016-11-08T18:12:59+08:00 ] ::1 /index.php/Home/Index/index
ERR: Unable to load template file 'tdocs\ThinkPHP/Tpl/dispatch_jump.tpl'

[ 2016-11-08T18:13:07+08:00 ] ::1 /index.php/Home/Index/index
ERR: 1054:Unknown column 'W' in 'where clause'
 [ SQL语句 ] : select * from user where user_name='W' and user_password=md5(W)

[ 2016-11-08T18:15:06+08:00 ] ::1 /index.php/Home/Index/index
ERR: Unable to load template file 'tdocs\ThinkPHP/Tpl/dispatch_jump.tpl'

[ 2016-11-08T18:21:50+08:00 ] ::1 /index.php/Home/Index/index
ERR: Unable to load template file 'tdocs\ThinkPHP/Tpl/dispatch_jump.tpl'

[ 2016-11-08T18:22:07+08:00 ] ::1 /index.php/Home/Index/index
ERR: Unable to load template file 'tdocs\ThinkPHP/Tpl/dispatch_jump.tpl'

[ 2016-11-08T18:23:23+08:00 ] ::1 /index.php/Home/Index/index
ERR: 模板不存在:E:/xampp/htdocs/Home/View/Index/__ACTION__.html

[ 2016-11-08T18:47:09+08:00 ] ::1 /index.php/Home/Index/index
ERR: Syntax Error in template "E:/xampp/htdocs/Home/View\Index\index.html"  on line 72 "document.getElementById(&quot;aaa&quot;).onclick = function(){alert(1)}" unknown function "alert"

[ 2016-11-08T19:06:14+08:00 ] ::1 /index.php/Home/Index/index
ERR: 1582:Incorrect parameter count in the call to native function 'md5'
 [ SQL语句 ] : select * from user where user_name='' and user_password=md5()

[ 2016-11-08T19:06:15+08:00 ] ::1 /index.php/Home/Index/index
ERR: 1582:Incorrect parameter count in the call to native function 'md5'
 [ SQL语句 ] : select * from user where user_name='' and user_password=md5()

[ 2016-11-08T19:06:15+08:00 ] ::1 /index.php/Home/Index/index
ERR: 1582:Incorrect parameter count in the call to native function 'md5'
 [ SQL语句 ] : select * from user where user_name='' and user_password=md5()

[ 2016-11-08T19:06:29+08:00 ] ::1 /index.php/Home/Index/index
ERR: 1582:Incorrect parameter count in the call to native function 'md5'
 [ SQL语句 ] : select * from user where user_name='' and user_password=md5()

[ 2016-11-08T19:06:30+08:00 ] ::1 /index.php/Home/Index/index
ERR: 1582:Incorrect parameter count in the call to native function 'md5'
 [ SQL语句 ] : select * from user where user_name='' and user_password=md5()

[ 2016-11-08T19:06:31+08:00 ] ::1 /index.php/Home/Index/index
ERR: 1582:Incorrect parameter count in the call to native function 'md5'
 [ SQL语句 ] : select * from user where user_name='' and user_password=md5()

[ 2016-11-08T19:06:32+08:00 ] ::1 /index.php/Home/Index/index
ERR: 1582:Incorrect parameter count in the call to native function 'md5'
 [ SQL语句 ] : select * from user where user_name='' and user_password=md5()

[ 2016-11-08T19:07:09+08:00 ] ::1 /index.php/Home/Index/index
ERR: 1582:Incorrect parameter count in the call to native function 'md5'
 [ SQL语句 ] : select * from user where user_name='' and user_password=md5()

[ 2016-11-08T19:07:19+08:00 ] ::1 /index.php/Home/Index/index
ERR: 1582:Incorrect parameter count in the call to native function 'md5'
 [ SQL语句 ] : select * from user where user_name='' and user_password=md5()

[ 2016-11-08T19:07:19+08:00 ] ::1 /index.php/Home/Index/index
ERR: 1582:Incorrect parameter count in the call to native function 'md5'
 [ SQL语句 ] : select * from user where user_name='' and user_password=md5()

[ 2016-11-08T19:07:19+08:00 ] ::1 /index.php/Home/Index/index
ERR: 1582:Incorrect parameter count in the call to native function 'md5'
 [ SQL语句 ] : select * from user where user_name='' and user_password=md5()

[ 2016-11-08T19:07:20+08:00 ] ::1 /index.php/Home/Index/index
ERR: 1582:Incorrect parameter count in the call to native function 'md5'
 [ SQL语句 ] : select * from user where user_name='' and user_password=md5()

[ 2016-11-08T19:07:20+08:00 ] ::1 /index.php/Home/Index/index
ERR: 1582:Incorrect parameter count in the call to native function 'md5'
 [ SQL语句 ] : select * from user where user_name='' and user_password=md5()

[ 2016-11-08T19:07:20+08:00 ] ::1 /index.php/Home/Index/index
ERR: 1582:Incorrect parameter count in the call to native function 'md5'
 [ SQL语句 ] : select * from user where user_name='' and user_password=md5()

[ 2016-11-08T19:07:20+08:00 ] ::1 /index.php/Home/Index/index
ERR: 1582:Incorrect parameter count in the call to native function 'md5'
 [ SQL语句 ] : select * from user where user_name='' and user_password=md5()

[ 2016-11-08T19:07:20+08:00 ] ::1 /index.php/Home/Index/index
ERR: 1582:Incorrect parameter count in the call to native function 'md5'
 [ SQL语句 ] : select * from user where user_name='' and user_password=md5()

[ 2016-11-08T19:07:21+08:00 ] ::1 /index.php/Home/Index/index
ERR: 1582:Incorrect parameter count in the call to native function 'md5'
 [ SQL语句 ] : select * from user where user_name='' and user_password=md5()

[ 2016-11-08T19:07:21+08:00 ] ::1 /index.php/Home/Index/index
ERR: 1582:Incorrect parameter count in the call to native function 'md5'
 [ SQL语句 ] : select * from user where user_name='' and user_password=md5()

[ 2016-11-08T19:07:21+08:00 ] ::1 /index.php/Home/Index/index
ERR: 1582:Incorrect parameter count in the call to native function 'md5'
 [ SQL语句 ] : select * from user where user_name='' and user_password=md5()

[ 2016-11-08T19:07:21+08:00 ] ::1 /index.php/Home/Index/index
ERR: 1582:Incorrect parameter count in the call to native function 'md5'
 [ SQL语句 ] : select * from user where user_name='' and user_password=md5()

[ 2016-11-08T19:07:41+08:00 ] ::1 /index.php/Home/Index/index
ERR: 1582:Incorrect parameter count in the call to native function 'md5'
 [ SQL语句 ] : select * from user where user_name='' and user_password=md5()

[ 2016-11-08T19:07:42+08:00 ] ::1 /index.php/Home/Index/index
ERR: 1582:Incorrect parameter count in the call to native function 'md5'
 [ SQL语句 ] : select * from user where user_name='' and user_password=md5()

[ 2016-11-08T19:07:43+08:00 ] ::1 /index.php/Home/Index/index
ERR: 1582:Incorrect parameter count in the call to native function 'md5'
 [ SQL语句 ] : select * from user where user_name='' and user_password=md5()

[ 2016-11-08T19:07:43+08:00 ] ::1 /index.php/Home/Index/index
ERR: 1582:Incorrect parameter count in the call to native function 'md5'
 [ SQL语句 ] : select * from user where user_name='' and user_password=md5()

[ 2016-11-08T19:07:43+08:00 ] ::1 /index.php/Home/Index/index
ERR: 1582:Incorrect parameter count in the call to native function 'md5'
 [ SQL语句 ] : select * from user where user_name='' and user_password=md5()

[ 2016-11-08T19:07:43+08:00 ] ::1 /index.php/Home/Index/index
ERR: 1582:Incorrect parameter count in the call to native function 'md5'
 [ SQL语句 ] : select * from user where user_name='' and user_password=md5()

[ 2016-11-08T19:07:43+08:00 ] ::1 /index.php/Home/Index/index
ERR: 1582:Incorrect parameter count in the call to native function 'md5'
 [ SQL语句 ] : select * from user where user_name='' and user_password=md5()

[ 2016-11-08T19:07:45+08:00 ] ::1 /index.php/Home/Index/index
ERR: 1582:Incorrect parameter count in the call to native function 'md5'
 [ SQL语句 ] : select * from user where user_name='' and user_password=md5()

[ 2016-11-08T19:07:46+08:00 ] ::1 /index.php/Home/Index/index
ERR: 1582:Incorrect parameter count in the call to native function 'md5'
 [ SQL语句 ] : select * from user where user_name='' and user_password=md5()

[ 2016-11-08T19:07:46+08:00 ] ::1 /index.php/Home/Index/index
ERR: 1582:Incorrect parameter count in the call to native function 'md5'
 [ SQL语句 ] : select * from user where user_name='' and user_password=md5()

[ 2016-11-08T19:07:46+08:00 ] ::1 /index.php/Home/Index/index
ERR: 1582:Incorrect parameter count in the call to native function 'md5'
 [ SQL语句 ] : select * from user where user_name='' and user_password=md5()

[ 2016-11-08T19:07:57+08:00 ] ::1 /index.php/Home/Index/index
ERR: 1582:Incorrect parameter count in the call to native function 'md5'
 [ SQL语句 ] : select * from user where user_name='' and user_password=md5()

[ 2016-11-08T19:07:58+08:00 ] ::1 /index.php/Home/Index/index
ERR: 1582:Incorrect parameter count in the call to native function 'md5'
 [ SQL语句 ] : select * from user where user_name='' and user_password=md5()

[ 2016-11-08T19:07:58+08:00 ] ::1 /index.php/Home/Index/index
ERR: 1582:Incorrect parameter count in the call to native function 'md5'
 [ SQL语句 ] : select * from user where user_name='' and user_password=md5()

[ 2016-11-08T19:09:45+08:00 ] ::1 /index.php/Home/Index/index
ERR: 1582:Incorrect parameter count in the call to native function 'md5'
 [ SQL语句 ] : select * from user where user_name='' and user_password=md5()

[ 2016-11-08T19:11:04+08:00 ] ::1 /index.php/Home/Index/index
ERR: 1582:Incorrect parameter count in the call to native function 'md5'
 [ SQL语句 ] : select * from user where user_name='' and user_password=md5()

[ 2016-11-08T19:11:12+08:00 ] ::1 /index.php/Home/Index/index
ERR: 1582:Incorrect parameter count in the call to native function 'md5'
 [ SQL语句 ] : select * from user where user_name='' and user_password=md5()

[ 2016-11-08T19:11:27+08:00 ] ::1 /index.php/Home/Index/index
ERR: 1582:Incorrect parameter count in the call to native function 'md5'
 [ SQL语句 ] : select * from user where user_name='' and user_password=md5()

[ 2016-11-08T19:11:28+08:00 ] ::1 /index.php/Home/Index/index
ERR: 1582:Incorrect parameter count in the call to native function 'md5'
 [ SQL语句 ] : select * from user where user_name='' and user_password=md5()

[ 2016-11-08T19:11:29+08:00 ] ::1 /index.php/Home/Index/index
ERR: 1582:Incorrect parameter count in the call to native function 'md5'
 [ SQL语句 ] : select * from user where user_name='' and user_password=md5()

[ 2016-11-08T19:12:47+08:00 ] ::1 /index.php/Home/Index/category.html
ERR: 非法操作:category.html

[ 2016-11-08T19:25:56+08:00 ] ::1 /index.php/Home/Index/index
ERR: 1582:Incorrect parameter count in the call to native function 'md5'
 [ SQL语句 ] : select * from user where user_name='' and user_password=md5()

[ 2016-11-08T19:26:06+08:00 ] ::1 /index.php/Home/Index/index
ERR: 1582:Incorrect parameter count in the call to native function 'md5'
 [ SQL语句 ] : select * from user where user_name='' and user_password=md5()

[ 2016-11-08T19:26:21+08:00 ] ::1 /index.php/Home/Index/index
ERR: 1582:Incorrect parameter count in the call to native function 'md5'
 [ SQL语句 ] : select * from user where user_name='' and user_password=md5()

[ 2016-11-08T19:26:31+08:00 ] ::1 /index.php/Home/Index/index
ERR: 1582:Incorrect parameter count in the call to native function 'md5'
 [ SQL语句 ] : select * from user where user_name='' and user_password=md5()

[ 2016-11-08T19:26:33+08:00 ] ::1 /index.php/Home/Index/index
ERR: 1582:Incorrect parameter count in the call to native function 'md5'
 [ SQL语句 ] : select * from user where user_name='' and user_password=md5()

[ 2016-11-08T19:26:33+08:00 ] ::1 /index.php/Home/Index/index
ERR: 1582:Incorrect parameter count in the call to native function 'md5'
 [ SQL语句 ] : select * from user where user_name='' and user_password=md5()

[ 2016-11-08T19:26:33+08:00 ] ::1 /index.php/Home/Index/index
ERR: 1582:Incorrect parameter count in the call to native function 'md5'
 [ SQL语句 ] : select * from user where user_name='' and user_password=md5()

[ 2016-11-08T19:26:34+08:00 ] ::1 /index.php/Home/Index/index
ERR: 1582:Incorrect parameter count in the call to native function 'md5'
 [ SQL语句 ] : select * from user where user_name='' and user_password=md5()

[ 2016-11-08T19:40:09+08:00 ] ::1 /index.php/Home/Index/index
ERR: 1582:Incorrect parameter count in the call to native function 'md5'
 [ SQL语句 ] : select * from user where user_name='' and user_password=md5()

[ 2016-11-08T19:40:18+08:00 ] ::1 /index.php/Home/Index/index
ERR: 1582:Incorrect parameter count in the call to native function 'md5'
 [ SQL语句 ] : select * from user where user_name='' and user_password=md5()

[ 2016-11-08T19:40:27+08:00 ] ::1 /index.php/Home/Index/index
ERR: 1582:Incorrect parameter count in the call to native function 'md5'
 [ SQL语句 ] : select * from user where user_name='' and user_password=md5()

[ 2016-11-08T19:40:28+08:00 ] ::1 /index.php/Home/Index/index
ERR: 1582:Incorrect parameter count in the call to native function 'md5'
 [ SQL语句 ] : select * from user where user_name='' and user_password=md5()

[ 2016-11-08T19:49:44+08:00 ] ::1 /index.php/Home/Index/category.html
ERR: 非法操作:category.html

[ 2016-11-08T19:49:49+08:00 ] ::1 /index.php/Home/Index/index
ERR: 1582:Incorrect parameter count in the call to native function 'md5'
 [ SQL语句 ] : select * from user where user_name='' and user_password=md5()

[ 2016-11-08T19:49:51+08:00 ] ::1 /index.php/Home/Index/index
ERR: 1582:Incorrect parameter count in the call to native function 'md5'
 [ SQL语句 ] : select * from user where user_name='' and user_password=md5()

[ 2016-11-08T19:50:11+08:00 ] ::1 /index.php/Home/Index/index
ERR: 1582:Incorrect parameter count in the call to native function 'md5'
 [ SQL语句 ] : SELECT * FROM `user` WHERE ( user_name='' and user_password=md5() ) 

[ 2016-11-08T19:50:12+08:00 ] ::1 /index.php/Home/Index/index
ERR: 1582:Incorrect parameter count in the call to native function 'md5'
 [ SQL语句 ] : SELECT * FROM `user` WHERE ( user_name='' and user_password=md5() ) 

[ 2016-11-08T21:39:39+08:00 ] ::1 /index.php/Home/Index/index
ERR: 1146:Table 'cntx.index' doesn't exist
 [ SQL语句 ] : SHOW COLUMNS FROM `index`

[ 2016-11-08T21:41:02+08:00 ] ::1 /index.php/Home/Index/index
ERR: 1146:Table 'cntx.index' doesn't exist
 [ SQL语句 ] : SHOW COLUMNS FROM `index`

[ 2016-11-08T21:41:02+08:00 ] ::1 /index.php/Home/Index/index
ERR: 1146:Table 'cntx.index' doesn't exist
 [ SQL语句 ] : SHOW COLUMNS FROM `index`

[ 2016-11-08T21:41:03+08:00 ] ::1 /index.php/Home/Index/index
ERR: 1146:Table 'cntx.index' doesn't exist
 [ SQL语句 ] : SHOW COLUMNS FROM `index`

[ 2016-11-08T21:41:03+08:00 ] ::1 /index.php/Home/Index/index
ERR: 1146:Table 'cntx.index' doesn't exist
 [ SQL语句 ] : SHOW COLUMNS FROM `index`

[ 2016-11-08T21:41:03+08:00 ] ::1 /index.php/Home/Index/index
ERR: 1146:Table 'cntx.index' doesn't exist
 [ SQL语句 ] : SHOW COLUMNS FROM `index`

[ 2016-11-08T21:41:03+08:00 ] ::1 /index.php/Home/Index/index
ERR: 1146:Table 'cntx.index' doesn't exist
 [ SQL语句 ] : SHOW COLUMNS FROM `index`

[ 2016-11-08T21:52:32+08:00 ] ::1 /index.php/Home/Index/index
ERR: 1582:Incorrect parameter count in the call to native function 'md5'
 [ SQL语句 ] : SELECT * FROM `user` WHERE ( user_name='' and user_password=md5() ) 

[ 2016-11-08T21:52:47+08:00 ] ::1 /index.php/Home/Index/index
ERR: 1582:Incorrect parameter count in the call to native function 'md5'
 [ SQL语句 ] : SELECT * FROM `user` WHERE ( user_name='' and user_password=md5() ) 

[ 2016-11-08T21:52:51+08:00 ] ::1 /index.php/Home/Index/index
ERR: 1582:Incorrect parameter count in the call to native function 'md5'
 [ SQL语句 ] : SELECT * FROM `user` WHERE ( user_name='' and user_password=md5() ) 

[ 2016-11-08T22:02:15+08:00 ] ::1 /index.php/Home/Index/index
ERR: 1582:Incorrect parameter count in the call to native function 'md5'
 [ SQL语句 ] : SELECT * FROM `user` WHERE ( user_name='' and user_password=md5() ) 

[ 2016-11-08T22:02:44+08:00 ] ::1 /index.php/Home/Index/index
ERR: 1582:Incorrect parameter count in the call to native function 'md5'
 [ SQL语句 ] : SELECT * FROM `user` WHERE ( user_name='' and user_password=md5() ) 

