[ 2016-11-28T14:21:04+08:00 ] ::1 /index.php/Home/User/register/username/2
ERR: 1054:Unknown column 'username' in 'where clause'
 [ SQL语句 ] : SELECT * FROM `user` WHERE ( username='2' ) LIMIT 1  

[ 2016-11-28T14:21:06+08:00 ] ::1 /index.php/Home/User/register/username/2
ERR: 1054:Unknown column 'username' in 'where clause'
 [ SQL语句 ] : SELECT * FROM `user` WHERE ( username='2' ) LIMIT 1  

[ 2016-11-28T14:21:07+08:00 ] ::1 /index.php/Home/User/register/username/2
ERR: 1054:Unknown column 'username' in 'where clause'
 [ SQL语句 ] : SELECT * FROM `user` WHERE ( username='2' ) LIMIT 1  

[ 2016-11-28T14:21:18+08:00 ] ::1 /index.php/Home/User/register/username/ls
ERR: 1054:Unknown column 'username' in 'where clause'
 [ SQL语句 ] : SELECT * FROM `user` WHERE ( username='ls' ) LIMIT 1  

[ 2016-11-28T14:21:19+08:00 ] ::1 /index.php/Home/User/register/username/ls
ERR: 1054:Unknown column 'username' in 'where clause'
 [ SQL语句 ] : SELECT * FROM `user` WHERE ( username='ls' ) LIMIT 1  

[ 2016-11-28T14:21:22+08:00 ] ::1 /index.php/Home/User/register/username/dxy
ERR: 1054:Unknown column 'username' in 'where clause'
 [ SQL语句 ] : SELECT * FROM `user` WHERE ( username='dxy' ) LIMIT 1  

[ 2016-11-28T14:21:59+08:00 ] ::1 /index.php/Home/User/register/username/22
ERR: 1054:Unknown column 'username' in 'where clause'
 [ SQL语句 ] : SELECT * FROM `user` WHERE ( username='22' ) LIMIT 1  

[ 2016-11-28T14:22:03+08:00 ] ::1 /index.php/Home/User/register/username/2221
ERR: 1054:Unknown column 'username' in 'where clause'
 [ SQL语句 ] : SELECT * FROM `user` WHERE ( username='2221' ) LIMIT 1  

[ 2016-11-28T14:23:15+08:00 ] ::1 /index.php/Home/User/register/username/1
ERR: 1054:Unknown column 'username' in 'where clause'
 [ SQL语句 ] : SELECT * FROM `user` WHERE ( username='' ) LIMIT 1  

[ 2016-11-28T14:27:05+08:00 ] ::1 /index.php/Home/User/register/name/66
ERR: 1054:Unknown column 'username' in 'where clause'
 [ SQL语句 ] : SELECT * FROM `user` WHERE ( username='66' ) LIMIT 1  

[ 2016-11-28T14:49:51+08:00 ] ::1 /index.php/Home/Goods/afterorder/ar_id/
ERR: 1048:Column 'od_addr_id' cannot be null
 [ SQL语句 ] : INSERT INTO `orders` (`od_id`,`od_user_id`,`od_good_id`,`od_buy_count`,`od_addr_id`) VALUES (NULL,'1','3|4','20|1',NULL)

[ 2016-11-28T15:24:08+08:00 ] ::1 /index.php/Home/Goods/order/ar_id/2
ERR: Syntax Error in template "E:/xampp/htdocs/Home/View\Goods\order.html"  on line 231 "{foreach $choose}" missing "item" attribute

[ 2016-11-28T15:41:53+08:00 ] ::1 /index.php/Home/Goods/order/ar_id/cart.php
ERR: 1054:Unknown column 'cart.php' in 'where clause'
 [ SQL语句 ] : SELECT * FROM `address` WHERE ( ar_id=cart.php ) LIMIT 1  

[ 2016-11-28T15:42:20+08:00 ] ::1 /index.php/Home/Goods/order/ar_id/cart/act/show
ERR: 1054:Unknown column 'cart' in 'where clause'
 [ SQL语句 ] : SELECT * FROM `address` WHERE ( ar_id=cart ) LIMIT 1  

[ 2016-11-28T15:42:42+08:00 ] ::1 /index.php/Home/Goods/order/ar_id/cart/act/show
ERR: 1054:Unknown column 'cart' in 'where clause'
 [ SQL语句 ] : SELECT * FROM `address` WHERE ( ar_id=cart ) LIMIT 1  

[ 2016-11-28T15:48:18+08:00 ] ::1 /index.php/Home/Goods/order/ar_id/cart.php
ERR: 1054:Unknown column 'cart.php' in 'where clause'
 [ SQL语句 ] : SELECT * FROM `address` WHERE ( ar_id=cart.php ) LIMIT 1  

[ 2016-11-28T16:47:05+08:00 ] ::1 /index.php/Home/Goods/cart/act/delete/gd_id/index.html
ERR: 1054:Unknown column 'index.html' in 'where clause'
 [ SQL语句 ] : delete from cart where ct_good_id=index.html

[ 2016-11-28T16:48:34+08:00 ] ::1 /index.php/Home/Goods/cart/act/delete/gd_id/contact
ERR: 1054:Unknown column 'contact' in 'where clause'
 [ SQL语句 ] : delete from cart where ct_good_id=contact

[ 2016-11-28T16:56:04+08:00 ] ::1 /index.php/Home/Goods/address
ERR: Syntax Error in template "E:/xampp/htdocs/Home/View\Goods\address.html"  on line 285 "&lt;a href=&quot;{smarty.const.__ACTION__}/act/delete/ar_id/{$v['ar_id']}&quot; class=&quot;btn btn-default btn-sm active&quot; role=&quot;button&quot;&gt;删除&lt;/a&gt;"  - Unexpected ".", expected one of: "}" , " "

[ 2016-11-28T17:11:52+08:00 ] ::1 /index.php/Home/Goods/address
ERR: Syntax Error in template "E:/xampp/htdocs/Home/View\Goods\address.html"  on line 285 "&lt;a href=&quot;{smarty.const.__ACTION__}/act/delete/ar_id/{$v['ar_id']}&quot; class=&quot;btn btn-default btn-sm active&quot; role=&quot;button&quot;&gt;删除&lt;/a&gt;"  - Unexpected ".", expected one of: "}" , " "

