[ 2016-11-18T09:25:37+08:00 ] ::1 /index.php/Home/Goods/cart/good_id/14
ERR: 1048:Column 'ct_user_id' cannot be null
 [ SQL语句 ] : INSERT INTO `cart` (`ct_id`,`ct_user_id`,`ct_good_id`,`ct_buy_count`) VALUES (NULL,NULL,'14','1')

[ 2016-11-18T09:26:30+08:00 ] ::1 /index.php/Home/Goods/cart/good_id/14
ERR: 1048:Column 'ct_user_id' cannot be null
 [ SQL语句 ] : INSERT INTO `cart` (`ct_id`,`ct_user_id`,`ct_good_id`,`ct_buy_count`) VALUES (NULL,NULL,'14','1')

[ 2016-11-18T09:37:58+08:00 ] ::1 /index.php/Home/Goods/favorite/good_id/14
ERR: 1048:Column 'ft_user_id' cannot be null
 [ SQL语句 ] : INSERT INTO `favorite` (`ft_id`,`ft_user_id`,`ft_good_id`) VALUES (NULL,NULL,'14')

[ 2016-11-18T09:38:29+08:00 ] ::1 /index.php/Home/Goods/favorite/good_id/14
ERR: 1048:Column 'ft_user_id' cannot be null
 [ SQL语句 ] : INSERT INTO `favorite` (`ft_id`,`ft_user_id`,`ft_good_id`) VALUES (NULL,NULL,'14')

[ 2016-11-18T09:38:32+08:00 ] ::1 /index.php/Home/Goods/favorite/good_id/14
ERR: 1048:Column 'ft_user_id' cannot be null
 [ SQL语句 ] : INSERT INTO `favorite` (`ft_id`,`ft_user_id`,`ft_good_id`) VALUES (NULL,NULL,'14')

[ 2016-11-18T09:38:42+08:00 ] ::1 /index.php/Home/Goods/goodsinfo/good_id/index.html
ERR: 1054:Unknown column 'index.html' in 'where clause'
 [ SQL语句 ] : SELECT * FROM `goods` WHERE ( gd_id=index.html ) LIMIT 1  

[ 2016-11-18T09:38:54+08:00 ] ::1 /index.php/Home/Index/index
ERR: 1054:Unknown column 'ls' in 'where clause'
 [ SQL语句 ] : SELECT * FROM `user` WHERE ( user_name='ls' and user_password=md5(ls) ) LIMIT 1  

[ 2016-11-18T09:38:55+08:00 ] ::1 /index.php/Home/Index/index
ERR: 1054:Unknown column 'ls' in 'where clause'
 [ SQL语句 ] : SELECT * FROM `user` WHERE ( user_name='ls' and user_password=md5(ls) ) LIMIT 1  

[ 2016-11-18T09:38:56+08:00 ] ::1 /index.php/Home/Index/index
ERR: 1054:Unknown column 'ls' in 'where clause'
 [ SQL语句 ] : SELECT * FROM `user` WHERE ( user_name='ls' and user_password=md5(ls) ) LIMIT 1  

[ 2016-11-18T09:38:56+08:00 ] ::1 /index.php/Home/Index/index
ERR: 1054:Unknown column 'ls' in 'where clause'
 [ SQL语句 ] : SELECT * FROM `user` WHERE ( user_name='ls' and user_password=md5(ls) ) LIMIT 1  

[ 2016-11-18T09:38:57+08:00 ] ::1 /index.php/Home/Index/index
ERR: 1054:Unknown column 'ls' in 'where clause'
 [ SQL语句 ] : SELECT * FROM `user` WHERE ( user_name='ls' and user_password=md5(ls) ) LIMIT 1  

[ 2016-11-18T09:38:57+08:00 ] ::1 /index.php/Home/Index/index
ERR: 1054:Unknown column 'ls' in 'where clause'
 [ SQL语句 ] : SELECT * FROM `user` WHERE ( user_name='ls' and user_password=md5(ls) ) LIMIT 1  

[ 2016-11-18T09:39:43+08:00 ] ::1 /index.php/Home/Goods/favorite
ERR: 1054:Unknown column 'goods.goods.gd_price_self' in 'field list'
 [ SQL语句 ] : select goods.gd_id,goods.gd_name,goods.goods.gd_price_self,goods.gd_price_other,goods.gd_img from goods,favorite where goods.gd_id=favorite.ft_good_id;

[ 2016-11-18T10:13:28+08:00 ] ::1 /index.php/Home/Goods/goodsinfo
ERR: 参数错误或者未定义:good_id

[ 2016-11-18T10:13:39+08:00 ] ::1 /index.php/Home/Goods/goodsinfo/good_id/category.html
ERR: 1054:Unknown column 'category.html' in 'where clause'
 [ SQL语句 ] : SELECT * FROM `goods` WHERE ( gd_id=category.html ) LIMIT 1  

[ 2016-11-18T10:13:53+08:00 ] ::1 /index.php/Home/Goods/goodsinfo/good_id/index.html
ERR: 1054:Unknown column 'index.html' in 'where clause'
 [ SQL语句 ] : SELECT * FROM `goods` WHERE ( gd_id=index.html ) LIMIT 1  

[ 2016-11-18T10:13:55+08:00 ] ::1 /index.php/Home/Goods/goodsinfo/good_id/index.html
ERR: 1054:Unknown column 'index.html' in 'where clause'
 [ SQL语句 ] : SELECT * FROM `goods` WHERE ( gd_id=index.html ) LIMIT 1  

[ 2016-11-18T10:46:01+08:00 ] ::1 /index.php/Home/Goods/index.html
ERR: 非法操作:index.html

[ 2016-11-18T15:38:06+08:00 ] ::1 /index.php/Home/Goods/goodstext.html
ERR: 非法操作:goodstext.html

[ 2016-11-18T15:48:10+08:00 ] ::1 /index.php/Home/Goods/cart/act/add
ERR: 1048:Column 'ct_user_id' cannot be null
 [ SQL语句 ] : INSERT INTO `cart` (`ct_id`,`ct_user_id`,`ct_good_id`,`ct_buy_count`) VALUES (NULL,NULL,'1','1')

[ 2016-11-18T16:31:49+08:00 ] ::1 /index.php/Home/Goods/favorite
ERR: Syntax Error in template "E:/xampp/htdocs/Home/View\Goods\favorite.html"  on line 53 "&lt;li&gt;&lt;span class=&quot;glyphicon glyphicon-user&quot;&gt;&lt;/span&gt;{username}&lt;/li&gt;" unknown tag "username"

[ 2016-11-18T16:32:44+08:00 ] ::1 /index.php/Home/Goods/favorite
ERR: Syntax Error in template "E:/xampp/htdocs/Home/View\Goods\favorite.html"  on line 53 "&lt;li&gt;&lt;span class=&quot;glyphicon glyphicon-user&quot;&gt;&lt;/span&gt;{username}&lt;/li&gt;" unknown tag "username"

[ 2016-11-18T16:32:47+08:00 ] ::1 /index.php/Home/Goods/favorite
ERR: Syntax Error in template "E:/xampp/htdocs/Home/View\Goods\favorite.html"  on line 53 "&lt;li&gt;&lt;span class=&quot;glyphicon glyphicon-user&quot;&gt;&lt;/span&gt;{username}&lt;/li&gt;" unknown tag "username"

[ 2016-11-18T16:32:58+08:00 ] ::1 /index.php/Home/Goods/favorite
ERR: Syntax Error in template "E:/xampp/htdocs/Home/View\Goods\favorite.html"  on line 53 "&lt;li&gt;&lt;span class=&quot;glyphicon glyphicon-user&quot;&gt;&lt;/span&gt;{username}&lt;/li&gt;" unknown tag "username"

[ 2016-11-18T16:32:59+08:00 ] ::1 /index.php/Home/Goods/favorite
ERR: Syntax Error in template "E:/xampp/htdocs/Home/View\Goods\favorite.html"  on line 53 "&lt;li&gt;&lt;span class=&quot;glyphicon glyphicon-user&quot;&gt;&lt;/span&gt;{username}&lt;/li&gt;" unknown tag "username"

[ 2016-11-18T16:32:59+08:00 ] ::1 /index.php/Home/Goods/favorite
ERR: Syntax Error in template "E:/xampp/htdocs/Home/View\Goods\favorite.html"  on line 53 "&lt;li&gt;&lt;span class=&quot;glyphicon glyphicon-user&quot;&gt;&lt;/span&gt;{username}&lt;/li&gt;" unknown tag "username"

