[ 2017-02-15T10:09:26+08:00 ] ::1 /index.php
INFO: [ app_init ] --START--
INFO: Run Behavior\BuildLiteBehavior [ RunTime:0.000053s ]
INFO: [ app_init ] --END-- [ RunTime:0.111461s ]

[ 2017-02-15T10:09:50+08:00 ] ::1 /index.php/Home/Goods/goodsinfo/good_id/7?PHPSESSID=6tkukrrff7u1369fr8hss4hga7
INFO: [ app_init ] --START--
INFO: Run Behavior\BuildLiteBehavior [ RunTime:0.000011s ]
INFO: [ app_init ] --END-- [ RunTime:0.000315s ]

[ 2017-02-15T10:10:36+08:00 ] ::1 /index.php/Home/Goods/favorite?PHPSESSID=6tkukrrff7u1369fr8hss4hga7
INFO: [ app_init ] --START--
INFO: Run Behavior\BuildLiteBehavior [ RunTime:0.000011s ]
INFO: [ app_init ] --END-- [ RunTime:0.000293s ]

[ 2017-02-15T10:10:38+08:00 ] ::1 /index.php/Home/Goods/cart/act/show?PHPSESSID=6tkukrrff7u1369fr8hss4hga7
INFO: [ app_init ] --START--
INFO: Run Behavior\BuildLiteBehavior [ RunTime:0.000014s ]
INFO: [ app_init ] --END-- [ RunTime:0.000350s ]

[ 2017-02-15T10:10:41+08:00 ] ::1 /index.php/Home/Index/logout.du?PHPSESSID=6tkukrrff7u1369fr8hss4hga7
INFO: [ app_init ] --START--
INFO: Run Behavior\BuildLiteBehavior [ RunTime:0.000019s ]
INFO: [ app_init ] --END-- [ RunTime:0.000329s ]

[ 2017-02-15T10:10:43+08:00 ] ::1 /index.php/Home/Goods/contact?PHPSESSID=6tkukrrff7u1369fr8hss4hga7
INFO: [ app_init ] --START--
INFO: Run Behavior\BuildLiteBehavior [ RunTime:0.000014s ]
INFO: [ app_init ] --END-- [ RunTime:0.000322s ]

