[ 2017-05-13T11:52:59+08:00 ] ::1 /index.php
INFO: [ app_init ] --START--
INFO: Run Behavior\BuildLiteBehavior [ RunTime:0.000022s ]
INFO: [ app_init ] --END-- [ RunTime:0.130245s ]

[ 2017-05-13T11:53:15+08:00 ] ::1 /index.php/Home/Goods/goodslist/type/%E8%82%89%E7%B1%BB%E7%B2%BE%E9%80%89?PHPSESSID=tsigadf098vv0qvis95fola253
INFO: [ app_init ] --START--
INFO: Run Behavior\BuildLiteBehavior [ RunTime:0.000011s ]
INFO: [ app_init ] --END-- [ RunTime:0.000289s ]

[ 2017-05-13T11:53:22+08:00 ] ::1 /index.php/Home/Goods/goodslist/type/%E7%B2%AE%E6%B2%B9%E7%B1%B3%E9%9D%A2
INFO: [ app_init ] --START--
INFO: Run Behavior\BuildLiteBehavior [ RunTime:0.000017s ]
INFO: [ app_init ] --END-- [ RunTime:0.000386s ]

[ 2017-05-13T11:53:28+08:00 ] ::1 /index.php/Home/Goods/goodslist
INFO: [ app_init ] --START--
INFO: Run Behavior\BuildLiteBehavior [ RunTime:0.000031s ]
INFO: [ app_init ] --END-- [ RunTime:0.000736s ]

[ 2017-05-13T11:53:31+08:00 ] ::1 /index.php/Goods/goodslist/p/2.du
INFO: [ app_init ] --START--
INFO: Run Behavior\BuildLiteBehavior [ RunTime:0.000013s ]
INFO: [ app_init ] --END-- [ RunTime:0.000277s ]

[ 2017-05-13T11:53:42+08:00 ] ::1 /index.php/Home/Goods/goodslist/type/%E8%82%89%E7%B1%BB%E7%B2%BE%E9%80%89
INFO: [ app_init ] --START--
INFO: Run Behavior\BuildLiteBehavior [ RunTime:0.000019s ]
INFO: [ app_init ] --END-- [ RunTime:0.000381s ]

[ 2017-05-13T11:53:44+08:00 ] ::1 /index.php/Home/Goods/goodsinfo/good_id/2
INFO: [ app_init ] --START--
INFO: Run Behavior\BuildLiteBehavior [ RunTime:0.000016s ]
INFO: [ app_init ] --END-- [ RunTime:0.000349s ]

[ 2017-05-13T11:56:54+08:00 ] ::1 /index.php/Home/Goods/cart/act/add
INFO: [ app_init ] --START--
INFO: Run Behavior\BuildLiteBehavior [ RunTime:0.000018s ]
INFO: [ app_init ] --END-- [ RunTime:0.000403s ]

[ 2017-05-13T11:57:58+08:00 ] ::1 /index.php/Home/User/userInfo
INFO: [ app_init ] --START--
INFO: Run Behavior\BuildLiteBehavior [ RunTime:0.000013s ]
INFO: [ app_init ] --END-- [ RunTime:0.000300s ]

[ 2017-05-13T11:58:26+08:00 ] ::1 /index.php/Home/Index/index
INFO: [ app_init ] --START--
INFO: Run Behavior\BuildLiteBehavior [ RunTime:0.000018s ]
INFO: [ app_init ] --END-- [ RunTime:0.000786s ]

[ 2017-05-13T11:58:27+08:00 ] ::1 /index.php/Home/User/userInfo
INFO: [ app_init ] --START--
INFO: Run Behavior\BuildLiteBehavior [ RunTime:0.000018s ]
INFO: [ app_init ] --END-- [ RunTime:0.000417s ]

[ 2017-05-13T11:58:51+08:00 ] ::1 /index.php/Home/User/userInfo
INFO: [ app_init ] --START--
INFO: Run Behavior\BuildLiteBehavior [ RunTime:0.000021s ]
INFO: [ app_init ] --END-- [ RunTime:0.000501s ]

[ 2017-05-13T11:59:33+08:00 ] ::1 /index.php/Home/User/userInfo
INFO: [ app_init ] --START--
INFO: Run Behavior\BuildLiteBehavior [ RunTime:0.000011s ]
INFO: [ app_init ] --END-- [ RunTime:0.000276s ]

[ 2017-05-13T11:59:40+08:00 ] ::1 /index.php/Home/Goods/address
INFO: [ app_init ] --START--
INFO: Run Behavior\BuildLiteBehavior [ RunTime:0.000017s ]
INFO: [ app_init ] --END-- [ RunTime:0.000407s ]

[ 2017-05-13T11:59:57+08:00 ] ::1 /index.php/Home/User/register
INFO: [ app_init ] --START--
INFO: Run Behavior\BuildLiteBehavior [ RunTime:0.000014s ]
INFO: [ app_init ] --END-- [ RunTime:0.000323s ]

[ 2017-05-13T12:02:06+08:00 ] ::1 /index.php/Home/User/findPassword
INFO: [ app_init ] --START--
INFO: Run Behavior\BuildLiteBehavior [ RunTime:0.000011s ]
INFO: [ app_init ] --END-- [ RunTime:0.000283s ]
ERR: 非法操作:findPassword

[ 2017-05-13T12:02:18+08:00 ] ::1 /index.php/Home/User/findPasword
INFO: [ app_init ] --START--
INFO: Run Behavior\BuildLiteBehavior [ RunTime:0.000021s ]
INFO: [ app_init ] --END-- [ RunTime:0.000614s ]

[ 2017-05-13T12:02:41+08:00 ] ::1 /index.php/Home/User/register/name/dxy
INFO: [ app_init ] --START--
INFO: Run Behavior\BuildLiteBehavior [ RunTime:0.000011s ]
INFO: [ app_init ] --END-- [ RunTime:0.000265s ]

[ 2017-05-13T12:02:48+08:00 ] ::1 /index.php/Home/User/findPasword
INFO: [ app_init ] --START--
INFO: Run Behavior\BuildLiteBehavior [ RunTime:0.000021s ]
INFO: [ app_init ] --END-- [ RunTime:0.000375s ]

[ 2017-05-13T12:04:00+08:00 ] ::1 /index.php/Home/User/findPasword
INFO: [ app_init ] --START--
INFO: Run Behavior\BuildLiteBehavior [ RunTime:0.000013s ]
INFO: [ app_init ] --END-- [ RunTime:0.000450s ]

[ 2017-05-13T12:05:35+08:00 ] ::1 /index.php/Home/User/findPasword
INFO: [ app_init ] --START--
INFO: Run Behavior\BuildLiteBehavior [ RunTime:0.000044s ]
INFO: [ app_init ] --END-- [ RunTime:0.000641s ]

[ 2017-05-13T12:05:50+08:00 ] ::1 /index.php/Home/User/findPasword
INFO: [ app_init ] --START--
INFO: Run Behavior\BuildLiteBehavior [ RunTime:0.000011s ]
INFO: [ app_init ] --END-- [ RunTime:0.000344s ]

[ 2017-05-13T12:06:03+08:00 ] ::1 /index.php/Home/User/findPasword
INFO: [ app_init ] --START--
INFO: Run Behavior\BuildLiteBehavior [ RunTime:0.000019s ]
INFO: [ app_init ] --END-- [ RunTime:0.000626s ]

[ 2017-05-13T12:09:16+08:00 ] ::1 /index.php/Home/User/register/name/%E6%90%9C%E7%B4%A2
INFO: [ app_init ] --START--
INFO: Run Behavior\BuildLiteBehavior [ RunTime:0.000011s ]
INFO: [ app_init ] --END-- [ RunTime:0.000285s ]

[ 2017-05-13T12:09:22+08:00 ] ::1 /index.php/Home/User/register/name/dxy
INFO: [ app_init ] --START--
INFO: Run Behavior\BuildLiteBehavior [ RunTime:0.000011s ]
INFO: [ app_init ] --END-- [ RunTime:0.000300s ]

[ 2017-05-13T12:09:23+08:00 ] ::1 /index.php/Home/User/findPasword
INFO: [ app_init ] --START--
INFO: Run Behavior\BuildLiteBehavior [ RunTime:0.000022s ]
INFO: [ app_init ] --END-- [ RunTime:0.000609s ]

[ 2017-05-13T12:09:27+08:00 ] ::1 /index.php/Home/User/register/name/dxy
INFO: [ app_init ] --START--
INFO: Run Behavior\BuildLiteBehavior [ RunTime:0.000015s ]
INFO: [ app_init ] --END-- [ RunTime:0.000379s ]

[ 2017-05-13T12:09:29+08:00 ] ::1 /index.php/Home/User/findPasword
INFO: [ app_init ] --START--
INFO: Run Behavior\BuildLiteBehavior [ RunTime:0.000017s ]
INFO: [ app_init ] --END-- [ RunTime:0.000476s ]

[ 2017-05-13T12:10:00+08:00 ] ::1 /index.php/Home/User/findPasword
INFO: [ app_init ] --START--
INFO: Run Behavior\BuildLiteBehavior [ RunTime:0.000014s ]
INFO: [ app_init ] --END-- [ RunTime:0.000458s ]

[ 2017-05-13T12:12:27+08:00 ] ::1 /index.php/Home/User/findPasword
INFO: [ app_init ] --START--
INFO: Run Behavior\BuildLiteBehavior [ RunTime:0.000011s ]
INFO: [ app_init ] --END-- [ RunTime:0.000522s ]

[ 2017-05-13T12:12:30+08:00 ] ::1 /index.php/Home/User/register/name/dxy
INFO: [ app_init ] --START--
INFO: Run Behavior\BuildLiteBehavior [ RunTime:0.000097s ]
INFO: [ app_init ] --END-- [ RunTime:0.000622s ]

[ 2017-05-13T12:12:35+08:00 ] ::1 /index.php/Home/User/findPasword
INFO: [ app_init ] --START--
INFO: Run Behavior\BuildLiteBehavior [ RunTime:0.000030s ]
INFO: [ app_init ] --END-- [ RunTime:0.000847s ]

[ 2017-05-13T12:12:36+08:00 ] ::1 /index.php/Home/User/changePasword.php
INFO: [ app_init ] --START--
INFO: Run Behavior\BuildLiteBehavior [ RunTime:0.000018s ]
INFO: [ app_init ] --END-- [ RunTime:0.000466s ]
ERR: 非法操作:changePasword.php

[ 2017-05-13T12:13:23+08:00 ] ::1 /index.php/Home/User/changePasword.php
INFO: [ app_init ] --START--
INFO: Run Behavior\BuildLiteBehavior [ RunTime:0.000051s ]
INFO: [ app_init ] --END-- [ RunTime:0.000733s ]
ERR: 非法操作:changePasword.php

[ 2017-05-13T12:13:24+08:00 ] ::1 /index.php/Home/User/changePasword.php
INFO: [ app_init ] --START--
INFO: Run Behavior\BuildLiteBehavior [ RunTime:0.000012s ]
INFO: [ app_init ] --END-- [ RunTime:0.000325s ]
ERR: 非法操作:changePasword.php

[ 2017-05-13T12:15:05+08:00 ] ::1 /index.php/Home/User/changePasword.php
INFO: [ app_init ] --START--
INFO: Run Behavior\BuildLiteBehavior [ RunTime:0.000026s ]
INFO: [ app_init ] --END-- [ RunTime:0.000711s ]
ERR: 非法操作:changePasword.php

[ 2017-05-13T12:15:07+08:00 ] ::1 /index.php/Home/User/changePasword.php
INFO: [ app_init ] --START--
INFO: Run Behavior\BuildLiteBehavior [ RunTime:0.000010s ]
INFO: [ app_init ] --END-- [ RunTime:0.000302s ]
ERR: 非法操作:changePasword.php

[ 2017-05-13T12:15:12+08:00 ] ::1 /index.php/Home/User/changePasword.php
INFO: [ app_init ] --START--
INFO: Run Behavior\BuildLiteBehavior [ RunTime:0.000014s ]
INFO: [ app_init ] --END-- [ RunTime:0.000394s ]
ERR: 非法操作:changePasword.php

[ 2017-05-13T12:17:41+08:00 ] ::1 /index.php/Home/User/changePasword.php
INFO: [ app_init ] --START--
INFO: Run Behavior\BuildLiteBehavior [ RunTime:0.000011s ]
INFO: [ app_init ] --END-- [ RunTime:0.000321s ]
ERR: 非法操作:changePasword.php

[ 2017-05-13T12:17:41+08:00 ] ::1 /index.php/Home/User/changePasword.php
INFO: [ app_init ] --START--
INFO: Run Behavior\BuildLiteBehavior [ RunTime:0.000011s ]
INFO: [ app_init ] --END-- [ RunTime:0.000333s ]
ERR: 非法操作:changePasword.php

[ 2017-05-13T12:17:41+08:00 ] ::1 /index.php/Home/User/changePasword.php
INFO: [ app_init ] --START--
INFO: Run Behavior\BuildLiteBehavior [ RunTime:0.000011s ]
INFO: [ app_init ] --END-- [ RunTime:0.000322s ]
ERR: 非法操作:changePasword.php

[ 2017-05-13T12:17:42+08:00 ] ::1 /index.php/Home/User/changePasword.php
INFO: [ app_init ] --START--
INFO: Run Behavior\BuildLiteBehavior [ RunTime:0.000012s ]
INFO: [ app_init ] --END-- [ RunTime:0.000344s ]
ERR: 非法操作:changePasword.php

[ 2017-05-13T12:17:45+08:00 ] ::1 /index.php/Home/User/findPasword
INFO: [ app_init ] --START--
INFO: Run Behavior\BuildLiteBehavior [ RunTime:0.000028s ]
INFO: [ app_init ] --END-- [ RunTime:0.000552s ]

[ 2017-05-13T12:17:48+08:00 ] ::1 /index.php/Home/User/findPasword
INFO: [ app_init ] --START--
INFO: Run Behavior\BuildLiteBehavior [ RunTime:0.000012s ]
INFO: [ app_init ] --END-- [ RunTime:0.000312s ]

[ 2017-05-13T12:17:48+08:00 ] ::1 /index.php/Home/User/changePasword
INFO: [ app_init ] --START--
INFO: Run Behavior\BuildLiteBehavior [ RunTime:0.000015s ]
INFO: [ app_init ] --END-- [ RunTime:0.000429s ]

[ 2017-05-13T12:18:14+08:00 ] ::1 /index.php/Home/User/changePasword
INFO: [ app_init ] --START--
INFO: Run Behavior\BuildLiteBehavior [ RunTime:0.000013s ]
INFO: [ app_init ] --END-- [ RunTime:0.000352s ]

[ 2017-05-13T12:18:53+08:00 ] ::1 /index.php/Home/User/changePasword
INFO: [ app_init ] --START--
INFO: Run Behavior\BuildLiteBehavior [ RunTime:0.000015s ]
INFO: [ app_init ] --END-- [ RunTime:0.000361s ]

[ 2017-05-13T12:18:55+08:00 ] ::1 /index.php/Home/User/changePasword
INFO: [ app_init ] --START--
INFO: Run Behavior\BuildLiteBehavior [ RunTime:0.000016s ]
INFO: [ app_init ] --END-- [ RunTime:0.000359s ]

[ 2017-05-13T12:19:06+08:00 ] ::1 /index.php/Home/User/changePasword
INFO: [ app_init ] --START--
INFO: Run Behavior\BuildLiteBehavior [ RunTime:0.000011s ]
INFO: [ app_init ] --END-- [ RunTime:0.000249s ]

[ 2017-05-13T12:22:51+08:00 ] ::1 /index.php/Home/User/changePasword
INFO: [ app_init ] --START--
INFO: Run Behavior\BuildLiteBehavior [ RunTime:0.000020s ]
INFO: [ app_init ] --END-- [ RunTime:0.000757s ]

[ 2017-05-13T12:22:55+08:00 ] ::1 /index.php/Home/User/findPasword
INFO: [ app_init ] --START--
INFO: Run Behavior\BuildLiteBehavior [ RunTime:0.000010s ]
INFO: [ app_init ] --END-- [ RunTime:0.000246s ]

[ 2017-05-13T12:22:57+08:00 ] ::1 /index.php/Home/User/findPasword
INFO: [ app_init ] --START--
INFO: Run Behavior\BuildLiteBehavior [ RunTime:0.000017s ]
INFO: [ app_init ] --END-- [ RunTime:0.000424s ]

[ 2017-05-13T12:23:10+08:00 ] ::1 /index.php/Home/User/findPasword
INFO: [ app_init ] --START--
INFO: Run Behavior\BuildLiteBehavior [ RunTime:0.000014s ]
INFO: [ app_init ] --END-- [ RunTime:0.000440s ]

[ 2017-05-13T12:23:13+08:00 ] ::1 /index.php/Home/User/changePasword
INFO: [ app_init ] --START--
INFO: Run Behavior\BuildLiteBehavior [ RunTime:0.000017s ]
INFO: [ app_init ] --END-- [ RunTime:0.000393s ]

[ 2017-05-13T12:23:29+08:00 ] ::1 /index.php/Home/User/findPasword
INFO: [ app_init ] --START--
INFO: Run Behavior\BuildLiteBehavior [ RunTime:0.000016s ]
INFO: [ app_init ] --END-- [ RunTime:0.000341s ]

[ 2017-05-13T12:23:30+08:00 ] ::1 /index.php/Home/User/changePasword
INFO: [ app_init ] --START--
INFO: Run Behavior\BuildLiteBehavior [ RunTime:0.000047s ]
INFO: [ app_init ] --END-- [ RunTime:0.000763s ]

[ 2017-05-13T12:23:36+08:00 ] ::1 /index.php/Home/User/findPasword
INFO: [ app_init ] --START--
INFO: Run Behavior\BuildLiteBehavior [ RunTime:0.000013s ]
INFO: [ app_init ] --END-- [ RunTime:0.000405s ]

[ 2017-05-13T12:23:41+08:00 ] ::1 /index.php/Home/User/register/name/dxy
INFO: [ app_init ] --START--
INFO: Run Behavior\BuildLiteBehavior [ RunTime:0.000011s ]
INFO: [ app_init ] --END-- [ RunTime:0.000268s ]

[ 2017-05-13T12:23:48+08:00 ] ::1 /index.php/Home/User/findPasword
INFO: [ app_init ] --START--
INFO: Run Behavior\BuildLiteBehavior [ RunTime:0.000026s ]
INFO: [ app_init ] --END-- [ RunTime:0.000838s ]

[ 2017-05-13T12:23:49+08:00 ] ::1 /index.php/Home/User/changePasword
INFO: [ app_init ] --START--
INFO: Run Behavior\BuildLiteBehavior [ RunTime:0.000018s ]
INFO: [ app_init ] --END-- [ RunTime:0.000488s ]

[ 2017-05-13T12:27:24+08:00 ] ::1 /index.php/Home/User/register/name/dxy
INFO: [ app_init ] --START--
INFO: Run Behavior\BuildLiteBehavior [ RunTime:0.000013s ]
INFO: [ app_init ] --END-- [ RunTime:0.000314s ]

[ 2017-05-13T12:27:32+08:00 ] ::1 /index.php/Home/User/findPasword
INFO: [ app_init ] --START--
INFO: Run Behavior\BuildLiteBehavior [ RunTime:0.000019s ]
INFO: [ app_init ] --END-- [ RunTime:0.000421s ]

[ 2017-05-13T12:28:40+08:00 ] ::1 /index.php/Home/User/findPasword
INFO: [ app_init ] --START--
INFO: Run Behavior\BuildLiteBehavior [ RunTime:0.000016s ]
INFO: [ app_init ] --END-- [ RunTime:0.000373s ]

[ 2017-05-13T12:28:44+08:00 ] ::1 /index.php/Home/User/register/name/sp
INFO: [ app_init ] --START--
INFO: Run Behavior\BuildLiteBehavior [ RunTime:0.000015s ]
INFO: [ app_init ] --END-- [ RunTime:0.000341s ]

[ 2017-05-13T12:28:47+08:00 ] ::1 /index.php/Home/User/register/name/dxy
INFO: [ app_init ] --START--
INFO: Run Behavior\BuildLiteBehavior [ RunTime:0.000019s ]
INFO: [ app_init ] --END-- [ RunTime:0.000414s ]

[ 2017-05-13T12:28:52+08:00 ] ::1 /index.php/Home/User/findPasword
INFO: [ app_init ] --START--
INFO: Run Behavior\BuildLiteBehavior [ RunTime:0.000017s ]
INFO: [ app_init ] --END-- [ RunTime:0.000392s ]

[ 2017-05-13T12:29:04+08:00 ] ::1 /index.php/Home/User/register/name/dxy
INFO: [ app_init ] --START--
INFO: Run Behavior\BuildLiteBehavior [ RunTime:0.000022s ]
INFO: [ app_init ] --END-- [ RunTime:0.000374s ]

[ 2017-05-13T12:29:10+08:00 ] ::1 /index.php/Home/User/findPasword
INFO: [ app_init ] --START--
INFO: Run Behavior\BuildLiteBehavior [ RunTime:0.000015s ]
INFO: [ app_init ] --END-- [ RunTime:0.000384s ]

[ 2017-05-13T12:29:11+08:00 ] ::1 /index.php/Home/User/changePasword
INFO: [ app_init ] --START--
INFO: Run Behavior\BuildLiteBehavior [ RunTime:0.000015s ]
INFO: [ app_init ] --END-- [ RunTime:0.000387s ]

[ 2017-05-13T12:29:26+08:00 ] ::1 /index.php/Home/User/findPasword
INFO: [ app_init ] --START--
INFO: Run Behavior\BuildLiteBehavior [ RunTime:0.000019s ]
INFO: [ app_init ] --END-- [ RunTime:0.000442s ]

[ 2017-05-13T12:29:27+08:00 ] ::1 /index.php/Home/User/changePasword
INFO: [ app_init ] --START--
INFO: Run Behavior\BuildLiteBehavior [ RunTime:0.000028s ]
INFO: [ app_init ] --END-- [ RunTime:0.000628s ]

[ 2017-05-13T12:30:11+08:00 ] ::1 /index.php/Home/User/changePasword
INFO: [ app_init ] --START--
INFO: Run Behavior\BuildLiteBehavior [ RunTime:0.000016s ]
INFO: [ app_init ] --END-- [ RunTime:0.000536s ]

[ 2017-05-13T12:30:11+08:00 ] ::1 /index.php/Home/User/changePasword
INFO: [ app_init ] --START--
INFO: Run Behavior\BuildLiteBehavior [ RunTime:0.000016s ]
INFO: [ app_init ] --END-- [ RunTime:0.000345s ]

[ 2017-05-13T12:30:12+08:00 ] ::1 /index.php/Home/User/changePasword
INFO: [ app_init ] --START--
INFO: Run Behavior\BuildLiteBehavior [ RunTime:0.000011s ]
INFO: [ app_init ] --END-- [ RunTime:0.000321s ]

[ 2017-05-13T12:30:12+08:00 ] ::1 /index.php/Home/User/changePasword
INFO: [ app_init ] --START--
INFO: Run Behavior\BuildLiteBehavior [ RunTime:0.000022s ]
INFO: [ app_init ] --END-- [ RunTime:0.000591s ]

[ 2017-05-13T12:30:56+08:00 ] ::1 /index.php/Home/User/changePasword
INFO: [ app_init ] --START--
INFO: Run Behavior\BuildLiteBehavior [ RunTime:0.000019s ]
INFO: [ app_init ] --END-- [ RunTime:0.000451s ]

[ 2017-05-13T12:31:19+08:00 ] ::1 /index.php/Home/User/changePasword
INFO: [ app_init ] --START--
INFO: Run Behavior\BuildLiteBehavior [ RunTime:0.000035s ]
INFO: [ app_init ] --END-- [ RunTime:0.000658s ]

[ 2017-05-13T12:31:29+08:00 ] ::1 /index.php/Home/User/changePasword
INFO: [ app_init ] --START--
INFO: Run Behavior\BuildLiteBehavior [ RunTime:0.000015s ]
INFO: [ app_init ] --END-- [ RunTime:0.000448s ]

[ 2017-05-13T12:31:43+08:00 ] ::1 /index.php/Home/User/changePasword
INFO: [ app_init ] --START--
INFO: Run Behavior\BuildLiteBehavior [ RunTime:0.000012s ]
INFO: [ app_init ] --END-- [ RunTime:0.000306s ]

[ 2017-05-13T12:31:59+08:00 ] ::1 /index.php/Home/User/changePasword
INFO: [ app_init ] --START--
INFO: Run Behavior\BuildLiteBehavior [ RunTime:0.000025s ]
INFO: [ app_init ] --END-- [ RunTime:0.000519s ]

[ 2017-05-13T12:34:28+08:00 ] ::1 /index.php/Home/User/changePasword
INFO: [ app_init ] --START--
INFO: Run Behavior\BuildLiteBehavior [ RunTime:0.000014s ]
INFO: [ app_init ] --END-- [ RunTime:0.000333s ]

[ 2017-05-13T12:35:13+08:00 ] ::1 /index.php/Home/User/changePasword
INFO: [ app_init ] --START--
INFO: Run Behavior\BuildLiteBehavior [ RunTime:0.000012s ]
INFO: [ app_init ] --END-- [ RunTime:0.000311s ]

[ 2017-05-13T12:35:14+08:00 ] ::1 /index.php/Home/User/changePasword
INFO: [ app_init ] --START--
INFO: Run Behavior\BuildLiteBehavior [ RunTime:0.000012s ]
INFO: [ app_init ] --END-- [ RunTime:0.000305s ]

[ 2017-05-13T12:35:14+08:00 ] ::1 /index.php/Home/User/changePasword
INFO: [ app_init ] --START--
INFO: Run Behavior\BuildLiteBehavior [ RunTime:0.000015s ]
INFO: [ app_init ] --END-- [ RunTime:0.000304s ]

[ 2017-05-13T12:35:27+08:00 ] ::1 /index.php/Home/User/changePasword
INFO: [ app_init ] --START--
INFO: Run Behavior\BuildLiteBehavior [ RunTime:0.000014s ]
INFO: [ app_init ] --END-- [ RunTime:0.000305s ]

[ 2017-05-13T12:35:42+08:00 ] ::1 /index.php/Home/User/changePasword
INFO: [ app_init ] --START--
INFO: Run Behavior\BuildLiteBehavior [ RunTime:0.000014s ]
INFO: [ app_init ] --END-- [ RunTime:0.000351s ]

[ 2017-05-13T12:35:42+08:00 ] ::1 /index.php/Home/User/changePasword
INFO: [ app_init ] --START--
INFO: Run Behavior\BuildLiteBehavior [ RunTime:0.000019s ]
INFO: [ app_init ] --END-- [ RunTime:0.000575s ]

[ 2017-05-13T12:35:42+08:00 ] ::1 /index.php/Home/User/changePasword
INFO: [ app_init ] --START--
INFO: Run Behavior\BuildLiteBehavior [ RunTime:0.000012s ]
INFO: [ app_init ] --END-- [ RunTime:0.000262s ]

[ 2017-05-13T12:35:49+08:00 ] ::1 /index.php/Home/User/changePasword
INFO: [ app_init ] --START--
INFO: Run Behavior\BuildLiteBehavior [ RunTime:0.000011s ]
INFO: [ app_init ] --END-- [ RunTime:0.000275s ]

[ 2017-05-13T12:35:50+08:00 ] ::1 /index.php/Home/User/changePasword
INFO: [ app_init ] --START--
INFO: Run Behavior\BuildLiteBehavior [ RunTime:0.000014s ]
INFO: [ app_init ] --END-- [ RunTime:0.000420s ]

[ 2017-05-13T12:35:50+08:00 ] ::1 /index.php/Home/User/changePasword
INFO: [ app_init ] --START--
INFO: Run Behavior\BuildLiteBehavior [ RunTime:0.000016s ]
INFO: [ app_init ] --END-- [ RunTime:0.000383s ]

[ 2017-05-13T12:36:09+08:00 ] ::1 /index.php/Home/User/changePasword
INFO: [ app_init ] --START--
INFO: Run Behavior\BuildLiteBehavior [ RunTime:0.000011s ]
INFO: [ app_init ] --END-- [ RunTime:0.000269s ]

[ 2017-05-13T12:36:38+08:00 ] ::1 /index.php/Home/User/changePasword
INFO: [ app_init ] --START--
INFO: Run Behavior\BuildLiteBehavior [ RunTime:0.000010s ]
INFO: [ app_init ] --END-- [ RunTime:0.000278s ]

[ 2017-05-13T12:36:39+08:00 ] ::1 /index.php/Home/User/changePasword
INFO: [ app_init ] --START--
INFO: Run Behavior\BuildLiteBehavior [ RunTime:0.000016s ]
INFO: [ app_init ] --END-- [ RunTime:0.000408s ]

[ 2017-05-13T12:36:49+08:00 ] ::1 /index.php/Home/User/changePasword
INFO: [ app_init ] --START--
INFO: Run Behavior\BuildLiteBehavior [ RunTime:0.000011s ]
INFO: [ app_init ] --END-- [ RunTime:0.000383s ]

[ 2017-05-13T12:38:09+08:00 ] ::1 /index.php/Home/User/changePasword
INFO: [ app_init ] --START--
INFO: Run Behavior\BuildLiteBehavior [ RunTime:0.000011s ]
INFO: [ app_init ] --END-- [ RunTime:0.000303s ]

[ 2017-05-13T12:38:23+08:00 ] ::1 /index.php/Home/User/changePasword
INFO: [ app_init ] --START--
INFO: Run Behavior\BuildLiteBehavior [ RunTime:0.000019s ]
INFO: [ app_init ] --END-- [ RunTime:0.000483s ]

[ 2017-05-13T12:39:09+08:00 ] ::1 /index.php/Home/User/changePasword
INFO: [ app_init ] --START--
INFO: Run Behavior\BuildLiteBehavior [ RunTime:0.000012s ]
INFO: [ app_init ] --END-- [ RunTime:0.000301s ]

[ 2017-05-13T12:39:16+08:00 ] ::1 /index.php/Home/User/changePasword
INFO: [ app_init ] --START--
INFO: Run Behavior\BuildLiteBehavior [ RunTime:0.000015s ]
INFO: [ app_init ] --END-- [ RunTime:0.000414s ]

[ 2017-05-13T12:39:27+08:00 ] ::1 /index.php/Home/User/changePasword
INFO: [ app_init ] --START--
INFO: Run Behavior\BuildLiteBehavior [ RunTime:0.000017s ]
INFO: [ app_init ] --END-- [ RunTime:0.000773s ]

[ 2017-05-13T12:39:29+08:00 ] ::1 /index.php/Home/User/changePasword
INFO: [ app_init ] --START--
INFO: Run Behavior\BuildLiteBehavior [ RunTime:0.000010s ]
INFO: [ app_init ] --END-- [ RunTime:0.000276s ]

[ 2017-05-13T12:39:29+08:00 ] ::1 /index.php/Home/User/changePasword
INFO: [ app_init ] --START--
INFO: Run Behavior\BuildLiteBehavior [ RunTime:0.000010s ]
INFO: [ app_init ] --END-- [ RunTime:0.000260s ]

[ 2017-05-13T12:39:30+08:00 ] ::1 /index.php/Home/User/changePasword
INFO: [ app_init ] --START--
INFO: Run Behavior\BuildLiteBehavior [ RunTime:0.000022s ]
INFO: [ app_init ] --END-- [ RunTime:0.000527s ]

[ 2017-05-13T12:39:38+08:00 ] ::1 /index.php/Home/User/changePasword
INFO: [ app_init ] --START--
INFO: Run Behavior\BuildLiteBehavior [ RunTime:0.000011s ]
INFO: [ app_init ] --END-- [ RunTime:0.000310s ]

[ 2017-05-13T12:41:31+08:00 ] ::1 /index.php/Home/User/changePasword
INFO: [ app_init ] --START--
INFO: Run Behavior\BuildLiteBehavior [ RunTime:0.000021s ]
INFO: [ app_init ] --END-- [ RunTime:0.000678s ]

[ 2017-05-13T12:41:31+08:00 ] ::1 /index.php/Home/User/changePasword
INFO: [ app_init ] --START--
INFO: Run Behavior\BuildLiteBehavior [ RunTime:0.000013s ]
INFO: [ app_init ] --END-- [ RunTime:0.000541s ]

[ 2017-05-13T12:43:43+08:00 ] ::1 /index.php/Home/User/changePasword
INFO: [ app_init ] --START--
INFO: Run Behavior\BuildLiteBehavior [ RunTime:0.000011s ]
INFO: [ app_init ] --END-- [ RunTime:0.000339s ]

[ 2017-05-13T12:43:44+08:00 ] ::1 /index.php/Home/User/changePasword
INFO: [ app_init ] --START--
INFO: Run Behavior\BuildLiteBehavior [ RunTime:0.000011s ]
INFO: [ app_init ] --END-- [ RunTime:0.000296s ]

[ 2017-05-13T12:43:56+08:00 ] ::1 /index.php/Home/User/changePasword
INFO: [ app_init ] --START--
INFO: Run Behavior\BuildLiteBehavior [ RunTime:0.000015s ]
INFO: [ app_init ] --END-- [ RunTime:0.000341s ]

[ 2017-05-13T12:44:09+08:00 ] ::1 /index.php/Home/User/changePasword
INFO: [ app_init ] --START--
INFO: Run Behavior\BuildLiteBehavior [ RunTime:0.000019s ]
INFO: [ app_init ] --END-- [ RunTime:0.000736s ]

[ 2017-05-13T12:49:53+08:00 ] ::1 /index.php/Home/User/changePasword
INFO: [ app_init ] --START--
INFO: Run Behavior\BuildLiteBehavior [ RunTime:0.000015s ]
INFO: [ app_init ] --END-- [ RunTime:0.000380s ]

[ 2017-05-13T13:19:53+08:00 ] ::1 /index.php
INFO: [ app_init ] --START--
INFO: Run Behavior\BuildLiteBehavior [ RunTime:0.000015s ]
INFO: [ app_init ] --END-- [ RunTime:0.000809s ]

[ 2017-05-13T13:20:08+08:00 ] ::1 /index.php/Home/Index/logout.du
INFO: [ app_init ] --START--
INFO: Run Behavior\BuildLiteBehavior [ RunTime:0.000011s ]
INFO: [ app_init ] --END-- [ RunTime:0.000276s ]

[ 2017-05-13T13:20:09+08:00 ] ::1 /index.php/Home/Index/index
INFO: [ app_init ] --START--
INFO: Run Behavior\BuildLiteBehavior [ RunTime:0.000013s ]
INFO: [ app_init ] --END-- [ RunTime:0.000301s ]

[ 2017-05-13T13:20:10+08:00 ] ::1 /index.php/Home/Index/image/foot.gif
INFO: [ app_init ] --START--
INFO: Run Behavior\BuildLiteBehavior [ RunTime:0.000016s ]
INFO: [ app_init ] --END-- [ RunTime:0.000378s ]

[ 2017-05-13T13:20:10+08:00 ] ::1 /index.php/Home/Index/image/foot.gif
INFO: [ app_init ] --START--
INFO: Run Behavior\BuildLiteBehavior [ RunTime:0.000018s ]
INFO: [ app_init ] --END-- [ RunTime:0.000667s ]

[ 2017-05-13T13:20:11+08:00 ] ::1 /index.php/Home/User/userInfo?PHPSESSID=k81envpjr44dp8p4b20fe2vsg1
INFO: [ app_init ] --START--
INFO: Run Behavior\BuildLiteBehavior [ RunTime:0.000019s ]
INFO: [ app_init ] --END-- [ RunTime:0.000431s ]

[ 2017-05-13T13:20:25+08:00 ] ::1 /index.php/Home/Index/top.html?PHPSESSID=k81envpjr44dp8p4b20fe2vsg1
INFO: [ app_init ] --START--
INFO: Run Behavior\BuildLiteBehavior [ RunTime:0.000010s ]
INFO: [ app_init ] --END-- [ RunTime:0.000316s ]
ERR: 非法操作:top.html

[ 2017-05-13T13:20:29+08:00 ] ::1 /index.php/Home/Index/index
INFO: [ app_init ] --START--
INFO: Run Behavior\BuildLiteBehavior [ RunTime:0.000017s ]
INFO: [ app_init ] --END-- [ RunTime:0.000473s ]

[ 2017-05-13T13:20:29+08:00 ] ::1 /index.php/Home/Index/image/foot.gif
INFO: [ app_init ] --START--
INFO: Run Behavior\BuildLiteBehavior [ RunTime:0.000018s ]
INFO: [ app_init ] --END-- [ RunTime:0.000504s ]

[ 2017-05-13T13:20:29+08:00 ] ::1 /index.php/Home/Index/image/foot.gif
INFO: [ app_init ] --START--
INFO: Run Behavior\BuildLiteBehavior [ RunTime:0.000020s ]
INFO: [ app_init ] --END-- [ RunTime:0.000425s ]

[ 2017-05-13T13:21:03+08:00 ] ::1 /index.php/Home/User/findPasword
INFO: [ app_init ] --START--
INFO: Run Behavior\BuildLiteBehavior [ RunTime:0.000012s ]
INFO: [ app_init ] --END-- [ RunTime:0.000316s ]

[ 2017-05-13T13:22:30+08:00 ] ::1 /index.php
INFO: [ app_init ] --START--
INFO: Run Behavior\BuildLiteBehavior [ RunTime:0.000013s ]
INFO: [ app_init ] --END-- [ RunTime:0.000363s ]

[ 2017-05-13T13:22:32+08:00 ] ::1 /index.php
INFO: [ app_init ] --START--
INFO: Run Behavior\BuildLiteBehavior [ RunTime:0.000011s ]
INFO: [ app_init ] --END-- [ RunTime:0.000344s ]

[ 2017-05-13T13:22:35+08:00 ] ::1 /index.php/Home/User/findPasword
INFO: [ app_init ] --START--
INFO: Run Behavior\BuildLiteBehavior [ RunTime:0.000018s ]
INFO: [ app_init ] --END-- [ RunTime:0.000466s ]

[ 2017-05-13T13:22:39+08:00 ] ::1 /index.php/Home/Goods/cart
INFO: [ app_init ] --START--
INFO: Run Behavior\BuildLiteBehavior [ RunTime:0.000016s ]
INFO: [ app_init ] --END-- [ RunTime:0.000336s ]

[ 2017-05-13T13:23:09+08:00 ] ::1 /index.php/Home/User/register
INFO: [ app_init ] --START--
INFO: Run Behavior\BuildLiteBehavior [ RunTime:0.000010s ]
INFO: [ app_init ] --END-- [ RunTime:0.000262s ]

[ 2017-05-13T13:23:58+08:00 ] ::1 /index.php/Home/User/userInfo
INFO: [ app_init ] --START--
INFO: Run Behavior\BuildLiteBehavior [ RunTime:0.000011s ]
INFO: [ app_init ] --END-- [ RunTime:0.000257s ]

[ 2017-05-13T13:24:02+08:00 ] ::1 /index.php/Home/Goods/goodstext
INFO: [ app_init ] --START--
INFO: Run Behavior\BuildLiteBehavior [ RunTime:0.000011s ]
INFO: [ app_init ] --END-- [ RunTime:0.000254s ]

[ 2017-05-13T13:24:04+08:00 ] ::1 /index.php/Home/Goods/artile/id/1
INFO: [ app_init ] --START--
INFO: Run Behavior\BuildLiteBehavior [ RunTime:0.000013s ]
INFO: [ app_init ] --END-- [ RunTime:0.000294s ]

[ 2017-05-13T13:24:31+08:00 ] ::1 /index.php/Home/Goods/goodslist/type/%E8%82%89%E7%B1%BB%E7%B2%BE%E9%80%89
INFO: [ app_init ] --START--
INFO: Run Behavior\BuildLiteBehavior [ RunTime:0.000012s ]
INFO: [ app_init ] --END-- [ RunTime:0.000289s ]

[ 2017-05-13T13:24:33+08:00 ] ::1 /index.php/Home/Goods/goodsinfo/good_id/1
INFO: [ app_init ] --START--
INFO: Run Behavior\BuildLiteBehavior [ RunTime:0.000011s ]
INFO: [ app_init ] --END-- [ RunTime:0.000293s ]

[ 2017-05-13T13:25:43+08:00 ] ::1 /index.php/Home/Goods/goodstext
INFO: [ app_init ] --START--
INFO: Run Behavior\BuildLiteBehavior [ RunTime:0.000012s ]
INFO: [ app_init ] --END-- [ RunTime:0.000453s ]

[ 2017-05-13T13:25:58+08:00 ] ::1 /index.php/Home/Index/index
INFO: [ app_init ] --START--
INFO: Run Behavior\BuildLiteBehavior [ RunTime:0.000031s ]
INFO: [ app_init ] --END-- [ RunTime:0.000955s ]

[ 2017-05-13T13:26:01+08:00 ] ::1 /index.php/Home/Index/index
INFO: [ app_init ] --START--
INFO: Run Behavior\BuildLiteBehavior [ RunTime:0.000014s ]
INFO: [ app_init ] --END-- [ RunTime:0.000297s ]

[ 2017-05-13T13:26:03+08:00 ] ::1 /index.php/Home/Index/logout.du
INFO: [ app_init ] --START--
INFO: Run Behavior\BuildLiteBehavior [ RunTime:0.000011s ]
INFO: [ app_init ] --END-- [ RunTime:0.000256s ]

[ 2017-05-13T13:26:04+08:00 ] ::1 /index.php/Home/Index/index
INFO: [ app_init ] --START--
INFO: Run Behavior\BuildLiteBehavior [ RunTime:0.000011s ]
INFO: [ app_init ] --END-- [ RunTime:0.000257s ]

[ 2017-05-13T13:26:05+08:00 ] ::1 /index.php/Home/Index/image/foot.gif
INFO: [ app_init ] --START--
INFO: Run Behavior\BuildLiteBehavior [ RunTime:0.000014s ]
INFO: [ app_init ] --END-- [ RunTime:0.000504s ]

[ 2017-05-13T13:26:06+08:00 ] ::1 /index.php/Home/Goods/goodstext?PHPSESSID=qnup12guhl6o4uqasrqe2881c4
INFO: [ app_init ] --START--
INFO: Run Behavior\BuildLiteBehavior [ RunTime:0.000018s ]
INFO: [ app_init ] --END-- [ RunTime:0.000348s ]

[ 2017-05-13T13:26:07+08:00 ] ::1 /index.php/Home/Goods/artile/id/1
INFO: [ app_init ] --START--
INFO: Run Behavior\BuildLiteBehavior [ RunTime:0.000017s ]
INFO: [ app_init ] --END-- [ RunTime:0.000418s ]

[ 2017-05-13T13:26:41+08:00 ] ::1 /index.php/Home/Goods/artile/id/1
INFO: [ app_init ] --START--
INFO: Run Behavior\BuildLiteBehavior [ RunTime:0.000015s ]
INFO: [ app_init ] --END-- [ RunTime:0.000398s ]

[ 2017-05-13T13:27:26+08:00 ] ::1 /index.php/Home/Goods/artile/id/1
INFO: [ app_init ] --START--
INFO: Run Behavior\BuildLiteBehavior [ RunTime:0.000018s ]
INFO: [ app_init ] --END-- [ RunTime:0.000375s ]

[ 2017-05-13T13:27:33+08:00 ] ::1 /index.php/Home/Index/index
INFO: [ app_init ] --START--
INFO: Run Behavior\BuildLiteBehavior [ RunTime:0.000011s ]
INFO: [ app_init ] --END-- [ RunTime:0.000246s ]
ERR: 1054:Unknown column 's' in 'where clause'
 [ SQL语句 ] : SELECT * FROM `user` WHERE ( user_name='s' and user_password=md5(s) ) LIMIT 1  

[ 2017-05-13T13:27:34+08:00 ] ::1 /index.php/Home/Index/index
INFO: [ app_init ] --START--
INFO: Run Behavior\BuildLiteBehavior [ RunTime:0.000011s ]
INFO: [ app_init ] --END-- [ RunTime:0.000281s ]
ERR: 1054:Unknown column 's' in 'where clause'
 [ SQL语句 ] : SELECT * FROM `user` WHERE ( user_name='s' and user_password=md5(s) ) LIMIT 1  

[ 2017-05-13T13:27:34+08:00 ] ::1 /index.php/Home/Index/index
INFO: [ app_init ] --START--
INFO: Run Behavior\BuildLiteBehavior [ RunTime:0.000012s ]
INFO: [ app_init ] --END-- [ RunTime:0.000270s ]
ERR: 1054:Unknown column 's' in 'where clause'
 [ SQL语句 ] : SELECT * FROM `user` WHERE ( user_name='s' and user_password=md5(s) ) LIMIT 1  

[ 2017-05-13T13:27:34+08:00 ] ::1 /index.php/Home/Index/index
INFO: [ app_init ] --START--
INFO: Run Behavior\BuildLiteBehavior [ RunTime:0.000014s ]
INFO: [ app_init ] --END-- [ RunTime:0.000313s ]
ERR: 1054:Unknown column 's' in 'where clause'
 [ SQL语句 ] : SELECT * FROM `user` WHERE ( user_name='s' and user_password=md5(s) ) LIMIT 1  

[ 2017-05-13T13:28:11+08:00 ] ::1 /index.php/Home/User/findPasword
INFO: [ app_init ] --START--
INFO: Run Behavior\BuildLiteBehavior [ RunTime:0.000017s ]
INFO: [ app_init ] --END-- [ RunTime:0.000319s ]

[ 2017-05-13T13:28:15+08:00 ] ::1 /index.php/Home/Goods/artile/id/1
INFO: [ app_init ] --START--
INFO: Run Behavior\BuildLiteBehavior [ RunTime:0.000015s ]
INFO: [ app_init ] --END-- [ RunTime:0.000330s ]

[ 2017-05-13T13:28:17+08:00 ] ::1 /index.php/Home/User/register
INFO: [ app_init ] --START--
INFO: Run Behavior\BuildLiteBehavior [ RunTime:0.000015s ]
INFO: [ app_init ] --END-- [ RunTime:0.000336s ]

[ 2017-05-13T13:28:26+08:00 ] ::1 /index.php/Home/Index/index
INFO: [ app_init ] --START--
INFO: Run Behavior\BuildLiteBehavior [ RunTime:0.000011s ]
INFO: [ app_init ] --END-- [ RunTime:0.000302s ]
ERR: 1054:Unknown column 'sd' in 'where clause'
 [ SQL语句 ] : SELECT * FROM `user` WHERE ( user_name='s' and user_password=md5(sd) ) LIMIT 1  

[ 2017-05-13T13:28:27+08:00 ] ::1 /index.php/Home/Index/index
INFO: [ app_init ] --START--
INFO: Run Behavior\BuildLiteBehavior [ RunTime:0.000014s ]
INFO: [ app_init ] --END-- [ RunTime:0.000425s ]
ERR: 1054:Unknown column 'sd' in 'where clause'
 [ SQL语句 ] : SELECT * FROM `user` WHERE ( user_name='s' and user_password=md5(sd) ) LIMIT 1  

[ 2017-05-13T13:28:27+08:00 ] ::1 /index.php/Home/Index/index
INFO: [ app_init ] --START--
INFO: Run Behavior\BuildLiteBehavior [ RunTime:0.000012s ]
INFO: [ app_init ] --END-- [ RunTime:0.000292s ]
ERR: 1054:Unknown column 'sd' in 'where clause'
 [ SQL语句 ] : SELECT * FROM `user` WHERE ( user_name='s' and user_password=md5(sd) ) LIMIT 1  

[ 2017-05-13T13:28:27+08:00 ] ::1 /index.php/Home/Index/index
INFO: [ app_init ] --START--
INFO: Run Behavior\BuildLiteBehavior [ RunTime:0.000011s ]
INFO: [ app_init ] --END-- [ RunTime:0.000251s ]
ERR: 1054:Unknown column 'sd' in 'where clause'
 [ SQL语句 ] : SELECT * FROM `user` WHERE ( user_name='s' and user_password=md5(sd) ) LIMIT 1  

[ 2017-05-13T13:28:43+08:00 ] ::1 /index.php/Home/Index/index
INFO: [ app_init ] --START--
INFO: Run Behavior\BuildLiteBehavior [ RunTime:0.000013s ]
INFO: [ app_init ] --END-- [ RunTime:0.000319s ]
ERR: 1054:Unknown column 'sd' in 'where clause'
 [ SQL语句 ] : SELECT * FROM `user` WHERE ( user_name='s' and user_password=md5(sd) ) LIMIT 1  

[ 2017-05-13T13:30:13+08:00 ] ::1 /index.php/Home/Index/index
INFO: [ app_init ] --START--
INFO: Run Behavior\BuildLiteBehavior [ RunTime:0.000017s ]
INFO: [ app_init ] --END-- [ RunTime:0.000628s ]

[ 2017-05-13T13:30:14+08:00 ] ::1 /index.php/Home/Index/image/foot.gif
INFO: [ app_init ] --START--
INFO: Run Behavior\BuildLiteBehavior [ RunTime:0.000024s ]
INFO: [ app_init ] --END-- [ RunTime:0.000771s ]

[ 2017-05-13T13:30:19+08:00 ] ::1 /index.php/Home/Goods/artile/id/1
INFO: [ app_init ] --START--
INFO: Run Behavior\BuildLiteBehavior [ RunTime:0.000033s ]
INFO: [ app_init ] --END-- [ RunTime:0.000495s ]

[ 2017-05-13T13:30:37+08:00 ] ::1 /index.php/Home/Index/index
INFO: [ app_init ] --START--
INFO: Run Behavior\BuildLiteBehavior [ RunTime:0.000017s ]
INFO: [ app_init ] --END-- [ RunTime:0.000395s ]
ERR: 1064:You have an error in your SQL syntax; check the manual that corresponds to your MySQL server version for the right syntax to use near '=) ) LIMIT 1' at line 1
 [ SQL语句 ] : SELECT * FROM `user` WHERE ( user_name='s' and user_password=md5(=) ) LIMIT 1  

[ 2017-05-13T13:31:14+08:00 ] ::1 /index.php/Home/User/register
INFO: [ app_init ] --START--
INFO: Run Behavior\BuildLiteBehavior [ RunTime:0.000018s ]
INFO: [ app_init ] --END-- [ RunTime:0.000401s ]

[ 2017-05-13T13:31:19+08:00 ] ::1 /index.php/Home/Index/index
INFO: [ app_init ] --START--
INFO: Run Behavior\BuildLiteBehavior [ RunTime:0.000015s ]
INFO: [ app_init ] --END-- [ RunTime:0.000331s ]
ERR: 1054:Unknown column 'd' in 'where clause'
 [ SQL语句 ] : SELECT * FROM `user` WHERE ( user_name='sd' and user_password=md5(d) ) LIMIT 1  

[ 2017-05-13T13:31:31+08:00 ] ::1 /index.php/Home/User/register
INFO: [ app_init ] --START--
INFO: Run Behavior\BuildLiteBehavior [ RunTime:0.000011s ]
INFO: [ app_init ] --END-- [ RunTime:0.000327s ]

[ 2017-05-13T13:31:33+08:00 ] ::1 /index.php/Home/User/register
INFO: [ app_init ] --START--
INFO: Run Behavior\BuildLiteBehavior [ RunTime:0.000015s ]
INFO: [ app_init ] --END-- [ RunTime:0.000346s ]

[ 2017-05-13T13:31:39+08:00 ] ::1 /index.php/Home/Index/index
INFO: [ app_init ] --START--
INFO: Run Behavior\BuildLiteBehavior [ RunTime:0.000016s ]
INFO: [ app_init ] --END-- [ RunTime:0.000344s ]

[ 2017-05-13T13:31:48+08:00 ] ::1 /index.php/Home/Index/index
INFO: [ app_init ] --START--
INFO: Run Behavior\BuildLiteBehavior [ RunTime:0.000010s ]
INFO: [ app_init ] --END-- [ RunTime:0.000255s ]

[ 2017-05-13T13:31:54+08:00 ] ::1 /index.php/Home/Index/index
INFO: [ app_init ] --START--
INFO: Run Behavior\BuildLiteBehavior [ RunTime:0.000012s ]
INFO: [ app_init ] --END-- [ RunTime:0.000262s ]

[ 2017-05-13T13:32:05+08:00 ] ::1 /index.php/Home/Index/logout.du
INFO: [ app_init ] --START--
INFO: Run Behavior\BuildLiteBehavior [ RunTime:0.000014s ]
INFO: [ app_init ] --END-- [ RunTime:0.000374s ]

[ 2017-05-13T13:32:07+08:00 ] ::1 /index.php/Home/Index/index
INFO: [ app_init ] --START--
INFO: Run Behavior\BuildLiteBehavior [ RunTime:0.000021s ]
INFO: [ app_init ] --END-- [ RunTime:0.000562s ]

[ 2017-05-13T13:32:07+08:00 ] ::1 /index.php/Home/Index/image/foot.gif
INFO: [ app_init ] --START--
INFO: Run Behavior\BuildLiteBehavior [ RunTime:0.000020s ]
INFO: [ app_init ] --END-- [ RunTime:0.000620s ]

[ 2017-05-13T13:32:08+08:00 ] ::1 /index.php/Home/Index/image/foot.gif
INFO: [ app_init ] --START--
INFO: Run Behavior\BuildLiteBehavior [ RunTime:0.000011s ]
INFO: [ app_init ] --END-- [ RunTime:0.000246s ]

[ 2017-05-13T13:32:11+08:00 ] ::1 /index.php/Home/Goods/goodstext?PHPSESSID=9gq6no6ac0lrjn8l9or08sjp03
INFO: [ app_init ] --START--
INFO: Run Behavior\BuildLiteBehavior [ RunTime:0.000015s ]
INFO: [ app_init ] --END-- [ RunTime:0.000403s ]

[ 2017-05-13T13:32:20+08:00 ] ::1 /index.php/Home/Index/index
INFO: [ app_init ] --START--
INFO: Run Behavior\BuildLiteBehavior [ RunTime:0.000017s ]
INFO: [ app_init ] --END-- [ RunTime:0.000433s ]

[ 2017-05-13T13:32:26+08:00 ] ::1 /index.php/Home/Index/index
INFO: [ app_init ] --START--
INFO: Run Behavior\BuildLiteBehavior [ RunTime:0.000015s ]
INFO: [ app_init ] --END-- [ RunTime:0.000341s ]

[ 2017-05-13T13:32:27+08:00 ] ::1 /index.php/Home/Index/logout.du
INFO: [ app_init ] --START--
INFO: Run Behavior\BuildLiteBehavior [ RunTime:0.000011s ]
INFO: [ app_init ] --END-- [ RunTime:0.000265s ]

[ 2017-05-13T13:32:28+08:00 ] ::1 /index.php/Home/Index/index
INFO: [ app_init ] --START--
INFO: Run Behavior\BuildLiteBehavior [ RunTime:0.000018s ]
INFO: [ app_init ] --END-- [ RunTime:0.000395s ]

[ 2017-05-13T13:32:28+08:00 ] ::1 /index.php/Home/Index/image/foot.gif
INFO: [ app_init ] --START--
INFO: Run Behavior\BuildLiteBehavior [ RunTime:0.000014s ]
INFO: [ app_init ] --END-- [ RunTime:0.000336s ]

[ 2017-05-13T13:32:28+08:00 ] ::1 /index.php/Home/Index/image/foot.gif
INFO: [ app_init ] --START--
INFO: Run Behavior\BuildLiteBehavior [ RunTime:0.000014s ]
INFO: [ app_init ] --END-- [ RunTime:0.000331s ]

[ 2017-05-13T13:32:30+08:00 ] ::1 /index.php/Home/Goods/goodstext?PHPSESSID=023hcih2ojaqa9gmmstnph6pv1
INFO: [ app_init ] --START--
INFO: Run Behavior\BuildLiteBehavior [ RunTime:0.000015s ]
INFO: [ app_init ] --END-- [ RunTime:0.000371s ]

[ 2017-05-13T13:32:31+08:00 ] ::1 /index.php/Home/Goods/artile/id/1
INFO: [ app_init ] --START--
INFO: Run Behavior\BuildLiteBehavior [ RunTime:0.000020s ]
INFO: [ app_init ] --END-- [ RunTime:0.000455s ]

[ 2017-05-13T13:32:38+08:00 ] ::1 /index.php/Home/User/findPasword
INFO: [ app_init ] --START--
INFO: Run Behavior\BuildLiteBehavior [ RunTime:0.000016s ]
INFO: [ app_init ] --END-- [ RunTime:0.000373s ]

[ 2017-05-13T13:32:44+08:00 ] ::1 /index.php/Home/User/register/name/dxy
INFO: [ app_init ] --START--
INFO: Run Behavior\BuildLiteBehavior [ RunTime:0.000016s ]
INFO: [ app_init ] --END-- [ RunTime:0.000410s ]

[ 2017-05-13T13:32:54+08:00 ] ::1 /index.php/Home/User/findPasword
INFO: [ app_init ] --START--
INFO: Run Behavior\BuildLiteBehavior [ RunTime:0.000019s ]
INFO: [ app_init ] --END-- [ RunTime:0.000396s ]

[ 2017-05-13T13:33:00+08:00 ] ::1 /index.php/Home/User/register/name/
INFO: [ app_init ] --START--
INFO: Run Behavior\BuildLiteBehavior [ RunTime:0.000015s ]
INFO: [ app_init ] --END-- [ RunTime:0.000334s ]

[ 2017-05-13T13:33:17+08:00 ] ::1 /index.php/Home/User/register/name/
INFO: [ app_init ] --START--
INFO: Run Behavior\BuildLiteBehavior [ RunTime:0.000012s ]
INFO: [ app_init ] --END-- [ RunTime:0.000316s ]

[ 2017-05-13T13:33:17+08:00 ] ::1 /index.php/Home/Goods/contact
INFO: [ app_init ] --START--
INFO: Run Behavior\BuildLiteBehavior [ RunTime:0.000014s ]
INFO: [ app_init ] --END-- [ RunTime:0.000331s ]

[ 2017-05-13T13:33:54+08:00 ] ::1 /index.php/Home/Goods/contact
INFO: [ app_init ] --START--
INFO: Run Behavior\BuildLiteBehavior [ RunTime:0.000011s ]
INFO: [ app_init ] --END-- [ RunTime:0.000253s ]

[ 2017-05-13T13:33:56+08:00 ] ::1 /index.php/Home/User/findPasword
INFO: [ app_init ] --START--
INFO: Run Behavior\BuildLiteBehavior [ RunTime:0.000031s ]
INFO: [ app_init ] --END-- [ RunTime:0.000341s ]

[ 2017-05-13T13:34:56+08:00 ] ::1 /index.php/Home/User/findPasword
INFO: [ app_init ] --START--
INFO: Run Behavior\BuildLiteBehavior [ RunTime:0.000016s ]
INFO: [ app_init ] --END-- [ RunTime:0.000373s ]

[ 2017-05-13T13:36:32+08:00 ] ::1 /index.php/Home/User/findPasword
INFO: [ app_init ] --START--
INFO: Run Behavior\BuildLiteBehavior [ RunTime:0.000014s ]
INFO: [ app_init ] --END-- [ RunTime:0.000341s ]

[ 2017-05-13T13:36:36+08:00 ] ::1 /index.php/Home/User/register/name/dxy
INFO: [ app_init ] --START--
INFO: Run Behavior\BuildLiteBehavior [ RunTime:0.000011s ]
INFO: [ app_init ] --END-- [ RunTime:0.000238s ]

[ 2017-05-13T13:36:38+08:00 ] ::1 /index.php/Home/User/findPasword
INFO: [ app_init ] --START--
INFO: Run Behavior\BuildLiteBehavior [ RunTime:0.000012s ]
INFO: [ app_init ] --END-- [ RunTime:0.000252s ]

[ 2017-05-13T13:36:38+08:00 ] ::1 /index.php/Home/User/findPasword
INFO: [ app_init ] --START--
INFO: Run Behavior\BuildLiteBehavior [ RunTime:0.000016s ]
INFO: [ app_init ] --END-- [ RunTime:0.000349s ]

[ 2017-05-13T13:36:46+08:00 ] ::1 /index.php/Home/User/findPasword
INFO: [ app_init ] --START--
INFO: Run Behavior\BuildLiteBehavior [ RunTime:0.000011s ]
INFO: [ app_init ] --END-- [ RunTime:0.000258s ]

[ 2017-05-13T13:36:46+08:00 ] ::1 /index.php/Home/User/changePasword
INFO: [ app_init ] --START--
INFO: Run Behavior\BuildLiteBehavior [ RunTime:0.000018s ]
INFO: [ app_init ] --END-- [ RunTime:0.000638s ]

[ 2017-05-13T13:37:20+08:00 ] ::1 /index.php/Home/User/changePasword
INFO: [ app_init ] --START--
INFO: Run Behavior\BuildLiteBehavior [ RunTime:0.000018s ]
INFO: [ app_init ] --END-- [ RunTime:0.000649s ]

[ 2017-05-13T13:37:26+08:00 ] ::1 /index.php/Home/User/register/name/dxy
INFO: [ app_init ] --START--
INFO: Run Behavior\BuildLiteBehavior [ RunTime:0.000017s ]
INFO: [ app_init ] --END-- [ RunTime:0.000438s ]

[ 2017-05-13T13:37:30+08:00 ] ::1 /index.php/Home/User/findPasword
INFO: [ app_init ] --START--
INFO: Run Behavior\BuildLiteBehavior [ RunTime:0.000010s ]
INFO: [ app_init ] --END-- [ RunTime:0.000246s ]

[ 2017-05-13T13:37:30+08:00 ] ::1 /index.php/Home/User/changePasword
INFO: [ app_init ] --START--
INFO: Run Behavior\BuildLiteBehavior [ RunTime:0.000020s ]
INFO: [ app_init ] --END-- [ RunTime:0.000441s ]

[ 2017-05-13T13:37:34+08:00 ] ::1 /index.php/Home/User/changePasword
INFO: [ app_init ] --START--
INFO: Run Behavior\BuildLiteBehavior [ RunTime:0.000010s ]
INFO: [ app_init ] --END-- [ RunTime:0.000260s ]

[ 2017-05-13T13:37:35+08:00 ] ::1 /index.php/Home/User/changePasword
INFO: [ app_init ] --START--
INFO: Run Behavior\BuildLiteBehavior [ RunTime:0.000011s ]
INFO: [ app_init ] --END-- [ RunTime:0.000246s ]

[ 2017-05-13T13:37:35+08:00 ] ::1 /index.php/Home/User/changePasword
INFO: [ app_init ] --START--
INFO: Run Behavior\BuildLiteBehavior [ RunTime:0.000020s ]
INFO: [ app_init ] --END-- [ RunTime:0.000488s ]

[ 2017-05-13T13:37:35+08:00 ] ::1 /index.php/Home/User/changePasword
INFO: [ app_init ] --START--
INFO: Run Behavior\BuildLiteBehavior [ RunTime:0.000020s ]
INFO: [ app_init ] --END-- [ RunTime:0.000499s ]

[ 2017-05-13T13:37:36+08:00 ] ::1 /index.php/Home/User/changePasword
INFO: [ app_init ] --START--
INFO: Run Behavior\BuildLiteBehavior [ RunTime:0.000018s ]
INFO: [ app_init ] --END-- [ RunTime:0.000415s ]

[ 2017-05-13T13:37:50+08:00 ] ::1 /index.php/Home/User/register/name/dxy
INFO: [ app_init ] --START--
INFO: Run Behavior\BuildLiteBehavior [ RunTime:0.000019s ]
INFO: [ app_init ] --END-- [ RunTime:0.000636s ]

[ 2017-05-13T13:37:56+08:00 ] ::1 /index.php/Home/User/findPasword
INFO: [ app_init ] --START--
INFO: Run Behavior\BuildLiteBehavior [ RunTime:0.000019s ]
INFO: [ app_init ] --END-- [ RunTime:0.000740s ]

[ 2017-05-13T13:37:56+08:00 ] ::1 /index.php/Home/User/changePasword
INFO: [ app_init ] --START--
INFO: Run Behavior\BuildLiteBehavior [ RunTime:0.000010s ]
INFO: [ app_init ] --END-- [ RunTime:0.000263s ]

[ 2017-05-13T13:38:13+08:00 ] ::1 /index.php/Home/User/register
INFO: [ app_init ] --START--
INFO: Run Behavior\BuildLiteBehavior [ RunTime:0.000014s ]
INFO: [ app_init ] --END-- [ RunTime:0.000358s ]

[ 2017-05-13T13:38:48+08:00 ] ::1 /index.php/Home/User/changePasword
INFO: [ app_init ] --START--
INFO: Run Behavior\BuildLiteBehavior [ RunTime:0.000020s ]
INFO: [ app_init ] --END-- [ RunTime:0.000544s ]

[ 2017-05-13T13:40:01+08:00 ] ::1 /index.php/Home/User/changePasword
INFO: [ app_init ] --START--
INFO: Run Behavior\BuildLiteBehavior [ RunTime:0.000019s ]
INFO: [ app_init ] --END-- [ RunTime:0.000509s ]

[ 2017-05-13T13:40:02+08:00 ] ::1 /index.php/Home/User/changePasword
INFO: [ app_init ] --START--
INFO: Run Behavior\BuildLiteBehavior [ RunTime:0.000014s ]
INFO: [ app_init ] --END-- [ RunTime:0.000405s ]

[ 2017-05-13T13:41:02+08:00 ] ::1 /index.php/Home/User/changePasword
INFO: [ app_init ] --START--
INFO: Run Behavior\BuildLiteBehavior [ RunTime:0.000011s ]
INFO: [ app_init ] --END-- [ RunTime:0.000261s ]

[ 2017-05-13T13:41:21+08:00 ] ::1 /index.php/Home/User/changePasword
INFO: [ app_init ] --START--
INFO: Run Behavior\BuildLiteBehavior [ RunTime:0.000012s ]
INFO: [ app_init ] --END-- [ RunTime:0.000306s ]

[ 2017-05-13T13:43:31+08:00 ] ::1 /index.php/Home/User/changePasword
INFO: [ app_init ] --START--
INFO: Run Behavior\BuildLiteBehavior [ RunTime:0.000013s ]
INFO: [ app_init ] --END-- [ RunTime:0.000338s ]

[ 2017-05-13T13:43:33+08:00 ] ::1 /index.php/Home/User/changePasword
INFO: [ app_init ] --START--
INFO: Run Behavior\BuildLiteBehavior [ RunTime:0.000025s ]
INFO: [ app_init ] --END-- [ RunTime:0.000761s ]

[ 2017-05-13T13:43:58+08:00 ] ::1 /index.php/Home/User/changePasword
INFO: [ app_init ] --START--
INFO: Run Behavior\BuildLiteBehavior [ RunTime:0.000017s ]
INFO: [ app_init ] --END-- [ RunTime:0.000395s ]

[ 2017-05-13T13:44:01+08:00 ] ::1 /index.php/Home/User/changePasword
INFO: [ app_init ] --START--
INFO: Run Behavior\BuildLiteBehavior [ RunTime:0.000018s ]
INFO: [ app_init ] --END-- [ RunTime:0.000427s ]

[ 2017-05-13T13:44:26+08:00 ] ::1 /index.php/Home/User/changePasword
INFO: [ app_init ] --START--
INFO: Run Behavior\BuildLiteBehavior [ RunTime:0.000025s ]
INFO: [ app_init ] --END-- [ RunTime:0.000675s ]

[ 2017-05-13T13:44:30+08:00 ] ::1 /index.php/Home/User/changePasword
INFO: [ app_init ] --START--
INFO: Run Behavior\BuildLiteBehavior [ RunTime:0.000019s ]
INFO: [ app_init ] --END-- [ RunTime:0.000594s ]

[ 2017-05-13T13:44:41+08:00 ] ::1 /index.php/Home/User/changePasword
INFO: [ app_init ] --START--
INFO: Run Behavior\BuildLiteBehavior [ RunTime:0.000012s ]
INFO: [ app_init ] --END-- [ RunTime:0.000324s ]

[ 2017-05-13T13:47:54+08:00 ] ::1 /index.php/Home/User/register
INFO: [ app_init ] --START--
INFO: Run Behavior\BuildLiteBehavior [ RunTime:0.000029s ]
INFO: [ app_init ] --END-- [ RunTime:0.000887s ]

[ 2017-05-13T13:47:58+08:00 ] ::1 /index.php/Home/User/register/name/dxy
INFO: [ app_init ] --START--
INFO: Run Behavior\BuildLiteBehavior [ RunTime:0.000015s ]
INFO: [ app_init ] --END-- [ RunTime:0.000336s ]

[ 2017-05-13T13:48:07+08:00 ] ::1 /index.php/Home/User/register/name/dxy
INFO: [ app_init ] --START--
INFO: Run Behavior\BuildLiteBehavior [ RunTime:0.000021s ]
INFO: [ app_init ] --END-- [ RunTime:0.000378s ]

[ 2017-05-13T13:51:11+08:00 ] ::1 /index.php/Home/User/register/name/dxy
INFO: [ app_init ] --START--
INFO: Run Behavior\BuildLiteBehavior [ RunTime:0.000018s ]
INFO: [ app_init ] --END-- [ RunTime:0.000395s ]

[ 2017-05-13T13:53:17+08:00 ] ::1 /index.php/Home/User/register/name/dxy
INFO: [ app_init ] --START--
INFO: Run Behavior\BuildLiteBehavior [ RunTime:0.000037s ]
INFO: [ app_init ] --END-- [ RunTime:0.000547s ]

[ 2017-05-13T13:53:17+08:00 ] ::1 /index.php/Home/User/changePasword
INFO: [ app_init ] --START--
INFO: Run Behavior\BuildLiteBehavior [ RunTime:0.000017s ]
INFO: [ app_init ] --END-- [ RunTime:0.000459s ]

[ 2017-05-13T13:53:22+08:00 ] ::1 /index.php/Home/User/findPasword
INFO: [ app_init ] --START--
INFO: Run Behavior\BuildLiteBehavior [ RunTime:0.000020s ]
INFO: [ app_init ] --END-- [ RunTime:0.000735s ]

[ 2017-05-13T13:53:25+08:00 ] ::1 /index.php/Home/User/register/name/dxy
INFO: [ app_init ] --START--
INFO: Run Behavior\BuildLiteBehavior [ RunTime:0.000016s ]
INFO: [ app_init ] --END-- [ RunTime:0.000389s ]

[ 2017-05-13T13:53:29+08:00 ] ::1 /index.php/Home/User/findPasword
INFO: [ app_init ] --START--
INFO: Run Behavior\BuildLiteBehavior [ RunTime:0.000018s ]
INFO: [ app_init ] --END-- [ RunTime:0.000514s ]

[ 2017-05-13T13:53:30+08:00 ] ::1 /index.php/Home/User/changePasword/username/dxy
INFO: [ app_init ] --START--
INFO: Run Behavior\BuildLiteBehavior [ RunTime:0.000020s ]
INFO: [ app_init ] --END-- [ RunTime:0.000541s ]

[ 2017-05-13T13:53:34+08:00 ] ::1 /index.php/Home/User/register/name/
INFO: [ app_init ] --START--
INFO: Run Behavior\BuildLiteBehavior [ RunTime:0.000025s ]
INFO: [ app_init ] --END-- [ RunTime:0.000752s ]

[ 2017-05-13T13:53:44+08:00 ] ::1 /index.php/Home/User/register/name/dxy
INFO: [ app_init ] --START--
INFO: Run Behavior\BuildLiteBehavior [ RunTime:0.000019s ]
INFO: [ app_init ] --END-- [ RunTime:0.000435s ]

[ 2017-05-13T13:54:04+08:00 ] ::1 /index.php/Home/User/findPasword
INFO: [ app_init ] --START--
INFO: Run Behavior\BuildLiteBehavior [ RunTime:0.000042s ]
INFO: [ app_init ] --END-- [ RunTime:0.000610s ]

[ 2017-05-13T13:54:04+08:00 ] ::1 /index.php/Home/User/register/name/dxy
INFO: [ app_init ] --START--
INFO: Run Behavior\BuildLiteBehavior [ RunTime:0.000047s ]
INFO: [ app_init ] --END-- [ RunTime:0.000886s ]

[ 2017-05-13T13:54:13+08:00 ] ::1 /index.php/Home/User/register/name/dxy
INFO: [ app_init ] --START--
INFO: Run Behavior\BuildLiteBehavior [ RunTime:0.000014s ]
INFO: [ app_init ] --END-- [ RunTime:0.000360s ]

[ 2017-05-13T13:54:20+08:00 ] ::1 /index.php/Home/User/findPasword
INFO: [ app_init ] --START--
INFO: Run Behavior\BuildLiteBehavior [ RunTime:0.000012s ]
INFO: [ app_init ] --END-- [ RunTime:0.000309s ]

[ 2017-05-13T13:54:21+08:00 ] ::1 /index.php/Home/User/changePasword/username/dxy
INFO: [ app_init ] --START--
INFO: Run Behavior\BuildLiteBehavior [ RunTime:0.000020s ]
INFO: [ app_init ] --END-- [ RunTime:0.000496s ]

[ 2017-05-13T13:54:37+08:00 ] ::1 /index.php/Home/User/register/name/
INFO: [ app_init ] --START--
INFO: Run Behavior\BuildLiteBehavior [ RunTime:0.000022s ]
INFO: [ app_init ] --END-- [ RunTime:0.000715s ]

[ 2017-05-13T13:54:59+08:00 ] ::1 /index.php/Home/User/register/name/
INFO: [ app_init ] --START--
INFO: Run Behavior\BuildLiteBehavior [ RunTime:0.000018s ]
INFO: [ app_init ] --END-- [ RunTime:0.000427s ]

[ 2017-05-13T13:55:16+08:00 ] ::1 /index.php/Home/User/register/name/
INFO: [ app_init ] --START--
INFO: Run Behavior\BuildLiteBehavior [ RunTime:0.000021s ]
INFO: [ app_init ] --END-- [ RunTime:0.000646s ]

[ 2017-05-13T13:55:22+08:00 ] ::1 /index.php/Home/User/register/name/
INFO: [ app_init ] --START--
INFO: Run Behavior\BuildLiteBehavior [ RunTime:0.000019s ]
INFO: [ app_init ] --END-- [ RunTime:0.000509s ]

[ 2017-05-13T13:55:23+08:00 ] ::1 /index.php/Home/User/register/name/
INFO: [ app_init ] --START--
INFO: Run Behavior\BuildLiteBehavior [ RunTime:0.000011s ]
INFO: [ app_init ] --END-- [ RunTime:0.000293s ]

[ 2017-05-13T13:55:24+08:00 ] ::1 /index.php/Home/User/findPasword
INFO: [ app_init ] --START--
INFO: Run Behavior\BuildLiteBehavior [ RunTime:0.000021s ]
INFO: [ app_init ] --END-- [ RunTime:0.000660s ]

[ 2017-05-13T13:55:24+08:00 ] ::1 /index.php/Home/User/register/name/
INFO: [ app_init ] --START--
INFO: Run Behavior\BuildLiteBehavior [ RunTime:0.000013s ]
INFO: [ app_init ] --END-- [ RunTime:0.000365s ]

[ 2017-05-13T13:56:11+08:00 ] ::1 /index.php/Home/User/findPasword
INFO: [ app_init ] --START--
INFO: Run Behavior\BuildLiteBehavior [ RunTime:0.000021s ]
INFO: [ app_init ] --END-- [ RunTime:0.026049s ]

[ 2017-05-13T13:56:14+08:00 ] ::1 /index.php/Home/User/register/name/dxy
INFO: [ app_init ] --START--
INFO: Run Behavior\BuildLiteBehavior [ RunTime:0.000015s ]
INFO: [ app_init ] --END-- [ RunTime:0.000348s ]

[ 2017-05-13T13:56:18+08:00 ] ::1 /index.php/Home/User/findPasword
INFO: [ app_init ] --START--
INFO: Run Behavior\BuildLiteBehavior [ RunTime:0.000016s ]
INFO: [ app_init ] --END-- [ RunTime:0.000379s ]

[ 2017-05-13T13:56:19+08:00 ] ::1 /index.php/Home/User/changePasword/username/dxy
INFO: [ app_init ] --START--
INFO: Run Behavior\BuildLiteBehavior [ RunTime:0.000016s ]
INFO: [ app_init ] --END-- [ RunTime:0.000373s ]

[ 2017-05-13T14:01:09+08:00 ] ::1 /index.php/Home/User/changePasword/username/dxy
INFO: [ app_init ] --START--
INFO: Run Behavior\BuildLiteBehavior [ RunTime:0.000010s ]
INFO: [ app_init ] --END-- [ RunTime:0.000309s ]

[ 2017-05-13T14:01:10+08:00 ] ::1 /index.php/Home/User/changePasword/username/dxy
INFO: [ app_init ] --START--
INFO: Run Behavior\BuildLiteBehavior [ RunTime:0.000022s ]
INFO: [ app_init ] --END-- [ RunTime:0.000451s ]

[ 2017-05-13T14:01:10+08:00 ] ::1 /index.php/Home/User/changePasword/username/dxy
INFO: [ app_init ] --START--
INFO: Run Behavior\BuildLiteBehavior [ RunTime:0.000021s ]
INFO: [ app_init ] --END-- [ RunTime:0.000617s ]

[ 2017-05-13T14:01:50+08:00 ] ::1 /index.php/Home/User/changePasword
INFO: [ app_init ] --START--
INFO: Run Behavior\BuildLiteBehavior [ RunTime:0.000016s ]
INFO: [ app_init ] --END-- [ RunTime:0.000358s ]

[ 2017-05-13T14:02:36+08:00 ] ::1 /index.php/Home/User/changePasword
INFO: [ app_init ] --START--
INFO: Run Behavior\BuildLiteBehavior [ RunTime:0.000018s ]
INFO: [ app_init ] --END-- [ RunTime:0.000653s ]

[ 2017-05-13T14:03:28+08:00 ] ::1 /index.php/Home/User/changePasword
INFO: [ app_init ] --START--
INFO: Run Behavior\BuildLiteBehavior [ RunTime:0.000012s ]
INFO: [ app_init ] --END-- [ RunTime:0.000317s ]

[ 2017-05-13T14:04:20+08:00 ] ::1 /index.php/Home/User/changePasword
INFO: [ app_init ] --START--
INFO: Run Behavior\BuildLiteBehavior [ RunTime:0.000011s ]
INFO: [ app_init ] --END-- [ RunTime:0.000314s ]

[ 2017-05-13T14:04:42+08:00 ] ::1 /index.php/Home/User/register/name/dxy
INFO: [ app_init ] --START--
INFO: Run Behavior\BuildLiteBehavior [ RunTime:0.000019s ]
INFO: [ app_init ] --END-- [ RunTime:0.000846s ]

[ 2017-05-13T14:04:46+08:00 ] ::1 /index.php/Home/User/findPasword
INFO: [ app_init ] --START--
INFO: Run Behavior\BuildLiteBehavior [ RunTime:0.000015s ]
INFO: [ app_init ] --END-- [ RunTime:0.000331s ]

[ 2017-05-13T14:04:47+08:00 ] ::1 /index.php/Home/User/changePasword/username/dxy
INFO: [ app_init ] --START--
INFO: Run Behavior\BuildLiteBehavior [ RunTime:0.000016s ]
INFO: [ app_init ] --END-- [ RunTime:0.000369s ]

[ 2017-05-13T14:04:54+08:00 ] ::1 /index.php/Home/User/changePasword
INFO: [ app_init ] --START--
INFO: Run Behavior\BuildLiteBehavior [ RunTime:0.000015s ]
INFO: [ app_init ] --END-- [ RunTime:0.000341s ]

[ 2017-05-13T14:13:37+08:00 ] ::1 /index.php/Home/User/changePasword
INFO: [ app_init ] --START--
INFO: Run Behavior\BuildLiteBehavior [ RunTime:0.000015s ]
INFO: [ app_init ] --END-- [ RunTime:0.000360s ]

[ 2017-05-13T14:13:42+08:00 ] ::1 /index.php/Home/User/change
INFO: [ app_init ] --START--
INFO: Run Behavior\BuildLiteBehavior [ RunTime:0.000019s ]
INFO: [ app_init ] --END-- [ RunTime:0.000509s ]

[ 2017-05-13T14:14:00+08:00 ] ::1 /index.php/Home/User/change
INFO: [ app_init ] --START--
INFO: Run Behavior\BuildLiteBehavior [ RunTime:0.000015s ]
INFO: [ app_init ] --END-- [ RunTime:0.000387s ]

[ 2017-05-13T14:14:35+08:00 ] ::1 /index.php/Home/User/change
INFO: [ app_init ] --START--
INFO: Run Behavior\BuildLiteBehavior [ RunTime:0.000019s ]
INFO: [ app_init ] --END-- [ RunTime:0.000449s ]

[ 2017-05-13T14:15:02+08:00 ] ::1 /index.php/Home/User/register/name/DXY
INFO: [ app_init ] --START--
INFO: Run Behavior\BuildLiteBehavior [ RunTime:0.000011s ]
INFO: [ app_init ] --END-- [ RunTime:0.000265s ]

[ 2017-05-13T14:15:08+08:00 ] ::1 /index.php/Home/User/findPasword
INFO: [ app_init ] --START--
INFO: Run Behavior\BuildLiteBehavior [ RunTime:0.000032s ]
INFO: [ app_init ] --END-- [ RunTime:0.000694s ]

[ 2017-05-13T14:15:08+08:00 ] ::1 /index.php/Home/User/changePasword/username/DXY
INFO: [ app_init ] --START--
INFO: Run Behavior\BuildLiteBehavior [ RunTime:0.000015s ]
INFO: [ app_init ] --END-- [ RunTime:0.000340s ]

[ 2017-05-13T14:15:16+08:00 ] ::1 /index.php/Home/User/change
INFO: [ app_init ] --START--
INFO: Run Behavior\BuildLiteBehavior [ RunTime:0.000011s ]
INFO: [ app_init ] --END-- [ RunTime:0.000278s ]

[ 2017-05-13T14:15:47+08:00 ] ::1 /index.php/Home/User/register/name/dxy
INFO: [ app_init ] --START--
INFO: Run Behavior\BuildLiteBehavior [ RunTime:0.000013s ]
INFO: [ app_init ] --END-- [ RunTime:0.000283s ]

[ 2017-05-13T14:15:53+08:00 ] ::1 /index.php/Home/User/findPasword
INFO: [ app_init ] --START--
INFO: Run Behavior\BuildLiteBehavior [ RunTime:0.000010s ]
INFO: [ app_init ] --END-- [ RunTime:0.000245s ]

[ 2017-05-13T14:15:54+08:00 ] ::1 /index.php/Home/User/changePasword/username/dxy
INFO: [ app_init ] --START--
INFO: Run Behavior\BuildLiteBehavior [ RunTime:0.000011s ]
INFO: [ app_init ] --END-- [ RunTime:0.000270s ]

[ 2017-05-13T14:16:03+08:00 ] ::1 /index.php/Home/User/change
INFO: [ app_init ] --START--
INFO: Run Behavior\BuildLiteBehavior [ RunTime:0.000011s ]
INFO: [ app_init ] --END-- [ RunTime:0.000259s ]

[ 2017-05-13T14:16:33+08:00 ] ::1 /index.php/Home/User/change
INFO: [ app_init ] --START--
INFO: Run Behavior\BuildLiteBehavior [ RunTime:0.000014s ]
INFO: [ app_init ] --END-- [ RunTime:0.000344s ]

[ 2017-05-13T14:17:16+08:00 ] ::1 /index.php/Home/User/register/name/DXY
INFO: [ app_init ] --START--
INFO: Run Behavior\BuildLiteBehavior [ RunTime:0.000017s ]
INFO: [ app_init ] --END-- [ RunTime:0.000689s ]

[ 2017-05-13T14:17:19+08:00 ] ::1 /index.php/Home/User/register/name/dxy
INFO: [ app_init ] --START--
INFO: Run Behavior\BuildLiteBehavior [ RunTime:0.000017s ]
INFO: [ app_init ] --END-- [ RunTime:0.000500s ]

[ 2017-05-13T14:17:23+08:00 ] ::1 /index.php/Home/User/findPasword
INFO: [ app_init ] --START--
INFO: Run Behavior\BuildLiteBehavior [ RunTime:0.000019s ]
INFO: [ app_init ] --END-- [ RunTime:0.000480s ]

[ 2017-05-13T14:17:23+08:00 ] ::1 /index.php/Home/User/changePasword/username/dxy
INFO: [ app_init ] --START--
INFO: Run Behavior\BuildLiteBehavior [ RunTime:0.000020s ]
INFO: [ app_init ] --END-- [ RunTime:0.000507s ]

[ 2017-05-13T14:17:27+08:00 ] ::1 /index.php/Home/User/change
INFO: [ app_init ] --START--
INFO: Run Behavior\BuildLiteBehavior [ RunTime:0.000011s ]
INFO: [ app_init ] --END-- [ RunTime:0.000298s ]

[ 2017-05-13T14:18:30+08:00 ] ::1 /index.php/Home/User/register/name/dxy
INFO: [ app_init ] --START--
INFO: Run Behavior\BuildLiteBehavior [ RunTime:0.000012s ]
INFO: [ app_init ] --END-- [ RunTime:0.000315s ]

[ 2017-05-13T14:18:34+08:00 ] ::1 /index.php/Home/User/findPasword
INFO: [ app_init ] --START--
INFO: Run Behavior\BuildLiteBehavior [ RunTime:0.000014s ]
INFO: [ app_init ] --END-- [ RunTime:0.000412s ]

[ 2017-05-13T14:18:34+08:00 ] ::1 /index.php/Home/User/changePasword/username/dxy
INFO: [ app_init ] --START--
INFO: Run Behavior\BuildLiteBehavior [ RunTime:0.000074s ]
INFO: [ app_init ] --END-- [ RunTime:0.000904s ]

[ 2017-05-13T14:18:39+08:00 ] ::1 /index.php/Home/User/change
INFO: [ app_init ] --START--
INFO: Run Behavior\BuildLiteBehavior [ RunTime:0.000013s ]
INFO: [ app_init ] --END-- [ RunTime:0.000464s ]

[ 2017-05-13T14:20:49+08:00 ] ::1 /index.php/Home/User/change
INFO: [ app_init ] --START--
INFO: Run Behavior\BuildLiteBehavior [ RunTime:0.000011s ]
INFO: [ app_init ] --END-- [ RunTime:0.000306s ]

[ 2017-05-13T14:20:54+08:00 ] ::1 /index.php/Home/User/register/name/dxy
INFO: [ app_init ] --START--
INFO: Run Behavior\BuildLiteBehavior [ RunTime:0.000010s ]
INFO: [ app_init ] --END-- [ RunTime:0.000275s ]

[ 2017-05-13T14:20:58+08:00 ] ::1 /index.php/Home/User/findPasword
INFO: [ app_init ] --START--
INFO: Run Behavior\BuildLiteBehavior [ RunTime:0.000016s ]
INFO: [ app_init ] --END-- [ RunTime:0.000407s ]

[ 2017-05-13T14:20:59+08:00 ] ::1 /index.php/Home/User/changePasword/username/dxy
INFO: [ app_init ] --START--
INFO: Run Behavior\BuildLiteBehavior [ RunTime:0.000015s ]
INFO: [ app_init ] --END-- [ RunTime:0.000416s ]

[ 2017-05-13T14:21:05+08:00 ] ::1 /index.php/Home/User/change
INFO: [ app_init ] --START--
INFO: Run Behavior\BuildLiteBehavior [ RunTime:0.000046s ]
INFO: [ app_init ] --END-- [ RunTime:0.000906s ]

[ 2017-05-13T14:21:07+08:00 ] ::1 /index.php
INFO: [ app_init ] --START--
INFO: Run Behavior\BuildLiteBehavior [ RunTime:0.000013s ]
INFO: [ app_init ] --END-- [ RunTime:0.000328s ]

[ 2017-05-13T14:21:43+08:00 ] ::1 /index.php/Home/User/register/name/dxy
INFO: [ app_init ] --START--
INFO: Run Behavior\BuildLiteBehavior [ RunTime:0.000020s ]
INFO: [ app_init ] --END-- [ RunTime:0.000603s ]

[ 2017-05-13T14:21:47+08:00 ] ::1 /index.php/Home/User/findPasword
INFO: [ app_init ] --START--
INFO: Run Behavior\BuildLiteBehavior [ RunTime:0.000011s ]
INFO: [ app_init ] --END-- [ RunTime:0.000284s ]

[ 2017-05-13T14:21:48+08:00 ] ::1 /index.php/Home/User/changePasword/username/dxy
INFO: [ app_init ] --START--
INFO: Run Behavior\BuildLiteBehavior [ RunTime:0.000016s ]
INFO: [ app_init ] --END-- [ RunTime:0.000399s ]

[ 2017-05-13T14:21:52+08:00 ] ::1 /index.php/Home/User/change
INFO: [ app_init ] --START--
INFO: Run Behavior\BuildLiteBehavior [ RunTime:0.000011s ]
INFO: [ app_init ] --END-- [ RunTime:0.000314s ]

[ 2017-05-13T14:22:13+08:00 ] ::1 /index.php/Home/User/register/name/dxy
INFO: [ app_init ] --START--
INFO: Run Behavior\BuildLiteBehavior [ RunTime:0.000019s ]
INFO: [ app_init ] --END-- [ RunTime:0.000396s ]

[ 2017-05-13T14:22:20+08:00 ] ::1 /index.php/Home/User/findPasword
INFO: [ app_init ] --START--
INFO: Run Behavior\BuildLiteBehavior [ RunTime:0.000011s ]
INFO: [ app_init ] --END-- [ RunTime:0.000258s ]

[ 2017-05-13T14:22:20+08:00 ] ::1 /index.php/Home/User/changePasword/username/dxy
INFO: [ app_init ] --START--
INFO: Run Behavior\BuildLiteBehavior [ RunTime:0.000020s ]
INFO: [ app_init ] --END-- [ RunTime:0.000447s ]

[ 2017-05-13T14:22:27+08:00 ] ::1 /index.php/Home/User/register/name/dxy
INFO: [ app_init ] --START--
INFO: Run Behavior\BuildLiteBehavior [ RunTime:0.000012s ]
INFO: [ app_init ] --END-- [ RunTime:0.000402s ]

[ 2017-05-13T14:22:31+08:00 ] ::1 /index.php/Home/User/findPasword
INFO: [ app_init ] --START--
INFO: Run Behavior\BuildLiteBehavior [ RunTime:0.000018s ]
INFO: [ app_init ] --END-- [ RunTime:0.000436s ]

[ 2017-05-13T14:22:31+08:00 ] ::1 /index.php/Home/User/changePasword/username/dxy
INFO: [ app_init ] --START--
INFO: Run Behavior\BuildLiteBehavior [ RunTime:0.000015s ]
INFO: [ app_init ] --END-- [ RunTime:0.000372s ]

[ 2017-05-13T14:22:44+08:00 ] ::1 /index.php/Home/User/change
INFO: [ app_init ] --START--
INFO: Run Behavior\BuildLiteBehavior [ RunTime:0.000010s ]
INFO: [ app_init ] --END-- [ RunTime:0.000324s ]

