[ 2017-05-17T12:49:01+08:00 ] ::1 /index.php
INFO: [ app_init ] --START--
INFO: Run Behavior\BuildLiteBehavior [ RunTime:0.000030s ]
INFO: [ app_init ] --END-- [ RunTime:0.000707s ]

[ 2017-05-17T16:35:33+08:00 ] ::1 /index.php
INFO: [ app_init ] --START--
INFO: Run Behavior\BuildLiteBehavior [ RunTime:0.000026s ]
INFO: [ app_init ] --END-- [ RunTime:0.067890s ]

[ 2017-05-17T16:48:16+08:00 ] ::1 /index.php
INFO: [ app_init ] --START--
INFO: Run Behavior\BuildLiteBehavior [ RunTime:0.000012s ]
INFO: [ app_init ] --END-- [ RunTime:0.000303s ]

[ 2017-05-17T16:48:56+08:00 ] ::1 /index.php/Home/Goods/goodsinfo.du?good_id=10
INFO: [ app_init ] --START--
INFO: Run Behavior\BuildLiteBehavior [ RunTime:0.000012s ]
INFO: [ app_init ] --END-- [ RunTime:0.000442s ]

[ 2017-05-17T17:20:16+08:00 ] ::1 /index.php/Home/Goods/goodslist/from/%E4%BA%91%E5%8D%97
INFO: [ app_init ] --START--
INFO: Run Behavior\BuildLiteBehavior [ RunTime:0.000014s ]
INFO: [ app_init ] --END-- [ RunTime:0.000408s ]

[ 2017-05-17T17:20:17+08:00 ] ::1 /index.php/Home/Goods/goodsinfo/good_id/9
INFO: [ app_init ] --START--
INFO: Run Behavior\BuildLiteBehavior [ RunTime:0.000013s ]
INFO: [ app_init ] --END-- [ RunTime:0.000319s ]

[ 2017-05-17T17:20:22+08:00 ] ::1 /index.php
INFO: [ app_init ] --START--
INFO: Run Behavior\BuildLiteBehavior [ RunTime:0.000013s ]
INFO: [ app_init ] --END-- [ RunTime:0.000289s ]

[ 2017-05-17T17:20:23+08:00 ] ::1 /index.php/Home/Goods/goodslist/from/%E4%BA%91%E5%8D%97
INFO: [ app_init ] --START--
INFO: Run Behavior\BuildLiteBehavior [ RunTime:0.000014s ]
INFO: [ app_init ] --END-- [ RunTime:0.000322s ]

[ 2017-05-17T17:20:26+08:00 ] ::1 /index.php/Home/Goods/goodslist/type/%E8%82%89%E7%B1%BB%E7%B2%BE%E9%80%89
INFO: [ app_init ] --START--
INFO: Run Behavior\BuildLiteBehavior [ RunTime:0.000013s ]
INFO: [ app_init ] --END-- [ RunTime:0.000353s ]

[ 2017-05-17T17:20:26+08:00 ] ::1 /index.php/Home/Goods/goodsinfo/good_id/1
INFO: [ app_init ] --START--
INFO: Run Behavior\BuildLiteBehavior [ RunTime:0.000012s ]
INFO: [ app_init ] --END-- [ RunTime:0.000301s ]

