[ 2017-05-16T09:56:19+08:00 ] ::1 /index.php
INFO: [ app_init ] --START--
INFO: Run Behavior\BuildLiteBehavior [ RunTime:0.000051s ]
INFO: [ app_init ] --END-- [ RunTime:0.078328s ]

[ 2017-05-16T09:57:00+08:00 ] ::1 /index.php/Home/Goods/goodslist/type/%E8%82%89%E7%B1%BB%E7%B2%BE%E9%80%89?PHPSESSID=o8ntlhru3g8pgo8bj2p30u0oh1
INFO: [ app_init ] --START--
INFO: Run Behavior\BuildLiteBehavior [ RunTime:0.000019s ]
INFO: [ app_init ] --END-- [ RunTime:0.000688s ]

[ 2017-05-16T09:57:02+08:00 ] ::1 /index.php/Home/Goods/goodsinfo/good_id/1
INFO: [ app_init ] --START--
INFO: Run Behavior\BuildLiteBehavior [ RunTime:0.000011s ]
INFO: [ app_init ] --END-- [ RunTime:0.000257s ]

[ 2017-05-16T09:57:51+08:00 ] ::1 /index.php/Home/Goods/suggest
INFO: [ app_init ] --START--
INFO: Run Behavior\BuildLiteBehavior [ RunTime:0.000017s ]
INFO: [ app_init ] --END-- [ RunTime:0.000391s ]

[ 2017-05-16T09:58:46+08:00 ] ::1 /index.php/Home/Index/index
INFO: [ app_init ] --START--
INFO: Run Behavior\BuildLiteBehavior [ RunTime:0.000013s ]
INFO: [ app_init ] --END-- [ RunTime:0.000345s ]

[ 2017-05-16T09:58:59+08:00 ] ::1 /index.php/Home/Goods/suggest
INFO: [ app_init ] --START--
INFO: Run Behavior\BuildLiteBehavior [ RunTime:0.000011s ]
INFO: [ app_init ] --END-- [ RunTime:0.000279s ]

[ 2017-05-16T09:59:29+08:00 ] ::1 /index.php/Home/Goods/suggest
INFO: [ app_init ] --START--
INFO: Run Behavior\BuildLiteBehavior [ RunTime:0.000010s ]
INFO: [ app_init ] --END-- [ RunTime:0.000239s ]

[ 2017-05-16T10:02:53+08:00 ] ::1 /index.php/Home/Goods/suggest
INFO: [ app_init ] --START--
INFO: Run Behavior\BuildLiteBehavior [ RunTime:0.000013s ]
INFO: [ app_init ] --END-- [ RunTime:0.000345s ]
ERR: 1146:Table 'cntx.order' doesn't exist
 [ SQL语句 ] : SHOW COLUMNS FROM `order`

[ 2017-05-16T10:03:04+08:00 ] ::1 /index.php/Home/Goods/suggest
INFO: [ app_init ] --START--
INFO: Run Behavior\BuildLiteBehavior [ RunTime:0.000012s ]
INFO: [ app_init ] --END-- [ RunTime:0.000350s ]

[ 2017-05-16T10:06:41+08:00 ] ::1 /index.php/Home/Goods/goodsinfo/good_id/1
INFO: [ app_init ] --START--
INFO: Run Behavior\BuildLiteBehavior [ RunTime:0.000019s ]
INFO: [ app_init ] --END-- [ RunTime:0.000498s ]

[ 2017-05-16T10:08:41+08:00 ] ::1 /index.php/Home/Goods/goodsinfo/good_id/1
INFO: [ app_init ] --START--
INFO: Run Behavior\BuildLiteBehavior [ RunTime:0.000011s ]
INFO: [ app_init ] --END-- [ RunTime:0.000314s ]

[ 2017-05-16T10:08:46+08:00 ] ::1 /index.php/Home/Goods/suggest
INFO: [ app_init ] --START--
INFO: Run Behavior\BuildLiteBehavior [ RunTime:0.000013s ]
INFO: [ app_init ] --END-- [ RunTime:0.000353s ]

[ 2017-05-16T10:10:17+08:00 ] ::1 /index.php/Home/Goods/suggest
INFO: [ app_init ] --START--
INFO: Run Behavior\BuildLiteBehavior [ RunTime:0.000014s ]
INFO: [ app_init ] --END-- [ RunTime:0.000379s ]

[ 2017-05-16T10:11:20+08:00 ] ::1 /index.php/Home/Goods/suggest
INFO: [ app_init ] --START--
INFO: Run Behavior\BuildLiteBehavior [ RunTime:0.000045s ]
INFO: [ app_init ] --END-- [ RunTime:0.001553s ]

[ 2017-05-16T10:11:43+08:00 ] ::1 /index.php/Home/Goods/suggest
INFO: [ app_init ] --START--
INFO: Run Behavior\BuildLiteBehavior [ RunTime:0.000011s ]
INFO: [ app_init ] --END-- [ RunTime:0.000254s ]

[ 2017-05-16T10:13:12+08:00 ] ::1 /index.php/Home/Goods/suggest
INFO: [ app_init ] --START--
INFO: Run Behavior\BuildLiteBehavior [ RunTime:0.000018s ]
INFO: [ app_init ] --END-- [ RunTime:0.000560s ]

[ 2017-05-16T10:14:11+08:00 ] ::1 /index.php/Home/Goods/suggest
INFO: [ app_init ] --START--
INFO: Run Behavior\BuildLiteBehavior [ RunTime:0.000015s ]
INFO: [ app_init ] --END-- [ RunTime:0.000346s ]

[ 2017-05-16T10:16:05+08:00 ] ::1 /index.php/Home/Goods/suggest
INFO: [ app_init ] --START--
INFO: Run Behavior\BuildLiteBehavior [ RunTime:0.000011s ]
INFO: [ app_init ] --END-- [ RunTime:0.000279s ]

[ 2017-05-16T10:18:41+08:00 ] ::1 /index.php/Home/Goods/suggest
INFO: [ app_init ] --START--
INFO: Run Behavior\BuildLiteBehavior [ RunTime:0.000013s ]
INFO: [ app_init ] --END-- [ RunTime:0.000359s ]

[ 2017-05-16T10:18:53+08:00 ] ::1 /index.php/Home/Goods/suggest
INFO: [ app_init ] --START--
INFO: Run Behavior\BuildLiteBehavior [ RunTime:0.000016s ]
INFO: [ app_init ] --END-- [ RunTime:0.000368s ]

[ 2017-05-16T10:19:08+08:00 ] ::1 /index.php/Home/Goods/goodslist
INFO: [ app_init ] --START--
INFO: Run Behavior\BuildLiteBehavior [ RunTime:0.000010s ]
INFO: [ app_init ] --END-- [ RunTime:0.000333s ]

[ 2017-05-16T10:19:10+08:00 ] ::1 /index.php/Home/Goods/goodsinfo/good_id/3
INFO: [ app_init ] --START--
INFO: Run Behavior\BuildLiteBehavior [ RunTime:0.000014s ]
INFO: [ app_init ] --END-- [ RunTime:0.000393s ]

[ 2017-05-16T10:19:15+08:00 ] ::1 /index.php/Home/Goods/suggest
INFO: [ app_init ] --START--
INFO: Run Behavior\BuildLiteBehavior [ RunTime:0.000013s ]
INFO: [ app_init ] --END-- [ RunTime:0.000297s ]

[ 2017-05-16T10:21:01+08:00 ] ::1 /index.php/Home/Goods/suggest
INFO: [ app_init ] --START--
INFO: Run Behavior\BuildLiteBehavior [ RunTime:0.000013s ]
INFO: [ app_init ] --END-- [ RunTime:0.000344s ]

[ 2017-05-16T10:21:10+08:00 ] ::1 /index.php/Home/Goods/goodsinfo/good_id/1
INFO: [ app_init ] --START--
INFO: Run Behavior\BuildLiteBehavior [ RunTime:0.000014s ]
INFO: [ app_init ] --END-- [ RunTime:0.000388s ]

[ 2017-05-16T10:21:13+08:00 ] ::1 /index.php/Home/Goods/suggest
INFO: [ app_init ] --START--
INFO: Run Behavior\BuildLiteBehavior [ RunTime:0.000012s ]
INFO: [ app_init ] --END-- [ RunTime:0.000374s ]

[ 2017-05-16T10:21:30+08:00 ] ::1 /index.php/Home/Goods/suggest
INFO: [ app_init ] --START--
INFO: Run Behavior\BuildLiteBehavior [ RunTime:0.000013s ]
INFO: [ app_init ] --END-- [ RunTime:0.000362s ]

[ 2017-05-16T10:21:35+08:00 ] ::1 /index.php/Home/Goods/suggest
INFO: [ app_init ] --START--
INFO: Run Behavior\BuildLiteBehavior [ RunTime:0.000011s ]
INFO: [ app_init ] --END-- [ RunTime:0.000320s ]

[ 2017-05-16T15:34:44+08:00 ] ::1 /index.php
INFO: [ app_init ] --START--
INFO: Run Behavior\BuildLiteBehavior [ RunTime:0.000015s ]
INFO: [ app_init ] --END-- [ RunTime:0.000376s ]

[ 2017-05-16T15:38:40+08:00 ] ::1 /index.php/Home/Index/index
INFO: [ app_init ] --START--
INFO: Run Behavior\BuildLiteBehavior [ RunTime:0.000013s ]
INFO: [ app_init ] --END-- [ RunTime:0.000391s ]

[ 2017-05-16T15:38:42+08:00 ] ::1 /index.php/Home/Goods/goodslist/from/%E5%9B%9B%E5%B7%9D?PHPSESSID=07rmph1afbjdmv129cjdqh5vv7
INFO: [ app_init ] --START--
INFO: Run Behavior\BuildLiteBehavior [ RunTime:0.000014s ]
INFO: [ app_init ] --END-- [ RunTime:0.000390s ]

[ 2017-05-16T15:38:44+08:00 ] ::1 /index.php/Home/Goods/goodslist/type/%E8%82%89%E7%B1%BB%E7%B2%BE%E9%80%89
INFO: [ app_init ] --START--
INFO: Run Behavior\BuildLiteBehavior [ RunTime:0.000019s ]
INFO: [ app_init ] --END-- [ RunTime:0.000476s ]

[ 2017-05-16T15:38:46+08:00 ] ::1 /index.php/Home/Goods/cart/good_id/2
INFO: [ app_init ] --START--
INFO: Run Behavior\BuildLiteBehavior [ RunTime:0.000012s ]
INFO: [ app_init ] --END-- [ RunTime:0.000359s ]

[ 2017-05-16T15:38:50+08:00 ] ::1 /index.php/Home/Goods/cart/act/update/gd_id/2/num/3
INFO: [ app_init ] --START--
INFO: Run Behavior\BuildLiteBehavior [ RunTime:0.000011s ]
INFO: [ app_init ] --END-- [ RunTime:0.000247s ]

[ 2017-05-16T15:38:51+08:00 ] ::1 /index.php/Home/Goods/goodslist
INFO: [ app_init ] --START--
INFO: Run Behavior\BuildLiteBehavior [ RunTime:0.000014s ]
INFO: [ app_init ] --END-- [ RunTime:0.000345s ]

[ 2017-05-16T15:38:54+08:00 ] ::1 /index.php/Home/Goods/goodsinfo/good_id/4
INFO: [ app_init ] --START--
INFO: Run Behavior\BuildLiteBehavior [ RunTime:0.000012s ]
INFO: [ app_init ] --END-- [ RunTime:0.000291s ]

[ 2017-05-16T15:38:58+08:00 ] ::1 /index.php/Home/Goods/cart/act/add
INFO: [ app_init ] --START--
INFO: Run Behavior\BuildLiteBehavior [ RunTime:0.000013s ]
INFO: [ app_init ] --END-- [ RunTime:0.000371s ]

[ 2017-05-16T15:39:01+08:00 ] ::1 /index.php/Home/Goods/order
INFO: [ app_init ] --START--
INFO: Run Behavior\BuildLiteBehavior [ RunTime:0.000013s ]
INFO: [ app_init ] --END-- [ RunTime:0.000322s ]

[ 2017-05-16T15:39:04+08:00 ] ::1 /index.php/Home/Goods/address
INFO: [ app_init ] --START--
INFO: Run Behavior\BuildLiteBehavior [ RunTime:0.000016s ]
INFO: [ app_init ] --END-- [ RunTime:0.000396s ]

[ 2017-05-16T15:39:06+08:00 ] ::1 /index.php/Home/Goods/order/ar_id/2
INFO: [ app_init ] --START--
INFO: Run Behavior\BuildLiteBehavior [ RunTime:0.000012s ]
INFO: [ app_init ] --END-- [ RunTime:0.000296s ]

[ 2017-05-16T15:39:08+08:00 ] ::1 /index.php/Home/Goods/afterorder/ar_id/2
INFO: [ app_init ] --START--
INFO: Run Behavior\BuildLiteBehavior [ RunTime:0.000013s ]
INFO: [ app_init ] --END-- [ RunTime:0.000292s ]

[ 2017-05-16T15:40:41+08:00 ] ::1 /index.php/Home/Goods/afterorder/ar_id/2
INFO: [ app_init ] --START--
INFO: Run Behavior\BuildLiteBehavior [ RunTime:0.000014s ]
INFO: [ app_init ] --END-- [ RunTime:0.000385s ]

[ 2017-05-16T15:40:43+08:00 ] ::1 /index.php
INFO: [ app_init ] --START--
INFO: Run Behavior\BuildLiteBehavior [ RunTime:0.000011s ]
INFO: [ app_init ] --END-- [ RunTime:0.000292s ]

[ 2017-05-16T15:41:12+08:00 ] ::1 /index.php/Home/Goods/goodsinfo.du?good_id=2
INFO: [ app_init ] --START--
INFO: Run Behavior\BuildLiteBehavior [ RunTime:0.000024s ]
INFO: [ app_init ] --END-- [ RunTime:0.000424s ]

[ 2017-05-16T15:41:15+08:00 ] ::1 /index.php/Home/Goods/cart/act/add
INFO: [ app_init ] --START--
INFO: Run Behavior\BuildLiteBehavior [ RunTime:0.000012s ]
INFO: [ app_init ] --END-- [ RunTime:0.000316s ]

[ 2017-05-16T15:41:16+08:00 ] ::1 /index.php/Home/Goods/order
INFO: [ app_init ] --START--
INFO: Run Behavior\BuildLiteBehavior [ RunTime:0.000019s ]
INFO: [ app_init ] --END-- [ RunTime:0.000526s ]

[ 2017-05-16T15:41:18+08:00 ] ::1 /index.php/Home/Goods/afterorder/ar_id/2
INFO: [ app_init ] --START--
INFO: Run Behavior\BuildLiteBehavior [ RunTime:0.000012s ]
INFO: [ app_init ] --END-- [ RunTime:0.000306s ]

[ 2017-05-16T15:41:21+08:00 ] ::1 /index.php
INFO: [ app_init ] --START--
INFO: Run Behavior\BuildLiteBehavior [ RunTime:0.000017s ]
INFO: [ app_init ] --END-- [ RunTime:0.000478s ]

[ 2017-05-16T15:46:18+08:00 ] ::1 /index.php/Home/Goods/goodslist/type/%E8%82%89%E7%B1%BB%E7%B2%BE%E9%80%89
INFO: [ app_init ] --START--
INFO: Run Behavior\BuildLiteBehavior [ RunTime:0.000013s ]
INFO: [ app_init ] --END-- [ RunTime:0.000385s ]

[ 2017-05-16T15:46:19+08:00 ] ::1 /index.php/Home/Goods/goodsinfo/good_id/1
INFO: [ app_init ] --START--
INFO: Run Behavior\BuildLiteBehavior [ RunTime:0.000013s ]
INFO: [ app_init ] --END-- [ RunTime:0.000291s ]

[ 2017-05-16T15:46:22+08:00 ] ::1 /index.php/Home/Goods/cart/act/add
INFO: [ app_init ] --START--
INFO: Run Behavior\BuildLiteBehavior [ RunTime:0.000025s ]
INFO: [ app_init ] --END-- [ RunTime:0.000389s ]

[ 2017-05-16T15:46:24+08:00 ] ::1 /index.php/Home/Goods/order
INFO: [ app_init ] --START--
INFO: Run Behavior\BuildLiteBehavior [ RunTime:0.000012s ]
INFO: [ app_init ] --END-- [ RunTime:0.000275s ]

[ 2017-05-16T15:46:26+08:00 ] ::1 /index.php/Home/Goods/afterorder/ar_id/11
INFO: [ app_init ] --START--
INFO: Run Behavior\BuildLiteBehavior [ RunTime:0.000014s ]
INFO: [ app_init ] --END-- [ RunTime:0.000343s ]

[ 2017-05-16T15:48:09+08:00 ] ::1 /index.php/Home/Goods/order
INFO: [ app_init ] --START--
INFO: Run Behavior\BuildLiteBehavior [ RunTime:0.000014s ]
INFO: [ app_init ] --END-- [ RunTime:0.000330s ]

[ 2017-05-16T15:48:13+08:00 ] ::1 /index.php
INFO: [ app_init ] --START--
INFO: Run Behavior\BuildLiteBehavior [ RunTime:0.000018s ]
INFO: [ app_init ] --END-- [ RunTime:0.000330s ]

[ 2017-05-16T15:48:16+08:00 ] ::1 /index.php/Home/Goods/goodsinfo.du?good_id=4
INFO: [ app_init ] --START--
INFO: Run Behavior\BuildLiteBehavior [ RunTime:0.000015s ]
INFO: [ app_init ] --END-- [ RunTime:0.000269s ]

[ 2017-05-16T15:48:19+08:00 ] ::1 /index.php/Home/Goods/cart/act/add
INFO: [ app_init ] --START--
INFO: Run Behavior\BuildLiteBehavior [ RunTime:0.000013s ]
INFO: [ app_init ] --END-- [ RunTime:0.000330s ]

[ 2017-05-16T15:48:21+08:00 ] ::1 /index.php/Home/Goods/goodslist
INFO: [ app_init ] --START--
INFO: Run Behavior\BuildLiteBehavior [ RunTime:0.000020s ]
INFO: [ app_init ] --END-- [ RunTime:0.000465s ]

[ 2017-05-16T15:48:22+08:00 ] ::1 /index.php/Home/Goods/goodsinfo/good_id/1
INFO: [ app_init ] --START--
INFO: Run Behavior\BuildLiteBehavior [ RunTime:0.000013s ]
INFO: [ app_init ] --END-- [ RunTime:0.000273s ]

[ 2017-05-16T15:48:24+08:00 ] ::1 /index.php/Home/Goods/cart/act/add
INFO: [ app_init ] --START--
INFO: Run Behavior\BuildLiteBehavior [ RunTime:0.000018s ]
INFO: [ app_init ] --END-- [ RunTime:0.000305s ]

[ 2017-05-16T15:48:26+08:00 ] ::1 /index.php/Home/Goods/order
INFO: [ app_init ] --START--
INFO: Run Behavior\BuildLiteBehavior [ RunTime:0.000013s ]
INFO: [ app_init ] --END-- [ RunTime:0.000324s ]

[ 2017-05-16T15:48:31+08:00 ] ::1 /index.php/Home/Goods/afterorder/ar_id/2
INFO: [ app_init ] --START--
INFO: Run Behavior\BuildLiteBehavior [ RunTime:0.000016s ]
INFO: [ app_init ] --END-- [ RunTime:0.000419s ]

[ 2017-05-16T15:49:57+08:00 ] ::1 /index.php/Home/Goods/order
INFO: [ app_init ] --START--
INFO: Run Behavior\BuildLiteBehavior [ RunTime:0.000019s ]
INFO: [ app_init ] --END-- [ RunTime:0.000336s ]

[ 2017-05-16T15:50:00+08:00 ] ::1 /index.php
INFO: [ app_init ] --START--
INFO: Run Behavior\BuildLiteBehavior [ RunTime:0.000010s ]
INFO: [ app_init ] --END-- [ RunTime:0.000248s ]

[ 2017-05-16T15:50:02+08:00 ] ::1 /index.php/Home/Goods/goodsinfo.du?good_id=3
INFO: [ app_init ] --START--
INFO: Run Behavior\BuildLiteBehavior [ RunTime:0.000011s ]
INFO: [ app_init ] --END-- [ RunTime:0.000316s ]

[ 2017-05-16T15:50:05+08:00 ] ::1 /index.php/Home/Goods/cart/act/add
INFO: [ app_init ] --START--
INFO: Run Behavior\BuildLiteBehavior [ RunTime:0.000012s ]
INFO: [ app_init ] --END-- [ RunTime:0.000287s ]

[ 2017-05-16T15:50:07+08:00 ] ::1 /index.php/Home/Goods/goodslist
INFO: [ app_init ] --START--
INFO: Run Behavior\BuildLiteBehavior [ RunTime:0.000016s ]
INFO: [ app_init ] --END-- [ RunTime:0.000398s ]

[ 2017-05-16T15:50:09+08:00 ] ::1 /index.php/Home/Goods/goodsinfo/good_id/8
INFO: [ app_init ] --START--
INFO: Run Behavior\BuildLiteBehavior [ RunTime:0.000014s ]
INFO: [ app_init ] --END-- [ RunTime:0.000371s ]

[ 2017-05-16T15:50:12+08:00 ] ::1 /index.php/Home/Goods/cart/act/add
INFO: [ app_init ] --START--
INFO: Run Behavior\BuildLiteBehavior [ RunTime:0.000012s ]
INFO: [ app_init ] --END-- [ RunTime:0.000413s ]

[ 2017-05-16T15:50:14+08:00 ] ::1 /index.php/Home/Goods/goodslist
INFO: [ app_init ] --START--
INFO: Run Behavior\BuildLiteBehavior [ RunTime:0.000012s ]
INFO: [ app_init ] --END-- [ RunTime:0.000263s ]

[ 2017-05-16T15:50:15+08:00 ] ::1 /index.php/Home/Goods/goodsinfo/good_id/4
INFO: [ app_init ] --START--
INFO: Run Behavior\BuildLiteBehavior [ RunTime:0.000017s ]
INFO: [ app_init ] --END-- [ RunTime:0.000328s ]

[ 2017-05-16T15:50:17+08:00 ] ::1 /index.php/Home/Goods/cart/act/add
INFO: [ app_init ] --START--
INFO: Run Behavior\BuildLiteBehavior [ RunTime:0.000011s ]
INFO: [ app_init ] --END-- [ RunTime:0.000250s ]

[ 2017-05-16T15:50:19+08:00 ] ::1 /index.php/Home/Goods/order
INFO: [ app_init ] --START--
INFO: Run Behavior\BuildLiteBehavior [ RunTime:0.000012s ]
INFO: [ app_init ] --END-- [ RunTime:0.000311s ]

[ 2017-05-16T15:50:22+08:00 ] ::1 /index.php/Home/Goods/afterorder/ar_id/2
INFO: [ app_init ] --START--
INFO: Run Behavior\BuildLiteBehavior [ RunTime:0.000011s ]
INFO: [ app_init ] --END-- [ RunTime:0.000278s ]

[ 2017-05-16T15:51:27+08:00 ] ::1 /index.php/
INFO: [ app_init ] --START--
INFO: Run Behavior\BuildLiteBehavior [ RunTime:0.000010s ]
INFO: [ app_init ] --END-- [ RunTime:0.000276s ]

[ 2017-05-16T15:51:27+08:00 ] ::1 /index.php/image/foot.gif
INFO: [ app_init ] --START--
INFO: Run Behavior\BuildLiteBehavior [ RunTime:0.000013s ]
INFO: [ app_init ] --END-- [ RunTime:0.000284s ]

[ 2017-05-16T15:51:27+08:00 ] ::1 /index.php/image/foot.gif
INFO: [ app_init ] --START--
INFO: Run Behavior\BuildLiteBehavior [ RunTime:0.000015s ]
INFO: [ app_init ] --END-- [ RunTime:0.000368s ]

[ 2017-05-16T15:51:30+08:00 ] ::1 /index.php/Home/Goods/goodslist/type/%E6%BB%8B%E8%A1%A5%E4%BF%9D%E5%81%A5
INFO: [ app_init ] --START--
INFO: Run Behavior\BuildLiteBehavior [ RunTime:0.000014s ]
INFO: [ app_init ] --END-- [ RunTime:0.000326s ]

[ 2017-05-16T15:51:33+08:00 ] ::1 /index.php/Home/Goods/cart/good_id/13
INFO: [ app_init ] --START--
INFO: Run Behavior\BuildLiteBehavior [ RunTime:0.000019s ]
INFO: [ app_init ] --END-- [ RunTime:0.000441s ]

[ 2017-05-16T15:51:38+08:00 ] ::1 /index.php/Home/Goods/cart/act/update/gd_id/13/num/3
INFO: [ app_init ] --START--
INFO: Run Behavior\BuildLiteBehavior [ RunTime:0.000016s ]
INFO: [ app_init ] --END-- [ RunTime:0.000400s ]

[ 2017-05-16T15:51:40+08:00 ] ::1 /index.php/Home/Goods/goodslist
INFO: [ app_init ] --START--
INFO: Run Behavior\BuildLiteBehavior [ RunTime:0.000011s ]
INFO: [ app_init ] --END-- [ RunTime:0.000341s ]

[ 2017-05-16T15:51:41+08:00 ] ::1 /index.php/Home/Goods/goodsinfo/good_id/6
INFO: [ app_init ] --START--
INFO: Run Behavior\BuildLiteBehavior [ RunTime:0.000014s ]
INFO: [ app_init ] --END-- [ RunTime:0.000393s ]

[ 2017-05-16T15:51:44+08:00 ] ::1 /index.php/Home/Goods/cart/act/add
INFO: [ app_init ] --START--
INFO: Run Behavior\BuildLiteBehavior [ RunTime:0.000012s ]
INFO: [ app_init ] --END-- [ RunTime:0.000269s ]

[ 2017-05-16T15:51:45+08:00 ] ::1 /index.php/Home/Goods/order
INFO: [ app_init ] --START--
INFO: Run Behavior\BuildLiteBehavior [ RunTime:0.000014s ]
INFO: [ app_init ] --END-- [ RunTime:0.000350s ]

[ 2017-05-16T15:51:50+08:00 ] ::1 /index.php/Home/Goods/order
INFO: [ app_init ] --START--
INFO: Run Behavior\BuildLiteBehavior [ RunTime:0.000014s ]
INFO: [ app_init ] --END-- [ RunTime:0.000367s ]

[ 2017-05-16T15:51:52+08:00 ] ::1 /index.php/Home/Goods/afterorder/ar_id/2
INFO: [ app_init ] --START--
INFO: Run Behavior\BuildLiteBehavior [ RunTime:0.000016s ]
INFO: [ app_init ] --END-- [ RunTime:0.000329s ]

[ 2017-05-16T15:51:55+08:00 ] ::1 /index.php
INFO: [ app_init ] --START--
INFO: Run Behavior\BuildLiteBehavior [ RunTime:0.000036s ]
INFO: [ app_init ] --END-- [ RunTime:0.001038s ]

[ 2017-05-16T15:52:09+08:00 ] ::1 /index.php/Home/Goods/goodslist/type/%E8%82%89%E7%B1%BB%E7%B2%BE%E9%80%89
INFO: [ app_init ] --START--
INFO: Run Behavior\BuildLiteBehavior [ RunTime:0.000017s ]
INFO: [ app_init ] --END-- [ RunTime:0.000342s ]

[ 2017-05-16T15:52:11+08:00 ] ::1 /index.php/Home/Goods/goodsinfo/good_id/1
INFO: [ app_init ] --START--
INFO: Run Behavior\BuildLiteBehavior [ RunTime:0.000013s ]
INFO: [ app_init ] --END-- [ RunTime:0.000302s ]

[ 2017-05-16T15:53:26+08:00 ] ::1 /index.php/Home/Goods/goodsinfo/good_id/6
INFO: [ app_init ] --START--
INFO: Run Behavior\BuildLiteBehavior [ RunTime:0.000012s ]
INFO: [ app_init ] --END-- [ RunTime:0.000315s ]

[ 2017-05-16T15:53:40+08:00 ] ::1 /index.php/Home/Goods/suggest
INFO: [ app_init ] --START--
INFO: Run Behavior\BuildLiteBehavior [ RunTime:0.000011s ]
INFO: [ app_init ] --END-- [ RunTime:0.000309s ]

[ 2017-05-16T15:54:46+08:00 ] ::1 /index.php/Home/Goods/goodsinfo/good_id/11
INFO: [ app_init ] --START--
INFO: Run Behavior\BuildLiteBehavior [ RunTime:0.000012s ]
INFO: [ app_init ] --END-- [ RunTime:0.000249s ]

[ 2017-05-16T15:54:50+08:00 ] ::1 /index.php/Home/Goods/suggest
INFO: [ app_init ] --START--
INFO: Run Behavior\BuildLiteBehavior [ RunTime:0.000014s ]
INFO: [ app_init ] --END-- [ RunTime:0.000314s ]

[ 2017-05-16T16:04:15+08:00 ] ::1 /index.php/Home/Goods/goodsinfo/good_id/11
INFO: [ app_init ] --START--
INFO: Run Behavior\BuildLiteBehavior [ RunTime:0.000014s ]
INFO: [ app_init ] --END-- [ RunTime:0.000428s ]

[ 2017-05-16T16:04:28+08:00 ] ::1 /index.php/Home/Goods/goodsinfo/good_id/11
INFO: [ app_init ] --START--
INFO: Run Behavior\BuildLiteBehavior [ RunTime:0.000020s ]
INFO: [ app_init ] --END-- [ RunTime:0.000504s ]

[ 2017-05-16T16:04:32+08:00 ] ::1 /index.php/Home/Goods/suggest
INFO: [ app_init ] --START--
INFO: Run Behavior\BuildLiteBehavior [ RunTime:0.000019s ]
INFO: [ app_init ] --END-- [ RunTime:0.000356s ]

[ 2017-05-16T16:05:02+08:00 ] ::1 /index.php/Home/Goods/suggest
INFO: [ app_init ] --START--
INFO: Run Behavior\BuildLiteBehavior [ RunTime:0.000012s ]
INFO: [ app_init ] --END-- [ RunTime:0.000288s ]

[ 2017-05-16T16:06:20+08:00 ] ::1 /index.php/Home/Goods/goodsinfo/good_id/11
INFO: [ app_init ] --START--
INFO: Run Behavior\BuildLiteBehavior [ RunTime:0.000021s ]
INFO: [ app_init ] --END-- [ RunTime:0.000466s ]

[ 2017-05-16T16:06:21+08:00 ] ::1 /index.php/Home/Goods/goodslist
INFO: [ app_init ] --START--
INFO: Run Behavior\BuildLiteBehavior [ RunTime:0.000011s ]
INFO: [ app_init ] --END-- [ RunTime:0.000299s ]

[ 2017-05-16T16:06:25+08:00 ] ::1 /index.php/Home/Goods/goodsinfo/good_id/1
INFO: [ app_init ] --START--
INFO: Run Behavior\BuildLiteBehavior [ RunTime:0.000016s ]
INFO: [ app_init ] --END-- [ RunTime:0.000410s ]

[ 2017-05-16T16:06:39+08:00 ] ::1 /index.php/Home/Goods/goodslist
INFO: [ app_init ] --START--
INFO: Run Behavior\BuildLiteBehavior [ RunTime:0.000012s ]
INFO: [ app_init ] --END-- [ RunTime:0.000255s ]

[ 2017-05-16T16:06:40+08:00 ] ::1 /index.php/Home/Goods/goodsinfo/good_id/6
INFO: [ app_init ] --START--
INFO: Run Behavior\BuildLiteBehavior [ RunTime:0.000013s ]
INFO: [ app_init ] --END-- [ RunTime:0.000341s ]

[ 2017-05-16T16:06:52+08:00 ] ::1 /index.php/Home/Goods/suggest
INFO: [ app_init ] --START--
INFO: Run Behavior\BuildLiteBehavior [ RunTime:0.000013s ]
INFO: [ app_init ] --END-- [ RunTime:0.000367s ]

[ 2017-05-16T16:11:39+08:00 ] ::1 /index.php/Home/Goods/suggest
INFO: [ app_init ] --START--
INFO: Run Behavior\BuildLiteBehavior [ RunTime:0.000013s ]
INFO: [ app_init ] --END-- [ RunTime:0.000334s ]

[ 2017-05-16T16:12:40+08:00 ] ::1 /index.php/Home/Goods/suggest
INFO: [ app_init ] --START--
INFO: Run Behavior\BuildLiteBehavior [ RunTime:0.000011s ]
INFO: [ app_init ] --END-- [ RunTime:0.000278s ]

[ 2017-05-16T16:13:14+08:00 ] ::1 /index.php/Home/Goods/suggest
INFO: [ app_init ] --START--
INFO: Run Behavior\BuildLiteBehavior [ RunTime:0.000014s ]
INFO: [ app_init ] --END-- [ RunTime:0.000364s ]

[ 2017-05-16T16:14:27+08:00 ] ::1 /index.php/Home/Goods/suggest
INFO: [ app_init ] --START--
INFO: Run Behavior\BuildLiteBehavior [ RunTime:0.000011s ]
INFO: [ app_init ] --END-- [ RunTime:0.000276s ]

[ 2017-05-16T16:14:28+08:00 ] ::1 /index.php/Home/Goods/index.php/Home/Goods/goodsinfo/good_id/6
INFO: [ app_init ] --START--
INFO: Run Behavior\BuildLiteBehavior [ RunTime:0.000020s ]
INFO: [ app_init ] --END-- [ RunTime:0.000436s ]
ERR: 非法操作:shop_demo

[ 2017-05-16T16:14:51+08:00 ] ::1 /index.php/Home/Goods/index.php/Home/Goods/goodsinfo/good_id/6
INFO: [ app_init ] --START--
INFO: Run Behavior\BuildLiteBehavior [ RunTime:0.000013s ]
INFO: [ app_init ] --END-- [ RunTime:0.000330s ]
ERR: 非法操作:shop_demo

[ 2017-05-16T16:14:53+08:00 ] ::1 /index.php/Home/Goods/index.php/Home/Goods/goodsinfo/good_id/6
INFO: [ app_init ] --START--
INFO: Run Behavior\BuildLiteBehavior [ RunTime:0.000023s ]
INFO: [ app_init ] --END-- [ RunTime:0.000480s ]
ERR: 非法操作:shop_demo

[ 2017-05-16T16:14:57+08:00 ] ::1 /index.php/Home/Goods/suggest
INFO: [ app_init ] --START--
INFO: Run Behavior\BuildLiteBehavior [ RunTime:0.000012s ]
INFO: [ app_init ] --END-- [ RunTime:0.000295s ]

[ 2017-05-16T16:15:40+08:00 ] ::1 /index.php/Home/Goods/suggest
INFO: [ app_init ] --START--
INFO: Run Behavior\BuildLiteBehavior [ RunTime:0.000011s ]
INFO: [ app_init ] --END-- [ RunTime:0.000261s ]

[ 2017-05-16T16:19:18+08:00 ] ::1 /index.php/Home/Goods/goodsinfo/good_id/6
INFO: [ app_init ] --START--
INFO: Run Behavior\BuildLiteBehavior [ RunTime:0.000010s ]
INFO: [ app_init ] --END-- [ RunTime:0.000310s ]

[ 2017-05-16T16:19:52+08:00 ] ::1 /index.php/Home/Goods/goodsinfo/good_id/6
INFO: [ app_init ] --START--
INFO: Run Behavior\BuildLiteBehavior [ RunTime:0.000014s ]
INFO: [ app_init ] --END-- [ RunTime:0.000375s ]

[ 2017-05-16T16:20:42+08:00 ] ::1 /index.php/Home/Goods/goodsinfo/good_id/6
INFO: [ app_init ] --START--
INFO: Run Behavior\BuildLiteBehavior [ RunTime:0.000019s ]
INFO: [ app_init ] --END-- [ RunTime:0.000529s ]

[ 2017-05-16T16:20:52+08:00 ] ::1 /index.php/Home/Goods/goodsinfo/good_id/6
INFO: [ app_init ] --START--
INFO: Run Behavior\BuildLiteBehavior [ RunTime:0.000016s ]
INFO: [ app_init ] --END-- [ RunTime:0.000358s ]

[ 2017-05-16T16:21:17+08:00 ] ::1 /index.php/Home/Goods/goodsinfo/good_id/6
INFO: [ app_init ] --START--
INFO: Run Behavior\BuildLiteBehavior [ RunTime:0.000011s ]
INFO: [ app_init ] --END-- [ RunTime:0.000284s ]

[ 2017-05-16T16:21:18+08:00 ] ::1 /index.php/Home/Goods/goodsinfo/good_id/6
INFO: [ app_init ] --START--
INFO: Run Behavior\BuildLiteBehavior [ RunTime:0.000015s ]
INFO: [ app_init ] --END-- [ RunTime:0.000448s ]

[ 2017-05-16T16:21:42+08:00 ] ::1 /index.php/Home/Goods/goodsinfo/good_id/6
INFO: [ app_init ] --START--
INFO: Run Behavior\BuildLiteBehavior [ RunTime:0.000022s ]
INFO: [ app_init ] --END-- [ RunTime:0.000505s ]

[ 2017-05-16T16:22:30+08:00 ] ::1 /index.php/Home/Goods/goodsinfo/good_id/6
INFO: [ app_init ] --START--
INFO: Run Behavior\BuildLiteBehavior [ RunTime:0.000026s ]
INFO: [ app_init ] --END-- [ RunTime:0.000772s ]

[ 2017-05-16T16:22:53+08:00 ] ::1 /index.php/Home/Goods/goodsinfo/good_id/6
INFO: [ app_init ] --START--
INFO: Run Behavior\BuildLiteBehavior [ RunTime:0.000024s ]
INFO: [ app_init ] --END-- [ RunTime:0.000591s ]

[ 2017-05-16T16:23:08+08:00 ] ::1 /index.php/Home/Goods/goodsinfo/good_id/6
INFO: [ app_init ] --START--
INFO: Run Behavior\BuildLiteBehavior [ RunTime:0.000018s ]
INFO: [ app_init ] --END-- [ RunTime:0.000478s ]

[ 2017-05-16T16:23:13+08:00 ] ::1 /index.php/Home/Goods/goodsinfo/good_id/6
INFO: [ app_init ] --START--
INFO: Run Behavior\BuildLiteBehavior [ RunTime:0.000010s ]
INFO: [ app_init ] --END-- [ RunTime:0.000274s ]

[ 2017-05-16T16:23:34+08:00 ] ::1 /index.php/Home/Goods/goodsinfo/good_id/6
INFO: [ app_init ] --START--
INFO: Run Behavior\BuildLiteBehavior [ RunTime:0.000023s ]
INFO: [ app_init ] --END-- [ RunTime:0.000591s ]

[ 2017-05-16T16:24:04+08:00 ] ::1 /index.php/Home/Goods/goodsinfo/good_id/6
INFO: [ app_init ] --START--
INFO: Run Behavior\BuildLiteBehavior [ RunTime:0.000019s ]
INFO: [ app_init ] --END-- [ RunTime:0.000497s ]

[ 2017-05-16T16:25:22+08:00 ] ::1 /index.php/Home/Goods/goodsinfo/good_id/6
INFO: [ app_init ] --START--
INFO: Run Behavior\BuildLiteBehavior [ RunTime:0.000023s ]
INFO: [ app_init ] --END-- [ RunTime:0.000955s ]

[ 2017-05-16T16:25:43+08:00 ] ::1 /index.php/Home/Goods/goodsinfo/good_id/6
INFO: [ app_init ] --START--
INFO: Run Behavior\BuildLiteBehavior [ RunTime:0.000016s ]
INFO: [ app_init ] --END-- [ RunTime:0.000432s ]

[ 2017-05-16T16:26:16+08:00 ] ::1 /index.php/Home/Goods/goodsinfo/good_id/6
INFO: [ app_init ] --START--
INFO: Run Behavior\BuildLiteBehavior [ RunTime:0.000013s ]
INFO: [ app_init ] --END-- [ RunTime:0.000340s ]

[ 2017-05-16T16:29:29+08:00 ] ::1 /index.php/Home/Goods/goodsinfo/good_id/6
INFO: [ app_init ] --START--
INFO: Run Behavior\BuildLiteBehavior [ RunTime:0.000012s ]
INFO: [ app_init ] --END-- [ RunTime:0.000286s ]

[ 2017-05-16T16:32:44+08:00 ] ::1 /index.php/Home/Goods/goodsinfo/good_id/6
INFO: [ app_init ] --START--
INFO: Run Behavior\BuildLiteBehavior [ RunTime:0.000015s ]
INFO: [ app_init ] --END-- [ RunTime:0.000694s ]

[ 2017-05-16T16:33:08+08:00 ] ::1 /index.php/Home/Goods/goodsinfo/good_id/6
INFO: [ app_init ] --START--
INFO: Run Behavior\BuildLiteBehavior [ RunTime:0.000012s ]
INFO: [ app_init ] --END-- [ RunTime:0.000429s ]

[ 2017-05-16T16:33:18+08:00 ] ::1 /index.php/Home/Goods/goodsinfo/good_id/6
INFO: [ app_init ] --START--
INFO: Run Behavior\BuildLiteBehavior [ RunTime:0.000010s ]
INFO: [ app_init ] --END-- [ RunTime:0.000285s ]

[ 2017-05-16T16:33:27+08:00 ] ::1 /index.php/Home/Goods/goodsinfo/good_id/6
INFO: [ app_init ] --START--
INFO: Run Behavior\BuildLiteBehavior [ RunTime:0.000026s ]
INFO: [ app_init ] --END-- [ RunTime:0.000617s ]

[ 2017-05-16T16:34:39+08:00 ] ::1 /index.php/Home/Goods/goodsinfo/good_id/6
INFO: [ app_init ] --START--
INFO: Run Behavior\BuildLiteBehavior [ RunTime:0.000011s ]
INFO: [ app_init ] --END-- [ RunTime:0.000295s ]
ERR: 1064:You have an error in your SQL syntax; check the manual that corresponds to your MySQL server version for the right syntax to use near 'desc LIMIT 10' at line 1
 [ SQL语句 ] : SELECT * FROM `reviews` WHERE ( rw_good_id = 6 ) ORDER BY rw_date,desc LIMIT 10  

[ 2017-05-16T16:35:17+08:00 ] ::1 /index.php/Home/Goods/goodsinfo/good_id/6
INFO: [ app_init ] --START--
INFO: Run Behavior\BuildLiteBehavior [ RunTime:0.000019s ]
INFO: [ app_init ] --END-- [ RunTime:0.000440s ]

[ 2017-05-16T16:35:34+08:00 ] ::1 /index.php/Home/User/userInfo
INFO: [ app_init ] --START--
INFO: Run Behavior\BuildLiteBehavior [ RunTime:0.000014s ]
INFO: [ app_init ] --END-- [ RunTime:0.000344s ]

[ 2017-05-16T16:35:36+08:00 ] ::1 /index.php/Home/Goods/address
INFO: [ app_init ] --START--
INFO: Run Behavior\BuildLiteBehavior [ RunTime:0.000017s ]
INFO: [ app_init ] --END-- [ RunTime:0.000327s ]

[ 2017-05-16T16:35:53+08:00 ] ::1 /index.php/Home/Goods/order/ar_id/2
INFO: [ app_init ] --START--
INFO: Run Behavior\BuildLiteBehavior [ RunTime:0.000018s ]
INFO: [ app_init ] --END-- [ RunTime:0.000519s ]

[ 2017-05-16T16:35:57+08:00 ] ::1 /index.php/Home/Goods/order/ar_id/address
INFO: [ app_init ] --START--
INFO: Run Behavior\BuildLiteBehavior [ RunTime:0.000020s ]
INFO: [ app_init ] --END-- [ RunTime:0.000460s ]
ERR: 1054:Unknown column 'address' in 'where clause'
 [ SQL语句 ] : SELECT * FROM `address` WHERE ( ar_id=address ) LIMIT 1  

[ 2017-05-16T16:36:10+08:00 ] ::1 /index.php/Home/Goods/order/ar_id/2
INFO: [ app_init ] --START--
INFO: Run Behavior\BuildLiteBehavior [ RunTime:0.000010s ]
INFO: [ app_init ] --END-- [ RunTime:0.000276s ]

[ 2017-05-16T16:36:16+08:00 ] ::1 /index.php/Home/Goods/order
INFO: [ app_init ] --START--
INFO: Run Behavior\BuildLiteBehavior [ RunTime:0.000009s ]
INFO: [ app_init ] --END-- [ RunTime:0.000291s ]

[ 2017-05-16T16:36:18+08:00 ] ::1 /index.php/Home/Goods/address
INFO: [ app_init ] --START--
INFO: Run Behavior\BuildLiteBehavior [ RunTime:0.000013s ]
INFO: [ app_init ] --END-- [ RunTime:0.000306s ]

[ 2017-05-16T16:36:21+08:00 ] ::1 /index.php/Home/Goods/order/ar_id/2
INFO: [ app_init ] --START--
INFO: Run Behavior\BuildLiteBehavior [ RunTime:0.000019s ]
INFO: [ app_init ] --END-- [ RunTime:0.000376s ]

[ 2017-05-16T16:36:24+08:00 ] ::1 /index.php/Home/Goods/order/ar_id/address
INFO: [ app_init ] --START--
INFO: Run Behavior\BuildLiteBehavior [ RunTime:0.000014s ]
INFO: [ app_init ] --END-- [ RunTime:0.000335s ]
ERR: 1054:Unknown column 'address' in 'where clause'
 [ SQL语句 ] : SELECT * FROM `address` WHERE ( ar_id=address ) LIMIT 1  

[ 2017-05-16T16:37:48+08:00 ] ::1 /index.php/Home/Goods/order/ar_id/address
INFO: [ app_init ] --START--
INFO: Run Behavior\BuildLiteBehavior [ RunTime:0.000011s ]
INFO: [ app_init ] --END-- [ RunTime:0.000258s ]
ERR: 1054:Unknown column 'address' in 'where clause'
 [ SQL语句 ] : SELECT * FROM `address` WHERE ( ar_id=address ) LIMIT 1  

[ 2017-05-16T16:37:52+08:00 ] ::1 /index.php/Home/Goods/order/ar_id/2
INFO: [ app_init ] --START--
INFO: Run Behavior\BuildLiteBehavior [ RunTime:0.000013s ]
INFO: [ app_init ] --END-- [ RunTime:0.000307s ]

[ 2017-05-16T16:37:52+08:00 ] ::1 /index.php/Home/Goods/order/ar_id/2
INFO: [ app_init ] --START--
INFO: Run Behavior\BuildLiteBehavior [ RunTime:0.000013s ]
INFO: [ app_init ] --END-- [ RunTime:0.000385s ]

[ 2017-05-16T16:37:52+08:00 ] ::1 /index.php/Home/Goods/order/ar_id/2
INFO: [ app_init ] --START--
INFO: Run Behavior\BuildLiteBehavior [ RunTime:0.000017s ]
INFO: [ app_init ] --END-- [ RunTime:0.000397s ]

[ 2017-05-16T16:37:53+08:00 ] ::1 /index.php/Home/Goods/order/ar_id/address
INFO: [ app_init ] --START--
INFO: Run Behavior\BuildLiteBehavior [ RunTime:0.000014s ]
INFO: [ app_init ] --END-- [ RunTime:0.000315s ]
ERR: 1054:Unknown column 'address' in 'where clause'
 [ SQL语句 ] : SELECT * FROM `address` WHERE ( ar_id=address ) LIMIT 1  

[ 2017-05-16T16:38:34+08:00 ] ::1 /index.php/Home/Goods/order
INFO: [ app_init ] --START--
INFO: Run Behavior\BuildLiteBehavior [ RunTime:0.000013s ]
INFO: [ app_init ] --END-- [ RunTime:0.000329s ]

[ 2017-05-16T16:38:35+08:00 ] ::1 /index.php/Home/Goods/address
INFO: [ app_init ] --START--
INFO: Run Behavior\BuildLiteBehavior [ RunTime:0.000012s ]
INFO: [ app_init ] --END-- [ RunTime:0.000289s ]

[ 2017-05-16T16:39:31+08:00 ] ::1 /index.php/Home/Goods/address
INFO: [ app_init ] --START--
INFO: Run Behavior\BuildLiteBehavior [ RunTime:0.000021s ]
INFO: [ app_init ] --END-- [ RunTime:0.000560s ]

[ 2017-05-16T16:39:34+08:00 ] ::1 /index.php/Home/Goods/order
INFO: [ app_init ] --START--
INFO: Run Behavior\BuildLiteBehavior [ RunTime:0.000011s ]
INFO: [ app_init ] --END-- [ RunTime:0.000283s ]

[ 2017-05-16T16:39:35+08:00 ] ::1 /index.php/Home/Goods/address
INFO: [ app_init ] --START--
INFO: Run Behavior\BuildLiteBehavior [ RunTime:0.000017s ]
INFO: [ app_init ] --END-- [ RunTime:0.000498s ]

[ 2017-05-16T16:39:38+08:00 ] ::1 /index.php/Home/Goods/order/ar_id/2
INFO: [ app_init ] --START--
INFO: Run Behavior\BuildLiteBehavior [ RunTime:0.000013s ]
INFO: [ app_init ] --END-- [ RunTime:0.000298s ]

[ 2017-05-16T16:39:39+08:00 ] ::1 /index.php/Home/Goods/address
INFO: [ app_init ] --START--
INFO: Run Behavior\BuildLiteBehavior [ RunTime:0.000014s ]
INFO: [ app_init ] --END-- [ RunTime:0.000314s ]

[ 2017-05-16T16:39:41+08:00 ] ::1 /index.php/Home/Goods/order/ar_id/11
INFO: [ app_init ] --START--
INFO: Run Behavior\BuildLiteBehavior [ RunTime:0.000010s ]
INFO: [ app_init ] --END-- [ RunTime:0.000244s ]

[ 2017-05-16T16:39:43+08:00 ] ::1 /index.php/Home/Goods/address
INFO: [ app_init ] --START--
INFO: Run Behavior\BuildLiteBehavior [ RunTime:0.000012s ]
INFO: [ app_init ] --END-- [ RunTime:0.000377s ]

[ 2017-05-16T16:39:46+08:00 ] ::1 /index.php/Home/Goods/order/ar_id/2
INFO: [ app_init ] --START--
INFO: Run Behavior\BuildLiteBehavior [ RunTime:0.000017s ]
INFO: [ app_init ] --END-- [ RunTime:0.000435s ]

[ 2017-05-16T16:39:59+08:00 ] ::1 /index.php/Home/Goods/afterorder/ar_id/2
INFO: [ app_init ] --START--
INFO: Run Behavior\BuildLiteBehavior [ RunTime:0.000012s ]
INFO: [ app_init ] --END-- [ RunTime:0.000277s ]

[ 2017-05-16T16:40:01+08:00 ] ::1 /index.php
INFO: [ app_init ] --START--
INFO: Run Behavior\BuildLiteBehavior [ RunTime:0.000016s ]
INFO: [ app_init ] --END-- [ RunTime:0.000370s ]

[ 2017-05-16T16:41:34+08:00 ] ::1 /index.php/Home/User/userInfo
INFO: [ app_init ] --START--
INFO: Run Behavior\BuildLiteBehavior [ RunTime:0.000016s ]
INFO: [ app_init ] --END-- [ RunTime:0.000370s ]

[ 2017-05-16T16:41:35+08:00 ] ::1 /index.php/Home/Goods/address
INFO: [ app_init ] --START--
INFO: Run Behavior\BuildLiteBehavior [ RunTime:0.000014s ]
INFO: [ app_init ] --END-- [ RunTime:0.000432s ]

[ 2017-05-16T16:41:36+08:00 ] ::1 /index.php/Home/Goods/order/ar_id/2
INFO: [ app_init ] --START--
INFO: Run Behavior\BuildLiteBehavior [ RunTime:0.000014s ]
INFO: [ app_init ] --END-- [ RunTime:0.000322s ]

[ 2017-05-16T16:41:48+08:00 ] ::1 /index.php/Home/Goods/afterorder/ar_id/11
INFO: [ app_init ] --START--
INFO: Run Behavior\BuildLiteBehavior [ RunTime:0.000011s ]
INFO: [ app_init ] --END-- [ RunTime:0.000290s ]

[ 2017-05-16T16:41:50+08:00 ] ::1 /index.php
INFO: [ app_init ] --START--
INFO: Run Behavior\BuildLiteBehavior [ RunTime:0.000019s ]
INFO: [ app_init ] --END-- [ RunTime:0.000562s ]

[ 2017-05-16T16:41:56+08:00 ] ::1 /index.php/Home/User/userInfo
INFO: [ app_init ] --START--
INFO: Run Behavior\BuildLiteBehavior [ RunTime:0.000020s ]
INFO: [ app_init ] --END-- [ RunTime:0.000308s ]

[ 2017-05-16T16:41:57+08:00 ] ::1 /index.php/Home/Goods/address
INFO: [ app_init ] --START--
INFO: Run Behavior\BuildLiteBehavior [ RunTime:0.000012s ]
INFO: [ app_init ] --END-- [ RunTime:0.000352s ]

[ 2017-05-16T16:41:59+08:00 ] ::1 /index.php/Home/Goods/order/ar_id/11
INFO: [ app_init ] --START--
INFO: Run Behavior\BuildLiteBehavior [ RunTime:0.000012s ]
INFO: [ app_init ] --END-- [ RunTime:0.000301s ]

[ 2017-05-16T16:45:58+08:00 ] ::1 /index.php/Home/Goods/order/ar_id/11
INFO: [ app_init ] --START--
INFO: Run Behavior\BuildLiteBehavior [ RunTime:0.000012s ]
INFO: [ app_init ] --END-- [ RunTime:0.000291s ]

[ 2017-05-16T16:47:48+08:00 ] ::1 /index.php/Home/Goods/order/ar_id/11
INFO: [ app_init ] --START--
INFO: Run Behavior\BuildLiteBehavior [ RunTime:0.000012s ]
INFO: [ app_init ] --END-- [ RunTime:0.000289s ]

[ 2017-05-16T16:48:50+08:00 ] ::1 /index.php/Home/Goods/order/ar_id/11
INFO: [ app_init ] --START--
INFO: Run Behavior\BuildLiteBehavior [ RunTime:0.000030s ]
INFO: [ app_init ] --END-- [ RunTime:0.000860s ]

[ 2017-05-16T16:48:52+08:00 ] ::1 /index.php/Home/Goods/order/ar_id/2
INFO: [ app_init ] --START--
INFO: Run Behavior\BuildLiteBehavior [ RunTime:0.000013s ]
INFO: [ app_init ] --END-- [ RunTime:0.000365s ]

[ 2017-05-16T16:50:15+08:00 ] ::1 /index.php/Home/Goods/address
INFO: [ app_init ] --START--
INFO: Run Behavior\BuildLiteBehavior [ RunTime:0.000014s ]
INFO: [ app_init ] --END-- [ RunTime:0.000365s ]

[ 2017-05-16T16:50:31+08:00 ] ::1 /index.php/Home/Goods/address
INFO: [ app_init ] --START--
INFO: Run Behavior\BuildLiteBehavior [ RunTime:0.000032s ]
INFO: [ app_init ] --END-- [ RunTime:0.000623s ]

[ 2017-05-16T16:50:48+08:00 ] ::1 /index.php/Home/Goods/address
INFO: [ app_init ] --START--
INFO: Run Behavior\BuildLiteBehavior [ RunTime:0.000011s ]
INFO: [ app_init ] --END-- [ RunTime:0.000374s ]

[ 2017-05-16T16:55:01+08:00 ] ::1 /index.php/Home/Goods/address
INFO: [ app_init ] --START--
INFO: Run Behavior\BuildLiteBehavior [ RunTime:0.000013s ]
INFO: [ app_init ] --END-- [ RunTime:0.000320s ]

[ 2017-05-16T16:55:09+08:00 ] ::1 /index.php/Home/Goods/goodstext
INFO: [ app_init ] --START--
INFO: Run Behavior\BuildLiteBehavior [ RunTime:0.000011s ]
INFO: [ app_init ] --END-- [ RunTime:0.000281s ]

[ 2017-05-16T16:55:11+08:00 ] ::1 /index.php/Home/Goods/contact
INFO: [ app_init ] --START--
INFO: Run Behavior\BuildLiteBehavior [ RunTime:0.000012s ]
INFO: [ app_init ] --END-- [ RunTime:0.000310s ]

[ 2017-05-16T16:56:02+08:00 ] ::1 /index.php/Home/Goods/contact
INFO: [ app_init ] --START--
INFO: Run Behavior\BuildLiteBehavior [ RunTime:0.000029s ]
INFO: [ app_init ] --END-- [ RunTime:0.000774s ]

[ 2017-05-16T16:56:56+08:00 ] ::1 /index.php/Amin
INFO: [ app_init ] --START--
INFO: Run Behavior\BuildLiteBehavior [ RunTime:0.000016s ]
INFO: [ app_init ] --END-- [ RunTime:0.000487s ]
ERR: 无法加载控制器:Amin

