[ 2017-01-21T19:33:47+08:00 ] ::1 /index.php
INFO: [ app_init ] --START--
INFO: Run Behavior\BuildLiteBehavior [ RunTime:0.000067s ]
INFO: [ app_init ] --END-- [ RunTime:0.124206s ]

[ 2017-01-21T19:34:12+08:00 ] ::1 /index.php/Home/Goods/goodsinfo.du?good_id=2&PHPSESSID=tir46arjtqavaebnpg80kijel5
INFO: [ app_init ] --START--
INFO: Run Behavior\BuildLiteBehavior [ RunTime:0.000011s ]
INFO: [ app_init ] --END-- [ RunTime:0.000283s ]

[ 2017-01-21T19:34:16+08:00 ] ::1 /index.php/Home/Goods/cart/act/add
INFO: [ app_init ] --START--
INFO: Run Behavior\BuildLiteBehavior [ RunTime:0.000012s ]
INFO: [ app_init ] --END-- [ RunTime:0.000278s ]
ERR: 1048:Column 'ct_user_id' cannot be null
 [ SQL语句 ] : INSERT INTO `cart` (`ct_id`,`ct_user_id`,`ct_good_id`,`ct_buy_count`) VALUES (NULL,NULL,'2','1')

[ 2017-01-21T19:34:34+08:00 ] ::1 /index.php/Home/Goods/cart/act/add
INFO: [ app_init ] --START--
INFO: Run Behavior\BuildLiteBehavior [ RunTime:0.000012s ]
INFO: [ app_init ] --END-- [ RunTime:0.000295s ]
ERR: 1048:Column 'ct_user_id' cannot be null
 [ SQL语句 ] : INSERT INTO `cart` (`ct_id`,`ct_user_id`,`ct_good_id`,`ct_buy_count`) VALUES (NULL,NULL,'2','1')

[ 2017-01-21T19:34:45+08:00 ] ::1 /index.php/Home/Index/index
INFO: [ app_init ] --START--
INFO: Run Behavior\BuildLiteBehavior [ RunTime:0.000017s ]
INFO: [ app_init ] --END-- [ RunTime:0.000441s ]

[ 2017-01-21T19:34:48+08:00 ] ::1 /index.php/Home/Goods/cart/act/add
INFO: [ app_init ] --START--
INFO: Run Behavior\BuildLiteBehavior [ RunTime:0.000011s ]
INFO: [ app_init ] --END-- [ RunTime:0.000324s ]

[ 2017-01-21T19:35:54+08:00 ] ::1 /index.php/Home/Goods/order
INFO: [ app_init ] --START--
INFO: Run Behavior\BuildLiteBehavior [ RunTime:0.000021s ]
INFO: [ app_init ] --END-- [ RunTime:0.000573s ]

[ 2017-01-21T19:36:01+08:00 ] ::1 /index.php/Home/Goods/address
INFO: [ app_init ] --START--
INFO: Run Behavior\BuildLiteBehavior [ RunTime:0.000012s ]
INFO: [ app_init ] --END-- [ RunTime:0.000289s ]

[ 2017-01-21T19:36:44+08:00 ] ::1 /index.php/Home/Goods/contact
INFO: [ app_init ] --START--
INFO: Run Behavior\BuildLiteBehavior [ RunTime:0.000010s ]
INFO: [ app_init ] --END-- [ RunTime:0.000339s ]

