[ 2017-05-15T09:09:34+08:00 ] ::1 /index.php
INFO: [ app_init ] --START--
INFO: Run Behavior\BuildLiteBehavior [ RunTime:0.000032s ]
INFO: [ app_init ] --END-- [ RunTime:0.133965s ]

[ 2017-05-15T09:10:13+08:00 ] ::1 /index.php/Home/User/findPasword?PHPSESSID=gbr0egf54hvqgt5kf6h8a4pu84
INFO: [ app_init ] --START--
INFO: Run Behavior\BuildLiteBehavior [ RunTime:0.000012s ]
INFO: [ app_init ] --END-- [ RunTime:0.000310s ]

[ 2017-05-15T09:11:21+08:00 ] ::1 /index.php/Home/User/userInfo
INFO: [ app_init ] --START--
INFO: Run Behavior\BuildLiteBehavior [ RunTime:0.000021s ]
INFO: [ app_init ] --END-- [ RunTime:0.000826s ]

[ 2017-05-15T09:11:33+08:00 ] ::1 /index.php/Home/Index/index
INFO: [ app_init ] --START--
INFO: Run Behavior\BuildLiteBehavior [ RunTime:0.000011s ]
INFO: [ app_init ] --END-- [ RunTime:0.000318s ]

[ 2017-05-15T09:11:35+08:00 ] ::1 /index.php/Home/User/userInfo
INFO: [ app_init ] --START--
INFO: Run Behavior\BuildLiteBehavior [ RunTime:0.000016s ]
INFO: [ app_init ] --END-- [ RunTime:0.000383s ]

[ 2017-05-15T09:11:47+08:00 ] ::1 /index.php/Home/User/register
INFO: [ app_init ] --START--
INFO: Run Behavior\BuildLiteBehavior [ RunTime:0.000011s ]
INFO: [ app_init ] --END-- [ RunTime:0.000281s ]

[ 2017-05-15T09:14:50+08:00 ] ::1 /index.php/Home/User/userInfo
INFO: [ app_init ] --START--
INFO: Run Behavior\BuildLiteBehavior [ RunTime:0.000018s ]
INFO: [ app_init ] --END-- [ RunTime:0.000514s ]

[ 2017-05-15T09:16:58+08:00 ] ::1 /index.php/Home/Goods/goodslist/type/%E8%82%89%E7%B1%BB%E7%B2%BE%E9%80%89
INFO: [ app_init ] --START--
INFO: Run Behavior\BuildLiteBehavior [ RunTime:0.000015s ]
INFO: [ app_init ] --END-- [ RunTime:0.000463s ]

[ 2017-05-15T09:17:01+08:00 ] ::1 /index.php/Home/Goods/favorite/add/2
INFO: [ app_init ] --START--
INFO: Run Behavior\BuildLiteBehavior [ RunTime:0.000014s ]
INFO: [ app_init ] --END-- [ RunTime:0.000425s ]

[ 2017-05-15T09:17:13+08:00 ] ::1 /index.php/Home/Goods/favorite/add/3
INFO: [ app_init ] --START--
INFO: Run Behavior\BuildLiteBehavior [ RunTime:0.000019s ]
INFO: [ app_init ] --END-- [ RunTime:0.000391s ]

[ 2017-05-15T09:17:27+08:00 ] ::1 /index.php
INFO: [ app_init ] --START--
INFO: Run Behavior\BuildLiteBehavior [ RunTime:0.000017s ]
INFO: [ app_init ] --END-- [ RunTime:0.000363s ]

[ 2017-05-15T09:17:29+08:00 ] ::1 /index.php/Home/Goods/goodslist/from/%E4%BA%91%E5%8D%97
INFO: [ app_init ] --START--
INFO: Run Behavior\BuildLiteBehavior [ RunTime:0.000014s ]
INFO: [ app_init ] --END-- [ RunTime:0.000330s ]

[ 2017-05-15T09:17:31+08:00 ] ::1 /index.php/Home/Goods/goodsinfo/good_id/9
INFO: [ app_init ] --START--
INFO: Run Behavior\BuildLiteBehavior [ RunTime:0.000010s ]
INFO: [ app_init ] --END-- [ RunTime:0.000252s ]

[ 2017-05-15T09:17:44+08:00 ] ::1 /index.php/Home/Goods/goodsinfo/good_id/9
INFO: [ app_init ] --START--
INFO: Run Behavior\BuildLiteBehavior [ RunTime:0.000017s ]
INFO: [ app_init ] --END-- [ RunTime:0.000373s ]

[ 2017-05-15T09:17:45+08:00 ] ::1 /index.php/Home/Goods/goodsinfo/good_id/9
INFO: [ app_init ] --START--
INFO: Run Behavior\BuildLiteBehavior [ RunTime:0.000012s ]
INFO: [ app_init ] --END-- [ RunTime:0.000304s ]

[ 2017-05-15T09:17:47+08:00 ] ::1 /index.php/Home/Goods/goodsinfo/good_id/9
INFO: [ app_init ] --START--
INFO: Run Behavior\BuildLiteBehavior [ RunTime:0.000013s ]
INFO: [ app_init ] --END-- [ RunTime:0.000298s ]

[ 2017-05-15T09:17:48+08:00 ] ::1 /index.php/Home/Goods/goodsinfo/good_id/9
INFO: [ app_init ] --START--
INFO: Run Behavior\BuildLiteBehavior [ RunTime:0.000013s ]
INFO: [ app_init ] --END-- [ RunTime:0.000295s ]

[ 2017-05-15T09:17:52+08:00 ] ::1 /index.php/Home/Goods/cart/act/add
INFO: [ app_init ] --START--
INFO: Run Behavior\BuildLiteBehavior [ RunTime:0.000013s ]
INFO: [ app_init ] --END-- [ RunTime:0.000380s ]

[ 2017-05-15T09:17:59+08:00 ] ::1 /index.php/Home/Goods/cart/act/update/gd_id/9/num/5
INFO: [ app_init ] --START--
INFO: Run Behavior\BuildLiteBehavior [ RunTime:0.000013s ]
INFO: [ app_init ] --END-- [ RunTime:0.000337s ]

[ 2017-05-15T09:18:07+08:00 ] ::1 /index.php/Home/Goods/goodslist
INFO: [ app_init ] --START--
INFO: Run Behavior\BuildLiteBehavior [ RunTime:0.000013s ]
INFO: [ app_init ] --END-- [ RunTime:0.000317s ]

[ 2017-05-15T09:18:09+08:00 ] ::1 /index.php/Home/Goods/cart/good_id/6
INFO: [ app_init ] --START--
INFO: Run Behavior\BuildLiteBehavior [ RunTime:0.000015s ]
INFO: [ app_init ] --END-- [ RunTime:0.000383s ]

[ 2017-05-15T09:18:16+08:00 ] ::1 /index.php/Home/Goods/cart/act/update/gd_id/6/num/4
INFO: [ app_init ] --START--
INFO: Run Behavior\BuildLiteBehavior [ RunTime:0.000017s ]
INFO: [ app_init ] --END-- [ RunTime:0.000362s ]

[ 2017-05-15T09:18:31+08:00 ] ::1 /index.php/Home/Goods/order
INFO: [ app_init ] --START--
INFO: Run Behavior\BuildLiteBehavior [ RunTime:0.000016s ]
INFO: [ app_init ] --END-- [ RunTime:0.000335s ]

[ 2017-05-15T09:18:37+08:00 ] ::1 /index.php/Home/Goods/address
INFO: [ app_init ] --START--
INFO: Run Behavior\BuildLiteBehavior [ RunTime:0.000031s ]
INFO: [ app_init ] --END-- [ RunTime:0.000514s ]

[ 2017-05-15T09:18:41+08:00 ] ::1 /index.php/Home/Goods/order/ar_id/2
INFO: [ app_init ] --START--
INFO: Run Behavior\BuildLiteBehavior [ RunTime:0.000013s ]
INFO: [ app_init ] --END-- [ RunTime:0.000403s ]

[ 2017-05-15T09:18:46+08:00 ] ::1 /index.php/Home/Goods/order/ar_id/address
INFO: [ app_init ] --START--
INFO: Run Behavior\BuildLiteBehavior [ RunTime:0.000020s ]
INFO: [ app_init ] --END-- [ RunTime:0.000442s ]
ERR: 1054:Unknown column 'address' in 'where clause'
 [ SQL语句 ] : SELECT * FROM `address` WHERE ( ar_id=address ) LIMIT 1  

[ 2017-05-15T09:19:00+08:00 ] ::1 /index.php/Home/Goods/order
INFO: [ app_init ] --START--
INFO: Run Behavior\BuildLiteBehavior [ RunTime:0.000011s ]
INFO: [ app_init ] --END-- [ RunTime:0.000317s ]

[ 2017-05-15T09:19:02+08:00 ] ::1 /index.php/Home/Goods/address
INFO: [ app_init ] --START--
INFO: Run Behavior\BuildLiteBehavior [ RunTime:0.000020s ]
INFO: [ app_init ] --END-- [ RunTime:0.000472s ]

[ 2017-05-15T09:19:05+08:00 ] ::1 /index.php/Home/Goods/order/ar_id/10
INFO: [ app_init ] --START--
INFO: Run Behavior\BuildLiteBehavior [ RunTime:0.000014s ]
INFO: [ app_init ] --END-- [ RunTime:0.000294s ]

[ 2017-05-15T09:19:10+08:00 ] ::1 /index.php/Home/Goods/order/ar_id/address
INFO: [ app_init ] --START--
INFO: Run Behavior\BuildLiteBehavior [ RunTime:0.000011s ]
INFO: [ app_init ] --END-- [ RunTime:0.000270s ]
ERR: 1054:Unknown column 'address' in 'where clause'
 [ SQL语句 ] : SELECT * FROM `address` WHERE ( ar_id=address ) LIMIT 1  

[ 2017-05-15T09:19:42+08:00 ] ::1 /index.php/Goods/address/act/change/ar_id/10
INFO: [ app_init ] --START--
INFO: Run Behavior\BuildLiteBehavior [ RunTime:0.000012s ]
INFO: [ app_init ] --END-- [ RunTime:0.000324s ]

[ 2017-05-15T09:19:43+08:00 ] ::1 /index.php/Goods/address/act/change/ar_id/10
INFO: [ app_init ] --START--
INFO: Run Behavior\BuildLiteBehavior [ RunTime:0.000011s ]
INFO: [ app_init ] --END-- [ RunTime:0.000294s ]

[ 2017-05-15T09:19:46+08:00 ] ::1 /index.php/Home/Goods/address/act/delete/ar_id/10
INFO: [ app_init ] --START--
INFO: Run Behavior\BuildLiteBehavior [ RunTime:0.000015s ]
INFO: [ app_init ] --END-- [ RunTime:0.000502s ]

[ 2017-05-15T09:20:21+08:00 ] ::1 /index.php/Home/Goods/address
INFO: [ app_init ] --START--
INFO: Run Behavior\BuildLiteBehavior [ RunTime:0.000011s ]
INFO: [ app_init ] --END-- [ RunTime:0.000261s ]

[ 2017-05-15T09:20:25+08:00 ] ::1 /index.php/Home/Goods/order/ar_id/11
INFO: [ app_init ] --START--
INFO: Run Behavior\BuildLiteBehavior [ RunTime:0.000015s ]
INFO: [ app_init ] --END-- [ RunTime:0.000338s ]

[ 2017-05-15T09:20:30+08:00 ] ::1 /index.php/Home/Goods/afterorder/ar_id/11
INFO: [ app_init ] --START--
INFO: Run Behavior\BuildLiteBehavior [ RunTime:0.000046s ]
INFO: [ app_init ] --END-- [ RunTime:0.000770s ]

[ 2017-05-15T09:20:32+08:00 ] ::1 /index.php
INFO: [ app_init ] --START--
INFO: Run Behavior\BuildLiteBehavior [ RunTime:0.000023s ]
INFO: [ app_init ] --END-- [ RunTime:0.000587s ]

[ 2017-05-15T09:21:23+08:00 ] ::1 /index.php/Home/Goods/address/act/delete/ar_id/10
INFO: [ app_init ] --START--
INFO: Run Behavior\BuildLiteBehavior [ RunTime:0.000013s ]
INFO: [ app_init ] --END-- [ RunTime:0.000408s ]

[ 2017-05-15T09:21:31+08:00 ] ::1 /index.php/Home/User/userInfo
INFO: [ app_init ] --START--
INFO: Run Behavior\BuildLiteBehavior [ RunTime:0.000012s ]
INFO: [ app_init ] --END-- [ RunTime:0.000360s ]

[ 2017-05-15T09:21:45+08:00 ] ::1 /index.php/Home/Goods/address
INFO: [ app_init ] --START--
INFO: Run Behavior\BuildLiteBehavior [ RunTime:0.000013s ]
INFO: [ app_init ] --END-- [ RunTime:0.000457s ]

[ 2017-05-15T09:22:41+08:00 ] ::1 /index.php/Home/User/register
INFO: [ app_init ] --START--
INFO: Run Behavior\BuildLiteBehavior [ RunTime:0.000014s ]
INFO: [ app_init ] --END-- [ RunTime:0.000399s ]

[ 2017-05-15T09:24:02+08:00 ] ::1 /index.php/Home/User/userInfo
INFO: [ app_init ] --START--
INFO: Run Behavior\BuildLiteBehavior [ RunTime:0.000016s ]
INFO: [ app_init ] --END-- [ RunTime:0.000438s ]

[ 2017-05-15T09:24:04+08:00 ] ::1 /index.php/Home/User/changePasword
INFO: [ app_init ] --START--
INFO: Run Behavior\BuildLiteBehavior [ RunTime:0.000012s ]
INFO: [ app_init ] --END-- [ RunTime:0.000301s ]

[ 2017-05-15T09:26:01+08:00 ] ::1 /index.php
INFO: [ app_init ] --START--
INFO: Run Behavior\BuildLiteBehavior [ RunTime:0.000011s ]
INFO: [ app_init ] --END-- [ RunTime:0.000256s ]

[ 2017-05-15T09:32:10+08:00 ] ::1 /index.php/Home/User/userInfo
INFO: [ app_init ] --START--
INFO: Run Behavior\BuildLiteBehavior [ RunTime:0.000020s ]
INFO: [ app_init ] --END-- [ RunTime:0.000601s ]

[ 2017-05-15T09:32:11+08:00 ] ::1 /index.php/Home/User/infoChangePasword
INFO: [ app_init ] --START--
INFO: Run Behavior\BuildLiteBehavior [ RunTime:0.000014s ]
INFO: [ app_init ] --END-- [ RunTime:0.000357s ]

[ 2017-05-15T09:32:27+08:00 ] ::1 /index.php/Home/User/userInfo
INFO: [ app_init ] --START--
INFO: Run Behavior\BuildLiteBehavior [ RunTime:0.000038s ]
INFO: [ app_init ] --END-- [ RunTime:0.001277s ]

[ 2017-05-15T09:32:28+08:00 ] ::1 /index.php/Home/User/infoChangePasword
INFO: [ app_init ] --START--
INFO: Run Behavior\BuildLiteBehavior [ RunTime:0.000013s ]
INFO: [ app_init ] --END-- [ RunTime:0.000393s ]

[ 2017-05-15T09:32:39+08:00 ] ::1 /index.php/Home/User/userInfo
INFO: [ app_init ] --START--
INFO: Run Behavior\BuildLiteBehavior [ RunTime:0.000013s ]
INFO: [ app_init ] --END-- [ RunTime:0.000331s ]

[ 2017-05-15T09:32:40+08:00 ] ::1 /index.php/Home/User/infoChangePasword
INFO: [ app_init ] --START--
INFO: Run Behavior\BuildLiteBehavior [ RunTime:0.000014s ]
INFO: [ app_init ] --END-- [ RunTime:0.000379s ]

[ 2017-05-15T09:32:59+08:00 ] ::1 /index.php/Home/User/userInfo
INFO: [ app_init ] --START--
INFO: Run Behavior\BuildLiteBehavior [ RunTime:0.000020s ]
INFO: [ app_init ] --END-- [ RunTime:0.000587s ]

[ 2017-05-15T09:33:19+08:00 ] ::1 /index.php/Home/User/userInfo
INFO: [ app_init ] --START--
INFO: Run Behavior\BuildLiteBehavior [ RunTime:0.000034s ]
INFO: [ app_init ] --END-- [ RunTime:0.000965s ]

[ 2017-05-15T09:33:32+08:00 ] ::1 /index.php/Home/User/userInfo
INFO: [ app_init ] --START--
INFO: Run Behavior\BuildLiteBehavior [ RunTime:0.000021s ]
INFO: [ app_init ] --END-- [ RunTime:0.000677s ]

[ 2017-05-15T09:33:38+08:00 ] ::1 /index.php/Home/User/infoChangePasword
INFO: [ app_init ] --START--
INFO: Run Behavior\BuildLiteBehavior [ RunTime:0.000013s ]
INFO: [ app_init ] --END-- [ RunTime:0.000347s ]

[ 2017-05-15T09:33:58+08:00 ] ::1 /index.php
INFO: [ app_init ] --START--
INFO: Run Behavior\BuildLiteBehavior [ RunTime:0.000054s ]
INFO: [ app_init ] --END-- [ RunTime:0.000596s ]

[ 2017-05-15T09:34:01+08:00 ] ::1 /index.php/Home/User/userInfo
INFO: [ app_init ] --START--
INFO: Run Behavior\BuildLiteBehavior [ RunTime:0.000019s ]
INFO: [ app_init ] --END-- [ RunTime:0.000456s ]

[ 2017-05-15T09:34:14+08:00 ] ::1 /index.php/Home/User/infoChangePasword
INFO: [ app_init ] --START--
INFO: Run Behavior\BuildLiteBehavior [ RunTime:0.000014s ]
INFO: [ app_init ] --END-- [ RunTime:0.000307s ]

[ 2017-05-15T09:35:10+08:00 ] ::1 /index.php/Home/User/infoChangePasword
INFO: [ app_init ] --START--
INFO: Run Behavior\BuildLiteBehavior [ RunTime:0.000012s ]
INFO: [ app_init ] --END-- [ RunTime:0.000269s ]

[ 2017-05-15T09:35:19+08:00 ] ::1 /index.php/Home/User/infoChangePasword
INFO: [ app_init ] --START--
INFO: Run Behavior\BuildLiteBehavior [ RunTime:0.000016s ]
INFO: [ app_init ] --END-- [ RunTime:0.000437s ]

[ 2017-05-15T09:35:23+08:00 ] ::1 /index.php/Home/User/userInfo
INFO: [ app_init ] --START--
INFO: Run Behavior\BuildLiteBehavior [ RunTime:0.000045s ]
INFO: [ app_init ] --END-- [ RunTime:0.000415s ]

[ 2017-05-15T09:35:24+08:00 ] ::1 /index.php/Home/User/infoChangePasword
INFO: [ app_init ] --START--
INFO: Run Behavior\BuildLiteBehavior [ RunTime:0.000013s ]
INFO: [ app_init ] --END-- [ RunTime:0.000380s ]

[ 2017-05-15T09:35:26+08:00 ] ::1 /index.php/Home/User/userInfo
INFO: [ app_init ] --START--
INFO: Run Behavior\BuildLiteBehavior [ RunTime:0.000011s ]
INFO: [ app_init ] --END-- [ RunTime:0.000239s ]

[ 2017-05-15T09:35:27+08:00 ] ::1 /index.php/Home/User/infoChangePasword
INFO: [ app_init ] --START--
INFO: Run Behavior\BuildLiteBehavior [ RunTime:0.000014s ]
INFO: [ app_init ] --END-- [ RunTime:0.000350s ]

[ 2017-05-15T09:35:43+08:00 ] ::1 /index.php/Home/User/userInfo
INFO: [ app_init ] --START--
INFO: Run Behavior\BuildLiteBehavior [ RunTime:0.000017s ]
INFO: [ app_init ] --END-- [ RunTime:0.000325s ]

[ 2017-05-15T09:35:43+08:00 ] ::1 /index.php/Home/User/infoChangePasword
INFO: [ app_init ] --START--
INFO: Run Behavior\BuildLiteBehavior [ RunTime:0.000013s ]
INFO: [ app_init ] --END-- [ RunTime:0.000483s ]

[ 2017-05-15T09:36:16+08:00 ] ::1 /index.php/Home/User/userInfo
INFO: [ app_init ] --START--
INFO: Run Behavior\BuildLiteBehavior [ RunTime:0.000029s ]
INFO: [ app_init ] --END-- [ RunTime:0.000428s ]

[ 2017-05-15T09:36:18+08:00 ] ::1 /index.php/Home/User/infoChangePasword
INFO: [ app_init ] --START--
INFO: Run Behavior\BuildLiteBehavior [ RunTime:0.000013s ]
INFO: [ app_init ] --END-- [ RunTime:0.000371s ]

[ 2017-05-15T09:38:19+08:00 ] ::1 /index.php/Home/User/change
INFO: [ app_init ] --START--
INFO: Run Behavior\BuildLiteBehavior [ RunTime:0.000016s ]
INFO: [ app_init ] --END-- [ RunTime:0.000561s ]

[ 2017-05-15T09:38:22+08:00 ] ::1 /index.php/Home/User/infoChangePasword
INFO: [ app_init ] --START--
INFO: Run Behavior\BuildLiteBehavior [ RunTime:0.000010s ]
INFO: [ app_init ] --END-- [ RunTime:0.000246s ]

[ 2017-05-15T09:38:43+08:00 ] ::1 /index.php/Home/User/change
INFO: [ app_init ] --START--
INFO: Run Behavior\BuildLiteBehavior [ RunTime:0.000019s ]
INFO: [ app_init ] --END-- [ RunTime:0.000456s ]

[ 2017-05-15T09:40:30+08:00 ] ::1 /index.php/Home/User/userInfo
INFO: [ app_init ] --START--
INFO: Run Behavior\BuildLiteBehavior [ RunTime:0.000015s ]
INFO: [ app_init ] --END-- [ RunTime:0.000331s ]

[ 2017-05-15T09:40:31+08:00 ] ::1 /index.php/Home/User/infoChangePasword
INFO: [ app_init ] --START--
INFO: Run Behavior\BuildLiteBehavior [ RunTime:0.000014s ]
INFO: [ app_init ] --END-- [ RunTime:0.000370s ]

[ 2017-05-15T09:40:35+08:00 ] ::1 /index.php/Home/User/change
INFO: [ app_init ] --START--
INFO: Run Behavior\BuildLiteBehavior [ RunTime:0.000013s ]
INFO: [ app_init ] --END-- [ RunTime:0.000292s ]

[ 2017-05-15T09:40:37+08:00 ] ::1 /index.php/Home/User/infoChangePasword
INFO: [ app_init ] --START--
INFO: Run Behavior\BuildLiteBehavior [ RunTime:0.000015s ]
INFO: [ app_init ] --END-- [ RunTime:0.000491s ]

[ 2017-05-15T09:40:41+08:00 ] ::1 /index.php/Home/User/change
INFO: [ app_init ] --START--
INFO: Run Behavior\BuildLiteBehavior [ RunTime:0.000013s ]
INFO: [ app_init ] --END-- [ RunTime:0.000310s ]

[ 2017-05-15T09:41:21+08:00 ] ::1 /index.php/Home/Index/logout.du
INFO: [ app_init ] --START--
INFO: Run Behavior\BuildLiteBehavior [ RunTime:0.000010s ]
INFO: [ app_init ] --END-- [ RunTime:0.000267s ]

[ 2017-05-15T09:41:22+08:00 ] ::1 /index.php/Home/Index/index
INFO: [ app_init ] --START--
INFO: Run Behavior\BuildLiteBehavior [ RunTime:0.000015s ]
INFO: [ app_init ] --END-- [ RunTime:0.000348s ]

[ 2017-05-15T09:41:23+08:00 ] ::1 /index.php/Home/Index/image/foot.gif
INFO: [ app_init ] --START--
INFO: Run Behavior\BuildLiteBehavior [ RunTime:0.000017s ]
INFO: [ app_init ] --END-- [ RunTime:0.000390s ]

[ 2017-05-15T09:41:27+08:00 ] ::1 /index.php/Home/User/findPasword?PHPSESSID=9crlouablum29oedm43tsvjlr4
INFO: [ app_init ] --START--
INFO: Run Behavior\BuildLiteBehavior [ RunTime:0.000011s ]
INFO: [ app_init ] --END-- [ RunTime:0.000280s ]

[ 2017-05-15T09:41:34+08:00 ] ::1 /index.php/Home/User/register/name/dxy
INFO: [ app_init ] --START--
INFO: Run Behavior\BuildLiteBehavior [ RunTime:0.000024s ]
INFO: [ app_init ] --END-- [ RunTime:0.000621s ]

[ 2017-05-15T09:41:37+08:00 ] ::1 /index.php/Home/User/findPasword
INFO: [ app_init ] --START--
INFO: Run Behavior\BuildLiteBehavior [ RunTime:0.000013s ]
INFO: [ app_init ] --END-- [ RunTime:0.000324s ]

[ 2017-05-15T09:41:50+08:00 ] ::1 /index.php/Home/User/findPasword
INFO: [ app_init ] --START--
INFO: Run Behavior\BuildLiteBehavior [ RunTime:0.000019s ]
INFO: [ app_init ] --END-- [ RunTime:0.000505s ]

[ 2017-05-15T09:41:51+08:00 ] ::1 /index.php/Home/User/changePasword/username/dxy
INFO: [ app_init ] --START--
INFO: Run Behavior\BuildLiteBehavior [ RunTime:0.000011s ]
INFO: [ app_init ] --END-- [ RunTime:0.000275s ]

[ 2017-05-15T09:41:59+08:00 ] ::1 /index.php/Home/User/change
INFO: [ app_init ] --START--
INFO: Run Behavior\BuildLiteBehavior [ RunTime:0.000013s ]
INFO: [ app_init ] --END-- [ RunTime:0.000293s ]

[ 2017-05-15T09:42:18+08:00 ] ::1 /index.php/Home/Index/index
INFO: [ app_init ] --START--
INFO: Run Behavior\BuildLiteBehavior [ RunTime:0.000014s ]
INFO: [ app_init ] --END-- [ RunTime:0.000309s ]

[ 2017-05-15T09:42:20+08:00 ] ::1 /index.php/Home/User/userInfo
INFO: [ app_init ] --START--
INFO: Run Behavior\BuildLiteBehavior [ RunTime:0.000017s ]
INFO: [ app_init ] --END-- [ RunTime:0.000402s ]

[ 2017-05-15T09:42:22+08:00 ] ::1 /index.php/Home/User/infoChangePasword
INFO: [ app_init ] --START--
INFO: Run Behavior\BuildLiteBehavior [ RunTime:0.000021s ]
INFO: [ app_init ] --END-- [ RunTime:0.000467s ]

[ 2017-05-15T09:42:25+08:00 ] ::1 /index.php/Home/User/change
INFO: [ app_init ] --START--
INFO: Run Behavior\BuildLiteBehavior [ RunTime:0.000014s ]
INFO: [ app_init ] --END-- [ RunTime:0.000332s ]

[ 2017-05-15T09:42:30+08:00 ] ::1 /index.php/Home/User/register
INFO: [ app_init ] --START--
INFO: Run Behavior\BuildLiteBehavior [ RunTime:0.000015s ]
INFO: [ app_init ] --END-- [ RunTime:0.000402s ]

[ 2017-05-15T09:43:30+08:00 ] ::1 /index.php/Home/User/userInfo
INFO: [ app_init ] --START--
INFO: Run Behavior\BuildLiteBehavior [ RunTime:0.000019s ]
INFO: [ app_init ] --END-- [ RunTime:0.000491s ]

[ 2017-05-15T09:43:32+08:00 ] ::1 /index.php/Home/User/infoChangeQuestion
INFO: [ app_init ] --START--
INFO: Run Behavior\BuildLiteBehavior [ RunTime:0.000015s ]
INFO: [ app_init ] --END-- [ RunTime:0.000463s ]

[ 2017-05-15T09:44:41+08:00 ] ::1 /index.php/Home/User/userInfo
INFO: [ app_init ] --START--
INFO: Run Behavior\BuildLiteBehavior [ RunTime:0.000014s ]
INFO: [ app_init ] --END-- [ RunTime:0.000423s ]

[ 2017-05-15T09:44:42+08:00 ] ::1 /index.php/Home/User/infoChangeQuestion
INFO: [ app_init ] --START--
INFO: Run Behavior\BuildLiteBehavior [ RunTime:0.000012s ]
INFO: [ app_init ] --END-- [ RunTime:0.000340s ]

[ 2017-05-15T09:46:57+08:00 ] ::1 /index.php/Home/User/userInfo
INFO: [ app_init ] --START--
INFO: Run Behavior\BuildLiteBehavior [ RunTime:0.000020s ]
INFO: [ app_init ] --END-- [ RunTime:0.000837s ]

[ 2017-05-15T09:46:58+08:00 ] ::1 /index.php/Home/User/infoChangeQuestion
INFO: [ app_init ] --START--
INFO: Run Behavior\BuildLiteBehavior [ RunTime:0.000013s ]
INFO: [ app_init ] --END-- [ RunTime:0.000270s ]

[ 2017-05-15T09:48:20+08:00 ] ::1 /index.php/Home/User/register
INFO: [ app_init ] --START--
INFO: Run Behavior\BuildLiteBehavior [ RunTime:0.000014s ]
INFO: [ app_init ] --END-- [ RunTime:0.000354s ]

[ 2017-05-15T09:48:25+08:00 ] ::1 /index.php/Home/User/register/name/dxy
INFO: [ app_init ] --START--
INFO: Run Behavior\BuildLiteBehavior [ RunTime:0.000023s ]
INFO: [ app_init ] --END-- [ RunTime:0.000576s ]

[ 2017-05-15T09:48:49+08:00 ] ::1 /index.php/Home/User/register
INFO: [ app_init ] --START--
INFO: Run Behavior\BuildLiteBehavior [ RunTime:0.000018s ]
INFO: [ app_init ] --END-- [ RunTime:0.000446s ]

[ 2017-05-15T09:48:52+08:00 ] ::1 /index.php/Home/User/register/name/dxy
INFO: [ app_init ] --START--
INFO: Run Behavior\BuildLiteBehavior [ RunTime:0.000027s ]
INFO: [ app_init ] --END-- [ RunTime:0.000752s ]

[ 2017-05-15T09:48:55+08:00 ] ::1 /index.php/Home/User/register
INFO: [ app_init ] --START--
INFO: Run Behavior\BuildLiteBehavior [ RunTime:0.000013s ]
INFO: [ app_init ] --END-- [ RunTime:0.000309s ]

[ 2017-05-15T09:51:45+08:00 ] ::1 /index.php/Home/User/register
INFO: [ app_init ] --START--
INFO: Run Behavior\BuildLiteBehavior [ RunTime:0.000013s ]
INFO: [ app_init ] --END-- [ RunTime:0.000342s ]

[ 2017-05-15T09:51:46+08:00 ] ::1 /index.php/Home/User/register
INFO: [ app_init ] --START--
INFO: Run Behavior\BuildLiteBehavior [ RunTime:0.000013s ]
INFO: [ app_init ] --END-- [ RunTime:0.000375s ]

[ 2017-05-15T09:51:48+08:00 ] ::1 /index.php/Home/User/register
INFO: [ app_init ] --START--
INFO: Run Behavior\BuildLiteBehavior [ RunTime:0.000013s ]
INFO: [ app_init ] --END-- [ RunTime:0.000328s ]

[ 2017-05-15T09:52:17+08:00 ] ::1 /index.php/Home/User/register
INFO: [ app_init ] --START--
INFO: Run Behavior\BuildLiteBehavior [ RunTime:0.000017s ]
INFO: [ app_init ] --END-- [ RunTime:0.000403s ]

[ 2017-05-15T09:52:53+08:00 ] ::1 /index.php/Home/User/register
INFO: [ app_init ] --START--
INFO: Run Behavior\BuildLiteBehavior [ RunTime:0.000014s ]
INFO: [ app_init ] --END-- [ RunTime:0.000367s ]

[ 2017-05-15T09:55:06+08:00 ] ::1 /index.php/Home/User/register
INFO: [ app_init ] --START--
INFO: Run Behavior\BuildLiteBehavior [ RunTime:0.000018s ]
INFO: [ app_init ] --END-- [ RunTime:0.000428s ]

[ 2017-05-15T09:55:39+08:00 ] ::1 /index.php/Home/User/register
INFO: [ app_init ] --START--
INFO: Run Behavior\BuildLiteBehavior [ RunTime:0.000012s ]
INFO: [ app_init ] --END-- [ RunTime:0.000323s ]

[ 2017-05-15T09:56:52+08:00 ] ::1 /index.php/Home/User/register
INFO: [ app_init ] --START--
INFO: Run Behavior\BuildLiteBehavior [ RunTime:0.000014s ]
INFO: [ app_init ] --END-- [ RunTime:0.000332s ]

[ 2017-05-15T09:57:00+08:00 ] ::1 /index.php/Home/User/register/name/dxy
INFO: [ app_init ] --START--
INFO: Run Behavior\BuildLiteBehavior [ RunTime:0.000024s ]
INFO: [ app_init ] --END-- [ RunTime:0.000627s ]

[ 2017-05-15T09:57:07+08:00 ] ::1 /index.php/Home/User/register/name/3
INFO: [ app_init ] --START--
INFO: Run Behavior\BuildLiteBehavior [ RunTime:0.000011s ]
INFO: [ app_init ] --END-- [ RunTime:0.000273s ]

[ 2017-05-15T09:57:21+08:00 ] ::1 /index.php/Home/User/register/name/3
INFO: [ app_init ] --START--
INFO: Run Behavior\BuildLiteBehavior [ RunTime:0.000011s ]
INFO: [ app_init ] --END-- [ RunTime:0.000264s ]

[ 2017-05-15T09:57:55+08:00 ] ::1 /index.php/Home/User/register
INFO: [ app_init ] --START--
INFO: Run Behavior\BuildLiteBehavior [ RunTime:0.000021s ]
INFO: [ app_init ] --END-- [ RunTime:0.000649s ]

[ 2017-05-15T09:57:55+08:00 ] ::1 /index.php/Home/User/register/name/3
INFO: [ app_init ] --START--
INFO: Run Behavior\BuildLiteBehavior [ RunTime:0.000012s ]
INFO: [ app_init ] --END-- [ RunTime:0.000319s ]

[ 2017-05-15T09:58:54+08:00 ] ::1 /index.php/Home/User/register
INFO: [ app_init ] --START--
INFO: Run Behavior\BuildLiteBehavior [ RunTime:0.000021s ]
INFO: [ app_init ] --END-- [ RunTime:0.000597s ]

[ 2017-05-15T09:58:56+08:00 ] ::1 /index.php/Home/User/register
INFO: [ app_init ] --START--
INFO: Run Behavior\BuildLiteBehavior [ RunTime:0.000017s ]
INFO: [ app_init ] --END-- [ RunTime:0.000537s ]

[ 2017-05-15T09:59:45+08:00 ] ::1 /index.php/Home/User/register
INFO: [ app_init ] --START--
INFO: Run Behavior\BuildLiteBehavior [ RunTime:0.000022s ]
INFO: [ app_init ] --END-- [ RunTime:0.000663s ]

[ 2017-05-15T10:00:08+08:00 ] ::1 /index.php/Home/User/register
INFO: [ app_init ] --START--
INFO: Run Behavior\BuildLiteBehavior [ RunTime:0.000017s ]
INFO: [ app_init ] --END-- [ RunTime:0.000379s ]

[ 2017-05-15T10:01:10+08:00 ] ::1 /index.php/Home/User/register
INFO: [ app_init ] --START--
INFO: Run Behavior\BuildLiteBehavior [ RunTime:0.000014s ]
INFO: [ app_init ] --END-- [ RunTime:0.000429s ]

[ 2017-05-15T10:01:25+08:00 ] ::1 /index.php/Home/User/register
INFO: [ app_init ] --START--
INFO: Run Behavior\BuildLiteBehavior [ RunTime:0.000017s ]
INFO: [ app_init ] --END-- [ RunTime:0.000526s ]

[ 2017-05-15T10:01:48+08:00 ] ::1 /index.php/Home/User/register
INFO: [ app_init ] --START--
INFO: Run Behavior\BuildLiteBehavior [ RunTime:0.000012s ]
INFO: [ app_init ] --END-- [ RunTime:0.000283s ]

[ 2017-05-15T10:05:47+08:00 ] ::1 /index.php/Home/User/register
INFO: [ app_init ] --START--
INFO: Run Behavior\BuildLiteBehavior [ RunTime:0.000015s ]
INFO: [ app_init ] --END-- [ RunTime:0.000369s ]

[ 2017-05-15T10:05:52+08:00 ] ::1 /index.php/Home/User/register/name/dxy
INFO: [ app_init ] --START--
INFO: Run Behavior\BuildLiteBehavior [ RunTime:0.000010s ]
INFO: [ app_init ] --END-- [ RunTime:0.000280s ]

[ 2017-05-15T10:06:12+08:00 ] ::1 /index.php/Home/User/register
INFO: [ app_init ] --START--
INFO: Run Behavior\BuildLiteBehavior [ RunTime:0.000015s ]
INFO: [ app_init ] --END-- [ RunTime:0.000320s ]

[ 2017-05-15T10:06:14+08:00 ] ::1 /index.php
INFO: [ app_init ] --START--
INFO: Run Behavior\BuildLiteBehavior [ RunTime:0.000027s ]
INFO: [ app_init ] --END-- [ RunTime:0.000991s ]

[ 2017-05-15T10:06:44+08:00 ] ::1 /index.php/Home/User/register
INFO: [ app_init ] --START--
INFO: Run Behavior\BuildLiteBehavior [ RunTime:0.000042s ]
INFO: [ app_init ] --END-- [ RunTime:0.000860s ]

[ 2017-05-15T10:06:49+08:00 ] ::1 /index.php/Home/User/register/name/dxy
INFO: [ app_init ] --START--
INFO: Run Behavior\BuildLiteBehavior [ RunTime:0.000011s ]
INFO: [ app_init ] --END-- [ RunTime:0.000282s ]

[ 2017-05-15T10:06:57+08:00 ] ::1 /index.php/Home/User/register
INFO: [ app_init ] --START--
INFO: Run Behavior\BuildLiteBehavior [ RunTime:0.000012s ]
INFO: [ app_init ] --END-- [ RunTime:0.000267s ]

[ 2017-05-15T10:06:59+08:00 ] ::1 /index.php
INFO: [ app_init ] --START--
INFO: Run Behavior\BuildLiteBehavior [ RunTime:0.000011s ]
INFO: [ app_init ] --END-- [ RunTime:0.000286s ]

[ 2017-05-15T10:07:06+08:00 ] ::1 /index.php/Home/User/register
INFO: [ app_init ] --START--
INFO: Run Behavior\BuildLiteBehavior [ RunTime:0.000012s ]
INFO: [ app_init ] --END-- [ RunTime:0.000289s ]

[ 2017-05-15T10:07:10+08:00 ] ::1 /index.php/Home/User/register/name/dxy
INFO: [ app_init ] --START--
INFO: Run Behavior\BuildLiteBehavior [ RunTime:0.000014s ]
INFO: [ app_init ] --END-- [ RunTime:0.000338s ]

[ 2017-05-15T10:08:41+08:00 ] ::1 /index.php/Home/User/userInfo
INFO: [ app_init ] --START--
INFO: Run Behavior\BuildLiteBehavior [ RunTime:0.000014s ]
INFO: [ app_init ] --END-- [ RunTime:0.000425s ]

[ 2017-05-15T10:08:43+08:00 ] ::1 /index.php/Home/User/infoChangeQuestion
INFO: [ app_init ] --START--
INFO: Run Behavior\BuildLiteBehavior [ RunTime:0.000018s ]
INFO: [ app_init ] --END-- [ RunTime:0.000461s ]

[ 2017-05-15T10:13:31+08:00 ] ::1 /index.php/Home/User/userInfo
INFO: [ app_init ] --START--
INFO: Run Behavior\BuildLiteBehavior [ RunTime:0.000018s ]
INFO: [ app_init ] --END-- [ RunTime:0.000621s ]

[ 2017-05-15T10:13:32+08:00 ] ::1 /index.php/Home/User/infoChangeQuestion
INFO: [ app_init ] --START--
INFO: Run Behavior\BuildLiteBehavior [ RunTime:0.000014s ]
INFO: [ app_init ] --END-- [ RunTime:0.000420s ]

[ 2017-05-15T10:14:44+08:00 ] ::1 /index.php/Home/User/userInfo
INFO: [ app_init ] --START--
INFO: Run Behavior\BuildLiteBehavior [ RunTime:0.000019s ]
INFO: [ app_init ] --END-- [ RunTime:0.000487s ]

[ 2017-05-15T10:14:45+08:00 ] ::1 /index.php/Home/User/infoChangeQuestion
INFO: [ app_init ] --START--
INFO: Run Behavior\BuildLiteBehavior [ RunTime:0.000011s ]
INFO: [ app_init ] --END-- [ RunTime:0.000284s ]

[ 2017-05-15T10:17:00+08:00 ] ::1 /index.php/Home/User/userInfo
INFO: [ app_init ] --START--
INFO: Run Behavior\BuildLiteBehavior [ RunTime:0.000022s ]
INFO: [ app_init ] --END-- [ RunTime:0.000404s ]

[ 2017-05-15T10:17:02+08:00 ] ::1 /index.php/Home/User/infoChangeQuestion
INFO: [ app_init ] --START--
INFO: Run Behavior\BuildLiteBehavior [ RunTime:0.000013s ]
INFO: [ app_init ] --END-- [ RunTime:0.000414s ]

[ 2017-05-15T10:26:56+08:00 ] ::1 /index.php/Home/User/userInfo
INFO: [ app_init ] --START--
INFO: Run Behavior\BuildLiteBehavior [ RunTime:0.000020s ]
INFO: [ app_init ] --END-- [ RunTime:0.000513s ]

[ 2017-05-15T10:26:57+08:00 ] ::1 /index.php/Home/User/infoChangeQuestion
INFO: [ app_init ] --START--
INFO: Run Behavior\BuildLiteBehavior [ RunTime:0.000011s ]
INFO: [ app_init ] --END-- [ RunTime:0.000318s ]

[ 2017-05-15T10:28:49+08:00 ] ::1 /index.php/Home/User/userInfo
INFO: [ app_init ] --START--
INFO: Run Behavior\BuildLiteBehavior [ RunTime:0.000012s ]
INFO: [ app_init ] --END-- [ RunTime:0.000291s ]

[ 2017-05-15T10:28:50+08:00 ] ::1 /index.php/Home/User/infoChangeQuestion
INFO: [ app_init ] --START--
INFO: Run Behavior\BuildLiteBehavior [ RunTime:0.000013s ]
INFO: [ app_init ] --END-- [ RunTime:0.000433s ]

[ 2017-05-15T10:30:31+08:00 ] ::1 /index.php/Home/User/userInfo
INFO: [ app_init ] --START--
INFO: Run Behavior\BuildLiteBehavior [ RunTime:0.000011s ]
INFO: [ app_init ] --END-- [ RunTime:0.000294s ]

[ 2017-05-15T10:30:34+08:00 ] ::1 /index.php/Home/User/infoChangeQuestion
INFO: [ app_init ] --START--
INFO: Run Behavior\BuildLiteBehavior [ RunTime:0.000014s ]
INFO: [ app_init ] --END-- [ RunTime:0.000474s ]

[ 2017-05-15T10:31:18+08:00 ] ::1 /index.php/Home/User/userInfo
INFO: [ app_init ] --START--
INFO: Run Behavior\BuildLiteBehavior [ RunTime:0.000011s ]
INFO: [ app_init ] --END-- [ RunTime:0.000272s ]

[ 2017-05-15T10:31:19+08:00 ] ::1 /index.php/Home/User/infoChangeQuestion
INFO: [ app_init ] --START--
INFO: Run Behavior\BuildLiteBehavior [ RunTime:0.000010s ]
INFO: [ app_init ] --END-- [ RunTime:0.000254s ]

[ 2017-05-15T10:31:52+08:00 ] ::1 /index.php/Home/User/userInfo
INFO: [ app_init ] --START--
INFO: Run Behavior\BuildLiteBehavior [ RunTime:0.000025s ]
INFO: [ app_init ] --END-- [ RunTime:0.000582s ]

[ 2017-05-15T10:31:53+08:00 ] ::1 /index.php/Home/User/infoChangeQuestion
INFO: [ app_init ] --START--
INFO: Run Behavior\BuildLiteBehavior [ RunTime:0.000013s ]
INFO: [ app_init ] --END-- [ RunTime:0.000326s ]

[ 2017-05-15T10:32:24+08:00 ] ::1 /index.php/Home/User/userInfo
INFO: [ app_init ] --START--
INFO: Run Behavior\BuildLiteBehavior [ RunTime:0.000015s ]
INFO: [ app_init ] --END-- [ RunTime:0.000619s ]

[ 2017-05-15T10:32:25+08:00 ] ::1 /index.php/Home/User/infoChangeQuestion
INFO: [ app_init ] --START--
INFO: Run Behavior\BuildLiteBehavior [ RunTime:0.000016s ]
INFO: [ app_init ] --END-- [ RunTime:0.000344s ]

[ 2017-05-15T10:33:01+08:00 ] ::1 /index.php/Home/User/userInfo
INFO: [ app_init ] --START--
INFO: Run Behavior\BuildLiteBehavior [ RunTime:0.000020s ]
INFO: [ app_init ] --END-- [ RunTime:0.000501s ]

[ 2017-05-15T10:33:02+08:00 ] ::1 /index.php/Home/User/infoChangeQuestion
INFO: [ app_init ] --START--
INFO: Run Behavior\BuildLiteBehavior [ RunTime:0.000019s ]
INFO: [ app_init ] --END-- [ RunTime:0.000533s ]

[ 2017-05-15T10:35:09+08:00 ] ::1 /index.php/Home/User/userInfo
INFO: [ app_init ] --START--
INFO: Run Behavior\BuildLiteBehavior [ RunTime:0.000018s ]
INFO: [ app_init ] --END-- [ RunTime:0.000399s ]

[ 2017-05-15T10:35:10+08:00 ] ::1 /index.php/Home/User/infoChangeQuestion
INFO: [ app_init ] --START--
INFO: Run Behavior\BuildLiteBehavior [ RunTime:0.000019s ]
INFO: [ app_init ] --END-- [ RunTime:0.000518s ]

[ 2017-05-15T10:35:24+08:00 ] ::1 /index.php/Home/User/infoChangePasword
INFO: [ app_init ] --START--
INFO: Run Behavior\BuildLiteBehavior [ RunTime:0.000014s ]
INFO: [ app_init ] --END-- [ RunTime:0.000372s ]

[ 2017-05-15T10:38:32+08:00 ] ::1 /index.php/Home/User/userInfo
INFO: [ app_init ] --START--
INFO: Run Behavior\BuildLiteBehavior [ RunTime:0.000030s ]
INFO: [ app_init ] --END-- [ RunTime:0.000515s ]

[ 2017-05-15T10:38:33+08:00 ] ::1 /index.php/Home/User/infoChangeQuestion
INFO: [ app_init ] --START--
INFO: Run Behavior\BuildLiteBehavior [ RunTime:0.000021s ]
INFO: [ app_init ] --END-- [ RunTime:0.000512s ]

[ 2017-05-15T10:38:36+08:00 ] ::1 /index.php/Home/User/changeTwo
INFO: [ app_init ] --START--
INFO: Run Behavior\BuildLiteBehavior [ RunTime:0.000014s ]
INFO: [ app_init ] --END-- [ RunTime:0.000430s ]

[ 2017-05-15T10:38:56+08:00 ] ::1 /index.php/Home/User/userInfo
INFO: [ app_init ] --START--
INFO: Run Behavior\BuildLiteBehavior [ RunTime:0.000016s ]
INFO: [ app_init ] --END-- [ RunTime:0.000680s ]

[ 2017-05-15T10:38:57+08:00 ] ::1 /index.php/Home/User/infoChangeQuestion
INFO: [ app_init ] --START--
INFO: Run Behavior\BuildLiteBehavior [ RunTime:0.000013s ]
INFO: [ app_init ] --END-- [ RunTime:0.000330s ]

[ 2017-05-15T10:39:00+08:00 ] ::1 /index.php/Home/User/changeTwo
INFO: [ app_init ] --START--
INFO: Run Behavior\BuildLiteBehavior [ RunTime:0.000013s ]
INFO: [ app_init ] --END-- [ RunTime:0.000331s ]

[ 2017-05-15T10:39:31+08:00 ] ::1 /index.php/Home/User/userInfo
INFO: [ app_init ] --START--
INFO: Run Behavior\BuildLiteBehavior [ RunTime:0.000014s ]
INFO: [ app_init ] --END-- [ RunTime:0.000312s ]

[ 2017-05-15T10:39:33+08:00 ] ::1 /index.php/Home/User/infoChangeQuestion
INFO: [ app_init ] --START--
INFO: Run Behavior\BuildLiteBehavior [ RunTime:0.000020s ]
INFO: [ app_init ] --END-- [ RunTime:0.000405s ]

[ 2017-05-15T10:41:45+08:00 ] ::1 /index.php/Home/User/userInfo
INFO: [ app_init ] --START--
INFO: Run Behavior\BuildLiteBehavior [ RunTime:0.000016s ]
INFO: [ app_init ] --END-- [ RunTime:0.000495s ]

[ 2017-05-15T10:41:52+08:00 ] ::1 /index.php/Home/User/userInfo
INFO: [ app_init ] --START--
INFO: Run Behavior\BuildLiteBehavior [ RunTime:0.000012s ]
INFO: [ app_init ] --END-- [ RunTime:0.000342s ]

[ 2017-05-15T10:41:54+08:00 ] ::1 /index.php/Home/User/infoChangeQuestion
INFO: [ app_init ] --START--
INFO: Run Behavior\BuildLiteBehavior [ RunTime:0.000013s ]
INFO: [ app_init ] --END-- [ RunTime:0.000333s ]

[ 2017-05-15T10:41:57+08:00 ] ::1 /index.php/Home/User/changeTwo
INFO: [ app_init ] --START--
INFO: Run Behavior\BuildLiteBehavior [ RunTime:0.000015s ]
INFO: [ app_init ] --END-- [ RunTime:0.000405s ]

[ 2017-05-15T10:43:43+08:00 ] ::1 /index.php/Home/User/userInfo
INFO: [ app_init ] --START--
INFO: Run Behavior\BuildLiteBehavior [ RunTime:0.000012s ]
INFO: [ app_init ] --END-- [ RunTime:0.000310s ]

[ 2017-05-15T10:43:44+08:00 ] ::1 /index.php/Home/User/infoChangeQuestion
INFO: [ app_init ] --START--
INFO: Run Behavior\BuildLiteBehavior [ RunTime:0.000014s ]
INFO: [ app_init ] --END-- [ RunTime:0.000351s ]

[ 2017-05-15T10:43:49+08:00 ] ::1 /index.php/Home/User/changeTwo
INFO: [ app_init ] --START--
INFO: Run Behavior\BuildLiteBehavior [ RunTime:0.000014s ]
INFO: [ app_init ] --END-- [ RunTime:0.000347s ]

[ 2017-05-15T10:44:06+08:00 ] ::1 /index.php/Home/User/userInfo
INFO: [ app_init ] --START--
INFO: Run Behavior\BuildLiteBehavior [ RunTime:0.000017s ]
INFO: [ app_init ] --END-- [ RunTime:0.000388s ]

[ 2017-05-15T10:44:07+08:00 ] ::1 /index.php/Home/User/userInfo
INFO: [ app_init ] --START--
INFO: Run Behavior\BuildLiteBehavior [ RunTime:0.000013s ]
INFO: [ app_init ] --END-- [ RunTime:0.000265s ]

[ 2017-05-15T10:44:08+08:00 ] ::1 /index.php/Home/User/infoChangeQuestion
INFO: [ app_init ] --START--
INFO: Run Behavior\BuildLiteBehavior [ RunTime:0.000021s ]
INFO: [ app_init ] --END-- [ RunTime:0.000481s ]

[ 2017-05-15T10:44:11+08:00 ] ::1 /index.php/Home/User/changeTwo
INFO: [ app_init ] --START--
INFO: Run Behavior\BuildLiteBehavior [ RunTime:0.000016s ]
INFO: [ app_init ] --END-- [ RunTime:0.000369s ]

[ 2017-05-15T10:45:30+08:00 ] ::1 /index.php/Home/User/userInfo
INFO: [ app_init ] --START--
INFO: Run Behavior\BuildLiteBehavior [ RunTime:0.000012s ]
INFO: [ app_init ] --END-- [ RunTime:0.000258s ]

[ 2017-05-15T10:45:42+08:00 ] ::1 /index.php/Home/User/userInfo
INFO: [ app_init ] --START--
INFO: Run Behavior\BuildLiteBehavior [ RunTime:0.000012s ]
INFO: [ app_init ] --END-- [ RunTime:0.000250s ]

[ 2017-05-15T10:45:43+08:00 ] ::1 /index.php/Home/User/infoChangeQuestion
INFO: [ app_init ] --START--
INFO: Run Behavior\BuildLiteBehavior [ RunTime:0.000013s ]
INFO: [ app_init ] --END-- [ RunTime:0.000319s ]

[ 2017-05-15T10:45:46+08:00 ] ::1 /index.php/Home/User/changeTwo
INFO: [ app_init ] --START--
INFO: Run Behavior\BuildLiteBehavior [ RunTime:0.000020s ]
INFO: [ app_init ] --END-- [ RunTime:0.000443s ]

[ 2017-05-15T10:46:03+08:00 ] ::1 /index.php/Home/User/userInfo
INFO: [ app_init ] --START--
INFO: Run Behavior\BuildLiteBehavior [ RunTime:0.000029s ]
INFO: [ app_init ] --END-- [ RunTime:0.000828s ]

[ 2017-05-15T10:46:04+08:00 ] ::1 /index.php/Home/User/infoChangeQuestion
INFO: [ app_init ] --START--
INFO: Run Behavior\BuildLiteBehavior [ RunTime:0.000013s ]
INFO: [ app_init ] --END-- [ RunTime:0.000277s ]

[ 2017-05-15T10:46:07+08:00 ] ::1 /index.php/Home/User/changeTwo
INFO: [ app_init ] --START--
INFO: Run Behavior\BuildLiteBehavior [ RunTime:0.000013s ]
INFO: [ app_init ] --END-- [ RunTime:0.000302s ]

[ 2017-05-15T10:46:22+08:00 ] ::1 /index.php/Home/User/userInfo
INFO: [ app_init ] --START--
INFO: Run Behavior\BuildLiteBehavior [ RunTime:0.000019s ]
INFO: [ app_init ] --END-- [ RunTime:0.000448s ]

[ 2017-05-15T10:46:23+08:00 ] ::1 /index.php/Home/User/infoChangeQuestion
INFO: [ app_init ] --START--
INFO: Run Behavior\BuildLiteBehavior [ RunTime:0.000025s ]
INFO: [ app_init ] --END-- [ RunTime:0.000458s ]

[ 2017-05-15T10:46:27+08:00 ] ::1 /index.php/Home/User/changeTwo
INFO: [ app_init ] --START--
INFO: Run Behavior\BuildLiteBehavior [ RunTime:0.000013s ]
INFO: [ app_init ] --END-- [ RunTime:0.000293s ]

[ 2017-05-15T10:48:41+08:00 ] ::1 /index.php/Home/User/userInfo
INFO: [ app_init ] --START--
INFO: Run Behavior\BuildLiteBehavior [ RunTime:0.000013s ]
INFO: [ app_init ] --END-- [ RunTime:0.000396s ]

[ 2017-05-15T10:48:42+08:00 ] ::1 /index.php/Home/User/infoChangeQuestion
INFO: [ app_init ] --START--
INFO: Run Behavior\BuildLiteBehavior [ RunTime:0.000013s ]
INFO: [ app_init ] --END-- [ RunTime:0.000303s ]

[ 2017-05-15T10:48:46+08:00 ] ::1 /index.php/Home/User/changeTwo
INFO: [ app_init ] --START--
INFO: Run Behavior\BuildLiteBehavior [ RunTime:0.000014s ]
INFO: [ app_init ] --END-- [ RunTime:0.000314s ]

[ 2017-05-15T10:50:09+08:00 ] ::1 /index.php/Home/User/userInfo
INFO: [ app_init ] --START--
INFO: Run Behavior\BuildLiteBehavior [ RunTime:0.000012s ]
INFO: [ app_init ] --END-- [ RunTime:0.000260s ]

[ 2017-05-15T10:50:10+08:00 ] ::1 /index.php/Home/User/infoChangeQuestion
INFO: [ app_init ] --START--
INFO: Run Behavior\BuildLiteBehavior [ RunTime:0.000014s ]
INFO: [ app_init ] --END-- [ RunTime:0.000311s ]

[ 2017-05-15T10:50:17+08:00 ] ::1 /index.php/Home/User/changeTwo
INFO: [ app_init ] --START--
INFO: Run Behavior\BuildLiteBehavior [ RunTime:0.000013s ]
INFO: [ app_init ] --END-- [ RunTime:0.000323s ]

[ 2017-05-15T10:50:19+08:00 ] ::1 /index.php/Home/User/infoChangeQuestion
INFO: [ app_init ] --START--
INFO: Run Behavior\BuildLiteBehavior [ RunTime:0.000012s ]
INFO: [ app_init ] --END-- [ RunTime:0.000293s ]

[ 2017-05-15T10:50:30+08:00 ] ::1 /index.php/Home/User/changeTwo
INFO: [ app_init ] --START--
INFO: Run Behavior\BuildLiteBehavior [ RunTime:0.000021s ]
INFO: [ app_init ] --END-- [ RunTime:0.000488s ]

[ 2017-05-15T10:50:32+08:00 ] ::1 /index.php/Home/User/infoChangeQuestion
INFO: [ app_init ] --START--
INFO: Run Behavior\BuildLiteBehavior [ RunTime:0.000015s ]
INFO: [ app_init ] --END-- [ RunTime:0.000369s ]

[ 2017-05-15T10:52:07+08:00 ] ::1 /index.php/Home/User/userInfo
INFO: [ app_init ] --START--
INFO: Run Behavior\BuildLiteBehavior [ RunTime:0.000025s ]
INFO: [ app_init ] --END-- [ RunTime:0.000737s ]

[ 2017-05-15T10:52:50+08:00 ] ::1 /index.php/Home/User/userInfo
INFO: [ app_init ] --START--
INFO: Run Behavior\BuildLiteBehavior [ RunTime:0.000054s ]
INFO: [ app_init ] --END-- [ RunTime:0.000499s ]

[ 2017-05-15T10:52:57+08:00 ] ::1 /index.php/Home/User/userInfo
INFO: [ app_init ] --START--
INFO: Run Behavior\BuildLiteBehavior [ RunTime:0.000018s ]
INFO: [ app_init ] --END-- [ RunTime:0.000407s ]

[ 2017-05-15T10:53:47+08:00 ] ::1 /index.php/Home/User/userInfo
INFO: [ app_init ] --START--
INFO: Run Behavior\BuildLiteBehavior [ RunTime:0.000018s ]
INFO: [ app_init ] --END-- [ RunTime:0.000518s ]

[ 2017-05-15T10:53:49+08:00 ] ::1 /index.php/Home/User/infoChangeQuestion
INFO: [ app_init ] --START--
INFO: Run Behavior\BuildLiteBehavior [ RunTime:0.000020s ]
INFO: [ app_init ] --END-- [ RunTime:0.000411s ]

[ 2017-05-15T10:53:58+08:00 ] ::1 /index.php/Home/User/changeTwo
INFO: [ app_init ] --START--
INFO: Run Behavior\BuildLiteBehavior [ RunTime:0.000014s ]
INFO: [ app_init ] --END-- [ RunTime:0.000320s ]

[ 2017-05-15T10:54:19+08:00 ] ::1 /index.php/Home/User/userInfo
INFO: [ app_init ] --START--
INFO: Run Behavior\BuildLiteBehavior [ RunTime:0.000021s ]
INFO: [ app_init ] --END-- [ RunTime:0.000562s ]

[ 2017-05-15T10:54:20+08:00 ] ::1 /index.php/Home/User/infoChangeQuestion
INFO: [ app_init ] --START--
INFO: Run Behavior\BuildLiteBehavior [ RunTime:0.000020s ]
INFO: [ app_init ] --END-- [ RunTime:0.000472s ]

[ 2017-05-15T10:54:30+08:00 ] ::1 /index.php/Home/User/changeTwo
INFO: [ app_init ] --START--
INFO: Run Behavior\BuildLiteBehavior [ RunTime:0.000011s ]
INFO: [ app_init ] --END-- [ RunTime:0.000283s ]

[ 2017-05-15T10:55:16+08:00 ] ::1 /index.php/Home/User/userInfo
INFO: [ app_init ] --START--
INFO: Run Behavior\BuildLiteBehavior [ RunTime:0.000017s ]
INFO: [ app_init ] --END-- [ RunTime:0.000458s ]

[ 2017-05-15T10:55:17+08:00 ] ::1 /index.php/Home/User/infoChangeQuestion
INFO: [ app_init ] --START--
INFO: Run Behavior\BuildLiteBehavior [ RunTime:0.000014s ]
INFO: [ app_init ] --END-- [ RunTime:0.000305s ]

[ 2017-05-15T10:55:29+08:00 ] ::1 /index.php/Home/User/changeTwo
INFO: [ app_init ] --START--
INFO: Run Behavior\BuildLiteBehavior [ RunTime:0.000014s ]
INFO: [ app_init ] --END-- [ RunTime:0.000423s ]

[ 2017-05-15T10:55:54+08:00 ] ::1 /index.php/Home/User/userInfo
INFO: [ app_init ] --START--
INFO: Run Behavior\BuildLiteBehavior [ RunTime:0.000016s ]
INFO: [ app_init ] --END-- [ RunTime:0.000493s ]

[ 2017-05-15T10:56:14+08:00 ] ::1 /index.php/Home/Goods/address
INFO: [ app_init ] --START--
INFO: Run Behavior\BuildLiteBehavior [ RunTime:0.000013s ]
INFO: [ app_init ] --END-- [ RunTime:0.000323s ]

[ 2017-05-15T10:56:19+08:00 ] ::1 /index.php/Home/Goods/order
INFO: [ app_init ] --START--
INFO: Run Behavior\BuildLiteBehavior [ RunTime:0.000015s ]
INFO: [ app_init ] --END-- [ RunTime:0.000457s ]

[ 2017-05-15T10:56:26+08:00 ] ::1 /index.php
INFO: [ app_init ] --START--
INFO: Run Behavior\BuildLiteBehavior [ RunTime:0.000011s ]
INFO: [ app_init ] --END-- [ RunTime:0.000298s ]

[ 2017-05-15T10:56:32+08:00 ] ::1 /index.php/Home/User/userInfo
INFO: [ app_init ] --START--
INFO: Run Behavior\BuildLiteBehavior [ RunTime:0.000012s ]
INFO: [ app_init ] --END-- [ RunTime:0.000250s ]

