[ 2017-12-28T19:28:05+08:00 ] 127.0.0.1 /index.php
INFO: [ app_init ] --START--
INFO: Run Behavior\BuildLiteBehavior [ RunTime:0.000015s ]
INFO: [ app_init ] --END-- [ RunTime:0.003233s ]

[ 2017-12-28T19:28:07+08:00 ] 127.0.0.1 /index.php/Home/Goods/contact
INFO: [ app_init ] --START--
INFO: Run Behavior\BuildLiteBehavior [ RunTime:0.000042s ]
INFO: [ app_init ] --END-- [ RunTime:0.000415s ]

[ 2017-12-28T19:28:09+08:00 ] 127.0.0.1 /index.php/Home/Goods/goodstext
INFO: [ app_init ] --START--
INFO: Run Behavior\BuildLiteBehavior [ RunTime:0.000017s ]
INFO: [ app_init ] --END-- [ RunTime:0.000476s ]

[ 2017-12-28T19:28:09+08:00 ] 127.0.0.1 /index.php/Home/Goods/css/font-awesome.min.css
INFO: [ app_init ] --START--
INFO: Run Behavior\BuildLiteBehavior [ RunTime:0.000015s ]
INFO: [ app_init ] --END-- [ RunTime:0.000508s ]
ERR: 非法操作:css

[ 2017-12-28T19:28:09+08:00 ] 127.0.0.1 /index.php/Home/Goods/font-slider.css
INFO: [ app_init ] --START--
INFO: Run Behavior\BuildLiteBehavior [ RunTime:0.000020s ]
INFO: [ app_init ] --END-- [ RunTime:0.000649s ]
ERR: 非法操作:font-slider.css

[ 2017-12-28T19:28:12+08:00 ] 127.0.0.1 /index.php/Home/Goods/goodslist/type/%E8%82%89%E7%B1%BB%E7%B2%BE%E9%80%89
INFO: [ app_init ] --START--
INFO: Run Behavior\BuildLiteBehavior [ RunTime:0.000009s ]
INFO: [ app_init ] --END-- [ RunTime:0.000262s ]

[ 2017-12-28T19:28:14+08:00 ] 127.0.0.1 /index.php/Home/Index/goodsinfo/good_id/1
INFO: [ app_init ] --START--
INFO: Run Behavior\BuildLiteBehavior [ RunTime:0.000010s ]
INFO: [ app_init ] --END-- [ RunTime:0.000250s ]
ERR: 非法操作:goodsinfo

[ 2017-12-28T19:28:30+08:00 ] 127.0.0.1 /index.php/Home/Index/goodsinfo/good_id/1
INFO: [ app_init ] --START--
INFO: Run Behavior\BuildLiteBehavior [ RunTime:0.000011s ]
INFO: [ app_init ] --END-- [ RunTime:0.000425s ]
ERR: 非法操作:goodsinfo

[ 2017-12-28T19:28:45+08:00 ] 127.0.0.1 /index.php/Home/Index/goodsinfo/good_id/1
INFO: [ app_init ] --START--
INFO: Run Behavior\BuildLiteBehavior [ RunTime:0.000010s ]
INFO: [ app_init ] --END-- [ RunTime:0.000263s ]
ERR: 非法操作:goodsinfo

[ 2017-12-28T19:38:43+08:00 ] 127.0.0.1 /index.php/Home/Goods/goodslist/type/%E8%82%89%E7%B1%BB%E7%B2%BE%E9%80%89
INFO: [ app_init ] --START--
INFO: Run Behavior\BuildLiteBehavior [ RunTime:0.000010s ]
INFO: [ app_init ] --END-- [ RunTime:0.000307s ]

[ 2017-12-28T19:38:45+08:00 ] 127.0.0.1 /index.php/Home/Goods/goodslist/type/index.php
INFO: [ app_init ] --START--
INFO: Run Behavior\BuildLiteBehavior [ RunTime:0.000009s ]
INFO: [ app_init ] --END-- [ RunTime:0.000274s ]

[ 2017-12-28T19:38:48+08:00 ] 127.0.0.1 /index.php/Home/Goods/goodslist/type/%E8%82%89%E7%B1%BB%E7%B2%BE%E9%80%89
INFO: [ app_init ] --START--
INFO: Run Behavior\BuildLiteBehavior [ RunTime:0.000010s ]
INFO: [ app_init ] --END-- [ RunTime:0.000270s ]

[ 2017-12-28T19:38:55+08:00 ] 127.0.0.1 /index.php/Home/Goods/goodslist/from/%E4%BA%91%E5%8D%97
INFO: [ app_init ] --START--
INFO: Run Behavior\BuildLiteBehavior [ RunTime:0.000010s ]
INFO: [ app_init ] --END-- [ RunTime:0.000251s ]

[ 2017-12-28T19:39:11+08:00 ] 127.0.0.1 /index.php/Home/Goods/goodstext
INFO: [ app_init ] --START--
INFO: Run Behavior\BuildLiteBehavior [ RunTime:0.000010s ]
INFO: [ app_init ] --END-- [ RunTime:0.000266s ]

[ 2017-12-28T19:39:11+08:00 ] 127.0.0.1 /index.php/Home/Goods/css/font-awesome.min.css
INFO: [ app_init ] --START--
INFO: Run Behavior\BuildLiteBehavior [ RunTime:0.000015s ]
INFO: [ app_init ] --END-- [ RunTime:0.000380s ]
ERR: 非法操作:css

[ 2017-12-28T19:39:11+08:00 ] 127.0.0.1 /index.php/Home/Goods/font-slider.css
INFO: [ app_init ] --START--
INFO: Run Behavior\BuildLiteBehavior [ RunTime:0.000025s ]
INFO: [ app_init ] --END-- [ RunTime:0.000599s ]
ERR: 非法操作:font-slider.css

[ 2017-12-28T19:39:16+08:00 ] 127.0.0.1 /index.php/Home/Index/contact
INFO: [ app_init ] --START--
INFO: Run Behavior\BuildLiteBehavior [ RunTime:0.000010s ]
INFO: [ app_init ] --END-- [ RunTime:0.000252s ]
ERR: 非法操作:contact

[ 2017-12-28T19:39:18+08:00 ] 127.0.0.1 /index.php/Home/Goods/font-slider.css
INFO: [ app_init ] --START--
INFO: Run Behavior\BuildLiteBehavior [ RunTime:0.000014s ]
INFO: [ app_init ] --END-- [ RunTime:0.000411s ]
ERR: 非法操作:font-slider.css

[ 2017-12-28T19:39:18+08:00 ] 127.0.0.1 /index.php/Home/Goods/css/font-awesome.min.css
INFO: [ app_init ] --START--
INFO: Run Behavior\BuildLiteBehavior [ RunTime:0.000013s ]
INFO: [ app_init ] --END-- [ RunTime:0.000334s ]
ERR: 非法操作:css

[ 2017-12-28T19:39:54+08:00 ] 127.0.0.1 /index.php/Home/Goods/goodstext
INFO: [ app_init ] --START--
INFO: Run Behavior\BuildLiteBehavior [ RunTime:0.000023s ]
INFO: [ app_init ] --END-- [ RunTime:0.000594s ]

[ 2017-12-28T19:39:54+08:00 ] 127.0.0.1 /index.php/Home/Goods/font-slider.css
INFO: [ app_init ] --START--
INFO: Run Behavior\BuildLiteBehavior [ RunTime:0.000015s ]
INFO: [ app_init ] --END-- [ RunTime:0.000468s ]
ERR: 非法操作:font-slider.css

[ 2017-12-28T19:39:54+08:00 ] 127.0.0.1 /index.php/Home/Goods/css/font-awesome.min.css
INFO: [ app_init ] --START--
INFO: Run Behavior\BuildLiteBehavior [ RunTime:0.000015s ]
INFO: [ app_init ] --END-- [ RunTime:0.001099s ]
ERR: 非法操作:css

[ 2017-12-28T19:39:56+08:00 ] 127.0.0.1 /index.php
INFO: [ app_init ] --START--
INFO: Run Behavior\BuildLiteBehavior [ RunTime:0.000009s ]
INFO: [ app_init ] --END-- [ RunTime:0.000254s ]

[ 2017-12-28T19:40:01+08:00 ] 127.0.0.1 /index.php/Home/User/register
INFO: [ app_init ] --START--
INFO: Run Behavior\BuildLiteBehavior [ RunTime:0.000009s ]
INFO: [ app_init ] --END-- [ RunTime:0.000253s ]

[ 2017-12-28T19:40:01+08:00 ] 127.0.0.1 /index.php/Home/User/css/font-awesome.min.css
INFO: [ app_init ] --START--
INFO: Run Behavior\BuildLiteBehavior [ RunTime:0.000098s ]
INFO: [ app_init ] --END-- [ RunTime:0.000898s ]
ERR: 非法操作:css

[ 2017-12-28T19:40:01+08:00 ] 127.0.0.1 /index.php/Home/User/font-slider.css
INFO: [ app_init ] --START--
INFO: Run Behavior\BuildLiteBehavior [ RunTime:0.000026s ]
INFO: [ app_init ] --END-- [ RunTime:0.000710s ]
ERR: 非法操作:font-slider.css

[ 2017-12-28T19:40:04+08:00 ] 127.0.0.1 /index.php/Home/Goods/cart
INFO: [ app_init ] --START--
INFO: Run Behavior\BuildLiteBehavior [ RunTime:0.000010s ]
INFO: [ app_init ] --END-- [ RunTime:0.000266s ]

[ 2017-12-28T19:40:05+08:00 ] 127.0.0.1 /index.php/Home/User/css/font-awesome.min.css
INFO: [ app_init ] --START--
INFO: Run Behavior\BuildLiteBehavior [ RunTime:0.000010s ]
INFO: [ app_init ] --END-- [ RunTime:0.000260s ]
ERR: 非法操作:css

[ 2017-12-28T19:40:05+08:00 ] 127.0.0.1 /index.php/Home/User/font-slider.css
INFO: [ app_init ] --START--
INFO: Run Behavior\BuildLiteBehavior [ RunTime:0.000011s ]
INFO: [ app_init ] --END-- [ RunTime:0.000309s ]
ERR: 非法操作:font-slider.css

[ 2017-12-28T19:40:06+08:00 ] 127.0.0.1 /index.php/Home/Goods/favorite
INFO: [ app_init ] --START--
INFO: Run Behavior\BuildLiteBehavior [ RunTime:0.000016s ]
INFO: [ app_init ] --END-- [ RunTime:0.000392s ]

[ 2017-12-28T19:40:08+08:00 ] 127.0.0.1 /index.php/Home/User/css/font-awesome.min.css
INFO: [ app_init ] --START--
INFO: Run Behavior\BuildLiteBehavior [ RunTime:0.000015s ]
INFO: [ app_init ] --END-- [ RunTime:0.000422s ]
ERR: 非法操作:css

[ 2017-12-28T19:40:08+08:00 ] 127.0.0.1 /index.php/Home/User/font-slider.css
INFO: [ app_init ] --START--
INFO: Run Behavior\BuildLiteBehavior [ RunTime:0.000015s ]
INFO: [ app_init ] --END-- [ RunTime:0.000389s ]
ERR: 非法操作:font-slider.css

[ 2017-12-28T19:40:08+08:00 ] 127.0.0.1 /index.php/Home/Index/userInfo
INFO: [ app_init ] --START--
INFO: Run Behavior\BuildLiteBehavior [ RunTime:0.000010s ]
INFO: [ app_init ] --END-- [ RunTime:0.000262s ]
ERR: 非法操作:userInfo

[ 2017-12-28T19:40:10+08:00 ] 127.0.0.1 /index.php/Home/User/font-slider.css
INFO: [ app_init ] --START--
INFO: Run Behavior\BuildLiteBehavior [ RunTime:0.000015s ]
INFO: [ app_init ] --END-- [ RunTime:0.000413s ]
ERR: 非法操作:font-slider.css

[ 2017-12-28T19:40:10+08:00 ] 127.0.0.1 /index.php/Home/User/css/font-awesome.min.css
INFO: [ app_init ] --START--
INFO: Run Behavior\BuildLiteBehavior [ RunTime:0.000014s ]
INFO: [ app_init ] --END-- [ RunTime:0.000388s ]
ERR: 非法操作:css

[ 2017-12-28T19:40:57+08:00 ] 127.0.0.1 /index.php/Home/User/register
INFO: [ app_init ] --START--
INFO: Run Behavior\BuildLiteBehavior [ RunTime:0.000040s ]
INFO: [ app_init ] --END-- [ RunTime:0.000585s ]

[ 2017-12-28T19:41:07+08:00 ] 127.0.0.1 /index.php/Home/User/register/name/
INFO: [ app_init ] --START--
INFO: Run Behavior\BuildLiteBehavior [ RunTime:0.000016s ]
INFO: [ app_init ] --END-- [ RunTime:0.000426s ]

[ 2017-12-28T19:41:07+08:00 ] 127.0.0.1 /index.php/Home/Goods/favorite
INFO: [ app_init ] --START--
INFO: Run Behavior\BuildLiteBehavior [ RunTime:0.000011s ]
INFO: [ app_init ] --END-- [ RunTime:0.000313s ]

[ 2017-12-28T19:41:09+08:00 ] 127.0.0.1 /index.php/Home/Goods/cart/act/show
INFO: [ app_init ] --START--
INFO: Run Behavior\BuildLiteBehavior [ RunTime:0.000009s ]
INFO: [ app_init ] --END-- [ RunTime:0.000251s ]

[ 2017-12-28T19:41:11+08:00 ] 127.0.0.1 /index.php/Home/User/register
INFO: [ app_init ] --START--
INFO: Run Behavior\BuildLiteBehavior [ RunTime:0.000015s ]
INFO: [ app_init ] --END-- [ RunTime:0.000361s ]

[ 2017-12-28T19:41:13+08:00 ] 127.0.0.1 /index.php/Home/User/userInfo
INFO: [ app_init ] --START--
INFO: Run Behavior\BuildLiteBehavior [ RunTime:0.000010s ]
INFO: [ app_init ] --END-- [ RunTime:0.000254s ]

[ 2017-12-28T19:41:14+08:00 ] 127.0.0.1 /index.php/Home/Goods/contact
INFO: [ app_init ] --START--
INFO: Run Behavior\BuildLiteBehavior [ RunTime:0.000010s ]
INFO: [ app_init ] --END-- [ RunTime:0.000251s ]

[ 2017-12-28T19:41:16+08:00 ] 127.0.0.1 /index.php/Home/Index/logout.du
INFO: [ app_init ] --START--
INFO: Run Behavior\BuildLiteBehavior [ RunTime:0.000010s ]
INFO: [ app_init ] --END-- [ RunTime:0.000305s ]

[ 2017-12-28T19:42:08+08:00 ] 127.0.0.1 /index.php/Home/Goods/contact
INFO: [ app_init ] --START--
INFO: Run Behavior\BuildLiteBehavior [ RunTime:0.000024s ]
INFO: [ app_init ] --END-- [ RunTime:0.000698s ]

[ 2017-12-28T19:42:28+08:00 ] 127.0.0.1 /index.php/Home/Goods/contact
INFO: [ app_init ] --START--
INFO: Run Behavior\BuildLiteBehavior [ RunTime:0.000011s ]
INFO: [ app_init ] --END-- [ RunTime:0.000308s ]

[ 2017-12-28T19:42:41+08:00 ] 127.0.0.1 /index.php/Home/Goods/contact
INFO: [ app_init ] --START--
INFO: Run Behavior\BuildLiteBehavior [ RunTime:0.000010s ]
INFO: [ app_init ] --END-- [ RunTime:0.000320s ]

[ 2017-12-28T19:43:15+08:00 ] 127.0.0.1 /index.php/Home/Goods/contact
INFO: [ app_init ] --START--
INFO: Run Behavior\BuildLiteBehavior [ RunTime:0.000012s ]
INFO: [ app_init ] --END-- [ RunTime:0.000361s ]

[ 2017-12-28T19:43:18+08:00 ] 127.0.0.1 /index.php
INFO: [ app_init ] --START--
INFO: Run Behavior\BuildLiteBehavior [ RunTime:0.000009s ]
INFO: [ app_init ] --END-- [ RunTime:0.000252s ]

[ 2017-12-28T19:43:21+08:00 ] 127.0.0.1 /index.php/Home/Goods/contact
INFO: [ app_init ] --START--
INFO: Run Behavior\BuildLiteBehavior [ RunTime:0.000009s ]
INFO: [ app_init ] --END-- [ RunTime:0.000251s ]

[ 2017-12-28T19:43:28+08:00 ] 127.0.0.1 /index.php
INFO: [ app_init ] --START--
INFO: Run Behavior\BuildLiteBehavior [ RunTime:0.000009s ]
INFO: [ app_init ] --END-- [ RunTime:0.000288s ]

[ 2017-12-28T19:43:35+08:00 ] 127.0.0.1 /index.php/Home/Goods/contact
INFO: [ app_init ] --START--
INFO: Run Behavior\BuildLiteBehavior [ RunTime:0.000009s ]
INFO: [ app_init ] --END-- [ RunTime:0.000256s ]

[ 2017-12-28T19:43:37+08:00 ] 127.0.0.1 /index.php/Home/Goods/goodstext
INFO: [ app_init ] --START--
INFO: Run Behavior\BuildLiteBehavior [ RunTime:0.000009s ]
INFO: [ app_init ] --END-- [ RunTime:0.000274s ]

[ 2017-12-28T19:43:37+08:00 ] 127.0.0.1 /index.php/Home/Goods/css/font-awesome.min.css
INFO: [ app_init ] --START--
INFO: Run Behavior\BuildLiteBehavior [ RunTime:0.000017s ]
INFO: [ app_init ] --END-- [ RunTime:0.000431s ]
ERR: 非法操作:css

[ 2017-12-28T19:43:37+08:00 ] 127.0.0.1 /index.php/Home/Goods/font-slider.css
INFO: [ app_init ] --START--
INFO: Run Behavior\BuildLiteBehavior [ RunTime:0.000012s ]
INFO: [ app_init ] --END-- [ RunTime:0.000365s ]
ERR: 非法操作:font-slider.css

[ 2017-12-28T19:43:40+08:00 ] 127.0.0.1 /index.php/Home/Goods/goodslist/from/%E4%BA%91%E5%8D%97
INFO: [ app_init ] --START--
INFO: Run Behavior\BuildLiteBehavior [ RunTime:0.000012s ]
INFO: [ app_init ] --END-- [ RunTime:0.000476s ]

[ 2017-12-28T19:46:28+08:00 ] 127.0.0.1 /index.php/Home/Goods/cart/good_id/10
INFO: [ app_init ] --START--
INFO: Run Behavior\BuildLiteBehavior [ RunTime:0.000066s ]
INFO: [ app_init ] --END-- [ RunTime:0.002944s ]

[ 2017-12-28T19:46:31+08:00 ] 127.0.0.1 /index.php/Home/Index/favorite/add/10
INFO: [ app_init ] --START--
INFO: Run Behavior\BuildLiteBehavior [ RunTime:0.000044s ]
INFO: [ app_init ] --END-- [ RunTime:0.000699s ]
ERR: 非法操作:favorite

[ 2017-12-28T19:46:58+08:00 ] 127.0.0.1 /index.php/Home/Goods/goodslist/from/%E4%BA%91%E5%8D%97
INFO: [ app_init ] --START--
INFO: Run Behavior\BuildLiteBehavior [ RunTime:0.000019s ]
INFO: [ app_init ] --END-- [ RunTime:0.000615s ]

[ 2017-12-28T19:46:59+08:00 ] 127.0.0.1 /index.php/Home/Goods/favorite/add/9
INFO: [ app_init ] --START--
INFO: Run Behavior\BuildLiteBehavior [ RunTime:0.000009s ]
INFO: [ app_init ] --END-- [ RunTime:0.000248s ]

[ 2017-12-28T19:47:13+08:00 ] 127.0.0.1 /index.php/Home/Goods/cart/good_id/34
INFO: [ app_init ] --START--
INFO: Run Behavior\BuildLiteBehavior [ RunTime:0.000037s ]
INFO: [ app_init ] --END-- [ RunTime:0.000414s ]

[ 2017-12-28T19:47:19+08:00 ] 127.0.0.1 /index.php/Home/Goods/goodslist//from/%E4%B8%9C%E4%B8%89%E7%9C%81
INFO: [ app_init ] --START--
INFO: Run Behavior\BuildLiteBehavior [ RunTime:0.000009s ]
INFO: [ app_init ] --END-- [ RunTime:0.000251s ]

[ 2017-12-28T19:47:23+08:00 ] 127.0.0.1 /index.php/Home/Goods/goodslist//type/%E8%82%89%E7%B1%BB%E7%B2%BE%E9%80%89
INFO: [ app_init ] --START--
INFO: Run Behavior\BuildLiteBehavior [ RunTime:0.000024s ]
INFO: [ app_init ] --END-- [ RunTime:0.000297s ]

[ 2017-12-28T19:53:51+08:00 ] 127.0.0.1 /index.php/Home/Goods/goodslist//type/%E8%82%89%E7%B1%BB%E7%B2%BE%E9%80%89
INFO: [ app_init ] --START--
INFO: Run Behavior\BuildLiteBehavior [ RunTime:0.000010s ]
INFO: [ app_init ] --END-- [ RunTime:0.000317s ]

[ 2017-12-28T19:53:53+08:00 ] 127.0.0.1 /index.php/Home/Goods/goodslist//type/%E8%82%89%E7%B1%BB%E7%B2%BE%E9%80%89
INFO: [ app_init ] --START--
INFO: Run Behavior\BuildLiteBehavior [ RunTime:0.000013s ]
INFO: [ app_init ] --END-- [ RunTime:0.000282s ]

[ 2017-12-28T19:53:56+08:00 ] 127.0.0.1 /index.php/Home/Goods/goodslist//type/%E7%B2%AE%E6%B2%B9%E7%B1%B3%E9%9D%A2
INFO: [ app_init ] --START--
INFO: Run Behavior\BuildLiteBehavior [ RunTime:0.000009s ]
INFO: [ app_init ] --END-- [ RunTime:0.000253s ]

[ 2017-12-28T20:45:20+08:00 ] 127.0.0.1 /index.php/Home/Index/index
INFO: [ app_init ] --START--
INFO: Run Behavior\BuildLiteBehavior [ RunTime:0.000010s ]
INFO: [ app_init ] --END-- [ RunTime:0.000300s ]

[ 2017-12-28T20:47:17+08:00 ] 127.0.0.1 /index.php/Home/Index/index
INFO: [ app_init ] --START--
INFO: Run Behavior\BuildLiteBehavior [ RunTime:0.000010s ]
INFO: [ app_init ] --END-- [ RunTime:0.000277s ]

[ 2017-12-28T20:47:21+08:00 ] 127.0.0.1 /index.php/Home/Index/index
INFO: [ app_init ] --START--
INFO: Run Behavior\BuildLiteBehavior [ RunTime:0.000010s ]
INFO: [ app_init ] --END-- [ RunTime:0.000315s ]

[ 2017-12-28T20:47:26+08:00 ] 127.0.0.1 /index.php/Home/Index/index
INFO: [ app_init ] --START--
INFO: Run Behavior\BuildLiteBehavior [ RunTime:0.000009s ]
INFO: [ app_init ] --END-- [ RunTime:0.000250s ]

[ 2017-12-28T20:47:29+08:00 ] 127.0.0.1 /index.php/Home/Index/index
INFO: [ app_init ] --START--
INFO: Run Behavior\BuildLiteBehavior [ RunTime:0.000009s ]
INFO: [ app_init ] --END-- [ RunTime:0.000250s ]

[ 2017-12-28T20:47:30+08:00 ] 127.0.0.1 /index.php/Home/Index/index
INFO: [ app_init ] --START--
INFO: Run Behavior\BuildLiteBehavior [ RunTime:0.000010s ]
INFO: [ app_init ] --END-- [ RunTime:0.000296s ]

[ 2017-12-28T20:47:35+08:00 ] 127.0.0.1 /index.php/Home/Index/index
INFO: [ app_init ] --START--
INFO: Run Behavior\BuildLiteBehavior [ RunTime:0.000009s ]
INFO: [ app_init ] --END-- [ RunTime:0.000267s ]

[ 2017-12-28T20:47:42+08:00 ] 127.0.0.1 /index.php/Home/Index/index
INFO: [ app_init ] --START--
INFO: Run Behavior\BuildLiteBehavior [ RunTime:0.000009s ]
INFO: [ app_init ] --END-- [ RunTime:0.000251s ]

[ 2017-12-28T20:47:46+08:00 ] 127.0.0.1 /index.php/Home/Goods/goodslist//type/%E7%B2%AE%E6%B2%B9%E7%B1%B3%E9%9D%A2
INFO: [ app_init ] --START--
INFO: Run Behavior\BuildLiteBehavior [ RunTime:0.000016s ]
INFO: [ app_init ] --END-- [ RunTime:0.000399s ]

[ 2017-12-28T20:47:55+08:00 ] 127.0.0.1 /index.php/Home/Index/index
INFO: [ app_init ] --START--
INFO: Run Behavior\BuildLiteBehavior [ RunTime:0.000016s ]
INFO: [ app_init ] --END-- [ RunTime:0.000461s ]

[ 2017-12-28T20:48:00+08:00 ] 127.0.0.1 /index.php/Home/Index/index
INFO: [ app_init ] --START--
INFO: Run Behavior\BuildLiteBehavior [ RunTime:0.000010s ]
INFO: [ app_init ] --END-- [ RunTime:0.000264s ]

[ 2017-12-28T20:48:10+08:00 ] 127.0.0.1 /index.php/Home/Index/index
INFO: [ app_init ] --START--
INFO: Run Behavior\BuildLiteBehavior [ RunTime:0.000009s ]
INFO: [ app_init ] --END-- [ RunTime:0.000259s ]

[ 2017-12-28T20:48:13+08:00 ] 127.0.0.1 /index.php/Home/Goods/goodslist//type/%E7%B2%AE%E6%B2%B9%E7%B1%B3%E9%9D%A2
INFO: [ app_init ] --START--
INFO: Run Behavior\BuildLiteBehavior [ RunTime:0.000014s ]
INFO: [ app_init ] --END-- [ RunTime:0.000401s ]

[ 2017-12-28T20:48:19+08:00 ] 127.0.0.1 /index.php/Home/User/findPasword
INFO: [ app_init ] --START--
INFO: Run Behavior\BuildLiteBehavior [ RunTime:0.000012s ]
INFO: [ app_init ] --END-- [ RunTime:0.000464s ]

[ 2017-12-28T20:48:19+08:00 ] 127.0.0.1 /index.php/Home/User/font-slider.css
INFO: [ app_init ] --START--
INFO: Run Behavior\BuildLiteBehavior [ RunTime:0.000011s ]
INFO: [ app_init ] --END-- [ RunTime:0.000339s ]
ERR: 非法操作:font-slider.css

[ 2017-12-28T20:48:19+08:00 ] 127.0.0.1 /index.php/Home/User/css/font-awesome.min.css
INFO: [ app_init ] --START--
INFO: Run Behavior\BuildLiteBehavior [ RunTime:0.000013s ]
INFO: [ app_init ] --END-- [ RunTime:0.000333s ]
ERR: 非法操作:css

[ 2017-12-28T20:48:24+08:00 ] 127.0.0.1 /index.php/Home/User/register/name/shady
INFO: [ app_init ] --START--
INFO: Run Behavior\BuildLiteBehavior [ RunTime:0.000039s ]
INFO: [ app_init ] --END-- [ RunTime:0.001806s ]

[ 2017-12-28T20:48:26+08:00 ] 127.0.0.1 /index.php/Home/User/findPasword
INFO: [ app_init ] --START--
INFO: Run Behavior\BuildLiteBehavior [ RunTime:0.000010s ]
INFO: [ app_init ] --END-- [ RunTime:0.000262s ]

[ 2017-12-28T20:48:26+08:00 ] 127.0.0.1 /index.php/Home/User/css/font-awesome.min.css
INFO: [ app_init ] --START--
INFO: Run Behavior\BuildLiteBehavior [ RunTime:0.000014s ]
INFO: [ app_init ] --END-- [ RunTime:0.000365s ]
ERR: 非法操作:css

[ 2017-12-28T20:48:26+08:00 ] 127.0.0.1 /index.php/Home/User/font-slider.css
INFO: [ app_init ] --START--
INFO: Run Behavior\BuildLiteBehavior [ RunTime:0.000015s ]
INFO: [ app_init ] --END-- [ RunTime:0.001432s ]
ERR: 非法操作:font-slider.css

[ 2017-12-28T20:48:26+08:00 ] 127.0.0.1 /index.php/Home/User/changePasword/username/shady
INFO: [ app_init ] --START--
INFO: Run Behavior\BuildLiteBehavior [ RunTime:0.000016s ]
INFO: [ app_init ] --END-- [ RunTime:0.000563s ]

[ 2017-12-28T20:48:32+08:00 ] 127.0.0.1 /index.php/Home/User/change
INFO: [ app_init ] --START--
INFO: Run Behavior\BuildLiteBehavior [ RunTime:0.000009s ]
INFO: [ app_init ] --END-- [ RunTime:0.000250s ]

[ 2017-12-28T20:50:19+08:00 ] 127.0.0.1 /index.php/Home/User/register/name/shady
INFO: [ app_init ] --START--
INFO: Run Behavior\BuildLiteBehavior [ RunTime:0.000009s ]
INFO: [ app_init ] --END-- [ RunTime:0.000298s ]

[ 2017-12-28T20:51:07+08:00 ] 127.0.0.1 /index.php/Home/User/register/name/shady
INFO: [ app_init ] --START--
INFO: Run Behavior\BuildLiteBehavior [ RunTime:0.000022s ]
INFO: [ app_init ] --END-- [ RunTime:0.000718s ]

[ 2017-12-28T20:51:08+08:00 ] 127.0.0.1 /index.php/Home/User/findPasword
INFO: [ app_init ] --START--
INFO: Run Behavior\BuildLiteBehavior [ RunTime:0.000010s ]
INFO: [ app_init ] --END-- [ RunTime:0.000258s ]

[ 2017-12-28T20:51:08+08:00 ] 127.0.0.1 /index.php/Home/User/css/font-awesome.min.css
INFO: [ app_init ] --START--
INFO: Run Behavior\BuildLiteBehavior [ RunTime:0.000014s ]
INFO: [ app_init ] --END-- [ RunTime:0.000401s ]
ERR: 非法操作:css

[ 2017-12-28T20:51:08+08:00 ] 127.0.0.1 /index.php/Home/User/font-slider.css
INFO: [ app_init ] --START--
INFO: Run Behavior\BuildLiteBehavior [ RunTime:0.000044s ]
INFO: [ app_init ] --END-- [ RunTime:0.000532s ]
ERR: 非法操作:font-slider.css

[ 2017-12-28T20:51:10+08:00 ] 127.0.0.1 /index.php/Home/User/css/font-awesome.min.css
INFO: [ app_init ] --START--
INFO: Run Behavior\BuildLiteBehavior [ RunTime:0.000015s ]
INFO: [ app_init ] --END-- [ RunTime:0.000418s ]
ERR: 非法操作:css

[ 2017-12-28T20:51:10+08:00 ] 127.0.0.1 /index.php/Home/User/font-slider.css
INFO: [ app_init ] --START--
INFO: Run Behavior\BuildLiteBehavior [ RunTime:0.000017s ]
INFO: [ app_init ] --END-- [ RunTime:0.000571s ]
ERR: 非法操作:font-slider.css

[ 2017-12-28T20:51:10+08:00 ] 127.0.0.1 /index.php/Home/User/css/font-awesome.min.css
INFO: [ app_init ] --START--
INFO: Run Behavior\BuildLiteBehavior [ RunTime:0.000017s ]
INFO: [ app_init ] --END-- [ RunTime:0.000584s ]
ERR: 非法操作:css

[ 2017-12-28T20:51:10+08:00 ] 127.0.0.1 /index.php/Home/User/font-slider.css
INFO: [ app_init ] --START--
INFO: Run Behavior\BuildLiteBehavior [ RunTime:0.000034s ]
INFO: [ app_init ] --END-- [ RunTime:0.000677s ]
ERR: 非法操作:font-slider.css

[ 2017-12-28T20:51:10+08:00 ] 127.0.0.1 /index.php/Home/User/changePasword/username/shady
INFO: [ app_init ] --START--
INFO: Run Behavior\BuildLiteBehavior [ RunTime:0.000017s ]
INFO: [ app_init ] --END-- [ RunTime:0.000509s ]

[ 2017-12-28T20:51:15+08:00 ] 127.0.0.1 /index.php/Home/User/register/name/shady
INFO: [ app_init ] --START--
INFO: Run Behavior\BuildLiteBehavior [ RunTime:0.000014s ]
INFO: [ app_init ] --END-- [ RunTime:0.000388s ]

[ 2017-12-28T20:51:24+08:00 ] 127.0.0.1 /index.php/Home/User/findPasword
INFO: [ app_init ] --START--
INFO: Run Behavior\BuildLiteBehavior [ RunTime:0.000046s ]
INFO: [ app_init ] --END-- [ RunTime:0.000703s ]

[ 2017-12-28T20:51:24+08:00 ] 127.0.0.1 /index.php/Home/User/css/font-awesome.min.css
INFO: [ app_init ] --START--
INFO: Run Behavior\BuildLiteBehavior [ RunTime:0.000018s ]
INFO: [ app_init ] --END-- [ RunTime:0.000572s ]
ERR: 非法操作:css

[ 2017-12-28T20:51:24+08:00 ] 127.0.0.1 /index.php/Home/User/font-slider.css
INFO: [ app_init ] --START--
INFO: Run Behavior\BuildLiteBehavior [ RunTime:0.000020s ]
INFO: [ app_init ] --END-- [ RunTime:0.000796s ]
ERR: 非法操作:font-slider.css

[ 2017-12-28T20:51:24+08:00 ] 127.0.0.1 /index.php/Home/User/changePasword/username/shady
INFO: [ app_init ] --START--
INFO: Run Behavior\BuildLiteBehavior [ RunTime:0.000014s ]
INFO: [ app_init ] --END-- [ RunTime:0.000413s ]

[ 2017-12-28T20:51:34+08:00 ] 127.0.0.1 /index.php/Home/User/change
INFO: [ app_init ] --START--
INFO: Run Behavior\BuildLiteBehavior [ RunTime:0.000017s ]
INFO: [ app_init ] --END-- [ RunTime:0.000448s ]

[ 2017-12-28T20:51:44+08:00 ] 127.0.0.1 /index.php/Home/Index/index
INFO: [ app_init ] --START--
INFO: Run Behavior\BuildLiteBehavior [ RunTime:0.000070s ]
INFO: [ app_init ] --END-- [ RunTime:0.001151s ]

[ 2017-12-28T20:52:03+08:00 ] 127.0.0.1 /index.php/Home/Index/register
INFO: [ app_init ] --START--
INFO: Run Behavior\BuildLiteBehavior [ RunTime:0.000009s ]
INFO: [ app_init ] --END-- [ RunTime:0.000251s ]
ERR: 非法操作:register

[ 2017-12-28T20:52:05+08:00 ] 127.0.0.1 /index.php/Home/User/font-slider.css
INFO: [ app_init ] --START--
INFO: Run Behavior\BuildLiteBehavior [ RunTime:0.000016s ]
INFO: [ app_init ] --END-- [ RunTime:0.000421s ]
ERR: 非法操作:font-slider.css

[ 2017-12-28T20:52:05+08:00 ] 127.0.0.1 /index.php/Home/User/css/font-awesome.min.css
INFO: [ app_init ] --START--
INFO: Run Behavior\BuildLiteBehavior [ RunTime:0.000012s ]
INFO: [ app_init ] --END-- [ RunTime:0.000390s ]
ERR: 非法操作:css

[ 2017-12-28T20:52:06+08:00 ] 127.0.0.1 /index.php/Home/User/changePasword/username/shady
INFO: [ app_init ] --START--
INFO: Run Behavior\BuildLiteBehavior [ RunTime:0.000018s ]
INFO: [ app_init ] --END-- [ RunTime:0.000907s ]

[ 2017-12-28T20:52:44+08:00 ] 127.0.0.1 /index.php/Home/User/findPasword
INFO: [ app_init ] --START--
INFO: Run Behavior\BuildLiteBehavior [ RunTime:0.000013s ]
INFO: [ app_init ] --END-- [ RunTime:0.000392s ]

[ 2017-12-28T20:52:44+08:00 ] 127.0.0.1 /index.php/Home/User/changePasword/username/shady
INFO: [ app_init ] --START--
INFO: Run Behavior\BuildLiteBehavior [ RunTime:0.000014s ]
INFO: [ app_init ] --END-- [ RunTime:0.000443s ]

[ 2017-12-28T20:53:15+08:00 ] 127.0.0.1 /index.php/Home/User/index.php
INFO: [ app_init ] --START--
INFO: Run Behavior\BuildLiteBehavior [ RunTime:0.000011s ]
INFO: [ app_init ] --END-- [ RunTime:0.000345s ]
ERR: 非法操作:index.php

[ 2017-12-28T20:53:16+08:00 ] 127.0.0.1 /index.php/Home/User/changePasword/username/shady
INFO: [ app_init ] --START--
INFO: Run Behavior\BuildLiteBehavior [ RunTime:0.000015s ]
INFO: [ app_init ] --END-- [ RunTime:0.000609s ]

[ 2017-12-28T20:54:49+08:00 ] 127.0.0.1 /index.php/Home/User/findPasword
INFO: [ app_init ] --START--
INFO: Run Behavior\BuildLiteBehavior [ RunTime:0.000009s ]
INFO: [ app_init ] --END-- [ RunTime:0.000297s ]

[ 2017-12-28T20:54:53+08:00 ] 127.0.0.1 /index.php/Home/Goods/cart/act/show
INFO: [ app_init ] --START--
INFO: Run Behavior\BuildLiteBehavior [ RunTime:0.000010s ]
INFO: [ app_init ] --END-- [ RunTime:0.000260s ]

[ 2017-12-28T20:54:57+08:00 ] 127.0.0.1 /index.php/Home/User/register
INFO: [ app_init ] --START--
INFO: Run Behavior\BuildLiteBehavior [ RunTime:0.000009s ]
INFO: [ app_init ] --END-- [ RunTime:0.000250s ]

[ 2017-12-28T20:54:59+08:00 ] 127.0.0.1 /index.php/Home/Goods/cart/act/show
INFO: [ app_init ] --START--
INFO: Run Behavior\BuildLiteBehavior [ RunTime:0.000010s ]
INFO: [ app_init ] --END-- [ RunTime:0.000252s ]

[ 2017-12-28T20:55:02+08:00 ] 127.0.0.1 /index.php/Home/Goods/favorite
INFO: [ app_init ] --START--
INFO: Run Behavior\BuildLiteBehavior [ RunTime:0.000014s ]
INFO: [ app_init ] --END-- [ RunTime:0.000385s ]

[ 2017-12-28T20:55:03+08:00 ] 127.0.0.1 /index.php/Home/User/userInfo
INFO: [ app_init ] --START--
INFO: Run Behavior\BuildLiteBehavior [ RunTime:0.000017s ]
INFO: [ app_init ] --END-- [ RunTime:0.000419s ]

[ 2017-12-28T20:55:05+08:00 ] 127.0.0.1 /index.php/Home/User/infoChangePasword
INFO: [ app_init ] --START--
INFO: Run Behavior\BuildLiteBehavior [ RunTime:0.000008s ]
INFO: [ app_init ] --END-- [ RunTime:0.000253s ]

[ 2017-12-28T20:55:07+08:00 ] 127.0.0.1 /index.php/Home/User/infoChangeQuestion
INFO: [ app_init ] --START--
INFO: Run Behavior\BuildLiteBehavior [ RunTime:0.000012s ]
INFO: [ app_init ] --END-- [ RunTime:0.000381s ]

[ 2017-12-28T20:55:10+08:00 ] 127.0.0.1 /index.php
INFO: [ app_init ] --START--
INFO: Run Behavior\BuildLiteBehavior [ RunTime:0.000010s ]
INFO: [ app_init ] --END-- [ RunTime:0.000258s ]

[ 2017-12-28T20:55:12+08:00 ] 127.0.0.1 /index.php/Home/Goods/contact
INFO: [ app_init ] --START--
INFO: Run Behavior\BuildLiteBehavior [ RunTime:0.000009s ]
INFO: [ app_init ] --END-- [ RunTime:0.000251s ]

[ 2017-12-28T20:55:19+08:00 ] 127.0.0.1 /index.php/Home/User/userInfo
INFO: [ app_init ] --START--
INFO: Run Behavior\BuildLiteBehavior [ RunTime:0.000012s ]
INFO: [ app_init ] --END-- [ RunTime:0.000311s ]

[ 2017-12-28T20:55:22+08:00 ] 127.0.0.1 /index.php/Home/Goods/favorite
INFO: [ app_init ] --START--
INFO: Run Behavior\BuildLiteBehavior [ RunTime:0.000011s ]
INFO: [ app_init ] --END-- [ RunTime:0.000285s ]

[ 2017-12-28T20:55:23+08:00 ] 127.0.0.1 /index.php/Home/Goods/cart/act/show
INFO: [ app_init ] --START--
INFO: Run Behavior\BuildLiteBehavior [ RunTime:0.000011s ]
INFO: [ app_init ] --END-- [ RunTime:0.000332s ]

[ 2017-12-28T20:55:24+08:00 ] 127.0.0.1 /index.php/Home/User/register
INFO: [ app_init ] --START--
INFO: Run Behavior\BuildLiteBehavior [ RunTime:0.000009s ]
INFO: [ app_init ] --END-- [ RunTime:0.000252s ]

[ 2017-12-28T20:55:28+08:00 ] 127.0.0.1 /index.php/Home/Goods/goodstext
INFO: [ app_init ] --START--
INFO: Run Behavior\BuildLiteBehavior [ RunTime:0.000010s ]
INFO: [ app_init ] --END-- [ RunTime:0.000260s ]

[ 2017-12-28T20:55:28+08:00 ] 127.0.0.1 /index.php/Home/Goods/font-slider.css
INFO: [ app_init ] --START--
INFO: Run Behavior\BuildLiteBehavior [ RunTime:0.000014s ]
INFO: [ app_init ] --END-- [ RunTime:0.000358s ]
ERR: 非法操作:font-slider.css

[ 2017-12-28T20:55:28+08:00 ] 127.0.0.1 /index.php/Home/Goods/css/font-awesome.min.css
INFO: [ app_init ] --START--
INFO: Run Behavior\BuildLiteBehavior [ RunTime:0.000012s ]
INFO: [ app_init ] --END-- [ RunTime:0.000338s ]
ERR: 非法操作:css

[ 2017-12-28T20:57:03+08:00 ] 127.0.0.1 /index.php/Home/Goods/goodstext
INFO: [ app_init ] --START--
INFO: Run Behavior\BuildLiteBehavior [ RunTime:0.000014s ]
INFO: [ app_init ] --END-- [ RunTime:0.000334s ]

[ 2017-12-28T20:57:08+08:00 ] 127.0.0.1 /index.php/Home/Goods/cart/act/show
INFO: [ app_init ] --START--
INFO: Run Behavior\BuildLiteBehavior [ RunTime:0.000011s ]
INFO: [ app_init ] --END-- [ RunTime:0.000287s ]

[ 2017-12-28T20:57:09+08:00 ] 127.0.0.1 /index.php/Home/Goods/favorite
INFO: [ app_init ] --START--
INFO: Run Behavior\BuildLiteBehavior [ RunTime:0.000010s ]
INFO: [ app_init ] --END-- [ RunTime:0.000263s ]

[ 2017-12-28T20:57:10+08:00 ] 127.0.0.1 /index.php/Home/User/userInfo
INFO: [ app_init ] --START--
INFO: Run Behavior\BuildLiteBehavior [ RunTime:0.000011s ]
INFO: [ app_init ] --END-- [ RunTime:0.000273s ]

[ 2017-12-28T20:57:11+08:00 ] 127.0.0.1 /index.php/Home/Goods/contact
INFO: [ app_init ] --START--
INFO: Run Behavior\BuildLiteBehavior [ RunTime:0.000009s ]
INFO: [ app_init ] --END-- [ RunTime:0.000248s ]

[ 2017-12-28T20:57:14+08:00 ] 127.0.0.1 /index.php/Home/Goods/goodstext
INFO: [ app_init ] --START--
INFO: Run Behavior\BuildLiteBehavior [ RunTime:0.000009s ]
INFO: [ app_init ] --END-- [ RunTime:0.000252s ]

[ 2017-12-28T20:57:40+08:00 ] 127.0.0.1 /index.php/Home/Goods/goodstext
INFO: [ app_init ] --START--
INFO: Run Behavior\BuildLiteBehavior [ RunTime:0.000018s ]
INFO: [ app_init ] --END-- [ RunTime:0.000515s ]

[ 2017-12-28T20:57:42+08:00 ] 127.0.0.1 /index.php/Home/Index/artile/id/1
INFO: [ app_init ] --START--
INFO: Run Behavior\BuildLiteBehavior [ RunTime:0.000010s ]
INFO: [ app_init ] --END-- [ RunTime:0.000254s ]
ERR: 非法操作:artile

[ 2017-12-28T20:57:52+08:00 ] 127.0.0.1 /index.php/Home/Goods/goodstext
INFO: [ app_init ] --START--
INFO: Run Behavior\BuildLiteBehavior [ RunTime:0.000010s ]
INFO: [ app_init ] --END-- [ RunTime:0.000350s ]

[ 2017-12-28T20:57:54+08:00 ] 127.0.0.1 /index.php/Home/Goods/artile/id/1
INFO: [ app_init ] --START--
INFO: Run Behavior\BuildLiteBehavior [ RunTime:0.000009s ]
INFO: [ app_init ] --END-- [ RunTime:0.000266s ]

[ 2017-12-28T20:57:59+08:00 ] 127.0.0.1 /index.php/Home/Goods/artile/id/1
INFO: [ app_init ] --START--
INFO: Run Behavior\BuildLiteBehavior [ RunTime:0.000010s ]
INFO: [ app_init ] --END-- [ RunTime:0.000266s ]

[ 2017-12-28T20:58:01+08:00 ] 127.0.0.1 /index.php/Home
INFO: [ app_init ] --START--
INFO: Run Behavior\BuildLiteBehavior [ RunTime:0.000012s ]
INFO: [ app_init ] --END-- [ RunTime:0.000339s ]

[ 2017-12-28T20:58:06+08:00 ] 127.0.0.1 /index.php/Home/Goods/contact
INFO: [ app_init ] --START--
INFO: Run Behavior\BuildLiteBehavior [ RunTime:0.000010s ]
INFO: [ app_init ] --END-- [ RunTime:0.000269s ]

[ 2017-12-28T20:58:08+08:00 ] 127.0.0.1 /index.php/Home/Goods/goodstext
INFO: [ app_init ] --START--
INFO: Run Behavior\BuildLiteBehavior [ RunTime:0.000010s ]
INFO: [ app_init ] --END-- [ RunTime:0.000358s ]

[ 2017-12-28T20:58:12+08:00 ] 127.0.0.1 /index.php/Home/Goods/goodslist/from/%E6%B5%B7%E5%8D%97
INFO: [ app_init ] --START--
INFO: Run Behavior\BuildLiteBehavior [ RunTime:0.000009s ]
INFO: [ app_init ] --END-- [ RunTime:0.000249s ]

[ 2017-12-28T20:58:14+08:00 ] 127.0.0.1 /index.php/Home/Goods/goodslist/from/%E4%BA%91%E5%8D%97
INFO: [ app_init ] --START--
INFO: Run Behavior\BuildLiteBehavior [ RunTime:0.000010s ]
INFO: [ app_init ] --END-- [ RunTime:0.000272s ]

[ 2017-12-28T20:58:19+08:00 ] 127.0.0.1 /index.php/Home/Goods/goodslist/from/%E7%A6%8F%E5%BB%BA
INFO: [ app_init ] --START--
INFO: Run Behavior\BuildLiteBehavior [ RunTime:0.000013s ]
INFO: [ app_init ] --END-- [ RunTime:0.000368s ]

[ 2017-12-28T20:58:34+08:00 ] 127.0.0.1 /index.php/Home/Goods/cart/good_id/32
INFO: [ app_init ] --START--
INFO: Run Behavior\BuildLiteBehavior [ RunTime:0.000010s ]
INFO: [ app_init ] --END-- [ RunTime:0.000251s ]

[ 2017-12-28T20:58:37+08:00 ] 127.0.0.1 /index.php/Home/Goods/order
INFO: [ app_init ] --START--
INFO: Run Behavior\BuildLiteBehavior [ RunTime:0.000009s ]
INFO: [ app_init ] --END-- [ RunTime:0.000256s ]

[ 2017-12-28T21:00:17+08:00 ] 127.0.0.1 /index.php/Home/Goods/order
INFO: [ app_init ] --START--
INFO: Run Behavior\BuildLiteBehavior [ RunTime:0.000010s ]
INFO: [ app_init ] --END-- [ RunTime:0.000318s ]

[ 2017-12-28T21:00:19+08:00 ] 127.0.0.1 /index.php/Home/Index/address
INFO: [ app_init ] --START--
INFO: Run Behavior\BuildLiteBehavior [ RunTime:0.000016s ]
INFO: [ app_init ] --END-- [ RunTime:0.001038s ]
ERR: 非法操作:address

[ 2017-12-28T21:00:53+08:00 ] 127.0.0.1 /index.php/Home/Goods/order
INFO: [ app_init ] --START--
INFO: Run Behavior\BuildLiteBehavior [ RunTime:0.000016s ]
INFO: [ app_init ] --END-- [ RunTime:0.000477s ]

[ 2017-12-28T21:00:55+08:00 ] 127.0.0.1 /index.php/Home/Goods/address
INFO: [ app_init ] --START--
INFO: Run Behavior\BuildLiteBehavior [ RunTime:0.000009s ]
INFO: [ app_init ] --END-- [ RunTime:0.000261s ]

[ 2017-12-28T21:01:06+08:00 ] 127.0.0.1 /index.php/Home/Goods/afterorder/ar_id/13
INFO: [ app_init ] --START--
INFO: Run Behavior\BuildLiteBehavior [ RunTime:0.000013s ]
INFO: [ app_init ] --END-- [ RunTime:0.000499s ]

[ 2017-12-28T21:01:09+08:00 ] 127.0.0.1 /index.php
INFO: [ app_init ] --START--
INFO: Run Behavior\BuildLiteBehavior [ RunTime:0.000017s ]
INFO: [ app_init ] --END-- [ RunTime:0.000498s ]

[ 2017-12-28T21:01:34+08:00 ] 127.0.0.1 /index.php/Home/Goods/goodslist/type/%E8%82%89%E7%B1%BB%E7%B2%BE%E9%80%89
INFO: [ app_init ] --START--
INFO: Run Behavior\BuildLiteBehavior [ RunTime:0.000009s ]
INFO: [ app_init ] --END-- [ RunTime:0.000262s ]

[ 2017-12-28T21:02:32+08:00 ] 127.0.0.1 /index.php/Home/Goods/goodslist/type/%E8%82%89%E7%B1%BB%E7%B2%BE%E9%80%89
INFO: [ app_init ] --START--
INFO: Run Behavior\BuildLiteBehavior [ RunTime:0.000017s ]
INFO: [ app_init ] --END-- [ RunTime:0.000544s ]

[ 2017-12-28T21:03:09+08:00 ] 127.0.0.1 /index.php/Home/Goods/goodslist/type/%E8%82%89%E7%B1%BB%E7%B2%BE%E9%80%89
INFO: [ app_init ] --START--
INFO: Run Behavior\BuildLiteBehavior [ RunTime:0.000011s ]
INFO: [ app_init ] --END-- [ RunTime:0.000363s ]

[ 2017-12-28T21:03:35+08:00 ] 127.0.0.1 /index.php/Home/Goods/goodslist/type/%E8%82%89%E7%B1%BB%E7%B2%BE%E9%80%89
INFO: [ app_init ] --START--
INFO: Run Behavior\BuildLiteBehavior [ RunTime:0.000013s ]
INFO: [ app_init ] --END-- [ RunTime:0.000376s ]

[ 2017-12-28T21:03:49+08:00 ] 127.0.0.1 /index.php/Home/Goods/goodslist/type/%E8%82%89%E7%B1%BB%E7%B2%BE%E9%80%89
INFO: [ app_init ] --START--
INFO: Run Behavior\BuildLiteBehavior [ RunTime:0.000025s ]
INFO: [ app_init ] --END-- [ RunTime:0.000905s ]

[ 2017-12-28T21:05:12+08:00 ] 127.0.0.1 /index.php/Home/Goods/goodslist/type/%E8%82%89%E7%B1%BB%E7%B2%BE%E9%80%89
INFO: [ app_init ] --START--
INFO: Run Behavior\BuildLiteBehavior [ RunTime:0.000017s ]
INFO: [ app_init ] --END-- [ RunTime:0.000669s ]

[ 2017-12-28T21:06:21+08:00 ] 127.0.0.1 /index.php/Home/Goods/goodslist/type/%E8%82%89%E7%B1%BB%E7%B2%BE%E9%80%89
INFO: [ app_init ] --START--
INFO: Run Behavior\BuildLiteBehavior [ RunTime:0.000009s ]
INFO: [ app_init ] --END-- [ RunTime:0.000266s ]

[ 2017-12-28T21:08:16+08:00 ] 127.0.0.1 /index.php/Home/Goods/goodslist/type/%E8%82%89%E7%B1%BB%E7%B2%BE%E9%80%89
INFO: [ app_init ] --START--
INFO: Run Behavior\BuildLiteBehavior [ RunTime:0.000071s ]
INFO: [ app_init ] --END-- [ RunTime:0.001492s ]

[ 2017-12-28T21:08:38+08:00 ] 127.0.0.1 /index.php/Home/Goods/goodslist/type/%E8%82%89%E7%B1%BB%E7%B2%BE%E9%80%89
INFO: [ app_init ] --START--
INFO: Run Behavior\BuildLiteBehavior [ RunTime:0.000015s ]
INFO: [ app_init ] --END-- [ RunTime:0.000501s ]

[ 2017-12-28T21:08:47+08:00 ] 127.0.0.1 /index.php/Home/Goods/goodslist/type/%E8%82%89%E7%B1%BB%E7%B2%BE%E9%80%89
INFO: [ app_init ] --START--
INFO: Run Behavior\BuildLiteBehavior [ RunTime:0.000015s ]
INFO: [ app_init ] --END-- [ RunTime:0.000477s ]

[ 2017-12-28T21:08:55+08:00 ] 127.0.0.1 /index.php/Home/Goods/goodslist/type/%E8%82%89%E7%B1%BB%E7%B2%BE%E9%80%89
INFO: [ app_init ] --START--
INFO: Run Behavior\BuildLiteBehavior [ RunTime:0.000016s ]
INFO: [ app_init ] --END-- [ RunTime:0.000412s ]

[ 2017-12-28T21:09:54+08:00 ] 127.0.0.1 /index.php/Home/Goods/goodslist/type/%E8%82%89%E7%B1%BB%E7%B2%BE%E9%80%89
INFO: [ app_init ] --START--
INFO: Run Behavior\BuildLiteBehavior [ RunTime:0.000124s ]
INFO: [ app_init ] --END-- [ RunTime:0.002125s ]

[ 2017-12-28T21:10:48+08:00 ] 127.0.0.1 /index.php/Home/Goods/goodslist/type/%E8%82%89%E7%B1%BB%E7%B2%BE%E9%80%89
INFO: [ app_init ] --START--
INFO: Run Behavior\BuildLiteBehavior [ RunTime:0.000014s ]
INFO: [ app_init ] --END-- [ RunTime:0.000518s ]

[ 2017-12-28T21:10:55+08:00 ] 127.0.0.1 /index.php/Home/Goods/goodslist/from/%E5%A4%A9%E6%B4%A5
INFO: [ app_init ] --START--
INFO: Run Behavior\BuildLiteBehavior [ RunTime:0.000009s ]
INFO: [ app_init ] --END-- [ RunTime:0.000316s ]

[ 2017-12-28T21:10:59+08:00 ] 127.0.0.1 /index.php/Home/Goods/goodslist/from/%E7%A6%8F%E5%BB%BA
INFO: [ app_init ] --START--
INFO: Run Behavior\BuildLiteBehavior [ RunTime:0.000014s ]
INFO: [ app_init ] --END-- [ RunTime:0.000432s ]

[ 2017-12-28T21:11:04+08:00 ] 127.0.0.1 /index.php/Home/Index/goodsinfo/good_id/32
INFO: [ app_init ] --START--
INFO: Run Behavior\BuildLiteBehavior [ RunTime:0.000011s ]
INFO: [ app_init ] --END-- [ RunTime:0.000268s ]
ERR: 非法操作:goodsinfo

[ 2017-12-28T21:11:43+08:00 ] 127.0.0.1 /index.php/Home/Goods/goodslist/from/%E7%A6%8F%E5%BB%BA
INFO: [ app_init ] --START--
INFO: Run Behavior\BuildLiteBehavior [ RunTime:0.000012s ]
INFO: [ app_init ] --END-- [ RunTime:0.000428s ]

[ 2017-12-28T21:11:45+08:00 ] 127.0.0.1 /index.php/Home/Goods/goodsinfo/good_id/32
INFO: [ app_init ] --START--
INFO: Run Behavior\BuildLiteBehavior [ RunTime:0.000010s ]
INFO: [ app_init ] --END-- [ RunTime:0.000274s ]

[ 2017-12-28T21:11:48+08:00 ] 127.0.0.1 /index.php/Home/Goods/goodslist
INFO: [ app_init ] --START--
INFO: Run Behavior\BuildLiteBehavior [ RunTime:0.000010s ]
INFO: [ app_init ] --END-- [ RunTime:0.000273s ]

[ 2017-12-28T21:11:50+08:00 ] 127.0.0.1 /index.php/Home/Goods/goodsinfo/good_id/2
INFO: [ app_init ] --START--
INFO: Run Behavior\BuildLiteBehavior [ RunTime:0.000011s ]
INFO: [ app_init ] --END-- [ RunTime:0.000255s ]

[ 2017-12-28T21:12:42+08:00 ] 127.0.0.1 /index.php/Home/Goods/goodsinfo/good_id/2
INFO: [ app_init ] --START--
INFO: Run Behavior\BuildLiteBehavior [ RunTime:0.000018s ]
INFO: [ app_init ] --END-- [ RunTime:0.000545s ]

[ 2017-12-28T21:12:51+08:00 ] 127.0.0.1 /index.php/Home/Index/suggest
INFO: [ app_init ] --START--
INFO: Run Behavior\BuildLiteBehavior [ RunTime:0.000009s ]
INFO: [ app_init ] --END-- [ RunTime:0.000295s ]
ERR: 非法操作:suggest

[ 2017-12-28T21:13:23+08:00 ] 127.0.0.1 /index.php/Home/Goods/goodsinfo/good_id/2
INFO: [ app_init ] --START--
INFO: Run Behavior\BuildLiteBehavior [ RunTime:0.000018s ]
INFO: [ app_init ] --END-- [ RunTime:0.000430s ]

[ 2017-12-28T21:13:27+08:00 ] 127.0.0.1 /index.php/Home/Goods/suggest
INFO: [ app_init ] --START--
INFO: Run Behavior\BuildLiteBehavior [ RunTime:0.000012s ]
INFO: [ app_init ] --END-- [ RunTime:0.000314s ]

[ 2017-12-28T21:13:30+08:00 ] 127.0.0.1 /index.php/Home/Goods/goodsinfo/good_id/2
INFO: [ app_init ] --START--
INFO: Run Behavior\BuildLiteBehavior [ RunTime:0.000024s ]
INFO: [ app_init ] --END-- [ RunTime:0.000316s ]

[ 2017-12-28T21:13:45+08:00 ] 127.0.0.1 /index.php/Home/Goods/goodslist/from/%E4%BA%91%E5%8D%97
INFO: [ app_init ] --START--
INFO: Run Behavior\BuildLiteBehavior [ RunTime:0.000010s ]
INFO: [ app_init ] --END-- [ RunTime:0.000299s ]

[ 2017-12-28T21:13:47+08:00 ] 127.0.0.1 /index.php/Home/Goods/goodsinfo/good_id/10
INFO: [ app_init ] --START--
INFO: Run Behavior\BuildLiteBehavior [ RunTime:0.000013s ]
INFO: [ app_init ] --END-- [ RunTime:0.000359s ]

[ 2017-12-28T21:13:50+08:00 ] 127.0.0.1 /index.php/Home/Goods/goodslist/from/%E6%B1%9F%E8%8B%8F
INFO: [ app_init ] --START--
INFO: Run Behavior\BuildLiteBehavior [ RunTime:0.000011s ]
INFO: [ app_init ] --END-- [ RunTime:0.000302s ]

[ 2017-12-28T21:13:53+08:00 ] 127.0.0.1 /index.php/Home/Goods/goodslist//type/%E8%82%89%E7%B1%BB%E7%B2%BE%E9%80%89
INFO: [ app_init ] --START--
INFO: Run Behavior\BuildLiteBehavior [ RunTime:0.000011s ]
INFO: [ app_init ] --END-- [ RunTime:0.000294s ]

[ 2017-12-28T21:17:30+08:00 ] 127.0.0.1 /index.php/Home/Goods/goodslist//type/%E8%82%89%E7%B1%BB%E7%B2%BE%E9%80%89
INFO: [ app_init ] --START--
INFO: Run Behavior\BuildLiteBehavior [ RunTime:0.000015s ]
INFO: [ app_init ] --END-- [ RunTime:0.000396s ]

[ 2017-12-28T21:17:32+08:00 ] 127.0.0.1 /index.php/Home/Goods/goodslist//type/%E8%82%89%E7%B1%BB%E7%B2%BE%E9%80%89
INFO: [ app_init ] --START--
INFO: Run Behavior\BuildLiteBehavior [ RunTime:0.000020s ]
INFO: [ app_init ] --END-- [ RunTime:0.000589s ]

[ 2017-12-28T21:17:34+08:00 ] 127.0.0.1 /index.php/Home/Goods/goodslist//type/%E8%82%89%E7%B1%BB%E7%B2%BE%E9%80%89
INFO: [ app_init ] --START--
INFO: Run Behavior\BuildLiteBehavior [ RunTime:0.000023s ]
INFO: [ app_init ] --END-- [ RunTime:0.000696s ]

[ 2017-12-28T21:18:14+08:00 ] 127.0.0.1 /index.php/Home/Goods/goodslist//type/%E8%82%89%E7%B1%BB%E7%B2%BE%E9%80%89
INFO: [ app_init ] --START--
INFO: Run Behavior\BuildLiteBehavior [ RunTime:0.000013s ]
INFO: [ app_init ] --END-- [ RunTime:0.001031s ]

[ 2017-12-28T21:18:17+08:00 ] 127.0.0.1 /index.php/Home/Goods/goodslist//type/%E8%82%89%E7%B1%BB%E7%B2%BE%E9%80%89
INFO: [ app_init ] --START--
INFO: Run Behavior\BuildLiteBehavior [ RunTime:0.000018s ]
INFO: [ app_init ] --END-- [ RunTime:0.000553s ]

[ 2017-12-28T21:22:21+08:00 ] 127.0.0.1 /index.php/Home/Goods/goodslist//type/%E8%82%89%E7%B1%BB%E7%B2%BE%E9%80%89
INFO: [ app_init ] --START--
INFO: Run Behavior\BuildLiteBehavior [ RunTime:0.000015s ]
INFO: [ app_init ] --END-- [ RunTime:0.000543s ]

[ 2017-12-28T21:25:51+08:00 ] 127.0.0.1 /index.php/Home/Goods/goodslist//type/%E8%82%89%E7%B1%BB%E7%B2%BE%E9%80%89
INFO: [ app_init ] --START--
INFO: Run Behavior\BuildLiteBehavior [ RunTime:0.000011s ]
INFO: [ app_init ] --END-- [ RunTime:0.000352s ]

[ 2017-12-28T21:25:52+08:00 ] 127.0.0.1 /index.php/Home/Index/logout.du
INFO: [ app_init ] --START--
INFO: Run Behavior\BuildLiteBehavior [ RunTime:0.000011s ]
INFO: [ app_init ] --END-- [ RunTime:0.000277s ]

[ 2017-12-28T21:25:55+08:00 ] 127.0.0.1 /index.php/Home/Index/index
INFO: [ app_init ] --START--
INFO: Run Behavior\BuildLiteBehavior [ RunTime:0.000011s ]
INFO: [ app_init ] --END-- [ RunTime:0.000287s ]

[ 2017-12-28T21:27:07+08:00 ] 127.0.0.1 /index.php/Home/Index/index
INFO: [ app_init ] --START--
INFO: Run Behavior\BuildLiteBehavior [ RunTime:0.000009s ]
INFO: [ app_init ] --END-- [ RunTime:0.000250s ]

[ 2017-12-28T21:27:14+08:00 ] 127.0.0.1 /index.php/Home/Index/index
INFO: [ app_init ] --START--
INFO: Run Behavior\BuildLiteBehavior [ RunTime:0.000014s ]
INFO: [ app_init ] --END-- [ RunTime:0.000451s ]

[ 2017-12-28T21:27:25+08:00 ] 127.0.0.1 /index.php/Home/Index/index
INFO: [ app_init ] --START--
INFO: Run Behavior\BuildLiteBehavior [ RunTime:0.000010s ]
INFO: [ app_init ] --END-- [ RunTime:0.000258s ]

[ 2017-12-28T21:27:31+08:00 ] 127.0.0.1 /index.php/Home/Index/index
INFO: [ app_init ] --START--
INFO: Run Behavior\BuildLiteBehavior [ RunTime:0.000009s ]
INFO: [ app_init ] --END-- [ RunTime:0.000257s ]

[ 2017-12-28T21:27:38+08:00 ] 127.0.0.1 /index.php/Home/Index/index
INFO: [ app_init ] --START--
INFO: Run Behavior\BuildLiteBehavior [ RunTime:0.000016s ]
INFO: [ app_init ] --END-- [ RunTime:0.000376s ]

[ 2017-12-28T21:28:16+08:00 ] 127.0.0.1 /index.php/Home/Index/index
INFO: [ app_init ] --START--
INFO: Run Behavior\BuildLiteBehavior [ RunTime:0.000014s ]
INFO: [ app_init ] --END-- [ RunTime:0.000490s ]

[ 2017-12-28T21:34:40+08:00 ] 127.0.0.1 /index.php/Home/Index/index
INFO: [ app_init ] --START--
INFO: Run Behavior\BuildLiteBehavior [ RunTime:0.000018s ]
INFO: [ app_init ] --END-- [ RunTime:0.000579s ]

[ 2017-12-28T21:34:43+08:00 ] 127.0.0.1 /index.php/Home/Index/index
INFO: [ app_init ] --START--
INFO: Run Behavior\BuildLiteBehavior [ RunTime:0.000009s ]
INFO: [ app_init ] --END-- [ RunTime:0.000267s ]

[ 2017-12-28T21:35:13+08:00 ] 127.0.0.1 /index.php/Home/Index/logout.du
INFO: [ app_init ] --START--
INFO: Run Behavior\BuildLiteBehavior [ RunTime:0.000010s ]
INFO: [ app_init ] --END-- [ RunTime:0.000320s ]

[ 2017-12-28T21:35:15+08:00 ] 127.0.0.1 /index.php/Home/Index/index
INFO: [ app_init ] --START--
INFO: Run Behavior\BuildLiteBehavior [ RunTime:0.000009s ]
INFO: [ app_init ] --END-- [ RunTime:0.000252s ]

[ 2017-12-28T21:35:31+08:00 ] 127.0.0.1 /index.php/Home/Goods/goodslist/from/%E4%BA%91%E5%8D%97
INFO: [ app_init ] --START--
INFO: Run Behavior\BuildLiteBehavior [ RunTime:0.000009s ]
INFO: [ app_init ] --END-- [ RunTime:0.000257s ]

[ 2017-12-28T23:34:41+08:00 ] 127.0.0.1 /index.php
INFO: [ app_init ] --START--
INFO: Run Behavior\BuildLiteBehavior [ RunTime:0.000011s ]
INFO: [ app_init ] --END-- [ RunTime:0.000527s ]

[ 2017-12-28T23:34:42+08:00 ] 127.0.0.1 /index.php/Home/Goods/cart/act/show
INFO: [ app_init ] --START--
INFO: Run Behavior\BuildLiteBehavior [ RunTime:0.000010s ]
INFO: [ app_init ] --END-- [ RunTime:0.000285s ]

[ 2017-12-28T23:34:47+08:00 ] 127.0.0.1 /index.php/Home/Goods/goodstext
INFO: [ app_init ] --START--
INFO: Run Behavior\BuildLiteBehavior [ RunTime:0.000017s ]
INFO: [ app_init ] --END-- [ RunTime:0.001172s ]

